torch.Size([1200000])单层单block采样 + 转换block batch: 0 batchsize: 600000 纯采样用时0.8102210s 用时:0.8102353s
torch.Size([1200000])单层单block采样 + 转换block batch: 1 batchsize: 600000 纯采样用时0.7365046s 用时:0.7365170s
torch.Size([1200000])单层单block采样 + 转换block batch: 2 batchsize: 600000 纯采样用时0.7322097s 用时:0.7322211s
torch.Size([1200000])单层单block采样 + 转换block batch: 3 batchsize: 600000 纯采样用时0.7327597s 用时:0.7327721s
torch.Size([1200000])单层单block采样 + 转换block batch: 4 batchsize: 600000 纯采样用时0.7370296s 用时:0.7370412s
torch.Size([1200000])单层单block采样 + 转换block batch: 5 batchsize: 600000 纯采样用时0.7486567s 用时:0.7486682s
torch.Size([1200000])单层单block采样 + 转换block batch: 6 batchsize: 600000 纯采样用时0.7615957s 用时:0.7616084s
torch.Size([1200000])单层单block采样 + 转换block batch: 7 batchsize: 600000 纯采样用时0.7536464s 用时:0.7536600s
torch.Size([1200000])单层单block采样 + 转换block batch: 8 batchsize: 600000 纯采样用时0.7548728s 用时:0.7548852s
torch.Size([1200000])单层单block采样 + 转换block batch: 9 batchsize: 600000 纯采样用时0.7385397s 用时:0.7385523s
torch.Size([1200000])单层单block采样 + 转换block batch: 10 batchsize: 600000 纯采样用时0.7774999s 用时:0.7775133s
torch.Size([1200000])单层单block采样 + 转换block batch: 11 batchsize: 600000 纯采样用时0.7477643s 用时:0.7477765s
torch.Size([1200000])单层单block采样 + 转换block batch: 12 batchsize: 600000 纯采样用时0.7683024s 用时:0.7683187s
torch.Size([1200000])单层单block采样 + 转换block batch: 13 batchsize: 600000 纯采样用时0.7765200s 用时:0.7765319s
torch.Size([1200000])单层单block采样 + 转换block batch: 14 batchsize: 600000 纯采样用时0.7704294s 用时:0.7704420s
torch.Size([1200000])单层单block采样 + 转换block batch: 15 batchsize: 600000 纯采样用时0.7677553s 用时:0.7677679s
torch.Size([1200000])单层单block采样 + 转换block batch: 16 batchsize: 600000 纯采样用时0.7589507s 用时:0.7589624s
torch.Size([1200000])单层单block采样 + 转换block batch: 17 batchsize: 600000 纯采样用时0.7565875s 用时:0.7565987s
torch.Size([1200000])单层单block采样 + 转换block batch: 18 batchsize: 600000 纯采样用时0.7546580s 用时:0.7546704s
torch.Size([1200000])单层单block采样 + 转换block batch: 19 batchsize: 600000 纯采样用时0.7486713s 用时:0.7486837s
torch.Size([1200000])单层单block采样 + 转换block batch: 20 batchsize: 600000 纯采样用时0.7581339s 用时:0.7581456s
torch.Size([1200000])单层单block采样 + 转换block batch: 21 batchsize: 600000 纯采样用时0.7526267s 用时:0.7526381s
torch.Size([1200000])单层单block采样 + 转换block batch: 22 batchsize: 600000 纯采样用时0.7526813s 用时:0.7526927s
torch.Size([1200000])单层单block采样 + 转换block batch: 23 batchsize: 600000 纯采样用时0.7602119s 用时:0.7602234s
torch.Size([1200000])单层单block采样 + 转换block batch: 24 batchsize: 600000 纯采样用时0.7569506s 用时:0.7569625s
torch.Size([1200000])单层单block采样 + 转换block batch: 25 batchsize: 600000 纯采样用时0.7575316s 用时:0.7575438s
torch.Size([1200000])单层单block采样 + 转换block batch: 26 batchsize: 600000 纯采样用时0.7691622s 用时:0.7691743s
torch.Size([1200000])单层单block采样 + 转换block batch: 27 batchsize: 600000 纯采样用时0.7583902s 用时:0.7584019s
torch.Size([1200000])单层单block采样 + 转换block batch: 28 batchsize: 600000 纯采样用时0.7620499s 用时:0.7620625s
torch.Size([1200000])单层单block采样 + 转换block batch: 29 batchsize: 600000 纯采样用时0.7633321s 用时:0.7633436s
torch.Size([1200000])单层单block采样 + 转换block batch: 30 batchsize: 600000 纯采样用时0.7442787s 用时:0.7442906s
torch.Size([1200000])单层单block采样 + 转换block batch: 31 batchsize: 600000 纯采样用时0.7389457s 用时:0.7389574s
torch.Size([1200000])单层单block采样 + 转换block batch: 32 batchsize: 600000 纯采样用时0.7683630s 用时:0.7683742s
torch.Size([1200000])单层单block采样 + 转换block batch: 33 batchsize: 600000 纯采样用时0.7519691s 用时:0.7519815s
torch.Size([1200000])单层单block采样 + 转换block batch: 34 batchsize: 600000 纯采样用时0.7496679s 用时:0.7496798s
torch.Size([1200000])单层单block采样 + 转换block batch: 35 batchsize: 600000 纯采样用时0.7543430s 用时:0.7543547s
torch.Size([1200000])单层单block采样 + 转换block batch: 36 batchsize: 600000 纯采样用时0.7473671s 用时:0.7473788s
torch.Size([1200000])单层单block采样 + 转换block batch: 37 batchsize: 600000 纯采样用时0.7638612s 用时:0.7638729s
torch.Size([1200000])单层单block采样 + 转换block batch: 38 batchsize: 600000 纯采样用时0.7545304s 用时:0.7545431s
torch.Size([1200000])单层单block采样 + 转换block batch: 39 batchsize: 600000 纯采样用时0.7449119s 用时:0.7449234s
torch.Size([1200000])单层单block采样 + 转换block batch: 40 batchsize: 600000 纯采样用时0.7626362s 用时:0.7626486s
torch.Size([1200000])单层单block采样 + 转换block batch: 41 batchsize: 600000 纯采样用时0.7359083s 用时:0.7359204s
torch.Size([1200000])单层单block采样 + 转换block batch: 42 batchsize: 600000 纯采样用时0.7354934s 用时:0.7355049s
torch.Size([1200000])单层单block采样 + 转换block batch: 43 batchsize: 600000 纯采样用时0.7354252s 用时:0.7354381s
torch.Size([1200000])单层单block采样 + 转换block batch: 44 batchsize: 600000 纯采样用时0.7587388s 用时:0.7587516s
torch.Size([1200000])单层单block采样 + 转换block batch: 45 batchsize: 600000 纯采样用时0.7572250s 用时:0.7572367s
torch.Size([1200000])单层单block采样 + 转换block batch: 46 batchsize: 600000 纯采样用时0.7594993s 用时:0.7595112s
torch.Size([1200000])单层单block采样 + 转换block batch: 47 batchsize: 600000 纯采样用时0.7638309s 用时:0.7638428s
torch.Size([1200000])单层单block采样 + 转换block batch: 48 batchsize: 600000 纯采样用时0.7557929s 用时:0.7558053s
torch.Size([1200000])单层单block采样 + 转换block batch: 49 batchsize: 600000 纯采样用时0.7648141s 用时:0.7648261s
torch.Size([1200000])单层单block采样 + 转换block batch: 50 batchsize: 600000 纯采样用时0.7617321s 用时:0.7617438s
torch.Size([1200000])单层单block采样 + 转换block batch: 51 batchsize: 600000 纯采样用时0.7622828s 用时:0.7622952s
torch.Size([1200000])单层单block采样 + 转换block batch: 52 batchsize: 600000 纯采样用时0.7597823s 用时:0.7597945s
torch.Size([1200000])单层单block采样 + 转换block batch: 53 batchsize: 600000 纯采样用时0.7579405s 用时:0.7579522s
torch.Size([1200000])单层单block采样 + 转换block batch: 54 batchsize: 600000 纯采样用时0.7570522s 用时:0.7570643s
torch.Size([1200000])单层单block采样 + 转换block batch: 55 batchsize: 600000 纯采样用时0.8376720s 用时:0.8376856s
torch.Size([1200000])单层单block采样 + 转换block batch: 56 batchsize: 600000 纯采样用时0.7424278s 用时:0.7424407s
torch.Size([1200000])单层单block采样 + 转换block batch: 57 batchsize: 600000 纯采样用时0.7451456s 用时:0.7451575s
torch.Size([1200000])单层单block采样 + 转换block batch: 58 batchsize: 600000 纯采样用时0.7444439s 用时:0.7444568s
torch.Size([1200000])单层单block采样 + 转换block batch: 59 batchsize: 600000 纯采样用时0.7599716s 用时:0.7599840s
torch.Size([1200000])单层单block采样 + 转换block batch: 60 batchsize: 600000 纯采样用时0.7505362s 用时:0.7505493s
torch.Size([1200000])单层单block采样 + 转换block batch: 61 batchsize: 600000 纯采样用时0.7564647s 用时:0.7564771s
torch.Size([1200000])单层单block采样 + 转换block batch: 62 batchsize: 600000 纯采样用时0.7668130s 用时:0.7668257s
torch.Size([1200000])单层单block采样 + 转换block batch: 63 batchsize: 600000 纯采样用时0.7717328s 用时:0.7717464s
torch.Size([1200000])单层单block采样 + 转换block batch: 64 batchsize: 600000 纯采样用时0.7727125s 用时:0.7727249s
torch.Size([1200000])单层单block采样 + 转换block batch: 65 batchsize: 600000 纯采样用时0.7708902s 用时:0.7709019s
torch.Size([1200000])单层单block采样 + 转换block batch: 66 batchsize: 600000 纯采样用时0.7577729s 用时:0.7577853s
torch.Size([1200000])单层单block采样 + 转换block batch: 67 batchsize: 600000 纯采样用时0.7458375s 用时:0.7458501s
torch.Size([1200000])单层单block采样 + 转换block batch: 68 batchsize: 600000 纯采样用时0.7405612s 用时:0.7405732s
torch.Size([1200000])单层单block采样 + 转换block batch: 69 batchsize: 600000 纯采样用时0.7291691s 用时:0.7291813s
torch.Size([1200000])单层单block采样 + 转换block batch: 70 batchsize: 600000 纯采样用时0.7569349s 用时:0.7569470s
torch.Size([1200000])单层单block采样 + 转换block batch: 71 batchsize: 600000 纯采样用时0.7780628s 用时:0.7780759s
torch.Size([1200000])单层单block采样 + 转换block batch: 72 batchsize: 600000 纯采样用时0.7554586s 用时:0.7554708s
torch.Size([1200000])单层单block采样 + 转换block batch: 73 batchsize: 600000 纯采样用时0.7650576s 用时:0.7650733s
torch.Size([1200000])单层单block采样 + 转换block batch: 74 batchsize: 600000 纯采样用时0.7842383s 用时:0.7842495s
torch.Size([1200000])单层单block采样 + 转换block batch: 75 batchsize: 600000 纯采样用时0.7576115s 用时:0.7576244s
torch.Size([1200000])单层单block采样 + 转换block batch: 76 batchsize: 600000 纯采样用时0.7482247s 用时:0.7482371s
torch.Size([1200000])单层单block采样 + 转换block batch: 77 batchsize: 600000 纯采样用时0.7799585s 用时:0.7799711s
torch.Size([1200000])单层单block采样 + 转换block batch: 78 batchsize: 600000 纯采样用时0.7935839s 用时:0.7935958s
torch.Size([1200000])单层单block采样 + 转换block batch: 79 batchsize: 600000 纯采样用时0.7804301s 用时:0.7804420s
torch.Size([1200000])单层单block采样 + 转换block batch: 80 batchsize: 600000 纯采样用时0.7571778s 用时:0.7571902s
torch.Size([1200000])单层单block采样 + 转换block batch: 81 batchsize: 600000 纯采样用时0.7436831s 用时:0.7436948s
torch.Size([1200000])单层单block采样 + 转换block batch: 82 batchsize: 600000 纯采样用时0.7468212s 用时:0.7468340s
torch.Size([1200000])单层单block采样 + 转换block batch: 83 batchsize: 600000 纯采样用时0.7183387s 用时:0.7183516s
torch.Size([1200000])单层单block采样 + 转换block batch: 84 batchsize: 600000 纯采样用时0.6900358s 用时:0.6900489s
torch.Size([1200000])单层单block采样 + 转换block batch: 85 batchsize: 600000 纯采样用时0.7084901s 用时:0.7085025s
torch.Size([1200000])单层单block采样 + 转换block batch: 86 batchsize: 600000 纯采样用时0.7361550s 用时:0.7361674s
torch.Size([1200000])单层单block采样 + 转换block batch: 87 batchsize: 600000 纯采样用时0.7526333s 用时:0.7526462s
torch.Size([1200000])单层单block采样 + 转换block batch: 88 batchsize: 600000 纯采样用时0.7114422s 用时:0.7114544s
torch.Size([1200000])单层单block采样 + 转换block batch: 89 batchsize: 600000 纯采样用时0.7615325s 用时:0.7615452s
torch.Size([1200000])单层单block采样 + 转换block batch: 90 batchsize: 600000 纯采样用时0.7429633s 用时:0.7429762s
torch.Size([1200000])单层单block采样 + 转换block batch: 91 batchsize: 600000 纯采样用时0.7466564s 用时:0.7466686s
torch.Size([1200000])单层单block采样 + 转换block batch: 92 batchsize: 600000 纯采样用时0.7423036s 用时:0.7423162s
torch.Size([1200000])单层单block采样 + 转换block batch: 93 batchsize: 600000 纯采样用时0.7814422s 用时:0.7814555s
torch.Size([1200000])单层单block采样 + 转换block batch: 94 batchsize: 600000 纯采样用时0.7903063s 用时:0.7903183s
torch.Size([1200000])单层单block采样 + 转换block batch: 95 batchsize: 600000 纯采样用时0.7445550s 用时:0.7445669s
torch.Size([1200000])单层单block采样 + 转换block batch: 96 batchsize: 600000 纯采样用时0.7252407s 用时:0.7252536s
torch.Size([1200000])单层单block采样 + 转换block batch: 97 batchsize: 600000 纯采样用时0.7506411s 用时:0.7506537s
torch.Size([1200000])单层单block采样 + 转换block batch: 98 batchsize: 600000 纯采样用时0.7585602s 用时:0.7585721s
torch.Size([1200000])单层单block采样 + 转换block batch: 99 batchsize: 600000 纯采样用时0.6980913s 用时:0.6981039s
torch.Size([1200000])单层单block采样 + 转换block batch: 100 batchsize: 600000 纯采样用时0.7222500s 用时:0.7222621s
torch.Size([1200000])单层单block采样 + 转换block batch: 101 batchsize: 600000 纯采样用时0.7351923s 用时:0.7352045s
torch.Size([1200000])单层单block采样 + 转换block batch: 102 batchsize: 600000 纯采样用时0.7472167s 用时:0.7472277s
torch.Size([1200000])单层单block采样 + 转换block batch: 103 batchsize: 600000 纯采样用时0.7390189s 用时:0.7390316s
torch.Size([1200000])单层单block采样 + 转换block batch: 104 batchsize: 600000 纯采样用时0.7428122s 用时:0.7428250s
torch.Size([1200000])单层单block采样 + 转换block batch: 105 batchsize: 600000 纯采样用时0.7423682s 用时:0.7423804s
torch.Size([1200000])单层单block采样 + 转换block batch: 106 batchsize: 600000 纯采样用时0.7172291s 用时:0.7172420s
torch.Size([1200000])单层单block采样 + 转换block batch: 107 batchsize: 600000 纯采样用时0.7323160s 用时:0.7323287s
torch.Size([1200000])单层单block采样 + 转换block batch: 108 batchsize: 600000 纯采样用时0.7146051s 用时:0.7146177s
torch.Size([1200000])单层单block采样 + 转换block batch: 109 batchsize: 600000 纯采样用时0.7216959s 用时:0.7217078s
torch.Size([1200000])单层单block采样 + 转换block batch: 110 batchsize: 600000 纯采样用时0.7444885s 用时:0.7445006s
torch.Size([1200000])单层单block采样 + 转换block batch: 111 batchsize: 600000 纯采样用时0.7335761s 用时:0.7335875s
torch.Size([1200000])单层单block采样 + 转换block batch: 112 batchsize: 600000 纯采样用时0.7420981s 用时:0.7421095s
torch.Size([1200000])单层单block采样 + 转换block batch: 113 batchsize: 600000 纯采样用时0.7393861s 用时:0.7393978s
torch.Size([1200000])单层单block采样 + 转换block batch: 114 batchsize: 600000 纯采样用时0.7571177s 用时:0.7571297s
torch.Size([1200000])单层单block采样 + 转换block batch: 115 batchsize: 600000 纯采样用时0.7454717s 用时:0.7454836s
torch.Size([1200000])单层单block采样 + 转换block batch: 116 batchsize: 600000 纯采样用时0.7327442s 用时:0.7327564s
torch.Size([1200000])单层单block采样 + 转换block batch: 117 batchsize: 600000 纯采样用时0.7072096s 用时:0.7072225s
torch.Size([1200000])单层单block采样 + 转换block batch: 118 batchsize: 600000 纯采样用时0.7299855s 用时:0.7299984s
torch.Size([1200000])单层单block采样 + 转换block batch: 119 batchsize: 600000 纯采样用时0.7407577s 用时:0.7407694s
torch.Size([1200000])单层单block采样 + 转换block batch: 120 batchsize: 600000 纯采样用时0.7376096s 用时:0.7376220s
torch.Size([1200000])单层单block采样 + 转换block batch: 121 batchsize: 600000 纯采样用时0.7476206s 用时:0.7476332s
torch.Size([1200000])单层单block采样 + 转换block batch: 122 batchsize: 600000 纯采样用时0.7541347s 用时:0.7541475s
torch.Size([1200000])单层单block采样 + 转换block batch: 123 batchsize: 600000 纯采样用时0.7539237s 用时:0.7539363s
torch.Size([1200000])单层单block采样 + 转换block batch: 124 batchsize: 600000 纯采样用时0.7334204s 用时:0.7334328s
torch.Size([1200000])单层单block采样 + 转换block batch: 125 batchsize: 600000 纯采样用时0.7432816s 用时:0.7432940s
torch.Size([1200000])单层单block采样 + 转换block batch: 126 batchsize: 600000 纯采样用时0.7487459s 用时:0.7487583s
torch.Size([1200000])单层单block采样 + 转换block batch: 127 batchsize: 600000 纯采样用时0.7834280s 用时:0.7834396s
torch.Size([1200000])单层单block采样 + 转换block batch: 128 batchsize: 600000 纯采样用时0.7301216s 用时:0.7301345s
torch.Size([1200000])单层单block采样 + 转换block batch: 129 batchsize: 600000 纯采样用时0.7849736s 用时:0.7849860s
torch.Size([1200000])单层单block采样 + 转换block batch: 130 batchsize: 600000 纯采样用时0.7856889s 用时:0.7857018s
torch.Size([1200000])单层单block采样 + 转换block batch: 131 batchsize: 600000 纯采样用时0.7411206s 用时:0.7411349s
torch.Size([1200000])单层单block采样 + 转换block batch: 132 batchsize: 600000 纯采样用时0.7379873s 用时:0.7380078s
torch.Size([1200000])单层单block采样 + 转换block batch: 133 batchsize: 600000 纯采样用时0.7519078s 用时:0.7519207s
torch.Size([1200000])单层单block采样 + 转换block batch: 134 batchsize: 600000 纯采样用时0.7699411s 用时:0.7699585s
torch.Size([1200000])单层单block采样 + 转换block batch: 135 batchsize: 600000 纯采样用时0.7422349s 用时:0.7422490s
torch.Size([1200000])单层单block采样 + 转换block batch: 136 batchsize: 600000 纯采样用时0.8028603s 用时:0.8028731s
torch.Size([1200000])单层单block采样 + 转换block batch: 137 batchsize: 600000 纯采样用时0.7549405s 用时:0.7549529s
torch.Size([1200000])单层单block采样 + 转换block batch: 138 batchsize: 600000 纯采样用时0.7589805s 用时:0.7589931s
torch.Size([1200000])单层单block采样 + 转换block batch: 139 batchsize: 600000 纯采样用时0.8021452s 用时:0.8021588s
torch.Size([1200000])单层单block采样 + 转换block batch: 140 batchsize: 600000 纯采样用时0.7371974s 用时:0.7372105s
torch.Size([1200000])单层单block采样 + 转换block batch: 141 batchsize: 600000 纯采样用时0.7422767s 用时:0.7422884s
torch.Size([1200000])单层单block采样 + 转换block batch: 142 batchsize: 600000 纯采样用时0.7752759s 用时:0.7752888s
torch.Size([1200000])单层单block采样 + 转换block batch: 143 batchsize: 600000 纯采样用时0.7884774s 用时:0.7884901s
torch.Size([1200000])单层单block采样 + 转换block batch: 144 batchsize: 600000 纯采样用时0.7838130s 用时:0.7838247s
torch.Size([1200000])单层单block采样 + 转换block batch: 145 batchsize: 600000 纯采样用时0.7311440s 用时:0.7311561s
torch.Size([1200000])单层单block采样 + 转换block batch: 146 batchsize: 600000 纯采样用时0.7587602s 用时:0.7587724s
torch.Size([1200000])单层单block采样 + 转换block batch: 147 batchsize: 600000 纯采样用时0.7783864s 用时:0.7783995s
torch.Size([1200000])单层单block采样 + 转换block batch: 148 batchsize: 600000 纯采样用时0.8132548s 用时:0.8132668s
torch.Size([1200000])单层单block采样 + 转换block batch: 149 batchsize: 600000 纯采样用时0.7705691s 用时:0.7705817s
torch.Size([1200000])单层单block采样 + 转换block batch: 150 batchsize: 600000 纯采样用时0.7610354s 用时:0.7610483s
torch.Size([1200000])单层单block采样 + 转换block batch: 151 batchsize: 600000 纯采样用时0.7572882s 用时:0.7573009s
torch.Size([1200000])单层单block采样 + 转换block batch: 152 batchsize: 600000 纯采样用时0.7450268s 用时:0.7450387s
torch.Size([1200000])单层单block采样 + 转换block batch: 153 batchsize: 600000 纯采样用时0.7436302s 用时:0.7436423s
torch.Size([1200000])单层单block采样 + 转换block batch: 154 batchsize: 600000 纯采样用时0.7529156s 用时:0.7529287s
torch.Size([1200000])单层单block采样 + 转换block batch: 155 batchsize: 600000 纯采样用时0.7682071s 用时:0.7682190s
torch.Size([1200000])单层单block采样 + 转换block batch: 156 batchsize: 600000 纯采样用时0.7517462s 用时:0.7517576s
torch.Size([1200000])单层单block采样 + 转换block batch: 157 batchsize: 600000 纯采样用时0.7490528s 用时:0.7490647s
torch.Size([1200000])单层单block采样 + 转换block batch: 158 batchsize: 600000 纯采样用时0.7487445s 用时:0.7487574s
torch.Size([1200000])单层单block采样 + 转换block batch: 159 batchsize: 600000 纯采样用时0.7657681s 用时:0.7657845s
torch.Size([1200000])单层单block采样 + 转换block batch: 160 batchsize: 600000 纯采样用时0.7539172s 用时:0.7539294s
torch.Size([1200000])单层单block采样 + 转换block batch: 161 batchsize: 600000 纯采样用时0.7509134s 用时:0.7509255s
torch.Size([1200000])单层单block采样 + 转换block batch: 162 batchsize: 600000 纯采样用时0.7205255s 用时:0.7205372s
torch.Size([1200000])单层单block采样 + 转换block batch: 163 batchsize: 600000 纯采样用时0.7431901s 用时:0.7432022s
torch.Size([1200000])单层单block采样 + 转换block batch: 164 batchsize: 600000 纯采样用时0.7492030s 用时:0.7492158s
torch.Size([1200000])单层单block采样 + 转换block batch: 165 batchsize: 600000 纯采样用时0.8205154s 用时:0.8205290s
torch.Size([1200000])单层单block采样 + 转换block batch: 166 batchsize: 600000 纯采样用时0.7407234s 用时:0.7407360s
torch.Size([1200000])单层单block采样 + 转换block batch: 167 batchsize: 600000 纯采样用时0.7154791s 用时:0.7154920s
torch.Size([1200000])单层单block采样 + 转换block batch: 168 batchsize: 600000 纯采样用时0.7142549s 用时:0.7142670s
torch.Size([1200000])单层单block采样 + 转换block batch: 169 batchsize: 600000 纯采样用时0.7567365s 用时:0.7567492s
torch.Size([1200000])单层单block采样 + 转换block batch: 170 batchsize: 600000 纯采样用时0.7306888s 用时:0.7307014s
torch.Size([1200000])单层单block采样 + 转换block batch: 171 batchsize: 600000 纯采样用时0.7689764s 用时:0.7689879s
torch.Size([1200000])单层单block采样 + 转换block batch: 172 batchsize: 600000 纯采样用时0.7282181s 用时:0.7282305s
torch.Size([1200000])单层单block采样 + 转换block batch: 173 batchsize: 600000 纯采样用时0.7169726s 用时:0.7169855s
torch.Size([1200000])单层单block采样 + 转换block batch: 174 batchsize: 600000 纯采样用时0.7122710s 用时:0.7122824s
torch.Size([1200000])单层单block采样 + 转换block batch: 175 batchsize: 600000 纯采样用时0.7456594s 用时:0.7456727s
torch.Size([1200000])单层单block采样 + 转换block batch: 176 batchsize: 600000 纯采样用时0.7506270s 用时:0.7506402s
torch.Size([1200000])单层单block采样 + 转换block batch: 177 batchsize: 600000 纯采样用时0.7500060s 用时:0.7500186s
torch.Size([1200000])单层单block采样 + 转换block batch: 178 batchsize: 600000 纯采样用时0.7212589s 用时:0.7212713s
torch.Size([1200000])单层单block采样 + 转换block batch: 179 batchsize: 600000 纯采样用时0.7369876s 用时:0.7370009s
torch.Size([1200000])单层单block采样 + 转换block batch: 180 batchsize: 600000 纯采样用时0.7658505s 用时:0.7658670s
torch.Size([1200000])单层单block采样 + 转换block batch: 181 batchsize: 600000 纯采样用时0.7566388s 用时:0.7566509s
torch.Size([1200000])单层单block采样 + 转换block batch: 182 batchsize: 600000 纯采样用时0.7783818s 用时:0.7783945s
torch.Size([1200000])单层单block采样 + 转换block batch: 183 batchsize: 600000 纯采样用时0.7764955s 用时:0.7765076s
torch.Size([1200000])单层单block采样 + 转换block batch: 184 batchsize: 600000 纯采样用时0.7600272s 用时:0.7600389s
torch.Size([1200000])单层单block采样 + 转换block batch: 185 batchsize: 600000 纯采样用时0.7504835s 用时:0.7504952s
torch.Size([1200000])单层单block采样 + 转换block batch: 186 batchsize: 600000 纯采样用时0.7539451s 用时:0.7539577s
torch.Size([1200000])单层单block采样 + 转换block batch: 187 batchsize: 600000 纯采样用时0.7569733s 用时:0.7569849s
torch.Size([1200000])单层单block采样 + 转换block batch: 188 batchsize: 600000 纯采样用时0.7678361s 用时:0.7678487s
torch.Size([1200000])单层单block采样 + 转换block batch: 189 batchsize: 600000 纯采样用时0.7664597s 用时:0.7664711s
torch.Size([1200000])单层单block采样 + 转换block batch: 190 batchsize: 600000 纯采样用时0.7619023s 用时:0.7619145s
torch.Size([1200000])单层单block采样 + 转换block batch: 191 batchsize: 600000 纯采样用时0.7509460s 用时:0.7509577s
torch.Size([1200000])单层单block采样 + 转换block batch: 192 batchsize: 600000 纯采样用时0.7399795s 用时:0.7399912s
torch.Size([1200000])单层单block采样 + 转换block batch: 193 batchsize: 600000 纯采样用时0.7659614s 用时:0.7659740s
torch.Size([1200000])单层单block采样 + 转换block batch: 194 batchsize: 600000 纯采样用时0.7462139s 用时:0.7462265s
torch.Size([1200000])单层单block采样 + 转换block batch: 195 batchsize: 600000 纯采样用时0.7552903s 用时:0.7553015s
torch.Size([1200000])单层单block采样 + 转换block batch: 196 batchsize: 600000 纯采样用时0.7516150s 用时:0.7516277s
torch.Size([1200000])单层单block采样 + 转换block batch: 197 batchsize: 600000 纯采样用时0.7443576s 用时:0.7443700s
torch.Size([1200000])单层单block采样 + 转换block batch: 198 batchsize: 600000 纯采样用时0.7508824s 用时:0.7508945s
torch.Size([1200000])单层单block采样 + 转换block batch: 199 batchsize: 600000 纯采样用时0.7530355s 用时:0.7530477s
torch.Size([1200000])单层单block采样 + 转换block batch: 200 batchsize: 600000 纯采样用时0.7594330s 用时:0.7594457s
torch.Size([1200000])单层单block采样 + 转换block batch: 201 batchsize: 600000 纯采样用时0.7371988s 用时:0.7372105s
torch.Size([1200000])单层单block采样 + 转换block batch: 202 batchsize: 600000 纯采样用时0.7487109s 用时:0.7487228s
torch.Size([1200000])单层单block采样 + 转换block batch: 203 batchsize: 600000 纯采样用时0.7486916s 用时:0.7487037s
torch.Size([1200000])单层单block采样 + 转换block batch: 204 batchsize: 600000 纯采样用时0.7451873s 用时:0.7451987s
torch.Size([1200000])单层单block采样 + 转换block batch: 205 batchsize: 600000 纯采样用时0.7309589s 用时:0.7309713s
torch.Size([1200000])单层单block采样 + 转换block batch: 206 batchsize: 600000 纯采样用时0.7527823s 用时:0.7527955s
torch.Size([1200000])单层单block采样 + 转换block batch: 207 batchsize: 600000 纯采样用时0.7648108s 用时:0.7648270s
torch.Size([1200000])单层单block采样 + 转换block batch: 208 batchsize: 600000 纯采样用时0.7772470s 用时:0.7772598s
torch.Size([1200000])单层单block采样 + 转换block batch: 209 batchsize: 600000 纯采样用时0.7465160s 用时:0.7465277s
torch.Size([1200000])单层单block采样 + 转换block batch: 210 batchsize: 600000 纯采样用时0.7622297s 用时:0.7622418s
torch.Size([1200000])单层单block采样 + 转换block batch: 211 batchsize: 600000 纯采样用时0.7661407s 用时:0.7661533s
torch.Size([1200000])单层单block采样 + 转换block batch: 212 batchsize: 600000 纯采样用时0.7658617s 用时:0.7658739s
torch.Size([1200000])单层单block采样 + 转换block batch: 213 batchsize: 600000 纯采样用时0.7688010s 用时:0.7688136s
torch.Size([326124])单层单block采样 + 转换block batch: 214 batchsize: 600000 纯采样用时0.2510834s 用时:0.2510953s
Epoch 0:
cur batch: 0, start pre sample and analyze...
Traceback (most recent call last):
  File "train.py", line 368, in <module>
    pred_pos, pred_neg = model(mfgs)
  File "/raid/guorui/anaconda3/envs/sgnn/lib/python3.8/site-packages/torch/nn/modules/module.py", line 1130, in _call_impl
    return forward_call(*input, **kwargs)
  File "/raid/guorui/workspace/dgnn/tgl/modules.py", line 66, in forward
    mfgs[l + 1][h].srcdata['h'] = rst
IndexError: list index out of range
