训练配置: {'use_valid_edge': False, 'use_ayscn_prefetch': True, 'pre_sample_size': 600000, 'part_neg_sample': False}
Sent: init_feats
Received: None
Epoch 0:
IO load: 0.000s presample and analyze: 0.000s 预采样: 0.000s, 预采样负采样:0.000s
第一个块的加载时间: 1.544s
平均每个batch用时0.00000s, 预计epoch时间: 0.000s
run batch0total time: 0.00s,presample: 0.00s, sample: 0.00s, prep time: 0.00s, gen block: 0.00s, feat input: 0.00s, model run: 0.00s,                    loss and opt: 0.00s, update mem: 0.00s update mailbox: 0.00s
feat_buffer time: IO load: 0.228s 异步阻塞: 0.000s presample and analyze: 1.335s 预采样: 0.000s, 预采样负采样:0.041s              记忆刷入和更新:0.232s 纯刷入时间:0.000s 负采样分析: 1.061s
平均每个batch用时0.02329s, 预计epoch时间: 517.667s
run batch1000total time: 23.29s,presample: 2.21s, sample: 0.51s, prep time: 4.83s, gen block: 1.99s, feat input: 1.14s, model run: 4.83s,                    loss and opt: 10.20s, update mem: 0.59s update mailbox: 0.79s
feat_buffer time: IO load: 0.812s 异步阻塞: 0.000s presample and analyze: 1.397s 预采样: 0.000s, 预采样负采样:0.102s              记忆刷入和更新:0.232s 纯刷入时间:0.000s 负采样分析: 1.061s
平均每个batch用时0.02101s, 预计epoch时间: 466.882s
run batch2000total time: 44.30s,presample: 2.89s, sample: 1.04s, prep time: 9.75s, gen block: 4.01s, feat input: 2.30s, model run: 8.42s,                    loss and opt: 20.77s, update mem: 1.20s update mailbox: 1.59s
feat_buffer time: IO load: 1.427s 异步阻塞: 0.001s presample and analyze: 1.458s 预采样: 0.000s, 预采样负采样:0.160s              记忆刷入和更新:0.232s 纯刷入时间:0.000s 负采样分析: 1.061s
平均每个batch用时0.02105s, 预计epoch时间: 467.906s
run batch3000total time: 65.35s,presample: 3.61s, sample: 1.56s, prep time: 14.70s, gen block: 6.04s, feat input: 3.47s, model run: 12.03s,                    loss and opt: 31.28s, update mem: 1.81s update mailbox: 2.41s
feat_buffer time: IO load: 2.301s 异步阻塞: 0.001s presample and analyze: 1.540s 预采样: 0.000s, 预采样负采样:0.241s              记忆刷入和更新:0.232s 纯刷入时间:0.000s 负采样分析: 1.061s
平均每个batch用时0.02149s, 预计epoch时间: 477.666s
run batch4000total time: 86.85s,presample: 4.81s, sample: 2.10s, prep time: 19.65s, gen block: 8.08s, feat input: 4.63s, model run: 15.63s,                    loss and opt: 41.77s, update mem: 2.41s update mailbox: 3.21s
feat_buffer time: IO load: 3.182s 异步阻塞: 0.002s presample and analyze: 1.607s 预采样: 0.000s, 预采样负采样:0.307s              记忆刷入和更新:0.232s 纯刷入时间:0.000s 负采样分析: 1.061s
平均每个batch用时0.02130s, 预计epoch时间: 473.454s
run batch5000total time: 108.15s,presample: 5.68s, sample: 2.64s, prep time: 24.64s, gen block: 10.13s, feat input: 5.78s, model run: 19.26s,                    loss and opt: 52.31s, update mem: 3.03s update mailbox: 4.04s
feat_buffer time: IO load: 3.986s 异步阻塞: 0.002s presample and analyze: 1.677s 预采样: 0.000s, 预采样负采样:0.375s              记忆刷入和更新:0.232s 纯刷入时间:0.000s 负采样分析: 1.061s
平均每个batch用时0.02095s, 预计epoch时间: 465.584s
run batch6000total time: 129.10s,presample: 6.54s, sample: 3.15s, prep time: 29.52s, gen block: 12.13s, feat input: 6.93s, model run: 22.81s,                    loss and opt: 62.74s, update mem: 3.62s update mailbox: 4.83s
feat_buffer time: IO load: 5.039s 异步阻塞: 0.002s presample and analyze: 1.775s 预采样: 0.000s, 预采样负采样:0.471s              记忆刷入和更新:0.232s 纯刷入时间:0.000s 负采样分析: 1.061s
平均每个batch用时0.02106s, 预计epoch时间: 467.971s
run batch7000total time: 150.15s,presample: 7.88s, sample: 3.66s, prep time: 34.29s, gen block: 14.08s, feat input: 8.05s, model run: 26.28s,                    loss and opt: 73.00s, update mem: 4.21s update mailbox: 5.62s
feat_buffer time: IO load: 5.997s 异步阻塞: 0.003s presample and analyze: 1.856s 预采样: 0.000s, 预采样负采样:0.550s              记忆刷入和更新:0.232s 纯刷入时间:0.000s 负采样分析: 1.061s
平均每个batch用时0.02100s, 预计epoch时间: 466.802s
run batch8000total time: 171.16s,presample: 8.81s, sample: 4.18s, prep time: 39.15s, gen block: 16.07s, feat input: 9.20s, model run: 29.84s,                    loss and opt: 83.41s, update mem: 4.81s update mailbox: 6.42s
feat_buffer time: IO load: 6.835s 异步阻塞: 0.003s presample and analyze: 1.940s 预采样: 0.000s, 预采样负采样:0.633s              记忆刷入和更新:0.232s 纯刷入时间:0.000s 负采样分析: 1.061s
平均每个batch用时0.02127s, 预计epoch时间: 472.617s
run batch9000total time: 192.42s,presample: 9.94s, sample: 4.70s, prep time: 44.08s, gen block: 18.08s, feat input: 10.39s, model run: 33.45s,                    loss and opt: 93.76s, update mem: 5.41s update mailbox: 7.21s
feat_buffer time: IO load: 8.180s 异步阻塞: 0.004s presample and analyze: 2.059s 预采样: 0.000s, 预采样负采样:0.750s              记忆刷入和更新:0.232s 纯刷入时间:0.000s 负采样分析: 1.061s
平均每个batch用时0.02152s, 预计epoch时间: 478.336s
run batch10000total time: 213.95s,presample: 11.29s, sample: 5.23s, prep time: 48.95s, gen block: 20.07s, feat input: 11.54s, model run: 37.02s,                    loss and opt: 104.23s, update mem: 6.01s update mailbox: 8.01s
feat_buffer time: IO load: 9.095s 异步阻塞: 0.004s presample and analyze: 2.156s 预采样: 0.000s, 预采样负采样:0.845s              记忆刷入和更新:0.232s 纯刷入时间:0.000s 负采样分析: 1.061s
平均每个batch用时0.02183s, 预计epoch时间: 485.097s
run batch11000total time: 235.77s,presample: 12.51s, sample: 5.76s, prep time: 53.96s, gen block: 22.11s, feat input: 12.73s, model run: 40.67s,                    loss and opt: 114.91s, update mem: 6.62s update mailbox: 8.83s
feat_buffer time: IO load: 10.204s 异步阻塞: 0.004s presample and analyze: 2.258s 预采样: 0.000s, 预采样负采样:0.945s              记忆刷入和更新:0.232s 纯刷入时间:0.000s 负采样分析: 1.061s
平均每个batch用时0.02077s, 预计epoch时间: 461.499s
run batch12000total time: 256.54s,presample: 13.54s, sample: 6.28s, prep time: 58.79s, gen block: 24.07s, feat input: 13.89s, model run: 44.18s,                    loss and opt: 125.08s, update mem: 7.21s update mailbox: 9.61s
feat_buffer time: IO load: 11.446s 异步阻塞: 0.005s presample and analyze: 2.399s 预采样: 0.000s, 预采样负采样:1.085s              记忆刷入和更新:0.232s 纯刷入时间:0.000s 负采样分析: 1.061s
平均每个batch用时0.02174s, 预计epoch时间: 483.258s
run batch13000total time: 278.28s,presample: 15.20s, sample: 6.80s, prep time: 63.65s, gen block: 26.05s, feat input: 15.03s, model run: 47.72s,                    loss and opt: 135.53s, update mem: 7.81s update mailbox: 10.41s
feat_buffer time: IO load: 12.635s 异步阻塞: 0.005s presample and analyze: 2.515s 预采样: 0.000s, 预采样负采样:1.199s              记忆刷入和更新:0.232s 纯刷入时间:0.000s 负采样分析: 1.061s
平均每个batch用时0.02157s, 预计epoch时间: 479.464s
run batch14000total time: 299.86s,presample: 16.36s, sample: 7.33s, prep time: 68.65s, gen block: 28.09s, feat input: 16.22s, model run: 51.33s,                    loss and opt: 146.08s, update mem: 8.42s update mailbox: 11.22s
feat_buffer time: IO load: 13.667s 异步阻塞: 0.005s presample and analyze: 2.638s 预采样: 0.000s, 预采样负采样:1.320s              记忆刷入和更新:0.232s 纯刷入时间:0.000s 负采样分析: 1.061s
平均每个batch用时0.02183s, 预计epoch时间: 485.066s
run batch15000total time: 321.68s,presample: 17.73s, sample: 7.86s, prep time: 73.68s, gen block: 30.14s, feat input: 17.42s, model run: 55.00s,                    loss and opt: 156.55s, update mem: 9.04s update mailbox: 12.04s
feat_buffer time: IO load: 15.235s 异步阻塞: 0.006s presample and analyze: 2.806s 预采样: 0.000s, 预采样负采样:1.487s              记忆刷入和更新:0.232s 纯刷入时间:0.000s 负采样分析: 1.061s
平均每个batch用时0.02139s, 预计epoch时间: 475.302s
run batch16000total time: 343.07s,presample: 19.28s, sample: 8.37s, prep time: 78.49s, gen block: 32.09s, feat input: 18.56s, model run: 58.46s,                    loss and opt: 166.90s, update mem: 9.63s update mailbox: 12.83s
feat_buffer time: IO load: 16.271s 异步阻塞: 0.006s presample and analyze: 2.936s 预采样: 0.000s, 预采样负采样:1.616s              记忆刷入和更新:0.232s 纯刷入时间:0.000s 负采样分析: 1.061s
平均每个batch用时0.02137s, 预计epoch时间: 474.929s
run batch17000total time: 364.44s,presample: 20.58s, sample: 8.89s, prep time: 83.36s, gen block: 34.08s, feat input: 19.72s, model run: 62.02s,                    loss and opt: 177.31s, update mem: 10.22s update mailbox: 13.62s
feat_buffer time: IO load: 17.439s 异步阻塞: 0.007s presample and analyze: 3.072s 预采样: 0.000s, 预采样负采样:1.750s              记忆刷入和更新:0.232s 纯刷入时间:0.000s 负采样分析: 1.061s
平均每个batch用时0.02138s, 预计epoch时间: 475.087s
run batch18000total time: 385.82s,presample: 21.94s, sample: 9.39s, prep time: 88.21s, gen block: 36.05s, feat input: 20.88s, model run: 65.55s,                    loss and opt: 187.73s, update mem: 10.81s update mailbox: 14.41s
feat_buffer time: IO load: 19.015s 异步阻塞: 0.007s presample and analyze: 3.263s 预采样: 0.000s, 预采样负采样:1.939s              记忆刷入和更新:0.232s 纯刷入时间:0.000s 负采样分析: 1.061s
平均每个batch用时0.02193s, 预计epoch时间: 487.349s
run batch19000total time: 407.74s,presample: 23.76s, sample: 9.91s, prep time: 93.12s, gen block: 38.05s, feat input: 22.05s, model run: 69.12s,                    loss and opt: 198.11s, update mem: 11.41s update mailbox: 15.21s
feat_buffer time: IO load: 20.269s 异步阻塞: 0.007s presample and analyze: 3.412s 预采样: 0.000s, 预采样负采样:2.086s              记忆刷入和更新:0.232s 纯刷入时间:0.000s 负采样分析: 1.061s
平均每个batch用时0.02171s, 预计epoch时间: 482.559s
run batch20000total time: 429.46s,presample: 25.25s, sample: 10.44s, prep time: 98.08s, gen block: 40.07s, feat input: 23.23s, model run: 72.74s,                    loss and opt: 208.49s, update mem: 12.01s update mailbox: 16.02s
feat_buffer time: IO load: 21.596s 异步阻塞: 0.008s presample and analyze: 3.565s 预采样: 0.000s, 预采样负采样:2.238s              记忆刷入和更新:0.232s 纯刷入时间:0.000s 负采样分析: 1.061s
平均每个batch用时0.02170s, 预计epoch时间: 482.162s
run batch21000total time: 451.15s,presample: 26.79s, sample: 10.96s, prep time: 103.00s, gen block: 42.07s, feat input: 24.41s, model run: 76.29s,                    loss and opt: 218.94s, update mem: 12.61s update mailbox: 16.80s
feat_buffer time: IO load: 23.391s 异步阻塞: 0.008s presample and analyze: 3.778s 预采样: 0.000s, 预采样负采样:2.448s              记忆刷入和更新:0.232s 纯刷入时间:0.000s 负采样分析: 1.061s
平均每个batch用时0.02172s, 预计epoch时间: 482.707s
run batch22000total time: 472.87s,presample: 28.74s, sample: 11.46s, prep time: 107.79s, gen block: 44.02s, feat input: 25.56s, model run: 79.77s,                    loss and opt: 229.22s, update mem: 13.20s update mailbox: 17.59s
feat_buffer time: IO load: 24.749s 异步阻塞: 0.009s presample and analyze: 3.892s 预采样: 0.000s, 预采样负采样:2.561s              记忆刷入和更新:0.232s 纯刷入时间:0.000s 负采样分析: 1.061s
total loop use time: 480.8289
run batch22223total time: 477.37s,presample: 28.81s, sample: 11.58s, prep time: 108.88s, gen block: 44.45s, feat input: 25.82s, model run: 80.55s,               loss and opt: 231.52s, update mem: 13.33s update mailbox: 17.76s
	train loss:20670488.4121  val ap:0.946661  val auc:0.939806, eval time: 263.59
Epoch 1:
IO load: 24.820s presample and analyze: 3.892s 预采样: 0.000s, 预采样负采样:2.561s
第一个块的加载时间: 0.608s
平均每个batch用时0.00000s, 预计epoch时间: 0.000s
run batch0total time: 0.00s,presample: 0.00s, sample: 0.00s, prep time: 0.00s, gen block: 0.00s, feat input: 0.00s, model run: 0.00s,                    loss and opt: 0.00s, update mem: 0.00s update mailbox: 0.00s
feat_buffer time: IO load: 0.245s 异步阻塞: 0.000s presample and analyze: 0.379s 预采样: 0.000s, 预采样负采样:0.031s              记忆刷入和更新:0.255s 纯刷入时间:0.000s 负采样分析: 0.092s
平均每个batch用时0.02196s, 预计epoch时间: 488.121s
run batch1000total time: 21.96s,presample: 1.26s, sample: 0.52s, prep time: 4.97s, gen block: 2.04s, feat input: 1.18s, model run: 3.64s,                    loss and opt: 10.86s, update mem: 0.61s update mailbox: 0.81s
feat_buffer time: IO load: 0.818s 异步阻塞: 0.000s presample and analyze: 0.434s 预采样: 0.000s, 预采样负采样:0.086s              记忆刷入和更新:0.255s 纯刷入时间:0.000s 负采样分析: 0.092s
平均每个batch用时0.02112s, 预计epoch时间: 469.381s
run batch2000total time: 43.08s,presample: 1.93s, sample: 1.05s, prep time: 9.91s, gen block: 4.07s, feat input: 2.34s, model run: 7.23s,                    loss and opt: 21.52s, update mem: 1.22s update mailbox: 1.62s
feat_buffer time: IO load: 1.435s 异步阻塞: 0.000s presample and analyze: 0.492s 预采样: 0.000s, 预采样负采样:0.143s              记忆刷入和更新:0.255s 纯刷入时间:0.000s 负采样分析: 0.092s
平均每个batch用时0.02132s, 预计epoch时间: 473.763s
run batch3000total time: 64.40s,presample: 2.65s, sample: 1.58s, prep time: 14.90s, gen block: 6.12s, feat input: 3.52s, model run: 10.83s,                    loss and opt: 32.26s, update mem: 1.84s update mailbox: 2.44s
feat_buffer time: IO load: 2.313s 异步阻塞: 0.001s presample and analyze: 0.575s 预采样: 0.000s, 预采样负采样:0.224s              记忆刷入和更新:0.255s 纯刷入时间:0.000s 负采样分析: 0.092s
平均每个batch用时0.02121s, 预计epoch时间: 471.288s
run batch4000total time: 85.61s,presample: 3.66s, sample: 2.10s, prep time: 19.79s, gen block: 8.13s, feat input: 4.68s, model run: 14.38s,                    loss and opt: 42.80s, update mem: 2.43s update mailbox: 3.24s
feat_buffer time: IO load: 3.009s 异步阻塞: 0.001s presample and analyze: 0.640s 预采样: 0.000s, 预采样负采样:0.287s              记忆刷入和更新:0.255s 纯刷入时间:0.000s 负采样分析: 0.092s
平均每个batch用时0.02152s, 预计epoch时间: 478.191s
run batch5000total time: 107.12s,presample: 4.46s, sample: 2.63s, prep time: 24.82s, gen block: 10.20s, feat input: 5.86s, model run: 17.98s,                    loss and opt: 53.61s, update mem: 3.05s update mailbox: 4.05s
feat_buffer time: IO load: 3.733s 异步阻塞: 0.002s presample and analyze: 0.708s 预采样: 0.000s, 预采样负采样:0.354s              记忆刷入和更新:0.255s 纯刷入时间:0.000s 负采样分析: 0.092s
平均每个batch用时0.02143s, 预计epoch时间: 476.210s
run batch6000total time: 128.55s,presample: 5.32s, sample: 3.17s, prep time: 29.82s, gen block: 12.24s, feat input: 7.05s, model run: 21.59s,                    loss and opt: 64.33s, update mem: 3.67s update mailbox: 4.87s
feat_buffer time: IO load: 4.770s 异步阻塞: 0.002s presample and analyze: 0.803s 预采样: 0.000s, 预采样负采样:0.447s              记忆刷入和更新:0.255s 纯刷入时间:0.000s 负采样分析: 0.092s
平均每个batch用时0.02121s, 预计epoch时间: 471.442s
run batch7000total time: 149.76s,presample: 6.47s, sample: 3.68s, prep time: 34.66s, gen block: 14.22s, feat input: 8.20s, model run: 25.11s,                    loss and opt: 74.81s, update mem: 4.27s update mailbox: 5.66s
feat_buffer time: IO load: 5.561s 异步阻塞: 0.002s presample and analyze: 0.882s 预采样: 0.000s, 预采样负采样:0.525s              记忆刷入和更新:0.255s 纯刷入时间:0.000s 负采样分析: 0.092s
平均每个batch用时0.02164s, 预计epoch时间: 480.839s
run batch8000total time: 171.40s,presample: 7.40s, sample: 4.22s, prep time: 39.73s, gen block: 16.30s, feat input: 9.40s, model run: 28.81s,                    loss and opt: 85.45s, update mem: 4.89s update mailbox: 6.48s
feat_buffer time: IO load: 6.401s 异步阻塞: 0.003s presample and analyze: 0.966s 预采样: 0.000s, 预采样负采样:0.608s              记忆刷入和更新:0.255s 纯刷入时间:0.000s 负采样分析: 0.092s
平均每个batch用时0.02125s, 预计epoch时间: 472.314s
run batch9000total time: 192.65s,presample: 8.34s, sample: 4.75s, prep time: 44.67s, gen block: 18.32s, feat input: 10.57s, model run: 32.36s,                    loss and opt: 96.03s, update mem: 5.51s update mailbox: 7.29s
feat_buffer time: IO load: 7.537s 异步阻塞: 0.003s presample and analyze: 1.085s 预采样: 0.000s, 预采样负采样:0.725s              记忆刷入和更新:0.255s 纯刷入时间:0.000s 负采样分析: 0.092s
平均每个batch用时0.02179s, 预计epoch时间: 484.314s
run batch10000total time: 214.44s,presample: 9.63s, sample: 5.27s, prep time: 49.58s, gen block: 20.33s, feat input: 11.74s, model run: 35.91s,                    loss and opt: 106.84s, update mem: 6.11s update mailbox: 8.08s
feat_buffer time: IO load: 8.413s 异步阻塞: 0.003s presample and analyze: 1.178s 预采样: 0.000s, 预采样负采样:0.817s              记忆刷入和更新:0.255s 纯刷入时间:0.000s 负采样分析: 0.092s
平均每个batch用时0.02194s, 预计epoch时间: 487.499s
run batch11000total time: 236.38s,presample: 10.67s, sample: 5.82s, prep time: 54.62s, gen block: 22.39s, feat input: 12.94s, model run: 39.60s,                    loss and opt: 117.71s, update mem: 6.72s update mailbox: 8.91s
feat_buffer time: IO load: 9.349s 异步阻塞: 0.004s presample and analyze: 1.277s 预采样: 0.000s, 预采样负采样:0.914s              记忆刷入和更新:0.255s 纯刷入时间:0.000s 负采样分析: 0.092s
平均每个batch用时0.02189s, 预计epoch时间: 486.582s
run batch12000total time: 258.27s,presample: 11.77s, sample: 6.36s, prep time: 59.68s, gen block: 24.45s, feat input: 14.14s, model run: 43.29s,                    loss and opt: 128.50s, update mem: 7.34s update mailbox: 9.73s
feat_buffer time: IO load: 10.667s 异步阻塞: 0.004s presample and analyze: 1.423s 预采样: 0.000s, 预采样负采样:1.059s              记忆刷入和更新:0.255s 纯刷入时间:0.000s 负采样分析: 0.092s
平均每个batch用时0.02203s, 预计epoch时间: 489.584s
run batch13000total time: 280.30s,presample: 13.29s, sample: 6.88s, prep time: 64.63s, gen block: 26.46s, feat input: 15.32s, model run: 46.87s,                    loss and opt: 139.23s, update mem: 7.95s update mailbox: 10.54s
feat_buffer time: IO load: 11.695s 异步阻塞: 0.005s presample and analyze: 1.542s 预采样: 0.000s, 预采样负采样:1.176s              记忆刷入和更新:0.255s 纯刷入时间:0.000s 负采样分析: 0.092s
平均每个batch用时0.02179s, 预计epoch时间: 484.269s
run batch14000total time: 302.09s,presample: 14.50s, sample: 7.41s, prep time: 69.63s, gen block: 28.48s, feat input: 16.51s, model run: 50.50s,                    loss and opt: 149.92s, update mem: 8.56s update mailbox: 11.35s
feat_buffer time: IO load: 12.775s 异步阻塞: 0.005s presample and analyze: 1.662s 预采样: 0.000s, 预采样负采样:1.295s              记忆刷入和更新:0.255s 纯刷入时间:0.000s 负采样分析: 0.092s
平均每个batch用时0.02212s, 预计epoch时间: 491.704s
run batch15000total time: 324.21s,presample: 15.71s, sample: 7.95s, prep time: 74.72s, gen block: 30.55s, feat input: 17.74s, model run: 54.17s,                    loss and opt: 160.80s, update mem: 9.18s update mailbox: 12.18s
feat_buffer time: IO load: 14.226s 异步阻塞: 0.005s presample and analyze: 1.835s 预采样: 0.000s, 预采样负采样:1.466s              记忆刷入和更新:0.255s 纯刷入时间:0.000s 负采样分析: 0.092s
平均每个batch用时0.02186s, 预计epoch时间: 485.904s
run batch16000total time: 346.08s,presample: 17.37s, sample: 8.48s, prep time: 79.63s, gen block: 32.55s, feat input: 18.91s, model run: 57.70s,                    loss and opt: 171.31s, update mem: 9.79s update mailbox: 12.98s
feat_buffer time: IO load: 15.336s 异步阻塞: 0.006s presample and analyze: 1.969s 预采样: 0.000s, 预采样负采样:1.599s              记忆刷入和更新:0.255s 纯刷入时间:0.000s 负采样分析: 0.092s
平均每个batch用时0.02147s, 预计epoch时间: 477.172s
run batch17000total time: 367.55s,presample: 18.65s, sample: 9.00s, prep time: 84.56s, gen block: 34.54s, feat input: 20.08s, model run: 61.27s,                    loss and opt: 181.78s, update mem: 10.40s update mailbox: 13.79s
feat_buffer time: IO load: 16.469s 异步阻塞: 0.006s presample and analyze: 2.108s 预采样: 0.000s, 预采样负采样:1.736s              记忆刷入和更新:0.255s 纯刷入时间:0.000s 负采样分析: 0.092s
平均每个batch用时0.02139s, 预计epoch时间: 475.322s
run batch18000total time: 388.93s,presample: 19.95s, sample: 9.53s, prep time: 89.46s, gen block: 36.53s, feat input: 21.26s, model run: 64.82s,                    loss and opt: 192.16s, update mem: 11.00s update mailbox: 14.59s
feat_buffer time: IO load: 18.014s 异步阻塞: 0.006s presample and analyze: 2.300s 预采样: 0.000s, 预采样负采样:1.927s              记忆刷入和更新:0.255s 纯刷入时间:0.000s 负采样分析: 0.092s
平均每个batch用时0.02159s, 预计epoch时间: 479.854s
run batch19000total time: 410.53s,presample: 21.72s, sample: 10.03s, prep time: 94.26s, gen block: 38.48s, feat input: 22.41s, model run: 68.33s,                    loss and opt: 202.48s, update mem: 11.58s update mailbox: 15.36s
feat_buffer time: IO load: 19.189s 异步阻塞: 0.007s presample and analyze: 2.450s 预采样: 0.000s, 预采样负采样:2.075s              记忆刷入和更新:0.255s 纯刷入时间:0.000s 负采样分析: 0.092s
平均每个batch用时0.02152s, 预计epoch时间: 478.203s
run batch20000total time: 432.04s,presample: 23.11s, sample: 10.56s, prep time: 99.20s, gen block: 40.48s, feat input: 23.59s, model run: 71.90s,                    loss and opt: 212.84s, update mem: 12.19s update mailbox: 16.16s
feat_buffer time: IO load: 20.423s 异步阻塞: 0.007s presample and analyze: 2.606s 预采样: 0.000s, 预采样负采样:2.230s              记忆刷入和更新:0.255s 纯刷入时间:0.000s 负采样分析: 0.092s
平均每个batch用时0.02080s, 预计epoch时间: 462.237s
run batch21000total time: 452.84s,presample: 24.46s, sample: 11.06s, prep time: 103.98s, gen block: 42.41s, feat input: 24.74s, model run: 75.38s,                    loss and opt: 222.85s, update mem: 12.76s update mailbox: 16.93s
feat_buffer time: IO load: 22.007s 异步阻塞: 0.008s presample and analyze: 2.817s 预采样: 0.000s, 预采样负采样:2.439s              记忆刷入和更新:0.255s 纯刷入时间:0.000s 负采样分析: 0.092s
平均每个batch用时0.02172s, 预计epoch时间: 482.644s
run batch22000total time: 474.56s,presample: 26.39s, sample: 11.58s, prep time: 108.82s, gen block: 44.37s, feat input: 25.90s, model run: 78.85s,                    loss and opt: 233.11s, update mem: 13.36s update mailbox: 17.73s
feat_buffer time: IO load: 23.367s 异步阻塞: 0.008s presample and analyze: 2.928s 预采样: 0.000s, 预采样负采样:2.549s              记忆刷入和更新:0.255s 纯刷入时间:0.000s 负采样分析: 0.092s
total loop use time: 482.5072
run batch22223total time: 479.34s,presample: 26.46s, sample: 11.70s, prep time: 109.97s, gen block: 44.84s, feat input: 26.17s, model run: 79.68s,               loss and opt: 235.53s, update mem: 13.50s update mailbox: 17.91s
	train loss:19557393.6902  val ap:0.942408  val auc:0.936253, eval time: 280.63
Epoch 2:
IO load: 23.444s presample and analyze: 2.928s 预采样: 0.000s, 预采样负采样:2.549s
第一个块的加载时间: 0.643s
平均每个batch用时0.00000s, 预计epoch时间: 0.000s
run batch0total time: 0.00s,presample: 0.00s, sample: 0.00s, prep time: 0.00s, gen block: 0.00s, feat input: 0.00s, model run: 0.00s,                    loss and opt: 0.00s, update mem: 0.00s update mailbox: 0.00s
feat_buffer time: IO load: 0.256s 异步阻塞: 0.000s presample and analyze: 0.403s 预采样: 0.000s, 预采样负采样:0.032s              记忆刷入和更新:0.271s 纯刷入时间:0.000s 负采样分析: 0.100s
平均每个batch用时0.02229s, 预计epoch时间: 495.445s
run batch1000total time: 22.29s,presample: 1.32s, sample: 0.54s, prep time: 5.07s, gen block: 2.09s, feat input: 1.20s, model run: 3.72s,                    loss and opt: 10.89s, update mem: 0.62s update mailbox: 0.83s
feat_buffer time: IO load: 0.857s 异步阻塞: 0.000s presample and analyze: 0.460s 预采样: 0.000s, 预采样负采样:0.088s              记忆刷入和更新:0.271s 纯刷入时间:0.000s 负采样分析: 0.100s
平均每个batch用时0.02176s, 预计epoch时间: 483.606s
run batch2000total time: 44.05s,presample: 2.01s, sample: 1.09s, prep time: 10.20s, gen block: 4.19s, feat input: 2.42s, model run: 7.47s,                    loss and opt: 21.79s, update mem: 1.25s update mailbox: 1.66s
feat_buffer time: IO load: 1.485s 异步阻塞: 0.001s presample and analyze: 0.518s 预采样: 0.000s, 预采样负采样:0.144s              记忆刷入和更新:0.271s 纯刷入时间:0.000s 负采样分析: 0.100s
平均每个batch用时0.02186s, 预计epoch时间: 485.776s
run batch3000total time: 65.91s,presample: 2.74s, sample: 1.64s, prep time: 15.37s, gen block: 6.31s, feat input: 3.65s, model run: 11.24s,                    loss and opt: 32.67s, update mem: 1.88s update mailbox: 2.50s
feat_buffer time: IO load: 2.381s 异步阻塞: 0.001s presample and analyze: 0.599s 预采样: 0.000s, 预采样负采样:0.224s              记忆刷入和更新:0.271s 纯刷入时间:0.000s 负采样分析: 0.100s
平均每个batch用时0.02185s, 预计epoch时间: 485.692s
run batch4000total time: 87.76s,presample: 3.78s, sample: 2.18s, prep time: 20.46s, gen block: 8.39s, feat input: 4.86s, model run: 14.95s,                    loss and opt: 43.42s, update mem: 2.51s update mailbox: 3.33s
feat_buffer time: IO load: 3.096s 异步阻塞: 0.001s presample and analyze: 0.664s 预采样: 0.000s, 预采样负采样:0.288s              记忆刷入和更新:0.271s 纯刷入时间:0.000s 负采样分析: 0.100s
平均每个batch用时0.02168s, 预计epoch时间: 481.902s
run batch5000total time: 109.45s,presample: 4.63s, sample: 2.73s, prep time: 25.54s, gen block: 10.47s, feat input: 6.08s, model run: 18.64s,                    loss and opt: 54.19s, update mem: 3.13s update mailbox: 4.16s
feat_buffer time: IO load: 3.878s 异步阻塞: 0.001s presample and analyze: 0.733s 预采样: 0.000s, 预采样负采样:0.356s              记忆刷入和更新:0.271s 纯刷入时间:0.000s 负采样分析: 0.100s
平均每个batch用时0.02202s, 预计epoch时间: 489.266s
run batch6000total time: 131.46s,presample: 5.49s, sample: 3.28s, prep time: 30.71s, gen block: 12.58s, feat input: 7.31s, model run: 22.42s,                    loss and opt: 65.09s, update mem: 3.77s update mailbox: 5.00s
feat_buffer time: IO load: 4.926s 异步阻塞: 0.002s presample and analyze: 0.829s 预采样: 0.000s, 预采样负采样:0.450s              记忆刷入和更新:0.271s 纯刷入时间:0.000s 负采样分析: 0.100s
平均每个batch用时0.02195s, 预计epoch时间: 487.755s
run batch7000total time: 153.41s,presample: 6.69s, sample: 3.82s, prep time: 35.77s, gen block: 14.65s, feat input: 8.51s, model run: 26.10s,                    loss and opt: 75.82s, update mem: 4.39s update mailbox: 5.83s
feat_buffer time: IO load: 5.752s 异步阻塞: 0.002s presample and analyze: 0.907s 预采样: 0.000s, 预采样负采样:0.528s              记忆刷入和更新:0.271s 纯刷入时间:0.000s 负采样分析: 0.100s
平均每个batch用时0.02195s, 预计epoch时间: 487.924s
run batch8000total time: 175.36s,presample: 7.63s, sample: 4.37s, prep time: 40.92s, gen block: 16.75s, feat input: 9.75s, model run: 29.85s,                    loss and opt: 86.65s, update mem: 5.02s update mailbox: 6.67s
feat_buffer time: IO load: 6.608s 异步阻塞: 0.002s presample and analyze: 0.989s 预采样: 0.000s, 预采样负采样:0.608s              记忆刷入和更新:0.271s 纯刷入时间:0.000s 负采样分析: 0.100s
平均每个batch用时0.02199s, 预计epoch时间: 488.614s
run batch9000total time: 197.35s,presample: 8.59s, sample: 4.92s, prep time: 46.06s, gen block: 18.85s, feat input: 10.98s, model run: 33.58s,                    loss and opt: 97.51s, update mem: 5.64s update mailbox: 7.50s
feat_buffer time: IO load: 7.771s 异步阻塞: 0.002s presample and analyze: 1.106s 预采样: 0.000s, 预采样负采样:0.724s              记忆刷入和更新:0.271s 纯刷入时间:0.000s 负采样分析: 0.100s
平均每个batch用时0.02241s, 预计epoch时间: 498.050s
run batch10000total time: 219.76s,presample: 9.92s, sample: 5.46s, prep time: 51.19s, gen block: 20.94s, feat input: 12.21s, model run: 37.30s,                    loss and opt: 108.46s, update mem: 6.27s update mailbox: 8.33s
feat_buffer time: IO load: 8.676s 异步阻塞: 0.003s presample and analyze: 1.200s 预采样: 0.000s, 预采样负采样:0.817s              记忆刷入和更新:0.271s 纯刷入时间:0.000s 负采样分析: 0.100s
平均每个batch用时0.02225s, 预计epoch时间: 494.375s
run batch11000total time: 242.00s,presample: 10.95s, sample: 6.01s, prep time: 56.36s, gen block: 23.04s, feat input: 13.44s, model run: 41.05s,                    loss and opt: 119.46s, update mem: 6.90s update mailbox: 9.17s
feat_buffer time: IO load: 9.601s 异步阻塞: 0.003s presample and analyze: 1.302s 预采样: 0.000s, 预采样负采样:0.918s              记忆刷入和更新:0.271s 纯刷入时间:0.000s 负采样分析: 0.100s
平均每个batch用时0.02213s, 预计epoch时间: 491.777s
run batch12000total time: 264.13s,presample: 11.99s, sample: 6.55s, prep time: 61.48s, gen block: 25.13s, feat input: 14.68s, model run: 44.74s,                    loss and opt: 130.44s, update mem: 7.52s update mailbox: 10.00s
feat_buffer time: IO load: 10.851s 异步阻塞: 0.003s presample and analyze: 1.444s 预采样: 0.000s, 预采样负采样:1.058s              记忆刷入和更新:0.271s 纯刷入时间:0.000s 负采样分析: 0.100s
平均每个batch用时0.02208s, 预计epoch时间: 490.704s
run batch13000total time: 286.21s,presample: 13.45s, sample: 7.08s, prep time: 66.45s, gen block: 27.16s, feat input: 15.87s, model run: 48.34s,                    loss and opt: 141.25s, update mem: 8.13s update mailbox: 10.81s
feat_buffer time: IO load: 11.840s 异步阻塞: 0.003s presample and analyze: 1.556s 预采样: 0.000s, 预采样负采样:1.169s              记忆刷入和更新:0.271s 纯刷入时间:0.000s 负采样分析: 0.100s
平均每个batch用时0.02195s, 预计epoch时间: 487.799s
run batch14000total time: 308.16s,presample: 14.56s, sample: 7.62s, prep time: 71.52s, gen block: 29.22s, feat input: 17.09s, model run: 52.00s,                    loss and opt: 152.08s, update mem: 8.75s update mailbox: 11.63s
feat_buffer time: IO load: 12.832s 异步阻塞: 0.004s presample and analyze: 1.673s 预采样: 0.000s, 预采样负采样:1.285s              记忆刷入和更新:0.271s 纯刷入时间:0.000s 负采样分析: 0.100s
平均每个batch用时0.02129s, 预计epoch时间: 473.162s
run batch15000total time: 329.45s,presample: 15.70s, sample: 8.16s, prep time: 76.48s, gen block: 31.24s, feat input: 18.28s, model run: 55.63s,                    loss and opt: 162.39s, update mem: 9.36s update mailbox: 12.43s
feat_buffer time: IO load: 14.205s 异步阻塞: 0.004s presample and analyze: 1.836s 预采样: 0.000s, 预采样负采样:1.446s              记忆刷入和更新:0.271s 纯刷入时间:0.000s 负采样分析: 0.100s
平均每个batch用时0.02218s, 预计epoch时间: 492.937s
run batch16000total time: 351.63s,presample: 17.28s, sample: 8.69s, prep time: 81.51s, gen block: 33.29s, feat input: 19.50s, model run: 59.27s,                    loss and opt: 173.05s, update mem: 9.97s update mailbox: 13.24s
feat_buffer time: IO load: 15.252s 异步阻塞: 0.004s presample and analyze: 1.967s 预采样: 0.000s, 预采样负采样:1.576s              记忆刷入和更新:0.271s 纯刷入时间:0.000s 负采样分析: 0.100s
平均每个batch用时0.02180s, 预计epoch时间: 484.582s
run batch17000total time: 373.43s,presample: 18.52s, sample: 9.23s, prep time: 86.55s, gen block: 35.33s, feat input: 20.71s, model run: 62.87s,                    loss and opt: 183.72s, update mem: 10.59s update mailbox: 14.06s
feat_buffer time: IO load: 16.343s 异步阻塞: 0.005s presample and analyze: 2.103s 预采样: 0.000s, 预采样负采样:1.712s              记忆刷入和更新:0.271s 纯刷入时间:0.000s 负采样分析: 0.100s
平均每个batch用时0.02230s, 预计epoch时间: 495.488s
run batch18000total time: 395.73s,presample: 19.78s, sample: 9.77s, prep time: 91.70s, gen block: 37.42s, feat input: 21.95s, model run: 66.60s,                    loss and opt: 194.58s, update mem: 11.22s update mailbox: 14.89s
feat_buffer time: IO load: 17.839s 异步阻塞: 0.005s presample and analyze: 2.293s 预采样: 0.000s, 预采样负采样:1.900s              记忆刷入和更新:0.271s 纯刷入时间:0.000s 负采样分析: 0.100s
平均每个batch用时0.02250s, 预计epoch时间: 500.131s
run batch19000total time: 418.23s,presample: 21.50s, sample: 10.31s, prep time: 96.80s, gen block: 39.48s, feat input: 23.18s, model run: 70.27s,                    loss and opt: 205.32s, update mem: 11.84s update mailbox: 15.71s
feat_buffer time: IO load: 18.982s 异步阻塞: 0.005s presample and analyze: 2.440s 预采样: 0.000s, 预采样负采样:2.045s              记忆刷入和更新:0.271s 纯刷入时间:0.000s 负采样分析: 0.100s
平均每个batch用时0.02219s, 预计epoch时间: 493.135s
run batch20000total time: 440.42s,presample: 22.81s, sample: 10.85s, prep time: 101.91s, gen block: 41.56s, feat input: 24.42s, model run: 73.97s,                    loss and opt: 216.11s, update mem: 12.46s update mailbox: 16.54s
feat_buffer time: IO load: 20.141s 异步阻塞: 0.005s presample and analyze: 2.591s 预采样: 0.000s, 预采样负采样:2.196s              记忆刷入和更新:0.271s 纯刷入时间:0.000s 负采样分析: 0.100s
平均每个batch用时0.02209s, 预计epoch时间: 490.835s
run batch21000total time: 462.50s,presample: 24.16s, sample: 11.39s, prep time: 106.99s, gen block: 43.62s, feat input: 25.65s, model run: 77.63s,                    loss and opt: 226.83s, update mem: 13.08s update mailbox: 17.36s
feat_buffer time: IO load: 21.732s 异步阻塞: 0.006s presample and analyze: 2.800s 预采样: 0.000s, 预采样负采样:2.404s              记忆刷入和更新:0.271s 纯刷入时间:0.000s 负采样分析: 0.100s
平均每个batch用时0.02221s, 预计epoch时间: 493.618s
run batch22000total time: 484.71s,presample: 25.96s, sample: 11.91s, prep time: 111.95s, gen block: 45.62s, feat input: 26.86s, model run: 81.25s,                    loss and opt: 237.43s, update mem: 13.68s update mailbox: 18.16s
feat_buffer time: IO load: 22.958s 异步阻塞: 0.006s presample and analyze: 2.912s 预采样: 0.000s, 预采样负采样:2.514s              记忆刷入和更新:0.271s 纯刷入时间:0.000s 负采样分析: 0.100s
total loop use time: 492.7156
run batch22223total time: 489.50s,presample: 26.03s, sample: 12.03s, prep time: 113.11s, gen block: 46.09s, feat input: 27.14s, model run: 82.08s,               loss and opt: 239.87s, update mem: 13.82s update mailbox: 18.34s
	train loss:18875338.4195  val ap:0.954340  val auc:0.947600, eval time: 284.64
Epoch 3:
IO load: 23.030s presample and analyze: 2.912s 预采样: 0.000s, 预采样负采样:2.514s
第一个块的加载时间: 0.850s
平均每个batch用时0.00000s, 预计epoch时间: 0.000s
run batch0total time: 0.00s,presample: 0.00s, sample: 0.00s, prep time: 0.00s, gen block: 0.00s, feat input: 0.00s, model run: 0.00s,                    loss and opt: 0.00s, update mem: 0.00s update mailbox: 0.00s
feat_buffer time: IO load: 0.437s 异步阻塞: 0.000s presample and analyze: 0.434s 预采样: 0.000s, 预采样负采样:0.042s              记忆刷入和更新:0.288s 纯刷入时间:0.000s 负采样分析: 0.104s
平均每个batch用时0.02319s, 预计epoch时间: 515.385s
run batch1000total time: 23.19s,presample: 1.69s, sample: 0.55s, prep time: 5.14s, gen block: 2.11s, feat input: 1.19s, model run: 3.80s,                    loss and opt: 11.23s, update mem: 0.64s update mailbox: 0.86s
feat_buffer time: IO load: 1.195s 异步阻塞: 0.000s presample and analyze: 0.493s 预采样: 0.000s, 预采样负采样:0.099s              记忆刷入和更新:0.288s 纯刷入时间:0.000s 负采样分析: 0.104s
平均每个batch用时0.02167s, 预计epoch时间: 481.575s
run batch2000total time: 44.86s,presample: 2.39s, sample: 1.09s, prep time: 10.20s, gen block: 4.19s, feat input: 2.39s, model run: 7.51s,                    loss and opt: 22.16s, update mem: 1.26s update mailbox: 1.68s
feat_buffer time: IO load: 1.828s 异步阻塞: 0.001s presample and analyze: 0.552s 预采样: 0.000s, 预采样负采样:0.157s              记忆刷入和更新:0.288s 纯刷入时间:0.000s 负采样分析: 0.104s
平均每个batch用时0.02231s, 预计epoch时间: 495.888s
run batch3000total time: 67.17s,presample: 3.32s, sample: 1.63s, prep time: 15.33s, gen block: 6.30s, feat input: 3.58s, model run: 11.23s,                    loss and opt: 33.38s, update mem: 1.90s update mailbox: 2.53s
feat_buffer time: IO load: 2.989s 异步阻塞: 0.001s presample and analyze: 0.638s 预采样: 0.000s, 预采样负采样:0.241s              记忆刷入和更新:0.288s 纯刷入时间:0.000s 负采样分析: 0.104s
平均每个batch用时0.02260s, 预计epoch时间: 502.250s
run batch4000total time: 89.77s,presample: 4.64s, sample: 2.18s, prep time: 20.45s, gen block: 8.39s, feat input: 4.77s, model run: 14.95s,                    loss and opt: 44.52s, update mem: 2.54s update mailbox: 3.38s
feat_buffer time: IO load: 3.915s 异步阻塞: 0.001s presample and analyze: 0.706s 预采样: 0.000s, 预采样负采样:0.308s              记忆刷入和更新:0.288s 纯刷入时间:0.000s 负采样分析: 0.104s
平均每个batch用时0.02274s, 预计epoch时间: 505.470s
run batch5000total time: 112.51s,presample: 5.68s, sample: 2.74s, prep time: 25.68s, gen block: 10.52s, feat input: 5.98s, model run: 18.75s,                    loss and opt: 55.84s, update mem: 3.19s update mailbox: 4.26s
feat_buffer time: IO load: 4.877s 异步阻塞: 0.001s presample and analyze: 0.777s 预采样: 0.000s, 预采样负采样:0.378s              记忆刷入和更新:0.288s 纯刷入时间:0.000s 负采样分析: 0.104s
平均每个batch用时0.02223s, 预计epoch时间: 494.042s
run batch6000total time: 134.74s,presample: 6.76s, sample: 3.28s, prep time: 30.77s, gen block: 12.60s, feat input: 7.17s, model run: 22.44s,                    loss and opt: 66.91s, update mem: 3.83s update mailbox: 5.11s
feat_buffer time: IO load: 6.221s 异步阻塞: 0.002s presample and analyze: 0.878s 预采样: 0.000s, 预采样负采样:0.477s              记忆刷入和更新:0.288s 纯刷入时间:0.000s 负采样分析: 0.104s
平均每个batch用时0.02247s, 预计epoch时间: 499.354s
run batch7000total time: 157.21s,presample: 8.26s, sample: 3.82s, prep time: 35.84s, gen block: 14.67s, feat input: 8.35s, model run: 26.11s,                    loss and opt: 77.84s, update mem: 4.46s update mailbox: 5.95s
feat_buffer time: IO load: 7.272s 异步阻塞: 0.002s presample and analyze: 0.959s 预采样: 0.000s, 预采样负采样:0.558s              记忆刷入和更新:0.288s 纯刷入时间:0.000s 负采样分析: 0.104s
平均每个batch用时0.02227s, 预计epoch时间: 494.893s
run batch8000total time: 179.48s,presample: 9.44s, sample: 4.36s, prep time: 40.92s, gen block: 16.74s, feat input: 9.54s, model run: 29.79s,                    loss and opt: 88.87s, update mem: 5.09s update mailbox: 6.79s
feat_buffer time: IO load: 8.361s 异步阻塞: 0.002s presample and analyze: 1.046s 预采样: 0.000s, 预采样负采样:0.644s              记忆刷入和更新:0.288s 纯刷入时间:0.000s 负采样分析: 0.104s
平均每个batch用时0.02231s, 预计epoch时间: 495.824s
run batch9000total time: 201.79s,presample: 10.66s, sample: 4.89s, prep time: 45.97s, gen block: 18.80s, feat input: 10.72s, model run: 33.43s,                    loss and opt: 99.98s, update mem: 5.71s update mailbox: 7.63s
feat_buffer time: IO load: 9.867s 异步阻塞: 0.002s presample and analyze: 1.171s 预采样: 0.000s, 预采样负采样:0.767s              记忆刷入和更新:0.288s 纯刷入时间:0.000s 负采样分析: 0.104s
平均每个batch用时0.02297s, 预计epoch时间: 510.544s
run batch10000total time: 224.76s,presample: 12.35s, sample: 5.43s, prep time: 51.06s, gen block: 20.87s, feat input: 11.90s, model run: 37.08s,                    loss and opt: 111.24s, update mem: 6.35s update mailbox: 8.48s
feat_buffer time: IO load: 11.037s 异步阻塞: 0.002s presample and analyze: 1.270s 预采样: 0.000s, 预采样负采样:0.865s              记忆刷入和更新:0.288s 纯刷入时间:0.000s 负采样分析: 0.104s
平均每个batch用时0.02258s, 预计epoch时间: 501.838s
run batch11000total time: 247.34s,presample: 13.67s, sample: 5.98s, prep time: 56.17s, gen block: 22.95s, feat input: 13.09s, model run: 40.78s,                    loss and opt: 122.36s, update mem: 6.99s update mailbox: 9.34s
feat_buffer time: IO load: 12.243s 异步阻塞: 0.002s presample and analyze: 1.377s 预采样: 0.000s, 预采样负采样:0.971s              记忆刷入和更新:0.288s 纯刷入时间:0.000s 负采样分析: 0.104s
平均每个batch用时0.02244s, 预计epoch时间: 498.711s
run batch12000total time: 269.78s,presample: 15.02s, sample: 6.52s, prep time: 61.28s, gen block: 25.02s, feat input: 14.29s, model run: 44.46s,                    loss and opt: 133.37s, update mem: 7.62s update mailbox: 10.19s
feat_buffer time: IO load: 13.897s 异步阻塞: 0.003s presample and analyze: 1.529s 预采样: 0.000s, 预采样负采样:1.121s              记忆刷入和更新:0.288s 纯刷入时间:0.000s 负采样分析: 0.104s
平均每个batch用时0.02328s, 预计epoch时间: 517.472s
run batch13000total time: 293.07s,presample: 16.88s, sample: 7.06s, prep time: 66.41s, gen block: 27.11s, feat input: 15.50s, model run: 48.16s,                    loss and opt: 144.64s, update mem: 8.26s update mailbox: 11.04s
feat_buffer time: IO load: 15.175s 异步阻塞: 0.003s presample and analyze: 1.649s 预采样: 0.000s, 预采样负采样:1.240s              记忆刷入和更新:0.288s 纯刷入时间:0.000s 负采样分析: 0.104s
平均每个batch用时0.02282s, 预计epoch时间: 507.063s
run batch14000total time: 315.88s,presample: 18.32s, sample: 7.60s, prep time: 71.57s, gen block: 29.20s, feat input: 16.71s, model run: 51.88s,                    loss and opt: 155.82s, update mem: 8.89s update mailbox: 11.90s
feat_buffer time: IO load: 16.489s 异步阻塞: 0.003s presample and analyze: 1.775s 预采样: 0.000s, 预采样负采样:1.366s              记忆刷入和更新:0.288s 纯刷入时间:0.000s 负采样分析: 0.104s
平均每个batch用时0.02284s, 预计epoch时间: 507.520s
run batch15000total time: 338.72s,presample: 19.80s, sample: 8.15s, prep time: 76.74s, gen block: 31.30s, feat input: 17.93s, model run: 55.61s,                    loss and opt: 166.97s, update mem: 9.53s update mailbox: 12.75s
feat_buffer time: IO load: 18.167s 异步阻塞: 0.003s presample and analyze: 1.949s 预采样: 0.000s, 预采样负采样:1.539s              记忆刷入和更新:0.288s 纯刷入时间:0.000s 负采样分析: 0.104s
平均每个batch用时0.02347s, 预计epoch时间: 521.577s
run batch16000total time: 362.19s,presample: 21.72s, sample: 8.70s, prep time: 81.91s, gen block: 33.39s, feat input: 19.15s, model run: 59.34s,                    loss and opt: 178.30s, update mem: 10.17s update mailbox: 13.61s
feat_buffer time: IO load: 19.560s 异步阻塞: 0.003s presample and analyze: 2.092s 预采样: 0.000s, 预采样负采样:1.680s              记忆刷入和更新:0.288s 纯刷入时间:0.000s 负采样分析: 0.104s
平均每个batch用时0.02382s, 预计epoch时间: 529.305s
run batch17000total time: 386.00s,presample: 23.33s, sample: 9.27s, prep time: 87.25s, gen block: 35.55s, feat input: 20.39s, model run: 63.20s,                    loss and opt: 189.92s, update mem: 10.83s update mailbox: 14.51s
feat_buffer time: IO load: 21.024s 异步阻塞: 0.003s presample and analyze: 2.241s 预采样: 0.000s, 预采样负采样:1.828s              记忆刷入和更新:0.288s 纯刷入时间:0.000s 负采样分析: 0.104s
平均每个batch用时0.02329s, 预计epoch时间: 517.571s
run batch18000total time: 409.29s,presample: 24.95s, sample: 9.82s, prep time: 92.48s, gen block: 37.67s, feat input: 21.62s, model run: 66.96s,                    loss and opt: 201.29s, update mem: 11.48s update mailbox: 15.38s
feat_buffer time: IO load: 22.969s 异步阻塞: 0.004s presample and analyze: 2.448s 预采样: 0.000s, 预采样负采样:2.034s              记忆刷入和更新:0.288s 纯刷入时间:0.000s 负采样分析: 0.104s
平均每个batch用时0.02389s, 预计epoch时间: 530.845s
run batch19000total time: 433.18s,presample: 27.15s, sample: 10.37s, prep time: 97.69s, gen block: 39.77s, feat input: 22.85s, model run: 70.71s,                    loss and opt: 212.67s, update mem: 12.13s update mailbox: 16.24s
feat_buffer time: IO load: 24.466s 异步阻塞: 0.004s presample and analyze: 2.610s 预采样: 0.000s, 预采样负采样:2.195s              记忆刷入和更新:0.288s 纯刷入时间:0.000s 负采样分析: 0.104s
平均每个batch用时0.02344s, 预计epoch时间: 520.922s
run batch20000total time: 456.61s,presample: 28.85s, sample: 10.93s, prep time: 102.93s, gen block: 41.89s, feat input: 24.08s, model run: 74.49s,                    loss and opt: 224.06s, update mem: 12.77s update mailbox: 17.11s
feat_buffer time: IO load: 25.989s 异步阻塞: 0.004s presample and analyze: 2.778s 预采样: 0.000s, 预采样负采样:2.362s              记忆刷入和更新:0.288s 纯刷入时间:0.000s 负采样分析: 0.104s
平均每个batch用时0.02318s, 预计epoch时间: 515.178s
run batch21000total time: 479.79s,presample: 30.59s, sample: 11.48s, prep time: 108.15s, gen block: 44.00s, feat input: 25.32s, model run: 78.26s,                    loss and opt: 235.18s, update mem: 13.42s update mailbox: 17.98s
feat_buffer time: IO load: 27.994s 异步阻塞: 0.004s presample and analyze: 3.009s 预采样: 0.000s, 预采样负采样:2.591s              记忆刷入和更新:0.288s 纯刷入时间:0.000s 负采样分析: 0.104s
平均每个batch用时0.02303s, 预计epoch时间: 511.928s
run batch22000total time: 502.83s,presample: 32.82s, sample: 12.01s, prep time: 113.17s, gen block: 46.02s, feat input: 26.50s, model run: 81.86s,                    loss and opt: 246.09s, update mem: 14.04s update mailbox: 18.81s
feat_buffer time: IO load: 29.596s 异步阻塞: 0.004s presample and analyze: 3.133s 预采样: 0.000s, 预采样负采样:2.713s              记忆刷入和更新:0.288s 纯刷入时间:0.000s 负采样分析: 0.104s
total loop use time: 511.3750
run batch22223total time: 507.68s,presample: 32.91s, sample: 12.13s, prep time: 114.33s, gen block: 46.49s, feat input: 26.78s, model run: 82.68s,               loss and opt: 248.59s, update mem: 14.18s update mailbox: 19.00s
	train loss:18529211.8460  val ap:0.955735  val auc:0.948901, eval time: 290.22
Epoch 4:
IO load: 29.685s presample and analyze: 3.133s 预采样: 0.000s, 预采样负采样:2.713s
第一个块的加载时间: 0.717s
平均每个batch用时0.00000s, 预计epoch时间: 0.000s
run batch0total time: 0.00s,presample: 0.00s, sample: 0.00s, prep time: 0.00s, gen block: 0.00s, feat input: 0.00s, model run: 0.00s,                    loss and opt: 0.00s, update mem: 0.00s update mailbox: 0.00s
feat_buffer time: IO load: 0.305s 异步阻塞: 0.000s presample and analyze: 0.431s 预采样: 0.000s, 预采样负采样:0.038s              记忆刷入和更新:0.287s 纯刷入时间:0.000s 负采样分析: 0.105s
平均每个batch用时0.02235s, 预计epoch时间: 496.665s
run batch1000total time: 22.35s,presample: 1.41s, sample: 0.55s, prep time: 5.11s, gen block: 2.10s, feat input: 1.21s, model run: 3.74s,                    loss and opt: 10.79s, update mem: 0.63s update mailbox: 0.83s
feat_buffer time: IO load: 0.921s 异步阻塞: 0.000s presample and analyze: 0.488s 预采样: 0.000s, 预采样负采样:0.094s              记忆刷入和更新:0.287s 纯刷入时间:0.000s 负采样分析: 0.105s
平均每个batch用时0.02177s, 预计epoch时间: 483.729s
run batch2000total time: 44.11s,presample: 2.14s, sample: 1.10s, prep time: 10.26s, gen block: 4.22s, feat input: 2.43s, model run: 7.51s,                    loss and opt: 21.61s, update mem: 1.26s update mailbox: 1.67s
feat_buffer time: IO load: 1.587s 异步阻塞: 0.000s presample and analyze: 0.546s 预采样: 0.000s, 预采样负采样:0.152s              记忆刷入和更新:0.287s 纯刷入时间:0.000s 负采样分析: 0.105s
平均每个batch用时0.02188s, 预计epoch时间: 486.229s
run batch3000total time: 65.99s,presample: 2.91s, sample: 1.66s, prep time: 15.44s, gen block: 6.35s, feat input: 3.66s, model run: 11.30s,                    loss and opt: 32.44s, update mem: 1.89s update mailbox: 2.51s
feat_buffer time: IO load: 2.532s 异步阻塞: 0.001s presample and analyze: 0.629s 预采样: 0.000s, 预采样负采样:0.233s              记忆刷入和更新:0.287s 纯刷入时间:0.000s 负采样分析: 0.105s
平均每个batch用时0.02188s, 预计epoch时间: 486.160s
run batch4000total time: 87.87s,presample: 3.95s, sample: 2.20s, prep time: 20.53s, gen block: 8.44s, feat input: 4.87s, model run: 15.02s,                    loss and opt: 43.20s, update mem: 2.52s update mailbox: 3.34s
feat_buffer time: IO load: 3.239s 异步阻塞: 0.001s presample and analyze: 0.694s 预采样: 0.000s, 预采样负采样:0.297s              记忆刷入和更新:0.287s 纯刷入时间:0.000s 负采样分析: 0.105s
平均每个batch用时0.02182s, 预计epoch时间: 484.898s
run batch5000total time: 109.68s,presample: 4.79s, sample: 2.75s, prep time: 25.65s, gen block: 10.54s, feat input: 6.09s, model run: 18.77s,                    loss and opt: 54.01s, update mem: 3.14s update mailbox: 4.17s
feat_buffer time: IO load: 4.005s 异步阻塞: 0.001s presample and analyze: 0.762s 预采样: 0.000s, 预采样负采样:0.364s              记忆刷入和更新:0.287s 纯刷入时间:0.000s 负采样分析: 0.105s
平均每个batch用时0.02138s, 预计epoch时间: 475.151s
run batch6000total time: 131.06s,presample: 5.65s, sample: 3.28s, prep time: 30.64s, gen block: 12.57s, feat input: 7.27s, model run: 22.37s,                    loss and opt: 64.68s, update mem: 3.76s update mailbox: 4.99s
feat_buffer time: IO load: 5.048s 异步阻塞: 0.001s presample and analyze: 0.859s 预采样: 0.000s, 预采样负采样:0.460s              记忆刷入和更新:0.287s 纯刷入时间:0.000s 负采样分析: 0.105s
平均每个batch用时0.02143s, 预计epoch时间: 476.268s
run batch7000total time: 152.49s,presample: 6.82s, sample: 3.80s, prep time: 35.52s, gen block: 14.56s, feat input: 8.43s, model run: 25.93s,                    loss and opt: 75.29s, update mem: 4.36s update mailbox: 5.78s
feat_buffer time: IO load: 5.850s 异步阻塞: 0.002s presample and analyze: 0.940s 预采样: 0.000s, 预采样负采样:0.539s              记忆刷入和更新:0.287s 纯刷入时间:0.000s 负采样分析: 0.105s
平均每个batch用时0.02157s, 预计epoch时间: 479.388s
run batch8000total time: 174.06s,presample: 7.74s, sample: 4.33s, prep time: 40.53s, gen block: 16.61s, feat input: 9.63s, model run: 29.58s,                    loss and opt: 86.01s, update mem: 4.98s update mailbox: 6.60s
feat_buffer time: IO load: 6.682s 异步阻塞: 0.002s presample and analyze: 1.021s 预采样: 0.000s, 预采样负采样:0.619s              记忆刷入和更新:0.287s 纯刷入时间:0.000s 负采样分析: 0.105s
平均每个batch用时0.02147s, 预计epoch时间: 477.221s
run batch9000total time: 195.54s,presample: 8.70s, sample: 4.86s, prep time: 45.49s, gen block: 18.63s, feat input: 10.81s, model run: 33.19s,                    loss and opt: 96.70s, update mem: 5.59s update mailbox: 7.41s
feat_buffer time: IO load: 7.849s 异步阻塞: 0.002s presample and analyze: 1.139s 预采样: 0.000s, 预采样负采样:0.736s              记忆刷入和更新:0.287s 纯刷入时间:0.000s 负采样分析: 0.105s
平均每个batch用时0.02153s, 预计epoch时间: 478.589s
run batch10000total time: 217.07s,presample: 10.07s, sample: 5.39s, prep time: 50.41s, gen block: 20.64s, feat input: 11.99s, model run: 36.78s,                    loss and opt: 107.11s, update mem: 6.19s update mailbox: 8.21s
feat_buffer time: IO load: 8.798s 异步阻塞: 0.003s presample and analyze: 1.236s 预采样: 0.000s, 预采样负采样:0.832s              记忆刷入和更新:0.287s 纯刷入时间:0.000s 负采样分析: 0.105s
平均每个batch用时0.02112s, 预计epoch时间: 469.418s
run batch11000total time: 238.19s,presample: 11.16s, sample: 5.92s, prep time: 55.32s, gen block: 22.65s, feat input: 13.17s, model run: 40.37s,                    loss and opt: 117.40s, update mem: 6.80s update mailbox: 9.00s
feat_buffer time: IO load: 9.774s 异步阻塞: 0.003s presample and analyze: 1.339s 预采样: 0.000s, 预采样负采样:0.933s              记忆刷入和更新:0.287s 纯刷入时间:0.000s 负采样分析: 0.105s
平均每个batch用时0.02170s, 预计epoch时间: 482.303s
run batch12000total time: 259.89s,presample: 12.21s, sample: 6.44s, prep time: 60.30s, gen block: 24.68s, feat input: 14.36s, model run: 43.95s,                    loss and opt: 128.25s, update mem: 7.41s update mailbox: 9.80s
feat_buffer time: IO load: 11.036s 异步阻塞: 0.003s presample and analyze: 1.481s 预采样: 0.000s, 预采样负采样:1.074s              记忆刷入和更新:0.287s 纯刷入时间:0.000s 负采样分析: 0.105s
平均每个batch用时0.02217s, 预计epoch时间: 492.658s
run batch13000total time: 282.06s,presample: 13.66s, sample: 6.98s, prep time: 65.31s, gen block: 26.72s, feat input: 15.57s, model run: 47.58s,                    loss and opt: 139.07s, update mem: 8.02s update mailbox: 10.61s
feat_buffer time: IO load: 12.012s 异步阻塞: 0.004s presample and analyze: 1.594s 预采样: 0.000s, 预采样负采样:1.185s              记忆刷入和更新:0.287s 纯刷入时间:0.000s 负采样分析: 0.105s
平均每个batch用时0.02172s, 预计epoch时间: 482.793s
run batch14000total time: 303.78s,presample: 14.79s, sample: 7.51s, prep time: 70.32s, gen block: 28.76s, feat input: 16.76s, model run: 51.16s,                    loss and opt: 149.81s, update mem: 8.63s update mailbox: 11.42s
feat_buffer time: IO load: 13.027s 异步阻塞: 0.004s presample and analyze: 1.711s 预采样: 0.000s, 预采样负采样:1.301s              记忆刷入和更新:0.287s 纯刷入时间:0.000s 负采样分析: 0.105s
平均每个batch用时0.02165s, 预计epoch时间: 481.095s
run batch15000total time: 325.43s,presample: 15.97s, sample: 8.04s, prep time: 75.29s, gen block: 30.79s, feat input: 17.94s, model run: 54.73s,                    loss and opt: 160.50s, update mem: 9.24s update mailbox: 12.23s
feat_buffer time: IO load: 14.427s 异步阻塞: 0.004s presample and analyze: 1.877s 预采样: 0.000s, 预采样负采样:1.466s              记忆刷入和更新:0.287s 纯刷入时间:0.000s 负采样分析: 0.105s
平均每个batch用时0.02193s, 预计epoch时间: 487.353s
run batch16000total time: 347.36s,presample: 17.57s, sample: 8.56s, prep time: 80.20s, gen block: 32.78s, feat input: 19.12s, model run: 58.27s,                    loss and opt: 171.15s, update mem: 9.84s update mailbox: 13.03s
feat_buffer time: IO load: 15.493s 异步阻塞: 0.004s presample and analyze: 2.009s 预采样: 0.000s, 预采样负采样:1.597s              记忆刷入和更新:0.287s 纯刷入时间:0.000s 负采样分析: 0.105s
平均每个batch用时0.02166s, 预计epoch时间: 481.282s
run batch17000total time: 369.02s,presample: 18.82s, sample: 9.08s, prep time: 85.16s, gen block: 34.80s, feat input: 20.32s, model run: 61.85s,                    loss and opt: 181.78s, update mem: 10.45s update mailbox: 13.83s
feat_buffer time: IO load: 16.604s 异步阻塞: 0.005s presample and analyze: 2.146s 预采样: 0.000s, 预采样负采样:1.733s              记忆刷入和更新:0.287s 纯刷入时间:0.000s 负采样分析: 0.105s
平均每个batch用时0.02168s, 预计epoch时间: 481.720s
run batch18000total time: 390.69s,presample: 20.10s, sample: 9.61s, prep time: 90.14s, gen block: 36.82s, feat input: 21.53s, model run: 65.42s,                    loss and opt: 192.38s, update mem: 11.06s update mailbox: 14.63s
feat_buffer time: IO load: 18.116s 异步阻塞: 0.005s presample and analyze: 2.338s 预采样: 0.000s, 预采样负采样:1.923s              记忆刷入和更新:0.287s 纯刷入时间:0.000s 负采样分析: 0.105s
平均每个batch用时0.02207s, 预计epoch时间: 490.459s
run batch19000total time: 412.76s,presample: 21.86s, sample: 10.12s, prep time: 95.07s, gen block: 38.82s, feat input: 22.72s, model run: 68.95s,                    loss and opt: 203.01s, update mem: 11.66s update mailbox: 15.42s
feat_buffer time: IO load: 19.293s 异步阻塞: 0.005s presample and analyze: 2.487s 预采样: 0.000s, 预采样负采样:2.071s              记忆刷入和更新:0.287s 纯刷入时间:0.000s 负采样分析: 0.105s
平均每个batch用时0.02223s, 预计epoch时间: 494.043s
run batch20000total time: 434.99s,presample: 23.23s, sample: 10.67s, prep time: 100.14s, gen block: 40.88s, feat input: 23.93s, model run: 72.58s,                    loss and opt: 213.88s, update mem: 12.28s update mailbox: 16.25s
feat_buffer time: IO load: 20.513s 异步阻塞: 0.006s presample and analyze: 2.639s 预采样: 0.000s, 预采样负采样:2.222s              记忆刷入和更新:0.287s 纯刷入时间:0.000s 负采样分析: 0.105s
平均每个batch用时0.02218s, 预计epoch时间: 492.834s
run batch21000total time: 457.16s,presample: 24.65s, sample: 11.20s, prep time: 105.17s, gen block: 42.93s, feat input: 25.14s, model run: 76.20s,                    loss and opt: 224.75s, update mem: 12.90s update mailbox: 17.06s
feat_buffer time: IO load: 22.187s 异步阻塞: 0.006s presample and analyze: 2.852s 预采样: 0.000s, 预采样负采样:2.433s              记忆刷入和更新:0.287s 纯刷入时间:0.000s 负采样分析: 0.105s
平均每个batch用时0.02247s, 预计epoch时间: 499.418s
run batch22000total time: 479.63s,presample: 26.50s, sample: 11.73s, prep time: 110.18s, gen block: 44.96s, feat input: 26.35s, model run: 79.77s,                    loss and opt: 235.53s, update mem: 13.51s update mailbox: 17.87s
feat_buffer time: IO load: 23.445s 异步阻塞: 0.006s presample and analyze: 2.966s 预采样: 0.000s, 预采样负采样:2.546s              记忆刷入和更新:0.287s 纯刷入时间:0.000s 负采样分析: 0.105s
total loop use time: 487.8966
run batch22223total time: 484.45s,presample: 26.57s, sample: 11.85s, prep time: 111.35s, gen block: 45.43s, feat input: 26.63s, model run: 80.61s,               loss and opt: 237.98s, update mem: 13.65s update mailbox: 18.06s
	train loss:18396987.8328  val ap:0.958005  val auc:0.951770, eval time: 288.31
Epoch 5:
IO load: 23.518s presample and analyze: 2.966s 预采样: 0.000s, 预采样负采样:2.546s
第一个块的加载时间: 0.864s
平均每个batch用时0.00000s, 预计epoch时间: 0.000s
run batch0total time: 0.00s,presample: 0.00s, sample: 0.00s, prep time: 0.00s, gen block: 0.00s, feat input: 0.00s, model run: 0.00s,                    loss and opt: 0.00s, update mem: 0.00s update mailbox: 0.00s
feat_buffer time: IO load: 0.439s 异步阻塞: 0.000s presample and analyze: 0.446s 预采样: 0.000s, 预采样负采样:0.040s              记忆刷入和更新:0.291s 纯刷入时间:0.000s 负采样分析: 0.114s
平均每个batch用时0.02319s, 预计epoch时间: 515.417s
run batch1000total time: 23.19s,presample: 1.70s, sample: 0.55s, prep time: 5.13s, gen block: 2.11s, feat input: 1.18s, model run: 3.72s,                    loss and opt: 11.31s, update mem: 0.65s update mailbox: 0.85s
feat_buffer time: IO load: 1.193s 异步阻塞: 0.000s presample and analyze: 0.504s 预采样: 0.000s, 预采样负采样:0.097s              记忆刷入和更新:0.291s 纯刷入时间:0.000s 负采样分析: 0.114s
平均每个batch用时0.02194s, 预计epoch时间: 487.513s
run batch2000total time: 45.13s,presample: 2.58s, sample: 1.08s, prep time: 10.15s, gen block: 4.18s, feat input: 2.35s, model run: 7.37s,                    loss and opt: 22.43s, update mem: 1.27s update mailbox: 1.68s
feat_buffer time: IO load: 2.008s 异步阻塞: 0.000s presample and analyze: 0.564s 预采样: 0.000s, 预采样负采样:0.156s              记忆刷入和更新:0.291s 纯刷入时间:0.000s 负采样分析: 0.114s
平均每个batch用时0.02213s, 预计epoch时间: 491.926s
run batch3000total time: 67.26s,presample: 3.51s, sample: 1.62s, prep time: 15.23s, gen block: 6.26s, feat input: 3.53s, model run: 11.04s,                    loss and opt: 33.59s, update mem: 1.91s update mailbox: 2.52s
feat_buffer time: IO load: 3.168s 异步阻塞: 0.001s presample and analyze: 0.649s 预采样: 0.000s, 预采样负采样:0.239s              记忆刷入和更新:0.291s 纯刷入时间:0.000s 负采样分析: 0.114s
平均每个batch用时0.02267s, 预计epoch时间: 503.814s
run batch4000total time: 89.93s,presample: 4.83s, sample: 2.16s, prep time: 20.34s, gen block: 8.35s, feat input: 4.71s, model run: 14.75s,                    loss and opt: 44.81s, update mem: 2.54s update mailbox: 3.37s
feat_buffer time: IO load: 4.096s 异步阻塞: 0.001s presample and analyze: 0.717s 预采样: 0.000s, 预采样负采样:0.306s              记忆刷入和更新:0.291s 纯刷入时间:0.000s 负采样分析: 0.114s
平均每个batch用时0.02211s, 预计epoch时间: 491.417s
run batch5000total time: 112.04s,presample: 5.87s, sample: 2.70s, prep time: 25.41s, gen block: 10.43s, feat input: 5.89s, model run: 18.41s,                    loss and opt: 55.87s, update mem: 3.18s update mailbox: 4.21s
feat_buffer time: IO load: 5.058s 异步阻塞: 0.001s presample and analyze: 0.788s 预采样: 0.000s, 预采样负采样:0.375s              记忆刷入和更新:0.291s 纯刷入时间:0.000s 负采样分析: 0.114s
平均每个batch用时0.02184s, 预计epoch时间: 485.412s
run batch6000total time: 133.88s,presample: 6.94s, sample: 3.22s, prep time: 30.41s, gen block: 12.48s, feat input: 7.06s, model run: 22.02s,                    loss and opt: 66.77s, update mem: 3.80s update mailbox: 5.03s
feat_buffer time: IO load: 6.397s 异步阻塞: 0.001s presample and analyze: 0.887s 预采样: 0.000s, 预采样负采样:0.473s              记忆刷入和更新:0.291s 纯刷入时间:0.000s 负采样分析: 0.114s
平均每个batch用时0.02199s, 预计epoch时间: 488.815s
run batch7000total time: 155.88s,presample: 8.44s, sample: 3.74s, prep time: 35.34s, gen block: 14.50s, feat input: 8.21s, model run: 25.56s,                    loss and opt: 77.52s, update mem: 4.42s update mailbox: 5.85s
feat_buffer time: IO load: 7.445s 异步阻塞: 0.002s presample and analyze: 0.968s 预采样: 0.000s, 预采样负采样:0.553s              记忆刷入和更新:0.291s 纯刷入时间:0.000s 负采样分析: 0.114s
平均每个batch用时0.02135s, 预计epoch时间: 474.374s
run batch8000total time: 177.22s,presample: 9.62s, sample: 4.27s, prep time: 40.29s, gen block: 16.51s, feat input: 9.36s, model run: 29.14s,                    loss and opt: 87.90s, update mem: 5.03s update mailbox: 6.68s
feat_buffer time: IO load: 8.535s 异步阻塞: 0.002s presample and analyze: 1.055s 预采样: 0.000s, 预采样负采样:0.639s              记忆刷入和更新:0.291s 纯刷入时间:0.000s 负采样分析: 0.114s
平均每个batch用时0.02199s, 预计epoch时间: 488.609s
run batch9000total time: 199.21s,presample: 10.84s, sample: 4.80s, prep time: 45.34s, gen block: 18.57s, feat input: 10.54s, model run: 32.78s,                    loss and opt: 98.69s, update mem: 5.66s update mailbox: 7.51s
feat_buffer time: IO load: 10.041s 异步阻塞: 0.002s presample and analyze: 1.178s 预采样: 0.000s, 预采样负采样:0.760s              记忆刷入和更新:0.291s 纯刷入时间:0.000s 负采样分析: 0.114s
平均每个batch用时0.02238s, 预计epoch时间: 497.355s
run batch10000total time: 221.59s,presample: 12.53s, sample: 5.33s, prep time: 50.32s, gen block: 20.59s, feat input: 11.71s, model run: 36.49s,                    loss and opt: 109.42s, update mem: 6.28s update mailbox: 8.34s
feat_buffer time: IO load: 11.216s 异步阻塞: 0.002s presample and analyze: 1.279s 预采样: 0.000s, 预采样负采样:0.860s              记忆刷入和更新:0.291s 纯刷入时间:0.000s 负采样分析: 0.114s
平均每个batch用时0.02275s, 预计epoch时间: 505.671s
run batch11000total time: 244.34s,presample: 13.85s, sample: 5.87s, prep time: 55.45s, gen block: 22.68s, feat input: 12.90s, model run: 40.15s,                    loss and opt: 120.75s, update mem: 6.92s update mailbox: 9.20s
feat_buffer time: IO load: 12.426s 异步阻塞: 0.003s presample and analyze: 1.385s 预采样: 0.000s, 预采样负采样:0.965s              记忆刷入和更新:0.291s 纯刷入时间:0.000s 负采样分析: 0.114s
平均每个batch用时0.02266s, 预计epoch时间: 503.590s
run batch12000total time: 267.00s,presample: 15.20s, sample: 6.41s, prep time: 60.58s, gen block: 24.78s, feat input: 14.09s, model run: 43.80s,                    loss and opt: 131.99s, update mem: 7.56s update mailbox: 10.04s
feat_buffer time: IO load: 14.078s 异步阻塞: 0.003s presample and analyze: 1.536s 预采样: 0.000s, 预采样负采样:1.114s              记忆刷入和更新:0.291s 纯刷入时间:0.000s 负采样分析: 0.114s
平均每个batch用时0.02286s, 预计epoch时间: 508.014s
run batch13000total time: 289.86s,presample: 17.06s, sample: 6.95s, prep time: 65.66s, gen block: 26.85s, feat input: 15.30s, model run: 47.45s,                    loss and opt: 142.98s, update mem: 8.19s update mailbox: 10.87s
feat_buffer time: IO load: 15.354s 异步阻塞: 0.003s presample and analyze: 1.656s 预采样: 0.000s, 预采样负采样:1.233s              记忆刷入和更新:0.291s 纯刷入时间:0.000s 负采样分析: 0.114s
平均每个batch用时0.02203s, 预计epoch时间: 489.568s
run batch14000total time: 311.88s,presample: 18.51s, sample: 7.49s, prep time: 70.69s, gen block: 28.91s, feat input: 16.49s, model run: 51.08s,                    loss and opt: 153.62s, update mem: 8.82s update mailbox: 11.70s
feat_buffer time: IO load: 16.670s 异步阻塞: 0.003s presample and analyze: 1.781s 预采样: 0.000s, 预采样负采样:1.357s              记忆刷入和更新:0.291s 纯刷入时间:0.000s 负采样分析: 0.114s
平均每个batch用时0.02306s, 预计epoch时间: 512.380s
run batch15000total time: 334.94s,presample: 19.99s, sample: 8.04s, prep time: 75.92s, gen block: 31.03s, feat input: 17.72s, model run: 54.83s,                    loss and opt: 164.91s, update mem: 9.47s update mailbox: 12.56s
feat_buffer time: IO load: 18.472s 异步阻塞: 0.004s presample and analyze: 1.959s 预采样: 0.000s, 预采样负采样:1.534s              记忆刷入和更新:0.291s 纯刷入时间:0.000s 负采样分析: 0.114s
平均每个batch用时0.02318s, 预计epoch时间: 515.042s
run batch16000total time: 358.11s,presample: 22.06s, sample: 8.59s, prep time: 81.08s, gen block: 33.12s, feat input: 18.93s, model run: 58.55s,                    loss and opt: 175.84s, update mem: 10.12s update mailbox: 13.41s
feat_buffer time: IO load: 19.896s 异步阻塞: 0.004s presample and analyze: 2.101s 预采样: 0.000s, 预采样负采样:1.675s              记忆刷入和更新:0.291s 纯刷入时间:0.000s 负采样分析: 0.114s
平均每个batch用时0.02363s, 预计epoch时间: 525.072s
run batch17000total time: 381.74s,presample: 23.64s, sample: 9.16s, prep time: 86.41s, gen block: 35.29s, feat input: 20.18s, model run: 62.38s,                    loss and opt: 187.37s, update mem: 10.78s update mailbox: 14.29s
feat_buffer time: IO load: 21.327s 异步阻塞: 0.004s presample and analyze: 2.249s 预采样: 0.000s, 预采样负采样:1.822s              记忆刷入和更新:0.291s 纯刷入时间:0.000s 负采样分析: 0.114s
平均每个batch用时0.02377s, 预计epoch时间: 528.234s
run batch18000total time: 405.51s,presample: 25.26s, sample: 9.73s, prep time: 91.79s, gen block: 37.47s, feat input: 21.45s, model run: 66.24s,                    loss and opt: 198.95s, update mem: 11.45s update mailbox: 15.18s
feat_buffer time: IO load: 23.275s 异步阻塞: 0.004s presample and analyze: 2.456s 预采样: 0.000s, 预采样负采样:2.028s              记忆刷入和更新:0.291s 纯刷入时间:0.000s 负采样分析: 0.114s
平均每个batch用时0.02360s, 预计epoch时间: 524.456s
run batch19000total time: 429.11s,presample: 27.47s, sample: 10.27s, prep time: 96.96s, gen block: 39.56s, feat input: 22.68s, model run: 69.94s,                    loss and opt: 210.18s, update mem: 12.10s update mailbox: 16.03s
feat_buffer time: IO load: 24.773s 异步阻塞: 0.004s presample and analyze: 2.618s 预采样: 0.000s, 预采样负采样:2.188s              记忆刷入和更新:0.291s 纯刷入时间:0.000s 负采样分析: 0.114s
平均每个batch用时0.02339s, 预计epoch时间: 519.899s
run batch20000total time: 452.50s,presample: 29.16s, sample: 10.83s, prep time: 102.23s, gen block: 41.70s, feat input: 23.93s, model run: 73.72s,                    loss and opt: 221.49s, update mem: 12.75s update mailbox: 16.90s
feat_buffer time: IO load: 26.300s 异步阻塞: 0.004s presample and analyze: 2.785s 预采样: 0.000s, 预采样负采样:2.355s              记忆刷入和更新:0.291s 纯刷入时间:0.000s 负采样分析: 0.114s
平均每个batch用时0.02346s, 预计epoch时间: 521.293s
run batch21000total time: 475.95s,presample: 30.90s, sample: 11.38s, prep time: 107.50s, gen block: 43.83s, feat input: 25.17s, model run: 77.46s,                    loss and opt: 232.90s, update mem: 13.40s update mailbox: 17.77s
feat_buffer time: IO load: 28.384s 异步阻塞: 0.005s presample and analyze: 3.016s 预采样: 0.000s, 预采样负采样:2.584s              记忆刷入和更新:0.291s 纯刷入时间:0.000s 负采样分析: 0.114s
平均每个batch用时0.02388s, 预计epoch时间: 530.803s
run batch22000total time: 499.84s,presample: 33.34s, sample: 11.92s, prep time: 112.68s, gen block: 45.92s, feat input: 26.40s, model run: 81.15s,                    loss and opt: 244.19s, update mem: 14.05s update mailbox: 18.62s
feat_buffer time: IO load: 30.119s 异步阻塞: 0.005s presample and analyze: 3.138s 预采样: 0.000s, 预采样负采样:2.705s              记忆刷入和更新:0.291s 纯刷入时间:0.000s 负采样分析: 0.114s
total loop use time: 508.7942
run batch22223total time: 504.82s,presample: 33.44s, sample: 12.04s, prep time: 113.87s, gen block: 46.40s, feat input: 26.69s, model run: 82.00s,               loss and opt: 246.75s, update mem: 14.20s update mailbox: 18.82s
	train loss:18190032.1991  val ap:0.960300  val auc:0.953645, eval time: 293.61
Epoch 6:
IO load: 30.209s presample and analyze: 3.138s 预采样: 0.000s, 预采样负采样:2.705s
第一个块的加载时间: 0.834s
平均每个batch用时0.00000s, 预计epoch时间: 0.000s
run batch0total time: 0.00s,presample: 0.00s, sample: 0.00s, prep time: 0.00s, gen block: 0.00s, feat input: 0.00s, model run: 0.00s,                    loss and opt: 0.00s, update mem: 0.00s update mailbox: 0.00s
feat_buffer time: IO load: 0.403s 异步阻塞: 0.000s presample and analyze: 0.450s 预采样: 0.000s, 预采样负采样:0.039s              记忆刷入和更新:0.304s 纯刷入时间:0.000s 负采样分析: 0.107s
平均每个batch用时0.02308s, 预计epoch时间: 512.958s
run batch1000total time: 23.08s,presample: 1.67s, sample: 0.55s, prep time: 5.18s, gen block: 2.13s, feat input: 1.20s, model run: 3.75s,                    loss and opt: 11.16s, update mem: 0.65s update mailbox: 0.86s
feat_buffer time: IO load: 1.160s 异步阻塞: 0.000s presample and analyze: 0.508s 预采样: 0.000s, 预采样负采样:0.096s              记忆刷入和更新:0.304s 纯刷入时间:0.000s 负采样分析: 0.107s
平均每个batch用时0.02228s, 预计epoch时间: 495.259s
run batch2000total time: 45.37s,presample: 2.56s, sample: 1.10s, prep time: 10.38s, gen block: 4.26s, feat input: 2.42s, model run: 7.52s,                    loss and opt: 22.30s, update mem: 1.30s update mailbox: 1.72s
feat_buffer time: IO load: 1.979s 异步阻塞: 0.000s presample and analyze: 0.569s 预采样: 0.000s, 预采样负采样:0.156s              记忆刷入和更新:0.304s 纯刷入时间:0.000s 负采样分析: 0.107s
平均每个batch用时0.02243s, 预计epoch时间: 498.405s
run batch3000total time: 67.79s,presample: 3.49s, sample: 1.66s, prep time: 15.60s, gen block: 6.40s, feat input: 3.64s, model run: 11.30s,                    loss and opt: 33.48s, update mem: 1.95s update mailbox: 2.58s
feat_buffer time: IO load: 3.141s 异步阻塞: 0.001s presample and analyze: 0.654s 预采样: 0.000s, 预采样负采样:0.239s              记忆刷入和更新:0.304s 纯刷入时间:0.000s 负采样分析: 0.107s
平均每个batch用时0.02286s, 预计epoch时间: 508.091s
run batch4000total time: 90.65s,presample: 4.80s, sample: 2.21s, prep time: 20.81s, gen block: 8.54s, feat input: 4.86s, model run: 15.07s,                    loss and opt: 44.74s, update mem: 2.60s update mailbox: 3.44s
feat_buffer time: IO load: 4.066s 异步阻塞: 0.001s presample and analyze: 0.721s 预采样: 0.000s, 预采样负采样:0.305s              记忆刷入和更新:0.304s 纯刷入时间:0.000s 负采样分析: 0.107s
平均每个batch用时0.02263s, 预计epoch时间: 503.031s
run batch5000total time: 113.29s,presample: 5.84s, sample: 2.76s, prep time: 26.04s, gen block: 10.68s, feat input: 6.08s, model run: 18.83s,                    loss and opt: 56.03s, update mem: 3.26s update mailbox: 4.30s
feat_buffer time: IO load: 5.029s 异步阻塞: 0.001s presample and analyze: 0.792s 预采样: 0.000s, 预采样负采样:0.375s              记忆刷入和更新:0.304s 纯刷入时间:0.000s 负采样分析: 0.107s
平均每个batch用时0.02216s, 预计epoch时间: 492.511s
run batch6000total time: 135.45s,presample: 6.92s, sample: 3.30s, prep time: 31.13s, gen block: 12.76s, feat input: 7.27s, model run: 22.49s,                    loss and opt: 67.09s, update mem: 3.90s update mailbox: 5.14s
feat_buffer time: IO load: 6.373s 异步阻塞: 0.001s presample and analyze: 0.892s 预采样: 0.000s, 预采样负采样:0.474s              记忆刷入和更新:0.304s 纯刷入时间:0.000s 负采样分析: 0.107s
平均每个batch用时0.02311s, 预计epoch时间: 513.526s
run batch7000total time: 158.55s,presample: 8.47s, sample: 3.85s, prep time: 36.28s, gen block: 14.86s, feat input: 8.47s, model run: 26.23s,                    loss and opt: 78.46s, update mem: 4.55s update mailbox: 6.00s
feat_buffer time: IO load: 7.464s 异步阻塞: 0.001s presample and analyze: 0.973s 预采样: 0.000s, 预采样负采样:0.555s              记忆刷入和更新:0.304s 纯刷入时间:0.000s 负采样分析: 0.107s
平均每个batch用时0.02272s, 预计epoch时间: 505.006s
run batch8000total time: 181.28s,presample: 9.64s, sample: 4.40s, prep time: 41.47s, gen block: 16.98s, feat input: 9.68s, model run: 29.96s,                    loss and opt: 89.78s, update mem: 5.20s update mailbox: 6.86s
feat_buffer time: IO load: 8.552s 异步阻塞: 0.002s presample and analyze: 1.060s 预采样: 0.000s, 预采样负采样:0.640s              记忆刷入和更新:0.304s 纯刷入时间:0.000s 负采样分析: 0.107s
平均每个batch用时0.02259s, 预计epoch时间: 502.127s
run batch9000total time: 203.87s,presample: 10.86s, sample: 4.93s, prep time: 46.64s, gen block: 19.08s, feat input: 10.89s, model run: 33.66s,                    loss and opt: 101.01s, update mem: 5.85s update mailbox: 7.72s
feat_buffer time: IO load: 10.057s 异步阻塞: 0.002s presample and analyze: 1.184s 预采样: 0.000s, 预采样负采样:0.763s              记忆刷入和更新:0.304s 纯刷入时间:0.000s 负采样分析: 0.107s
平均每个batch用时0.02299s, 预计epoch时间: 510.897s
run batch10000total time: 226.86s,presample: 12.55s, sample: 5.47s, prep time: 51.74s, gen block: 21.16s, feat input: 12.07s, model run: 37.28s,                    loss and opt: 112.33s, update mem: 6.48s update mailbox: 8.57s
feat_buffer time: IO load: 11.227s 异步阻塞: 0.002s presample and analyze: 1.284s 预采样: 0.000s, 预采样负采样:0.862s              记忆刷入和更新:0.304s 纯刷入时间:0.000s 负采样分析: 0.107s
平均每个batch用时0.02258s, 预计epoch时间: 501.804s
run batch11000total time: 249.44s,presample: 13.87s, sample: 6.01s, prep time: 56.85s, gen block: 23.23s, feat input: 13.26s, model run: 40.88s,                    loss and opt: 123.59s, update mem: 7.13s update mailbox: 9.43s
feat_buffer time: IO load: 12.434s 异步阻塞: 0.002s presample and analyze: 1.390s 预采样: 0.000s, 预采样负采样:0.967s              记忆刷入和更新:0.304s 纯刷入时间:0.000s 负采样分析: 0.107s
平均每个batch用时0.02251s, 预计epoch时间: 500.220s
run batch12000total time: 271.94s,presample: 15.22s, sample: 6.55s, prep time: 61.99s, gen block: 25.31s, feat input: 14.44s, model run: 44.46s,                    loss and opt: 134.74s, update mem: 7.78s update mailbox: 10.29s
feat_buffer time: IO load: 14.088s 异步阻塞: 0.002s presample and analyze: 1.542s 预采样: 0.000s, 预采样负采样:1.117s              记忆刷入和更新:0.304s 纯刷入时间:0.000s 负采样分析: 0.107s
平均每个batch用时0.02313s, 预计epoch时间: 513.949s
run batch13000total time: 295.07s,presample: 17.08s, sample: 7.08s, prep time: 67.11s, gen block: 27.38s, feat input: 15.64s, model run: 48.08s,                    loss and opt: 146.01s, update mem: 8.42s update mailbox: 11.15s
feat_buffer time: IO load: 15.368s 异步阻塞: 0.002s presample and analyze: 1.662s 预采样: 0.000s, 预采样负采样:1.237s              记忆刷入和更新:0.304s 纯刷入时间:0.000s 负采样分析: 0.107s
平均每个batch用时0.02266s, 预计epoch时间: 503.566s
run batch14000total time: 317.73s,presample: 18.53s, sample: 7.63s, prep time: 72.28s, gen block: 29.47s, feat input: 16.85s, model run: 51.74s,                    loss and opt: 157.09s, update mem: 9.08s update mailbox: 12.02s
feat_buffer time: IO load: 16.682s 异步阻塞: 0.003s presample and analyze: 1.788s 预采样: 0.000s, 预采样负采样:1.361s              记忆刷入和更新:0.304s 纯刷入时间:0.000s 负采样分析: 0.107s
平均每个batch用时0.02254s, 预计epoch时间: 501.036s
run batch15000total time: 340.27s,presample: 20.01s, sample: 8.17s, prep time: 77.40s, gen block: 31.55s, feat input: 18.06s, model run: 55.42s,                    loss and opt: 168.07s, update mem: 9.72s update mailbox: 12.86s
feat_buffer time: IO load: 18.479s 异步阻塞: 0.003s presample and analyze: 1.966s 预采样: 0.000s, 预采样负采样:1.538s              记忆刷入和更新:0.304s 纯刷入时间:0.000s 负采样分析: 0.107s
平均每个batch用时0.02318s, 预计epoch时间: 515.046s
run batch16000total time: 363.45s,presample: 22.04s, sample: 8.70s, prep time: 82.48s, gen block: 33.61s, feat input: 19.25s, model run: 59.04s,                    loss and opt: 179.26s, update mem: 10.35s update mailbox: 13.70s
feat_buffer time: IO load: 19.870s 异步阻塞: 0.003s presample and analyze: 2.108s 预采样: 0.000s, 预采样负采样:1.679s              记忆刷入和更新:0.304s 纯刷入时间:0.000s 负采样分析: 0.107s
平均每个batch用时0.02265s, 预计epoch时间: 503.345s
run batch17000total time: 386.10s,presample: 23.91s, sample: 9.23s, prep time: 87.53s, gen block: 35.64s, feat input: 20.43s, model run: 62.66s,                    loss and opt: 190.10s, update mem: 10.99s update mailbox: 14.55s
feat_buffer time: IO load: 21.588s 异步阻塞: 0.003s presample and analyze: 2.259s 预采样: 0.000s, 预采样负采样:1.829s              记忆刷入和更新:0.304s 纯刷入时间:0.000s 负采样分析: 0.107s
平均每个batch用时0.02208s, 预计epoch时间: 490.769s
run batch18000total time: 408.18s,presample: 25.52s, sample: 9.75s, prep time: 92.48s, gen block: 37.64s, feat input: 21.60s, model run: 66.23s,                    loss and opt: 200.82s, update mem: 11.61s update mailbox: 15.37s
feat_buffer time: IO load: 23.529s 异步阻塞: 0.003s presample and analyze: 2.463s 预采样: 0.000s, 预采样负采样:2.032s              记忆刷入和更新:0.304s 纯刷入时间:0.000s 负采样分析: 0.107s
平均每个batch用时0.02311s, 预计epoch时间: 513.507s
run batch19000total time: 431.28s,presample: 27.72s, sample: 10.28s, prep time: 97.52s, gen block: 39.68s, feat input: 22.78s, model run: 69.76s,                    loss and opt: 211.90s, update mem: 12.25s update mailbox: 16.21s
feat_buffer time: IO load: 25.022s 异步阻塞: 0.004s presample and analyze: 2.626s 预采样: 0.000s, 预采样负采样:2.193s              记忆刷入和更新:0.304s 纯刷入时间:0.000s 负采样分析: 0.107s
平均每个batch用时0.02276s, 预计epoch时间: 505.919s
run batch20000total time: 454.05s,presample: 29.41s, sample: 10.81s, prep time: 102.64s, gen block: 41.76s, feat input: 23.98s, model run: 73.33s,                    loss and opt: 223.02s, update mem: 12.88s update mailbox: 17.05s
feat_buffer time: IO load: 26.543s 异步阻塞: 0.004s presample and analyze: 2.793s 预采样: 0.000s, 预采样负采样:2.360s              记忆刷入和更新:0.304s 纯刷入时间:0.000s 负采样分析: 0.107s
平均每个batch用时0.02270s, 预计epoch时间: 504.575s
run batch21000total time: 476.75s,presample: 31.15s, sample: 11.34s, prep time: 107.74s, gen block: 43.82s, feat input: 25.19s, model run: 76.97s,                    loss and opt: 233.98s, update mem: 13.52s update mailbox: 17.89s
feat_buffer time: IO load: 28.625s 异步阻塞: 0.004s presample and analyze: 3.024s 预采样: 0.000s, 预采样负采样:2.589s              记忆刷入和更新:0.304s 纯刷入时间:0.000s 负采样分析: 0.107s
平均每个batch用时0.02350s, 预计epoch时间: 522.172s
run batch22000total time: 500.25s,presample: 33.46s, sample: 11.88s, prep time: 112.89s, gen block: 45.91s, feat input: 26.41s, model run: 80.66s,                    loss and opt: 245.04s, update mem: 14.15s update mailbox: 18.74s
feat_buffer time: IO load: 30.228s 异步阻塞: 0.004s presample and analyze: 3.146s 预采样: 0.000s, 预采样负采样:2.711s              记忆刷入和更新:0.304s 纯刷入时间:0.000s 负采样分析: 0.107s
total loop use time: 508.9762
run batch22223total time: 505.08s,presample: 33.55s, sample: 12.00s, prep time: 114.04s, gen block: 46.37s, feat input: 26.69s, model run: 81.48s,               loss and opt: 247.52s, update mem: 14.30s update mailbox: 18.93s
	train loss:18174247.6366  val ap:0.961138  val auc:0.954507, eval time: 276.73
Epoch 7:
IO load: 30.318s presample and analyze: 3.146s 预采样: 0.000s, 预采样负采样:2.711s
第一个块的加载时间: 0.699s
平均每个batch用时0.00000s, 预计epoch时间: 0.000s
run batch0total time: 0.00s,presample: 0.00s, sample: 0.00s, prep time: 0.00s, gen block: 0.00s, feat input: 0.00s, model run: 0.00s,                    loss and opt: 0.00s, update mem: 0.00s update mailbox: 0.00s
feat_buffer time: IO load: 0.311s 异步阻塞: 0.000s presample and analyze: 0.406s 预采样: 0.000s, 预采样负采样:0.037s              记忆刷入和更新:0.271s 纯刷入时间:0.000s 负采样分析: 0.098s
平均每个batch用时0.02302s, 预计epoch时间: 511.601s
run batch1000total time: 23.02s,presample: 1.54s, sample: 0.55s, prep time: 5.20s, gen block: 2.13s, feat input: 1.21s, model run: 3.76s,                    loss and opt: 11.21s, update mem: 0.65s update mailbox: 0.86s
feat_buffer time: IO load: 1.066s 异步阻塞: 0.000s presample and analyze: 0.465s 预采样: 0.000s, 预采样负采样:0.095s              记忆刷入和更新:0.271s 纯刷入时间:0.000s 负采样分析: 0.098s
平均每个batch用时0.02238s, 预计epoch时间: 497.397s
run batch2000total time: 45.40s,presample: 2.42s, sample: 1.10s, prep time: 10.41s, gen block: 4.27s, feat input: 2.43s, model run: 7.53s,                    loss and opt: 22.42s, update mem: 1.30s update mailbox: 1.72s
feat_buffer time: IO load: 1.883s 异步阻塞: 0.000s presample and analyze: 0.526s 预采样: 0.000s, 预采样负采样:0.154s              记忆刷入和更新:0.271s 纯刷入时间:0.000s 负采样分析: 0.098s
平均每个batch用时0.02245s, 预计epoch时间: 498.879s
run batch3000total time: 67.85s,presample: 3.35s, sample: 1.65s, prep time: 15.64s, gen block: 6.41s, feat input: 3.66s, model run: 11.30s,                    loss and opt: 33.63s, update mem: 1.96s update mailbox: 2.58s
feat_buffer time: IO load: 3.044s 异步阻塞: 0.001s presample and analyze: 0.611s 预采样: 0.000s, 预采样负采样:0.238s              记忆刷入和更新:0.271s 纯刷入时间:0.000s 负采样分析: 0.098s
平均每个batch用时0.02253s, 预计epoch时间: 500.751s
run batch4000total time: 90.38s,presample: 4.66s, sample: 2.20s, prep time: 20.77s, gen block: 8.51s, feat input: 4.86s, model run: 15.01s,                    loss and opt: 44.71s, update mem: 2.60s update mailbox: 3.43s
feat_buffer time: IO load: 3.969s 异步阻塞: 0.001s presample and analyze: 0.678s 预采样: 0.000s, 预采样负采样:0.304s              记忆刷入和更新:0.271s 纯刷入时间:0.000s 负采样分析: 0.098s
平均每个batch用时0.02245s, 预计epoch时间: 498.984s
run batch5000total time: 112.83s,presample: 5.70s, sample: 2.75s, prep time: 25.98s, gen block: 10.64s, feat input: 6.09s, model run: 18.76s,                    loss and opt: 55.86s, update mem: 3.25s update mailbox: 4.29s
feat_buffer time: IO load: 4.931s 异步阻塞: 0.001s presample and analyze: 0.749s 预采样: 0.000s, 预采样负采样:0.374s              记忆刷入和更新:0.271s 纯刷入时间:0.000s 负采样分析: 0.098s
平均每个batch用时0.02245s, 预计epoch时间: 498.996s
run batch6000total time: 135.28s,presample: 6.78s, sample: 3.30s, prep time: 31.18s, gen block: 12.77s, feat input: 7.31s, model run: 22.50s,                    loss and opt: 66.99s, update mem: 3.90s update mailbox: 5.15s
feat_buffer time: IO load: 6.275s 异步阻塞: 0.001s presample and analyze: 0.850s 预采样: 0.000s, 预采样负采样:0.473s              记忆刷入和更新:0.271s 纯刷入时间:0.000s 负采样分析: 0.098s
平均每个batch用时0.02257s, 预计epoch时间: 501.703s
run batch7000total time: 157.86s,presample: 8.28s, sample: 3.83s, prep time: 36.28s, gen block: 14.85s, feat input: 8.50s, model run: 26.17s,                    loss and opt: 78.02s, update mem: 4.53s update mailbox: 5.99s
feat_buffer time: IO load: 7.325s 异步阻塞: 0.002s presample and analyze: 0.931s 预采样: 0.000s, 预采样负采样:0.554s              记忆刷入和更新:0.271s 纯刷入时间:0.000s 负采样分析: 0.098s
平均每个batch用时0.02233s, 预计epoch时间: 496.249s
run batch8000total time: 180.19s,presample: 9.46s, sample: 4.37s, prep time: 41.40s, gen block: 16.94s, feat input: 9.71s, model run: 29.85s,                    loss and opt: 89.08s, update mem: 5.17s update mailbox: 6.84s
feat_buffer time: IO load: 8.413s 异步阻塞: 0.002s presample and analyze: 1.019s 预采样: 0.000s, 预采样负采样:0.640s              记忆刷入和更新:0.271s 纯刷入时间:0.000s 负采样分析: 0.098s
平均每个batch用时0.02232s, 预计epoch时间: 496.113s
run batch9000total time: 202.51s,presample: 10.68s, sample: 4.91s, prep time: 46.53s, gen block: 19.03s, feat input: 10.91s, model run: 33.53s,                    loss and opt: 100.10s, update mem: 5.81s update mailbox: 7.68s
feat_buffer time: IO load: 9.917s 异步阻塞: 0.002s presample and analyze: 1.143s 预采样: 0.000s, 预采样负采样:0.763s              记忆刷入和更新:0.271s 纯刷入时间:0.000s 负采样分析: 0.098s
平均每个batch用时0.02302s, 预计epoch时间: 511.581s
run batch10000total time: 225.53s,presample: 12.37s, sample: 5.46s, prep time: 51.70s, gen block: 21.13s, feat input: 12.13s, model run: 37.24s,                    loss and opt: 111.26s, update mem: 6.46s update mailbox: 8.53s
feat_buffer time: IO load: 11.086s 异步阻塞: 0.002s presample and analyze: 1.243s 预采样: 0.000s, 预采样负采样:0.862s              记忆刷入和更新:0.271s 纯刷入时间:0.000s 负采样分析: 0.098s
平均每个batch用时0.02307s, 预计epoch时间: 512.765s
run batch11000total time: 248.60s,presample: 13.69s, sample: 6.01s, prep time: 56.97s, gen block: 23.28s, feat input: 13.37s, model run: 41.03s,                    loss and opt: 122.64s, update mem: 7.11s update mailbox: 9.40s
feat_buffer time: IO load: 12.292s 异步阻塞: 0.003s presample and analyze: 1.350s 预采样: 0.000s, 预采样负采样:0.967s              记忆刷入和更新:0.271s 纯刷入时间:0.000s 负采样分析: 0.098s
平均每个batch用时0.02284s, 预计epoch时间: 507.524s
run batch12000total time: 271.44s,presample: 15.03s, sample: 6.56s, prep time: 62.16s, gen block: 25.39s, feat input: 14.59s, model run: 44.76s,                    loss and opt: 133.91s, update mem: 7.76s update mailbox: 10.26s
feat_buffer time: IO load: 13.944s 异步阻塞: 0.003s presample and analyze: 1.501s 预采样: 0.000s, 预采样负采样:1.117s              记忆刷入和更新:0.271s 纯刷入时间:0.000s 负采样分析: 0.098s
平均每个batch用时0.02340s, 预计epoch时间: 519.993s
run batch13000total time: 294.83s,presample: 16.90s, sample: 7.11s, prep time: 67.37s, gen block: 27.52s, feat input: 15.82s, model run: 48.50s,                    loss and opt: 145.18s, update mem: 8.41s update mailbox: 11.12s
feat_buffer time: IO load: 15.223s 异步阻塞: 0.003s presample and analyze: 1.621s 预采样: 0.000s, 预采样负采样:1.236s              记忆刷入和更新:0.271s 纯刷入时间:0.000s 负采样分析: 0.098s
平均每个batch用时0.02295s, 预计epoch时间: 510.050s
run batch14000total time: 317.78s,presample: 18.34s, sample: 7.66s, prep time: 72.59s, gen block: 29.64s, feat input: 17.05s, model run: 52.25s,                    loss and opt: 156.42s, update mem: 9.06s update mailbox: 11.98s
feat_buffer time: IO load: 16.536s 异步阻塞: 0.003s presample and analyze: 1.747s 预采样: 0.000s, 预采样负采样:1.361s              记忆刷入和更新:0.271s 纯刷入时间:0.000s 负采样分析: 0.098s
平均每个batch用时0.02324s, 预计epoch时间: 516.435s
run batch15000total time: 341.02s,presample: 19.82s, sample: 8.22s, prep time: 77.88s, gen block: 31.79s, feat input: 18.30s, model run: 56.04s,                    loss and opt: 167.77s, update mem: 9.72s update mailbox: 12.85s
feat_buffer time: IO load: 18.361s 异步阻塞: 0.003s presample and analyze: 1.925s 预采样: 0.000s, 预采样负采样:1.538s              记忆刷入和更新:0.271s 纯刷入时间:0.000s 负采样分析: 0.098s
平均每个batch用时0.02334s, 预计epoch时间: 518.661s
run batch16000total time: 364.36s,presample: 21.88s, sample: 8.76s, prep time: 83.03s, gen block: 33.88s, feat input: 19.52s, model run: 59.72s,                    loss and opt: 178.94s, update mem: 10.36s update mailbox: 13.70s
feat_buffer time: IO load: 19.750s 异步阻塞: 0.004s presample and analyze: 2.067s 预采样: 0.000s, 预采样负采样:1.679s              记忆刷入和更新:0.271s 纯刷入时间:0.000s 负采样分析: 0.098s
平均每个batch用时0.02335s, 预计epoch时间: 518.890s
run batch17000total time: 387.71s,presample: 23.49s, sample: 9.32s, prep time: 88.30s, gen block: 36.01s, feat input: 20.75s, model run: 63.50s,                    loss and opt: 190.30s, update mem: 11.02s update mailbox: 14.57s
feat_buffer time: IO load: 21.210s 异步阻塞: 0.004s presample and analyze: 2.215s 预采样: 0.000s, 预采样负采样:1.826s              记忆刷入和更新:0.271s 纯刷入时间:0.000s 负采样分析: 0.098s
平均每个batch用时0.02318s, 预计epoch时间: 515.243s
run batch18000total time: 410.89s,presample: 25.10s, sample: 9.86s, prep time: 93.53s, gen block: 38.13s, feat input: 22.00s, model run: 67.27s,                    loss and opt: 201.58s, update mem: 11.67s update mailbox: 15.43s
feat_buffer time: IO load: 23.151s 异步阻塞: 0.004s presample and analyze: 2.423s 预采样: 0.000s, 预采样负采样:2.032s              记忆刷入和更新:0.271s 纯刷入时间:0.000s 负采样分析: 0.098s
平均每个batch用时0.02334s, 预计epoch时间: 518.651s
run batch19000total time: 434.23s,presample: 27.30s, sample: 10.40s, prep time: 98.65s, gen block: 40.20s, feat input: 23.22s, model run: 70.97s,                    loss and opt: 212.62s, update mem: 12.30s update mailbox: 16.27s
feat_buffer time: IO load: 24.642s 异步阻塞: 0.004s presample and analyze: 2.580s 预采样: 0.000s, 预采样负采样:2.189s              记忆刷入和更新:0.271s 纯刷入时间:0.000s 负采样分析: 0.098s
平均每个batch用时0.02354s, 预计epoch时间: 523.242s
run batch20000total time: 457.77s,presample: 28.99s, sample: 10.95s, prep time: 103.95s, gen block: 42.35s, feat input: 24.47s, model run: 74.76s,                    loss and opt: 224.06s, update mem: 12.96s update mailbox: 17.15s
feat_buffer time: IO load: 26.163s 异步阻塞: 0.004s presample and analyze: 2.747s 预采样: 0.000s, 预采样负采样:2.355s              记忆刷入和更新:0.271s 纯刷入时间:0.000s 负采样分析: 0.098s
平均每个batch用时0.02355s, 预计epoch时间: 523.274s
run batch21000total time: 481.31s,presample: 30.72s, sample: 11.50s, prep time: 109.25s, gen block: 44.49s, feat input: 25.73s, model run: 78.54s,                    loss and opt: 235.49s, update mem: 13.62s update mailbox: 18.02s
feat_buffer time: IO load: 28.243s 异步阻塞: 0.005s presample and analyze: 2.978s 预采样: 0.000s, 预采样负采样:2.584s              记忆刷入和更新:0.271s 纯刷入时间:0.000s 负采样分析: 0.098s
平均每个batch用时0.02336s, 预计epoch时间: 519.172s
run batch22000total time: 504.67s,presample: 33.02s, sample: 12.04s, prep time: 114.35s, gen block: 46.56s, feat input: 26.95s, model run: 82.19s,                    loss and opt: 246.52s, update mem: 14.25s update mailbox: 18.86s
feat_buffer time: IO load: 29.837s 异步阻塞: 0.005s presample and analyze: 3.099s 预采样: 0.000s, 预采样负采样:2.703s              记忆刷入和更新:0.271s 纯刷入时间:0.000s 负采样分析: 0.098s
total loop use time: 512.9720
run batch22223total time: 509.51s,presample: 33.11s, sample: 12.16s, prep time: 115.53s, gen block: 47.04s, feat input: 27.23s, model run: 83.03s,               loss and opt: 248.95s, update mem: 14.40s update mailbox: 19.05s
	train loss:18004894.2082  val ap:0.960434  val auc:0.953574, eval time: 279.11
Epoch 8:
IO load: 29.926s presample and analyze: 3.099s 预采样: 0.000s, 预采样负采样:2.703s
第一个块的加载时间: 0.764s
平均每个batch用时0.00000s, 预计epoch时间: 0.000s
run batch0total time: 0.00s,presample: 0.00s, sample: 0.00s, prep time: 0.00s, gen block: 0.00s, feat input: 0.00s, model run: 0.00s,                    loss and opt: 0.00s, update mem: 0.00s update mailbox: 0.00s
feat_buffer time: IO load: 0.341s 异步阻塞: 0.000s presample and analyze: 0.442s 预采样: 0.000s, 预采样负采样:0.038s              记忆刷入和更新:0.289s 纯刷入时间:0.000s 负采样分析: 0.114s
平均每个batch用时0.02326s, 预计epoch时间: 516.905s
run batch1000total time: 23.26s,presample: 1.60s, sample: 0.56s, prep time: 5.23s, gen block: 2.15s, feat input: 1.21s, model run: 3.80s,                    loss and opt: 11.31s, update mem: 0.65s update mailbox: 0.87s
feat_buffer time: IO load: 1.097s 异步阻塞: 0.000s presample and analyze: 0.500s 预采样: 0.000s, 预采样负采样:0.095s              记忆刷入和更新:0.289s 纯刷入时间:0.000s 负采样分析: 0.114s
平均每个batch用时0.02235s, 预计epoch时间: 496.711s
run batch2000total time: 45.61s,presample: 2.49s, sample: 1.11s, prep time: 10.41s, gen block: 4.28s, feat input: 2.42s, model run: 7.55s,                    loss and opt: 22.53s, update mem: 1.30s update mailbox: 1.73s
feat_buffer time: IO load: 1.916s 异步阻塞: 0.000s presample and analyze: 0.561s 预采样: 0.000s, 预采样负采样:0.155s              记忆刷入和更新:0.289s 纯刷入时间:0.000s 负采样分析: 0.114s
平均每个batch用时0.02241s, 预计epoch时间: 498.117s
run batch3000total time: 68.02s,presample: 3.42s, sample: 1.66s, prep time: 15.63s, gen block: 6.41s, feat input: 3.64s, model run: 11.32s,                    loss and opt: 33.72s, update mem: 1.96s update mailbox: 2.59s
feat_buffer time: IO load: 3.080s 异步阻塞: 0.001s presample and analyze: 0.646s 预采样: 0.000s, 预采样负采样:0.239s              记忆刷入和更新:0.289s 纯刷入时间:0.000s 负采样分析: 0.114s
平均每个batch用时0.02246s, 预计epoch时间: 499.039s
run batch4000total time: 90.48s,presample: 4.74s, sample: 2.20s, prep time: 20.74s, gen block: 8.50s, feat input: 4.84s, model run: 15.01s,                    loss and opt: 44.76s, update mem: 2.59s update mailbox: 3.43s
feat_buffer time: IO load: 4.007s 异步阻塞: 0.001s presample and analyze: 0.714s 预采样: 0.000s, 预采样负采样:0.306s              记忆刷入和更新:0.289s 纯刷入时间:0.000s 负采样分析: 0.114s
平均每个batch用时0.02276s, 预计epoch时间: 505.805s
run batch5000total time: 113.23s,presample: 5.78s, sample: 2.77s, prep time: 26.02s, gen block: 10.66s, feat input: 6.06s, model run: 18.84s,                    loss and opt: 56.05s, update mem: 3.26s update mailbox: 4.31s
feat_buffer time: IO load: 4.969s 异步阻塞: 0.001s presample and analyze: 0.786s 预采样: 0.000s, 预采样负采样:0.376s              记忆刷入和更新:0.289s 纯刷入时间:0.000s 负采样分析: 0.114s
平均每个batch用时0.02237s, 预计epoch时间: 497.184s
run batch6000total time: 135.61s,presample: 6.86s, sample: 3.32s, prep time: 31.20s, gen block: 12.78s, feat input: 7.28s, model run: 22.58s,                    loss and opt: 67.12s, update mem: 3.91s update mailbox: 5.17s
feat_buffer time: IO load: 6.314s 异步阻塞: 0.001s presample and analyze: 0.886s 预采样: 0.000s, 预采样负采样:0.476s              记忆刷入和更新:0.289s 纯刷入时间:0.000s 负采样分析: 0.114s
平均每个batch用时0.02293s, 预计epoch时间: 509.685s
run batch7000total time: 158.54s,presample: 8.37s, sample: 3.87s, prep time: 36.37s, gen block: 14.89s, feat input: 8.49s, model run: 26.31s,                    loss and opt: 78.34s, update mem: 4.55s update mailbox: 6.02s
feat_buffer time: IO load: 7.370s 异步阻塞: 0.001s presample and analyze: 0.969s 预采样: 0.000s, 预采样负采样:0.557s              记忆刷入和更新:0.289s 纯刷入时间:0.000s 负采样分析: 0.114s
平均每个batch用时0.02259s, 预计epoch时间: 502.063s
run batch8000total time: 181.13s,presample: 9.55s, sample: 4.42s, prep time: 41.57s, gen block: 17.01s, feat input: 9.71s, model run: 30.05s,                    loss and opt: 89.50s, update mem: 5.20s update mailbox: 6.88s
feat_buffer time: IO load: 8.462s 异步阻塞: 0.002s presample and analyze: 1.056s 预采样: 0.000s, 预采样负采样:0.643s              记忆刷入和更新:0.289s 纯刷入时间:0.000s 负采样分析: 0.114s
平均每个batch用时0.02251s, 预计epoch时间: 500.163s
run batch9000total time: 203.63s,presample: 10.77s, sample: 4.96s, prep time: 46.73s, gen block: 19.11s, feat input: 10.92s, model run: 33.76s,                    loss and opt: 100.62s, update mem: 5.85s update mailbox: 7.73s
feat_buffer time: IO load: 9.968s 异步阻塞: 0.002s presample and analyze: 1.180s 预采样: 0.000s, 预采样负采样:0.766s              记忆刷入和更新:0.289s 纯刷入时间:0.000s 负采样分析: 0.114s
平均每个batch用时0.02283s, 预计epoch时间: 507.369s
run batch10000total time: 226.46s,presample: 12.46s, sample: 5.51s, prep time: 51.87s, gen block: 21.21s, feat input: 12.13s, model run: 37.46s,                    loss and opt: 111.64s, update mem: 6.49s update mailbox: 8.58s
feat_buffer time: IO load: 11.140s 异步阻塞: 0.002s presample and analyze: 1.280s 预采样: 0.000s, 预采样负采样:0.865s              记忆刷入和更新:0.289s 纯刷入时间:0.000s 负采样分析: 0.114s
平均每个batch用时0.02278s, 预计epoch时间: 506.200s
run batch11000total time: 249.24s,presample: 13.78s, sample: 6.06s, prep time: 57.08s, gen block: 23.32s, feat input: 13.36s, model run: 41.20s,                    loss and opt: 122.83s, update mem: 7.14s update mailbox: 9.44s
feat_buffer time: IO load: 12.351s 异步阻塞: 0.002s presample and analyze: 1.387s 预采样: 0.000s, 预采样负采样:0.971s              记忆刷入和更新:0.289s 纯刷入时间:0.000s 负采样分析: 0.114s
平均每个batch用时0.02241s, 预计epoch时间: 497.962s
run batch12000total time: 271.65s,presample: 15.13s, sample: 6.60s, prep time: 62.20s, gen block: 25.40s, feat input: 14.56s, model run: 44.87s,                    loss and opt: 133.83s, update mem: 7.78s update mailbox: 10.29s
feat_buffer time: IO load: 14.007s 异步阻塞: 0.002s presample and analyze: 1.539s 预采样: 0.000s, 预采样负采样:1.122s              记忆刷入和更新:0.289s 纯刷入时间:0.000s 负采样分析: 0.114s
平均每个batch用时0.02303s, 预计epoch时间: 511.844s
run batch13000total time: 294.68s,presample: 17.00s, sample: 7.14s, prep time: 67.32s, gen block: 27.48s, feat input: 15.77s, model run: 48.53s,                    loss and opt: 144.93s, update mem: 8.41s update mailbox: 11.13s
feat_buffer time: IO load: 15.286s 异步阻塞: 0.002s presample and analyze: 1.659s 预采样: 0.000s, 预采样负采样:1.241s              记忆刷入和更新:0.289s 纯刷入时间:0.000s 负采样分析: 0.114s
平均每个batch用时0.02256s, 预计epoch时间: 501.345s
run batch14000total time: 317.23s,presample: 18.44s, sample: 7.67s, prep time: 72.41s, gen block: 29.54s, feat input: 16.96s, model run: 52.16s,                    loss and opt: 156.06s, update mem: 9.05s update mailbox: 11.98s
feat_buffer time: IO load: 16.596s 异步阻塞: 0.003s presample and analyze: 1.785s 预采样: 0.000s, 预采样负采样:1.366s              记忆刷入和更新:0.289s 纯刷入时间:0.000s 负采样分析: 0.114s
平均每个batch用时0.02260s, 预计epoch时间: 502.347s
run batch15000total time: 339.84s,presample: 19.91s, sample: 8.20s, prep time: 77.48s, gen block: 31.61s, feat input: 18.16s, model run: 55.84s,                    loss and opt: 167.16s, update mem: 9.68s update mailbox: 12.81s
