Sent: init_feats
Received: None
Epoch 0:
IO load: 0.000s presample and analyze: 0.000s 预采样: 0.000s, 预采样负采样:0.000s
cur batch: 0, start pre sample and analyze...
第一个块的加载时间: 2.126s
平均每个batch用时0.00000s, 预计epoch时间: 0.000s
run batch0total time: 0.00s,presample: 0.00s, sample: 0.00s, prep time: 0.00s, gen block: 0.00s, feat input: 0.00s, model run: 0.00s,                    loss and opt: 0.00s, update mem: 0.00s update mailbox: 0.00s
feat_buffer time: IO load: 0.275s 异步阻塞: 0.000s presample and analyze: 1.941s 预采样: 0.000s, 预采样负采样:0.290s              记忆刷入和更新:0.013s 纯刷入时间:0.000s 负采样分析: 1.638s
cur batch: 300, start pre sample and analyze...
cur batch: 600, start pre sample and analyze...
cur batch: 900, start pre sample and analyze...
平均每个batch用时0.02567s, 预计epoch时间: 1650.154s
run batch1000total time: 25.67s,presample: 2.65s, sample: 0.59s, prep time: 6.60s, gen block: 2.32s, feat input: 1.39s, model run: 4.81s,                    loss and opt: 10.26s, update mem: 0.69s update mailbox: 0.92s
feat_buffer time: IO load: 0.440s 异步阻塞: 0.000s presample and analyze: 2.205s 预采样: 0.000s, 预采样负采样:0.552s              记忆刷入和更新:0.013s 纯刷入时间:0.000s 负采样分析: 1.638s
cur batch: 1200, start pre sample and analyze...
cur batch: 1500, start pre sample and analyze...
cur batch: 1800, start pre sample and analyze...
平均每个batch用时0.02349s, 预计epoch时间: 1510.184s
run batch2000total time: 49.16s,presample: 3.11s, sample: 1.18s, prep time: 13.43s, gen block: 4.65s, feat input: 2.81s, model run: 9.04s,                    loss and opt: 20.89s, update mem: 1.40s update mailbox: 1.85s
feat_buffer time: IO load: 0.615s 异步阻塞: 0.000s presample and analyze: 2.490s 预采样: 0.000s, 预采样负采样:0.835s              记忆刷入和更新:0.013s 纯刷入时间:0.000s 负采样分析: 1.638s
cur batch: 2100, start pre sample and analyze...
cur batch: 2400, start pre sample and analyze...
cur batch: 2700, start pre sample and analyze...
cur batch: 3000, start pre sample and analyze...
平均每个batch用时0.02363s, 预计epoch时间: 1519.239s
run batch3000total time: 72.80s,presample: 3.58s, sample: 1.77s, prep time: 20.35s, gen block: 6.96s, feat input: 4.20s, model run: 13.18s,                    loss and opt: 31.66s, update mem: 2.09s update mailbox: 2.77s
feat_buffer time: IO load: 0.843s 异步阻塞: 0.000s presample and analyze: 2.884s 预采样: 0.000s, 预采样负采样:1.228s              记忆刷入和更新:0.013s 纯刷入时间:0.000s 负采样分析: 1.638s
cur batch: 3300, start pre sample and analyze...
cur batch: 3600, start pre sample and analyze...
cur batch: 3900, start pre sample and analyze...
平均每个batch用时0.02416s, 预计epoch时间: 1553.002s
run batch4000total time: 96.96s,presample: 4.23s, sample: 2.36s, prep time: 27.36s, gen block: 9.32s, feat input: 5.63s, model run: 17.42s,                    loss and opt: 42.56s, update mem: 2.80s update mailbox: 3.70s
feat_buffer time: IO load: 1.021s 异步阻塞: 0.001s presample and analyze: 3.188s 预采样: 0.000s, 预采样负采样:1.531s              记忆刷入和更新:0.013s 纯刷入时间:0.000s 负采样分析: 1.638s
cur batch: 4200, start pre sample and analyze...
cur batch: 4500, start pre sample and analyze...
cur batch: 4800, start pre sample and analyze...
平均每个batch用时0.02412s, 预计epoch时间: 1550.661s
run batch5000total time: 121.08s,presample: 4.72s, sample: 2.95s, prep time: 34.36s, gen block: 11.66s, feat input: 7.05s, model run: 21.62s,                    loss and opt: 53.65s, update mem: 3.50s update mailbox: 4.63s
feat_buffer time: IO load: 1.198s 异步阻塞: 0.001s presample and analyze: 3.494s 预采样: 0.000s, 预采样负采样:1.835s              记忆刷入和更新:0.013s 纯刷入时间:0.000s 负采样分析: 1.638s
cur batch: 5100, start pre sample and analyze...
cur batch: 5400, start pre sample and analyze...
cur batch: 5700, start pre sample and analyze...
cur batch: 6000, start pre sample and analyze...
平均每个batch用时0.02423s, 预计epoch时间: 1557.332s
run batch6000total time: 145.30s,presample: 5.21s, sample: 3.55s, prep time: 41.43s, gen block: 14.01s, feat input: 8.47s, model run: 25.77s,                    loss and opt: 64.81s, update mem: 4.20s update mailbox: 5.56s
feat_buffer time: IO load: 1.440s 异步阻塞: 0.001s presample and analyze: 3.910s 预采样: 0.000s, 预采样负采样:2.248s              记忆刷入和更新:0.013s 纯刷入时间:0.000s 负采样分析: 1.638s
cur batch: 6300, start pre sample and analyze...
cur batch: 6600, start pre sample and analyze...
cur batch: 6900, start pre sample and analyze...
平均每个batch用时0.02452s, 预计epoch时间: 1576.386s
run batch7000total time: 169.83s,presample: 5.88s, sample: 4.15s, prep time: 48.58s, gen block: 16.38s, feat input: 9.89s, model run: 29.97s,                    loss and opt: 75.94s, update mem: 4.91s update mailbox: 6.51s
feat_buffer time: IO load: 1.623s 异步阻塞: 0.001s presample and analyze: 4.226s 预采样: 0.000s, 预采样负采样:2.563s              记忆刷入和更新:0.013s 纯刷入时间:0.000s 负采样分析: 1.638s
cur batch: 7200, start pre sample and analyze...
cur batch: 7500, start pre sample and analyze...
cur batch: 7800, start pre sample and analyze...
平均每个batch用时0.02415s, 预计epoch时间: 1552.506s
run batch8000total time: 193.98s,presample: 6.38s, sample: 4.74s, prep time: 55.78s, gen block: 18.70s, feat input: 11.28s, model run: 34.08s,                    loss and opt: 86.94s, update mem: 5.61s update mailbox: 7.43s
feat_buffer time: IO load: 1.802s 异步阻塞: 0.001s presample and analyze: 4.542s 预采样: 0.000s, 预采样负采样:2.878s              记忆刷入和更新:0.013s 纯刷入时间:0.000s 负采样分析: 1.638s
cur batch: 8100, start pre sample and analyze...
cur batch: 8400, start pre sample and analyze...
cur batch: 8700, start pre sample and analyze...
cur batch: 9000, start pre sample and analyze...
平均每个batch用时0.02429s, 预计epoch时间: 1561.451s
run batch9000total time: 218.27s,presample: 6.88s, sample: 5.32s, prep time: 62.99s, gen block: 21.03s, feat input: 12.66s, model run: 38.16s,                    loss and opt: 98.11s, update mem: 6.30s update mailbox: 8.34s
feat_buffer time: IO load: 2.032s 异步阻塞: 0.001s presample and analyze: 4.962s 预采样: 0.000s, 预采样负采样:3.296s              记忆刷入和更新:0.013s 纯刷入时间:0.000s 负采样分析: 1.638s
cur batch: 9300, start pre sample and analyze...
cur batch: 9600, start pre sample and analyze...
cur batch: 9900, start pre sample and analyze...
平均每个batch用时0.02524s, 预计epoch时间: 1622.590s
run batch10000total time: 243.51s,presample: 7.54s, sample: 5.94s, prep time: 70.21s, gen block: 23.47s, feat input: 14.13s, model run: 42.55s,                    loss and opt: 109.65s, update mem: 7.03s update mailbox: 9.32s
feat_buffer time: IO load: 2.215s 异步阻塞: 0.001s presample and analyze: 5.283s 预采样: 0.000s, 预采样负采样:3.616s              记忆刷入和更新:0.013s 纯刷入时间:0.000s 负采样分析: 1.638s
cur batch: 10200, start pre sample and analyze...
cur batch: 10500, start pre sample and analyze...
cur batch: 10800, start pre sample and analyze...
平均每个batch用时0.02461s, 预计epoch时间: 1581.940s
run batch11000total time: 268.12s,presample: 8.06s, sample: 6.53s, prep time: 77.50s, gen block: 25.83s, feat input: 15.55s, model run: 46.75s,                    loss and opt: 120.90s, update mem: 7.74s update mailbox: 10.27s
feat_buffer time: IO load: 2.396s 异步阻塞: 0.001s presample and analyze: 5.608s 预采样: 0.000s, 预采样负采样:3.940s              记忆刷入和更新:0.013s 纯刷入时间:0.000s 负采样分析: 1.638s
cur batch: 11100, start pre sample and analyze...
cur batch: 11400, start pre sample and analyze...
cur batch: 11700, start pre sample and analyze...
cur batch: 12000, start pre sample and analyze...
平均每个batch用时0.02457s, 预计epoch时间: 1579.081s
run batch12000total time: 292.68s,presample: 8.56s, sample: 7.13s, prep time: 84.84s, gen block: 28.19s, feat input: 16.96s, model run: 50.90s,                    loss and opt: 132.11s, update mem: 8.44s update mailbox: 11.20s
feat_buffer time: IO load: 2.636s 异步阻塞: 0.002s presample and analyze: 6.043s 预采样: 0.000s, 预采样负采样:4.372s              记忆刷入和更新:0.013s 纯刷入时间:0.000s 负采样分析: 1.638s
cur batch: 12300, start pre sample and analyze...
cur batch: 12600, start pre sample and analyze...
cur batch: 12900, start pre sample and analyze...
平均每个batch用时0.02504s, 预计epoch时间: 1609.354s
run batch13000total time: 317.72s,presample: 9.25s, sample: 7.73s, prep time: 92.19s, gen block: 30.60s, feat input: 18.39s, model run: 55.14s,                    loss and opt: 143.48s, update mem: 9.16s update mailbox: 12.15s
feat_buffer time: IO load: 2.813s 异步阻塞: 0.002s presample and analyze: 6.373s 预采样: 0.000s, 预采样负采样:4.701s              记忆刷入和更新:0.013s 纯刷入时间:0.000s 负采样分析: 1.638s
cur batch: 13200, start pre sample and analyze...
cur batch: 13500, start pre sample and analyze...
cur batch: 13800, start pre sample and analyze...
平均每个batch用时0.02457s, 预计epoch时间: 1579.233s
run batch14000total time: 342.28s,presample: 9.77s, sample: 8.32s, prep time: 99.53s, gen block: 32.93s, feat input: 19.77s, model run: 59.22s,                    loss and opt: 154.76s, update mem: 9.86s update mailbox: 13.07s
feat_buffer time: IO load: 2.998s 异步阻塞: 0.002s presample and analyze: 6.706s 预采样: 0.000s, 预采样负采样:5.033s              记忆刷入和更新:0.013s 纯刷入时间:0.000s 负采样分析: 1.638s
cur batch: 14100, start pre sample and analyze...
cur batch: 14400, start pre sample and analyze...
cur batch: 14700, start pre sample and analyze...
cur batch: 15000, start pre sample and analyze...
平均每个batch用时0.02460s, 预计epoch时间: 1581.593s
run batch15000total time: 366.89s,presample: 10.28s, sample: 8.91s, prep time: 106.95s, gen block: 35.28s, feat input: 21.16s, model run: 63.33s,                    loss and opt: 165.99s, update mem: 10.55s update mailbox: 14.00s
feat_buffer time: IO load: 3.238s 异步阻塞: 0.002s presample and analyze: 7.145s 预采样: 0.000s, 预采样负采样:5.470s              记忆刷入和更新:0.013s 纯刷入时间:0.000s 负采样分析: 1.638s
cur batch: 15300, start pre sample and analyze...
cur batch: 15600, start pre sample and analyze...
cur batch: 15900, start pre sample and analyze...
平均每个batch用时0.02501s, 预计epoch时间: 1607.521s
run batch16000total time: 391.89s,presample: 10.98s, sample: 9.51s, prep time: 114.38s, gen block: 37.66s, feat input: 22.57s, model run: 67.50s,                    loss and opt: 177.32s, update mem: 11.26s update mailbox: 14.94s
feat_buffer time: IO load: 3.422s 异步阻塞: 0.002s presample and analyze: 7.481s 预采样: 0.000s, 预采样负采样:5.805s              记忆刷入和更新:0.013s 纯刷入时间:0.000s 负采样分析: 1.638s
cur batch: 16200, start pre sample and analyze...
cur batch: 16500, start pre sample and analyze...
cur batch: 16800, start pre sample and analyze...
平均每个batch用时0.02469s, 预计epoch时间: 1587.007s
run batch17000total time: 416.58s,presample: 11.50s, sample: 10.09s, prep time: 121.80s, gen block: 39.99s, feat input: 23.95s, model run: 71.58s,                    loss and opt: 188.65s, update mem: 11.96s update mailbox: 15.87s
feat_buffer time: IO load: 3.600s 异步阻塞: 0.002s presample and analyze: 7.820s 预采样: 0.000s, 预采样负采样:6.141s              记忆刷入和更新:0.013s 纯刷入时间:0.000s 负采样分析: 1.638s
cur batch: 17100, start pre sample and analyze...
cur batch: 17400, start pre sample and analyze...
cur batch: 17700, start pre sample and analyze...
cur batch: 18000, start pre sample and analyze...
平均每个batch用时0.02458s, 预计epoch时间: 1580.347s
run batch18000total time: 441.17s,presample: 12.01s, sample: 10.67s, prep time: 129.26s, gen block: 42.31s, feat input: 25.33s, model run: 75.68s,                    loss and opt: 199.83s, update mem: 12.65s update mailbox: 16.79s
feat_buffer time: IO load: 3.830s 异步阻塞: 0.002s presample and analyze: 8.280s 预采样: 0.000s, 预采样负采样:6.600s              记忆刷入和更新:0.013s 纯刷入时间:0.000s 负采样分析: 1.638s
cur batch: 18300, start pre sample and analyze...
cur batch: 18600, start pre sample and analyze...
cur batch: 18900, start pre sample and analyze...
平均每个batch用时0.02530s, 预计epoch时间: 1626.341s
run batch19000total time: 466.47s,presample: 12.73s, sample: 11.27s, prep time: 136.73s, gen block: 44.70s, feat input: 26.76s, model run: 79.96s,                    loss and opt: 211.28s, update mem: 13.36s update mailbox: 17.74s
feat_buffer time: IO load: 4.015s 异步阻塞: 0.002s presample and analyze: 8.629s 预采样: 0.000s, 预采样负采样:6.948s              记忆刷入和更新:0.013s 纯刷入时间:0.000s 负采样分析: 1.638s
cur batch: 19200, start pre sample and analyze...
cur batch: 19500, start pre sample and analyze...
cur batch: 19800, start pre sample and analyze...
平均每个batch用时0.02463s, 预计epoch时间: 1582.985s
run batch20000total time: 491.09s,presample: 13.25s, sample: 11.86s, prep time: 144.27s, gen block: 47.03s, feat input: 28.14s, model run: 84.05s,                    loss and opt: 222.42s, update mem: 14.05s update mailbox: 18.65s
feat_buffer time: IO load: 4.187s 异步阻塞: 0.003s presample and analyze: 8.971s 预采样: 0.000s, 预采样负采样:7.288s              记忆刷入和更新:0.013s 纯刷入时间:0.000s 负采样分析: 1.638s
cur batch: 20100, start pre sample and analyze...
cur batch: 20400, start pre sample and analyze...
cur batch: 20700, start pre sample and analyze...
cur batch: 21000, start pre sample and analyze...
平均每个batch用时0.02474s, 预计epoch时间: 1590.198s
run batch21000total time: 515.83s,presample: 13.79s, sample: 12.44s, prep time: 151.82s, gen block: 49.37s, feat input: 29.54s, model run: 88.16s,                    loss and opt: 233.62s, update mem: 14.74s update mailbox: 19.57s
feat_buffer time: IO load: 4.429s 异步阻塞: 0.003s presample and analyze: 9.439s 预采样: 0.000s, 预采样负采样:7.754s              记忆刷入和更新:0.013s 纯刷入时间:0.000s 负采样分析: 1.638s
cur batch: 21300, start pre sample and analyze...
cur batch: 21600, start pre sample and analyze...
cur batch: 21900, start pre sample and analyze...
平均每个batch用时0.02533s, 预计epoch时间: 1628.084s
run batch22000total time: 541.16s,presample: 14.50s, sample: 13.05s, prep time: 159.37s, gen block: 51.78s, feat input: 30.96s, model run: 92.39s,                    loss and opt: 245.08s, update mem: 15.45s update mailbox: 20.52s
feat_buffer time: IO load: 4.607s 异步阻塞: 0.003s presample and analyze: 9.790s 预采样: 0.000s, 预采样负采样:8.104s              记忆刷入和更新:0.013s 纯刷入时间:0.000s 负采样分析: 1.638s
cur batch: 22200, start pre sample and analyze...
cur batch: 22500, start pre sample and analyze...
cur batch: 22800, start pre sample and analyze...
平均每个batch用时0.02491s, 预计epoch时间: 1601.436s
run batch23000total time: 566.07s,presample: 15.04s, sample: 13.64s, prep time: 166.97s, gen block: 54.14s, feat input: 32.36s, model run: 96.54s,                    loss and opt: 256.34s, update mem: 16.16s update mailbox: 21.46s
feat_buffer time: IO load: 4.789s 异步阻塞: 0.003s presample and analyze: 10.145s 预采样: 0.000s, 预采样负采样:8.458s              记忆刷入和更新:0.013s 纯刷入时间:0.000s 负采样分析: 1.638s
cur batch: 23100, start pre sample and analyze...
cur batch: 23400, start pre sample and analyze...
cur batch: 23700, start pre sample and analyze...
cur batch: 24000, start pre sample and analyze...
平均每个batch用时0.02504s, 预计epoch时间: 1609.450s
run batch24000total time: 591.10s,presample: 15.59s, sample: 14.24s, prep time: 174.56s, gen block: 56.54s, feat input: 33.78s, model run: 100.74s,                    loss and opt: 267.67s, update mem: 16.87s update mailbox: 22.40s
feat_buffer time: IO load: 5.032s 异步阻塞: 0.003s presample and analyze: 10.621s 预采样: 0.000s, 预采样负采样:8.932s              记忆刷入和更新:0.013s 纯刷入时间:0.000s 负采样分析: 1.638s
cur batch: 24300, start pre sample and analyze...
cur batch: 24600, start pre sample and analyze...
cur batch: 24900, start pre sample and analyze...
平均每个batch用时0.02527s, 预计epoch时间: 1624.524s
run batch25000total time: 616.38s,presample: 16.31s, sample: 14.83s, prep time: 182.11s, gen block: 58.90s, feat input: 35.19s, model run: 104.92s,                    loss and opt: 279.13s, update mem: 17.57s update mailbox: 23.34s
feat_buffer time: IO load: 5.211s 异步阻塞: 0.003s presample and analyze: 10.980s 预采样: 0.000s, 预采样负采样:9.289s              记忆刷入和更新:0.013s 纯刷入时间:0.000s 负采样分析: 1.638s
cur batch: 25200, start pre sample and analyze...
cur batch: 25500, start pre sample and analyze...
cur batch: 25800, start pre sample and analyze...
平均每个batch用时0.02504s, 预计epoch时间: 1609.755s
run batch26000total time: 641.42s,presample: 16.85s, sample: 15.43s, prep time: 189.69s, gen block: 61.26s, feat input: 36.58s, model run: 109.05s,                    loss and opt: 290.56s, update mem: 18.28s update mailbox: 24.29s
feat_buffer time: IO load: 5.386s 异步阻塞: 0.003s presample and analyze: 11.338s 预采样: 0.000s, 预采样负采样:9.646s              记忆刷入和更新:0.013s 纯刷入时间:0.000s 负采样分析: 1.638s
cur batch: 26100, start pre sample and analyze...
cur batch: 26400, start pre sample and analyze...
cur batch: 26700, start pre sample and analyze...
cur batch: 27000, start pre sample and analyze...
平均每个batch用时0.02520s, 预计epoch时间: 1620.175s
run batch27000total time: 666.62s,presample: 17.41s, sample: 16.03s, prep time: 197.25s, gen block: 63.64s, feat input: 38.00s, model run: 113.26s,                    loss and opt: 302.05s, update mem: 18.99s update mailbox: 25.22s
feat_buffer time: IO load: 5.634s 异步阻塞: 0.003s presample and analyze: 11.825s 预采样: 0.000s, 预采样负采样:10.131s              记忆刷入和更新:0.013s 纯刷入时间:0.000s 负采样分析: 1.638s
cur batch: 27300, start pre sample and analyze...
cur batch: 27600, start pre sample and analyze...
cur batch: 27900, start pre sample and analyze...
平均每个batch用时0.02546s, 预计epoch时间: 1636.646s
run batch28000total time: 692.08s,presample: 18.14s, sample: 16.63s, prep time: 204.83s, gen block: 66.04s, feat input: 39.43s, model run: 117.53s,                    loss and opt: 313.55s, update mem: 19.70s update mailbox: 26.17s
feat_buffer time: IO load: 5.816s 异步阻塞: 0.004s presample and analyze: 12.192s 预采样: 0.000s, 预采样负采样:10.497s              记忆刷入和更新:0.013s 纯刷入时间:0.000s 负采样分析: 1.638s
cur batch: 28200, start pre sample and analyze...
cur batch: 28500, start pre sample and analyze...
cur batch: 28800, start pre sample and analyze...
平均每个batch用时0.02488s, 预计epoch时间: 1599.625s
run batch29000total time: 716.96s,presample: 18.69s, sample: 17.21s, prep time: 212.46s, gen block: 68.37s, feat input: 40.81s, model run: 121.64s,                    loss and opt: 324.81s, update mem: 20.39s update mailbox: 27.09s
feat_buffer time: IO load: 5.993s 异步阻塞: 0.004s presample and analyze: 12.555s 预采样: 0.000s, 预采样负采样:10.859s              记忆刷入和更新:0.013s 纯刷入时间:0.000s 负采样分析: 1.638s
cur batch: 29100, start pre sample and analyze...
cur batch: 29400, start pre sample and analyze...
cur batch: 29700, start pre sample and analyze...
cur batch: 30000, start pre sample and analyze...
平均每个batch用时0.02518s, 预计epoch时间: 1618.565s
run batch30000total time: 742.14s,presample: 19.24s, sample: 17.81s, prep time: 220.08s, gen block: 70.75s, feat input: 42.23s, model run: 125.85s,                    loss and opt: 336.23s, update mem: 21.10s update mailbox: 28.03s
feat_buffer time: IO load: 6.233s 异步阻塞: 0.004s presample and analyze: 13.048s 预采样: 0.000s, 预采样负采样:11.350s              记忆刷入和更新:0.013s 纯刷入时间:0.000s 负采样分析: 1.638s
cur batch: 30300, start pre sample and analyze...
cur batch: 30600, start pre sample and analyze...
cur batch: 30900, start pre sample and analyze...
平均每个batch用时0.02557s, 预计epoch时间: 1643.894s
run batch31000total time: 767.72s,presample: 19.97s, sample: 18.42s, prep time: 227.70s, gen block: 73.16s, feat input: 43.66s, model run: 130.17s,                    loss and opt: 347.74s, update mem: 21.81s update mailbox: 28.99s
feat_buffer time: IO load: 6.408s 异步阻塞: 0.004s presample and analyze: 13.415s 预采样: 0.000s, 预采样负采样:11.716s              记忆刷入和更新:0.013s 纯刷入时间:0.000s 负采样分析: 1.638s
cur batch: 31200, start pre sample and analyze...
cur batch: 31500, start pre sample and analyze...
cur batch: 31800, start pre sample and analyze...
平均每个batch用时0.02516s, 预计epoch时间: 1617.523s
run batch32000total time: 792.88s,presample: 20.53s, sample: 19.01s, prep time: 235.35s, gen block: 75.55s, feat input: 45.08s, model run: 134.37s,                    loss and opt: 359.13s, update mem: 22.52s update mailbox: 29.92s
feat_buffer time: IO load: 6.591s 异步阻塞: 0.004s presample and analyze: 13.787s 预采样: 0.000s, 预采样负采样:12.086s              记忆刷入和更新:0.013s 纯刷入时间:0.000s 负采样分析: 1.638s
cur batch: 32100, start pre sample and analyze...
cur batch: 32400, start pre sample and analyze...
cur batch: 32700, start pre sample and analyze...
cur batch: 33000, start pre sample and analyze...
平均每个batch用时0.02529s, 预计epoch时间: 1625.994s
run batch33000total time: 818.17s,presample: 21.08s, sample: 19.62s, prep time: 242.99s, gen block: 77.94s, feat input: 46.50s, model run: 138.57s,                    loss and opt: 370.64s, update mem: 23.23s update mailbox: 30.88s
feat_buffer time: IO load: 6.830s 异步阻塞: 0.004s presample and analyze: 14.285s 预采样: 0.000s, 预采样负采样:12.582s              记忆刷入和更新:0.013s 纯刷入时间:0.000s 负采样分析: 1.638s
cur batch: 33300, start pre sample and analyze...
cur batch: 33600, start pre sample and analyze...
cur batch: 33900, start pre sample and analyze...
平均每个batch用时0.02541s, 预计epoch时间: 1633.687s
run batch34000total time: 843.59s,presample: 21.83s, sample: 20.21s, prep time: 250.68s, gen block: 80.32s, feat input: 47.91s, model run: 142.74s,                    loss and opt: 382.08s, update mem: 23.95s update mailbox: 31.83s
feat_buffer time: IO load: 7.011s 异步阻塞: 0.004s presample and analyze: 14.661s 预采样: 0.000s, 预采样负采样:12.957s              记忆刷入和更新:0.013s 纯刷入时间:0.000s 负采样分析: 1.638s
cur batch: 34200, start pre sample and analyze...
cur batch: 34500, start pre sample and analyze...
cur batch: 34800, start pre sample and analyze...
平均每个batch用时0.02530s, 预计epoch时间: 1626.123s
run batch35000total time: 868.88s,presample: 22.40s, sample: 20.81s, prep time: 258.28s, gen block: 82.70s, feat input: 49.31s, model run: 146.91s,                    loss and opt: 393.67s, update mem: 24.66s update mailbox: 32.77s
feat_buffer time: IO load: 7.196s 异步阻塞: 0.004s presample and analyze: 15.039s 预采样: 0.000s, 预采样负采样:13.333s              记忆刷入和更新:0.013s 纯刷入时间:0.000s 负采样分析: 1.638s
cur batch: 35100, start pre sample and analyze...
cur batch: 35400, start pre sample and analyze...
cur batch: 35700, start pre sample and analyze...
cur batch: 36000, start pre sample and analyze...
平均每个batch用时0.02556s, 预计epoch时间: 1643.167s
run batch36000total time: 894.44s,presample: 22.97s, sample: 21.43s, prep time: 265.93s, gen block: 85.14s, feat input: 50.76s, model run: 151.19s,                    loss and opt: 405.32s, update mem: 25.38s update mailbox: 33.74s
feat_buffer time: IO load: 7.438s 异步阻塞: 0.005s presample and analyze: 15.546s 预采样: 0.000s, 预采样负采样:13.838s              记忆刷入和更新:0.013s 纯刷入时间:0.000s 负采样分析: 1.638s
cur batch: 36300, start pre sample and analyze...
cur batch: 36600, start pre sample and analyze...
cur batch: 36900, start pre sample and analyze...
平均每个batch用时0.02548s, 预计epoch时间: 1637.575s
run batch37000total time: 919.92s,presample: 23.73s, sample: 22.02s, prep time: 273.57s, gen block: 87.52s, feat input: 52.16s, model run: 155.38s,                    loss and opt: 416.84s, update mem: 26.08s update mailbox: 34.67s
feat_buffer time: IO load: 7.626s 异步阻塞: 0.005s presample and analyze: 15.931s 预采样: 0.000s, 预采样负采样:14.222s              记忆刷入和更新:0.013s 纯刷入时间:0.000s 负采样分析: 1.638s
cur batch: 37200, start pre sample and analyze...
cur batch: 37500, start pre sample and analyze...
cur batch: 37800, start pre sample and analyze...
平均每个batch用时0.02536s, 预计epoch时间: 1630.492s
run batch38000total time: 945.28s,presample: 24.30s, sample: 22.62s, prep time: 281.21s, gen block: 89.91s, feat input: 53.57s, model run: 159.58s,                    loss and opt: 428.43s, update mem: 26.79s update mailbox: 35.62s
feat_buffer time: IO load: 7.804s 异步阻塞: 0.005s presample and analyze: 16.311s 预采样: 0.000s, 预采样负采样:14.600s              记忆刷入和更新:0.013s 纯刷入时间:0.000s 负采样分析: 1.638s
cur batch: 38100, start pre sample and analyze...
cur batch: 38400, start pre sample and analyze...
cur batch: 38700, start pre sample and analyze...
cur batch: 39000, start pre sample and analyze...
平均每个batch用时0.02541s, 预计epoch时间: 1633.234s
run batch39000total time: 970.69s,presample: 24.87s, sample: 23.22s, prep time: 288.92s, gen block: 92.30s, feat input: 54.99s, model run: 163.74s,                    loss and opt: 440.02s, update mem: 27.50s update mailbox: 36.56s
feat_buffer time: IO load: 8.045s 异步阻塞: 0.005s presample and analyze: 16.821s 预采样: 0.000s, 预采样负采样:15.109s              记忆刷入和更新:0.013s 纯刷入时间:0.000s 负采样分析: 1.638s
cur batch: 39300, start pre sample and analyze...
cur batch: 39600, start pre sample and analyze...
cur batch: 39900, start pre sample and analyze...
平均每个batch用时0.02570s, 预计epoch时间: 1652.219s
run batch40000total time: 996.39s,presample: 25.62s, sample: 23.82s, prep time: 296.60s, gen block: 94.72s, feat input: 56.41s, model run: 167.98s,                    loss and opt: 451.66s, update mem: 28.21s update mailbox: 37.52s
feat_buffer time: IO load: 8.225s 异步阻塞: 0.005s presample and analyze: 17.204s 预采样: 0.000s, 预采样负采样:15.490s              记忆刷入和更新:0.013s 纯刷入时间:0.000s 负采样分析: 1.638s
cur batch: 40200, start pre sample and analyze...
cur batch: 40500, start pre sample and analyze...
cur batch: 40800, start pre sample and analyze...
平均每个batch用时0.02536s, 预计epoch时间: 1630.243s
run batch41000total time: 1021.75s,presample: 26.19s, sample: 24.42s, prep time: 304.29s, gen block: 97.11s, feat input: 57.81s, model run: 172.13s,                    loss and opt: 463.24s, update mem: 28.92s update mailbox: 38.46s
feat_buffer time: IO load: 8.407s 异步阻塞: 0.005s presample and analyze: 17.589s 预采样: 0.000s, 预采样负采样:15.874s              记忆刷入和更新:0.013s 纯刷入时间:0.000s 负采样分析: 1.638s
cur batch: 41100, start pre sample and analyze...
cur batch: 41400, start pre sample and analyze...
cur batch: 41700, start pre sample and analyze...
cur batch: 42000, start pre sample and analyze...
平均每个batch用时0.02563s, 预计epoch时间: 1647.254s
run batch42000total time: 1047.38s,presample: 26.78s, sample: 25.03s, prep time: 311.98s, gen block: 99.54s, feat input: 59.24s, model run: 176.37s,                    loss and opt: 474.96s, update mem: 29.64s update mailbox: 39.42s
feat_buffer time: IO load: 8.663s 异步阻塞: 0.005s presample and analyze: 18.113s 预采样: 0.000s, 预采样负采样:16.396s              记忆刷入和更新:0.013s 纯刷入时间:0.000s 负采样分析: 1.638s
cur batch: 42300, start pre sample and analyze...
cur batch: 42600, start pre sample and analyze...
cur batch: 42900, start pre sample and analyze...
平均每个batch用时0.02574s, 预计epoch时间: 1654.367s
run batch43000total time: 1073.11s,presample: 27.56s, sample: 25.64s, prep time: 319.71s, gen block: 101.96s, feat input: 60.66s, model run: 180.60s,                    loss and opt: 486.55s, update mem: 30.36s update mailbox: 40.37s
feat_buffer time: IO load: 8.850s 异步阻塞: 0.005s presample and analyze: 18.505s 预采样: 0.000s, 预采样负采样:16.787s              记忆刷入和更新:0.013s 纯刷入时间:0.000s 负采样分析: 1.638s
cur batch: 43200, start pre sample and analyze...
cur batch: 43500, start pre sample and analyze...
cur batch: 43800, start pre sample and analyze...
平均每个batch用时0.02545s, 预计epoch时间: 1635.667s
run batch44000total time: 1098.56s,presample: 28.14s, sample: 26.24s, prep time: 327.46s, gen block: 104.36s, feat input: 62.08s, model run: 184.80s,                    loss and opt: 498.10s, update mem: 31.07s update mailbox: 41.31s
feat_buffer time: IO load: 9.034s 异步阻塞: 0.006s presample and analyze: 18.897s 预采样: 0.000s, 预采样负采样:17.177s              记忆刷入和更新:0.013s 纯刷入时间:0.000s 负采样分析: 1.638s
cur batch: 44100, start pre sample and analyze...
cur batch: 44400, start pre sample and analyze...
cur batch: 44700, start pre sample and analyze...
cur batch: 45000, start pre sample and analyze...
平均每个batch用时0.02550s, 预计epoch时间: 1639.208s
run batch45000total time: 1124.06s,presample: 28.74s, sample: 26.84s, prep time: 335.24s, gen block: 106.77s, feat input: 63.51s, model run: 189.04s,                    loss and opt: 509.60s, update mem: 31.78s update mailbox: 42.26s
feat_buffer time: IO load: 9.291s 异步阻塞: 0.006s presample and analyze: 19.423s 预采样: 0.000s, 预采样负采样:17.701s              记忆刷入和更新:0.013s 纯刷入时间:0.000s 负采样分析: 1.638s
cur batch: 45300, start pre sample and analyze...
cur batch: 45600, start pre sample and analyze...
cur batch: 45900, start pre sample and analyze...
平均每个batch用时0.02581s, 预计epoch时间: 1658.846s
run batch46000total time: 1149.86s,presample: 29.52s, sample: 27.44s, prep time: 343.01s, gen block: 109.20s, feat input: 64.92s, model run: 193.28s,                    loss and opt: 521.23s, update mem: 32.50s update mailbox: 43.22s
feat_buffer time: IO load: 9.483s 异步阻塞: 0.006s presample and analyze: 19.820s 预采样: 0.000s, 预采样负采样:18.097s              记忆刷入和更新:0.013s 纯刷入时间:0.000s 负采样分析: 1.638s
cur batch: 46200, start pre sample and analyze...
cur batch: 46500, start pre sample and analyze...
cur batch: 46800, start pre sample and analyze...
平均每个batch用时0.02537s, 预计epoch时间: 1630.535s
run batch47000total time: 1175.23s,presample: 30.12s, sample: 28.03s, prep time: 350.80s, gen block: 111.58s, feat input: 66.33s, model run: 197.45s,                    loss and opt: 532.68s, update mem: 33.20s update mailbox: 44.15s
feat_buffer time: IO load: 9.675s 异步阻塞: 0.006s presample and analyze: 20.219s 预采样: 0.000s, 预采样负采样:18.494s              记忆刷入和更新:0.013s 纯刷入时间:0.000s 负采样分析: 1.638s
cur batch: 47100, start pre sample and analyze...
cur batch: 47400, start pre sample and analyze...
cur batch: 47700, start pre sample and analyze...
cur batch: 48000, start pre sample and analyze...
平均每个batch用时0.02555s, 预计epoch时间: 1642.230s
run batch48000total time: 1200.77s,presample: 30.72s, sample: 28.64s, prep time: 358.62s, gen block: 114.00s, feat input: 67.75s, model run: 201.66s,                    loss and opt: 544.21s, update mem: 33.91s update mailbox: 45.10s
feat_buffer time: IO load: 9.931s 异步阻塞: 0.006s presample and analyze: 20.752s 预采样: 0.000s, 预采样负采样:19.025s              记忆刷入和更新:0.013s 纯刷入时间:0.000s 负采样分析: 1.638s
cur batch: 48300, start pre sample and analyze...
cur batch: 48600, start pre sample and analyze...
cur batch: 48900, start pre sample and analyze...
平均每个batch用时0.02559s, 预计epoch时间: 1644.828s
run batch49000total time: 1226.36s,presample: 31.51s, sample: 29.24s, prep time: 366.47s, gen block: 116.38s, feat input: 69.16s, model run: 205.82s,                    loss and opt: 555.63s, update mem: 34.62s update mailbox: 46.04s
feat_buffer time: IO load: 10.123s 异步阻塞: 0.006s presample and analyze: 21.152s 预采样: 0.000s, 预采样负采样:19.425s              记忆刷入和更新:0.013s 纯刷入时间:0.000s 负采样分析: 1.638s
cur batch: 49200, start pre sample and analyze...
cur batch: 49500, start pre sample and analyze...
cur batch: 49800, start pre sample and analyze...
平均每个batch用时0.02530s, 预计epoch时间: 1626.133s
run batch50000total time: 1251.66s,presample: 32.10s, sample: 29.83s, prep time: 374.33s, gen block: 118.76s, feat input: 70.56s, model run: 209.96s,                    loss and opt: 566.99s, update mem: 35.32s update mailbox: 46.97s
feat_buffer time: IO load: 10.308s 异步阻塞: 0.006s presample and analyze: 21.550s 预采样: 0.000s, 预采样负采样:19.821s              记忆刷入和更新:0.013s 纯刷入时间:0.000s 负采样分析: 1.638s
cur batch: 50100, start pre sample and analyze...
cur batch: 50400, start pre sample and analyze...
cur batch: 50700, start pre sample and analyze...
cur batch: 51000, start pre sample and analyze...
平均每个batch用时0.02530s, 预计epoch时间: 1626.032s
run batch51000total time: 1276.95s,presample: 32.68s, sample: 30.41s, prep time: 382.12s, gen block: 121.11s, feat input: 71.94s, model run: 214.05s,                    loss and opt: 578.48s, update mem: 36.01s update mailbox: 47.89s
feat_buffer time: IO load: 10.554s 异步阻塞: 0.007s presample and analyze: 22.083s 预采样: 0.000s, 预采样负采样:20.352s              记忆刷入和更新:0.013s 纯刷入时间:0.000s 负采样分析: 1.638s
cur batch: 51300, start pre sample and analyze...
cur batch: 51600, start pre sample and analyze...
cur batch: 51900, start pre sample and analyze...
平均每个batch用时0.02575s, 预计epoch时间: 1655.320s
run batch52000total time: 1302.70s,presample: 33.47s, sample: 31.02s, prep time: 389.91s, gen block: 123.50s, feat input: 73.35s, model run: 218.25s,                    loss and opt: 590.07s, update mem: 36.73s update mailbox: 48.84s
feat_buffer time: IO load: 10.738s 异步阻塞: 0.007s presample and analyze: 22.483s 预采样: 0.000s, 预采样负采样:20.751s              记忆刷入和更新:0.013s 纯刷入时间:0.000s 负采样分析: 1.638s
cur batch: 52200, start pre sample and analyze...
cur batch: 52500, start pre sample and analyze...
cur batch: 52800, start pre sample and analyze...
平均每个batch用时0.02551s, 预计epoch时间: 1639.815s
run batch53000total time: 1328.21s,presample: 34.05s, sample: 31.61s, prep time: 397.70s, gen block: 125.88s, feat input: 74.76s, model run: 222.43s,                    loss and opt: 601.66s, update mem: 37.43s update mailbox: 49.79s
feat_buffer time: IO load: 10.917s 异步阻塞: 0.007s presample and analyze: 22.880s 预采样: 0.000s, 预采样负采样:21.146s              记忆刷入和更新:0.013s 纯刷入时间:0.000s 负采样分析: 1.638s
cur batch: 53100, start pre sample and analyze...
cur batch: 53400, start pre sample and analyze...
cur batch: 53700, start pre sample and analyze...
cur batch: 54000, start pre sample and analyze...
平均每个batch用时0.02544s, 预计epoch时间: 1635.050s
run batch54000total time: 1353.65s,presample: 34.64s, sample: 32.20s, prep time: 405.50s, gen block: 128.25s, feat input: 76.16s, model run: 226.59s,                    loss and opt: 613.19s, update mem: 38.13s update mailbox: 50.72s
feat_buffer time: IO load: 11.159s 异步阻塞: 0.007s presample and analyze: 23.411s 预采样: 0.000s, 预采样负采样:21.675s              记忆刷入和更新:0.013s 纯刷入时间:0.000s 负采样分析: 1.638s
cur batch: 54300, start pre sample and analyze...
cur batch: 54600, start pre sample and analyze...
cur batch: 54900, start pre sample and analyze...
平均每个batch用时0.02592s, 预计epoch时间: 1666.072s
run batch55000total time: 1379.56s,presample: 35.44s, sample: 32.81s, prep time: 413.35s, gen block: 130.69s, feat input: 77.59s, model run: 230.84s,                    loss and opt: 624.81s, update mem: 38.85s update mailbox: 51.67s
feat_buffer time: IO load: 11.355s 异步阻塞: 0.007s presample and analyze: 23.818s 预采样: 0.000s, 预采样负采样:22.081s              记忆刷入和更新:0.013s 纯刷入时间:0.000s 负采样分析: 1.638s
cur batch: 55200, start pre sample and analyze...
cur batch: 55500, start pre sample and analyze...
cur batch: 55800, start pre sample and analyze...
平均每个batch用时0.02545s, 预计epoch时间: 1636.048s
run batch56000total time: 1405.02s,presample: 36.04s, sample: 33.41s, prep time: 421.21s, gen block: 133.07s, feat input: 79.00s, model run: 235.03s,                    loss and opt: 636.26s, update mem: 39.55s update mailbox: 52.60s
feat_buffer time: IO load: 11.544s 异步阻塞: 0.007s presample and analyze: 24.226s 预采样: 0.000s, 预采样负采样:22.487s              记忆刷入和更新:0.013s 纯刷入时间:0.000s 负采样分析: 1.638s
cur batch: 56100, start pre sample and analyze...
cur batch: 56400, start pre sample and analyze...
cur batch: 56700, start pre sample and analyze...
cur batch: 57000, start pre sample and analyze...
平均每个batch用时0.02564s, 预计epoch时间: 1648.207s
run batch57000total time: 1430.66s,presample: 36.64s, sample: 34.01s, prep time: 429.06s, gen block: 135.48s, feat input: 80.42s, model run: 239.25s,                    loss and opt: 647.86s, update mem: 40.26s update mailbox: 53.54s
feat_buffer time: IO load: 11.794s 异步阻塞: 0.007s presample and analyze: 24.764s 预采样: 0.000s, 预采样负采样:23.024s              记忆刷入和更新:0.013s 纯刷入时间:0.000s 负采样分析: 1.638s
cur batch: 57300, start pre sample and analyze...
cur batch: 57600, start pre sample and analyze...
cur batch: 57900, start pre sample and analyze...
平均每个batch用时0.02567s, 预计epoch时间: 1650.427s
run batch58000total time: 1456.33s,presample: 37.41s, sample: 34.59s, prep time: 436.89s, gen block: 137.85s, feat input: 81.80s, model run: 243.35s,                    loss and opt: 659.48s, update mem: 40.95s update mailbox: 54.47s
feat_buffer time: IO load: 11.971s 异步阻塞: 0.007s presample and analyze: 25.164s 预采样: 0.000s, 预采样负采样:23.422s              记忆刷入和更新:0.013s 纯刷入时间:0.000s 负采样分析: 1.638s
cur batch: 58200, start pre sample and analyze...
cur batch: 58500, start pre sample and analyze...
cur batch: 58800, start pre sample and analyze...
平均每个batch用时0.02563s, 预计epoch时间: 1647.402s
run batch59000total time: 1481.96s,presample: 38.02s, sample: 35.19s, prep time: 444.74s, gen block: 140.25s, feat input: 83.22s, model run: 247.53s,                    loss and opt: 671.11s, update mem: 41.66s update mailbox: 55.41s
feat_buffer time: IO load: 12.162s 异步阻塞: 0.008s presample and analyze: 25.575s 预采样: 0.000s, 预采样负采样:23.832s              记忆刷入和更新:0.013s 纯刷入时间:0.000s 负采样分析: 1.638s
cur batch: 59100, start pre sample and analyze...
cur batch: 59400, start pre sample and analyze...
cur batch: 59700, start pre sample and analyze...
feat memory: 0.026GB
use valid ef...
子线程prefetch
pre fetch over...
子线程prefetch
pre fetch over...
子线程prefetch
pre fetch over...
子线程prefetch
pre fetch over...
子线程prefetch
pre fetch over...
子线程prefetch
pre fetch over...
子线程prefetch
pre fetch over...
子线程prefetch
pre fetch over...
子线程prefetch
pre fetch over...
子线程prefetch
pre fetch over...
子线程prefetch
pre fetch over...
子线程prefetch
pre fetch over...
子线程prefetch
pre fetch over...
子线程prefetch
pre fetch over...
子线程prefetch
pre fetch over...
子线程prefetch
pre fetch over...
子线程prefetch
pre fetch over...
子线程prefetch
pre fetch over...
子线程prefetch
pre fetch over...
子线程prefetch
pre fetch over...
子线程prefetch
pre fetch over...
子线程prefetch
pre fetch over...
子线程prefetch
pre fetch over...
子线程prefetch
pre fetch over...
子线程prefetch
pre fetch over...
子线程prefetch
pre fetch over...
子线程prefetch
pre fetch over...
子线程prefetch
pre fetch over...
子线程prefetch
pre fetch over...
子线程prefetch
pre fetch over...
子线程prefetch
pre fetch over...
子线程prefetch
pre fetch over...
子线程prefetch
pre fetch over...
子线程prefetch
pre fetch over...
子线程prefetch
pre fetch over...
子线程prefetch
pre fetch over...
子线程prefetch
pre fetch over...
子线程prefetch
pre fetch over...
子线程prefetch
pre fetch over...
子线程prefetch
pre fetch over...
子线程prefetch
pre fetch over...
子线程prefetch
pre fetch over...
子线程prefetch
pre fetch over...
子线程prefetch
pre fetch over...
子线程prefetch
pre fetch over...
子线程prefetch
pre fetch over...
子线程prefetch
pre fetch over...
子线程prefetch
pre fetch over...
子线程prefetch
pre fetch over...
子线程prefetch
pre fetch over...
子线程prefetch
pre fetch over...
子线程prefetch
pre fetch over...
子线程prefetch
pre fetch over...
子线程prefetch
pre fetch over...
子线程prefetch
pre fetch over...
子线程prefetch
pre fetch over...
子线程prefetch
pre fetch over...
子线程prefetch
pre fetch over...
子线程prefetch
pre fetch over...
子线程prefetch
pre fetch over...
子线程prefetch
pre fetch over...
子线程prefetch
pre fetch over...
子线程prefetch
pre fetch over...
子线程prefetch
pre fetch over...
子线程prefetch
pre fetch over...
子线程prefetch
pre fetch over...
子线程prefetch
pre fetch over...
子线程prefetch
pre fetch over...
子线程prefetch
pre fetch over...
子线程prefetch
pre fetch over...
子线程prefetch
pre fetch over...
子线程prefetch
pre fetch over...
子线程prefetch
pre fetch over...
子线程prefetch
pre fetch over...
子线程prefetch
pre fetch over...
子线程prefetch
pre fetch over...
子线程prefetch
pre fetch over...
子线程prefetch
pre fetch over...
子线程prefetch
pre fetch over...
子线程prefetch
pre fetch over...
子线程prefetch
pre fetch over...
子线程prefetch
pre fetch over...
子线程prefetch
pre fetch over...
子线程prefetch
pre fetch over...
子线程prefetch
pre fetch over...
子线程prefetch
pre fetch over...
子线程prefetch
pre fetch over...
子线程prefetch
pre fetch over...
子线程prefetch
pre fetch over...
子线程prefetch
pre fetch over...
子线程prefetch
pre fetch over...
子线程prefetch
pre fetch over...
子线程prefetch
pre fetch over...
子线程prefetch
pre fetch over...
子线程prefetch
pre fetch over...
子线程prefetch
pre fetch over...
子线程prefetch
pre fetch over...
子线程prefetch
pre fetch over...
子线程prefetch
pre fetch over...
子线程prefetch
pre fetch over...
子线程prefetch
pre fetch over...
子线程prefetch
pre fetch over...
子线程prefetch
pre fetch over...
子线程prefetch
pre fetch over...
子线程prefetch
pre fetch over...
子线程prefetch
pre fetch over...
子线程prefetch
pre fetch over...
子线程prefetch
pre fetch over...
子线程prefetch
pre fetch over...
子线程prefetch
pre fetch over...
子线程prefetch
pre fetch over...
子线程prefetch
pre fetch over...
子线程prefetch
pre fetch over...
子线程prefetch
pre fetch over...
子线程prefetch
pre fetch over...
子线程prefetch
pre fetch over...
子线程prefetch
pre fetch over...
子线程prefetch
pre fetch over...
子线程prefetch
pre fetch over...
子线程prefetch
pre fetch over...
子线程prefetch
pre fetch over...
子线程prefetch
pre fetch over...
子线程prefetch
pre fetch over...
子线程prefetch
pre fetch over...
子线程prefetch
pre fetch over...
子线程prefetch
pre fetch over...
子线程prefetch
pre fetch over...
子线程prefetch
pre fetch over...
子线程prefetch
pre fetch over...
子线程prefetch
pre fetch over...
子线程prefetch
pre fetch over...
子线程prefetch
pre fetch over...
子线程prefetch
pre fetch over...
子线程prefetch
pre fetch over...
子线程prefetch
pre fetch over...
子线程prefetch
pre fetch over...
子线程prefetch
pre fetch over...
子线程prefetch
pre fetch over...
子线程prefetch
pre fetch over...
子线程prefetch
pre fetch over...
子线程prefetch
pre fetch over...
子线程prefetch
pre fetch over...
子线程prefetch
pre fetch over...
子线程prefetch
pre fetch over...
子线程prefetch
pre fetch over...
子线程prefetch
pre fetch over...
子线程prefetch
pre fetch over...
子线程prefetch
pre fetch over...
子线程prefetch
pre fetch over...
子线程prefetch
pre fetch over...
子线程prefetch
pre fetch over...
子线程prefetch
pre fetch over...
子线程prefetch
pre fetch over...
子线程prefetch
pre fetch over...
子线程prefetch
pre fetch over...
子线程prefetch
pre fetch over...
子线程prefetch
pre fetch over...
子线程prefetch
pre fetch over...
子线程prefetch
pre fetch over...
子线程prefetch
pre fetch over...
子线程prefetch
pre fetch over...
子线程prefetch
pre fetch over...
子线程prefetch
pre fetch over...
子线程prefetch
pre fetch over...
子线程prefetch
pre fetch over...
子线程prefetch
pre fetch over...
子线程prefetch
pre fetch over...
子线程prefetch
pre fetch over...
子线程prefetch
pre fetch over...
子线程prefetch
pre fetch over...
子线程prefetch
pre fetch over...
子线程prefetch
pre fetch over...
子线程prefetch
pre fetch over...
子线程prefetch
pre fetch over...
子线程prefetch
pre fetch over...
子线程prefetch
pre fetch over...
子线程prefetch
pre fetch over...
子线程prefetch
pre fetch over...
子线程prefetch
pre fetch over...
子线程prefetch
pre fetch over...
子线程prefetch
pre fetch over...
子线程prefetch
pre fetch over...
子线程prefetch
pre fetch over...
子线程prefetch
pre fetch over...
子线程prefetch
pre fetch over...
子线程prefetch
pre fetch over...
子线程prefetch
pre fetch over...
子线程prefetch
pre fetch over...
子线程prefetch
pre fetch over...
子线程prefetch
pre fetch over...
子线程prefetch
pre fetch over...
子线程prefetch
pre fetch over...
子线程prefetch
pre fetch over...
子线程prefetch
pre fetch over...
子线程prefetch
pre fetch over...
子线程prefetch
pre fetch over...
子线程prefetch
pre fetch over...
子线程prefetch
pre fetch over...
子线程prefetch
pre fetch over...
子线程prefetch
pre fetch over...
子线程prefetch
pre fetch over...
子线程prefetch
pre fetch over...
子线程prefetch
pre fetch over...
子线程prefetch
pre fetch over...
子线程prefetch
pre fetch over...
子线程prefetch
pre fetch over...
子线程prefetch
pre fetch over...
子线程prefetch
pre fetch over...
子线程prefetch
pre fetch over...
子线程prefetch
pre fetch over...
子线程prefetch
pre fetch over...
子线程prefetch
pre fetch over...
子线程prefetch
pre fetch over...
子线程prefetch
pre fetch over...
use valid ef...
子线程prefetch
pre fetch over...
子线程prefetch
pre fetch over...
子线程prefetch
pre fetch over...
子线程prefetch
pre fetch over...
子线程prefetch
pre fetch over...
子线程prefetch
pre fetch over...
子线程prefetch
pre fetch over...
子线程prefetch
pre fetch over...
子线程prefetch
pre fetch over...
子线程prefetch
pre fetch over...
子线程prefetch
pre fetch over...
子线程prefetch
pre fetch over...
cur batch: 60000, start pre sample and analyze...
平均每个batch用时0.02588s, 预计epoch时间: 1663.679s
run batch60000total time: 1507.84s,presample: 38.63s, sample: 35.80s, prep time: 452.58s, gen block: 142.70s, feat input: 84.67s, model run: 251.82s,                    loss and opt: 682.83s, update mem: 42.39s update mailbox: 56.38s
feat_buffer time: IO load: 12.425s 异步阻塞: 0.008s presample and analyze: 26.124s 预采样: 0.000s, 预采样负采样:24.379s              记忆刷入和更新:0.013s 纯刷入时间:0.000s 负采样分析: 1.638s
cur batch: 60300, start pre sample and analyze...
cur batch: 60600, start pre sample and analyze...
cur batch: 60900, start pre sample and analyze...
平均每个batch用时0.02582s, 预计epoch时间: 1659.664s
run batch61000total time: 1533.66s,presample: 39.43s, sample: 36.40s, prep time: 460.41s, gen block: 145.09s, feat input: 86.06s, model run: 255.94s,                    loss and opt: 694.54s, update mem: 43.09s update mailbox: 57.31s
feat_buffer time: IO load: 12.605s 异步阻塞: 0.008s presample and analyze: 26.530s 预采样: 0.000s, 预采样负采样:24.784s              记忆刷入和更新:0.013s 纯刷入时间:0.000s 负采样分析: 1.638s
cur batch: 61200, start pre sample and analyze...
cur batch: 61500, start pre sample and analyze...
cur batch: 61800, start pre sample and analyze...
平均每个batch用时0.02556s, 预计epoch时间: 1643.332s
run batch62000total time: 1559.22s,presample: 40.04s, sample: 36.99s, prep time: 468.32s, gen block: 147.47s, feat input: 87.47s, model run: 260.08s,                    loss and opt: 706.08s, update mem: 43.79s update mailbox: 58.25s
feat_buffer time: IO load: 12.797s 异步阻塞: 0.008s presample and analyze: 26.945s 预采样: 0.000s, 预采样负采样:25.198s              记忆刷入和更新:0.013s 纯刷入时间:0.000s 负采样分析: 1.638s
cur batch: 62100, start pre sample and analyze...
cur batch: 62400, start pre sample and analyze...
cur batch: 62700, start pre sample and analyze...
cur batch: 63000, start pre sample and analyze...
平均每个batch用时0.02576s, 预计epoch时间: 1655.942s
run batch63000total time: 1584.98s,presample: 40.65s, sample: 37.59s, prep time: 476.19s, gen block: 149.89s, feat input: 88.90s, model run: 264.30s,                    loss and opt: 717.76s, update mem: 44.50s update mailbox: 59.20s
feat_buffer time: IO load: 13.058s 异步阻塞: 0.008s presample and analyze: 27.496s 预采样: 0.000s, 预采样负采样:25.747s              记忆刷入和更新:0.013s 纯刷入时间:0.000s 负采样分析: 1.638s
cur batch: 63300, start pre sample and analyze...
cur batch: 63600, start pre sample and analyze...
cur batch: 63900, start pre sample and analyze...
平均每个batch用时0.02571s, 预计epoch时间: 1652.629s
run batch64000total time: 1610.69s,presample: 41.35s, sample: 38.19s, prep time: 484.08s, gen block: 152.28s, feat input: 90.31s, model run: 268.48s,                    loss and opt: 729.33s, update mem: 45.21s update mailbox: 60.14s
feat_buffer time: IO load: 13.245s 异步阻塞: 0.008s presample and analyze: 27.802s 预采样: 0.000s, 预采样负采样:26.051s              记忆刷入和更新:0.013s 纯刷入时间:0.000s 负采样分析: 1.638s
cur batch: 64200, start pre sample and analyze...
total loop use time: 1628.8357
run batch64281total time: 1617.72s,presample: 41.39s, sample: 38.36s, prep time: 486.30s, gen block: 152.95s, feat input: 90.71s, model run: 269.64s,               loss and opt: 732.57s, update mem: 45.41s update mailbox: 60.40s
Epoch 1:
IO load: 13.278s presample and analyze: 27.802s 预采样: 0.000s, 预采样负采样:26.051s
cur batch: 0, start pre sample and analyze...
第一个块的加载时间: 0.462s
平均每个batch用时0.00000s, 预计epoch时间: 0.000s
run batch0total time: 0.00s,presample: 0.00s, sample: 0.00s, prep time: 0.00s, gen block: 0.00s, feat input: 0.00s, model run: 0.00s,                    loss and opt: 0.00s, update mem: 0.00s update mailbox: 0.00s
feat_buffer time: IO load: 0.278s 异步阻塞: 0.000s presample and analyze: 0.274s 预采样: 0.000s, 预采样负采样:0.159s              记忆刷入和更新:0.014s 纯刷入时间:0.000s 负采样分析: 0.100s
cur batch: 300, start pre sample and analyze...
cur batch: 600, start pre sample and analyze...
cur batch: 900, start pre sample and analyze...
平均每个batch用时0.02364s, 预计epoch时间: 1519.350s
run batch1000total time: 23.64s,presample: 1.00s, sample: 0.60s, prep time: 6.63s, gen block: 2.36s, feat input: 1.43s, model run: 4.19s,                    loss and opt: 10.45s, update mem: 0.71s update mailbox: 0.94s
feat_buffer time: IO load: 0.453s 异步阻塞: 0.000s presample and analyze: 0.541s 预采样: 0.000s, 预采样负采样:0.425s              记忆刷入和更新:0.014s 纯刷入时间:0.000s 负采样分析: 0.100s
cur batch: 1200, start pre sample and analyze...
cur batch: 1500, start pre sample and analyze...
cur batch: 1800, start pre sample and analyze...
平均每个batch用时0.02336s, 预计epoch时间: 1501.667s
run batch2000total time: 47.00s,presample: 1.47s, sample: 1.19s, prep time: 13.52s, gen block: 4.68s, feat input: 2.82s, model run: 8.37s,                    loss and opt: 20.94s, update mem: 1.41s update mailbox: 1.87s
feat_buffer time: IO load: 0.630s 异步阻塞: 0.000s presample and analyze: 0.828s 预采样: 0.000s, 预采样负采样:0.710s              记忆刷入和更新:0.014s 纯刷入时间:0.000s 负采样分析: 0.100s
cur batch: 2100, start pre sample and analyze...
cur batch: 2400, start pre sample and analyze...
cur batch: 2700, start pre sample and analyze...
cur batch: 3000, start pre sample and analyze...
平均每个batch用时0.02405s, 预计epoch时间: 1546.015s
run batch3000total time: 71.05s,presample: 1.94s, sample: 1.79s, prep time: 20.47s, gen block: 7.07s, feat input: 4.27s, model run: 12.68s,                    loss and opt: 31.86s, update mem: 2.13s update mailbox: 2.82s
feat_buffer time: IO load: 0.859s 异步阻塞: 0.000s presample and analyze: 1.222s 预采样: 0.000s, 预采样负采样:1.103s              记忆刷入和更新:0.014s 纯刷入时间:0.000s 负采样分析: 0.100s
cur batch: 3300, start pre sample and analyze...
cur batch: 3600, start pre sample and analyze...
cur batch: 3900, start pre sample and analyze...
平均每个batch用时0.02437s, 预计epoch时间: 1566.709s
run batch4000total time: 95.42s,presample: 2.58s, sample: 2.40s, prep time: 27.47s, gen block: 9.46s, feat input: 5.71s, model run: 16.99s,                    loss and opt: 42.91s, update mem: 2.85s update mailbox: 3.77s
feat_buffer time: IO load: 1.033s 异步阻塞: 0.001s presample and analyze: 1.523s 预采样: 0.000s, 预采样负采样:1.403s              记忆刷入和更新:0.014s 纯刷入时间:0.000s 负采样分析: 0.100s
cur batch: 4200, start pre sample and analyze...
cur batch: 4500, start pre sample and analyze...
cur batch: 4800, start pre sample and analyze...
平均每个batch用时0.02416s, 预计epoch时间: 1552.828s
run batch5000total time: 119.57s,presample: 3.06s, sample: 3.00s, prep time: 34.58s, gen block: 11.84s, feat input: 7.13s, model run: 21.21s,                    loss and opt: 53.87s, update mem: 3.56s update mailbox: 4.70s
feat_buffer time: IO load: 1.210s 异步阻塞: 0.001s presample and analyze: 1.829s 预采样: 0.000s, 预采样负采样:1.707s              记忆刷入和更新:0.014s 纯刷入时间:0.000s 负采样分析: 0.100s
cur batch: 5100, start pre sample and analyze...
cur batch: 5400, start pre sample and analyze...
cur batch: 5700, start pre sample and analyze...
cur batch: 6000, start pre sample and analyze...
平均每个batch用时0.02435s, 预计epoch时间: 1565.050s
run batch6000total time: 143.92s,presample: 3.56s, sample: 3.59s, prep time: 41.74s, gen block: 14.21s, feat input: 8.57s, model run: 25.49s,                    loss and opt: 64.91s, update mem: 4.27s update mailbox: 5.65s
feat_buffer time: IO load: 1.455s 异步阻塞: 0.001s presample and analyze: 2.248s 预采样: 0.000s, 预采样负采样:2.123s              记忆刷入和更新:0.014s 纯刷入时间:0.000s 负采样分析: 0.100s
cur batch: 6300, start pre sample and analyze...
cur batch: 6600, start pre sample and analyze...
cur batch: 6900, start pre sample and analyze...
平均每个batch用时0.02445s, 预计epoch时间: 1571.427s
run batch7000total time: 168.36s,presample: 4.22s, sample: 4.18s, prep time: 48.91s, gen block: 16.57s, feat input: 9.98s, model run: 29.64s,                    loss and opt: 76.00s, update mem: 4.97s update mailbox: 6.59s
feat_buffer time: IO load: 1.626s 异步阻塞: 0.001s presample and analyze: 2.562s 预采样: 0.000s, 预采样负采样:2.436s              记忆刷入和更新:0.014s 纯刷入时间:0.000s 负采样分析: 0.100s
cur batch: 7200, start pre sample and analyze...
cur batch: 7500, start pre sample and analyze...
cur batch: 7800, start pre sample and analyze...
平均每个batch用时0.02433s, 预计epoch时间: 1563.840s
run batch8000total time: 192.69s,presample: 4.71s, sample: 4.78s, prep time: 56.12s, gen block: 18.92s, feat input: 11.39s, model run: 33.84s,                    loss and opt: 87.07s, update mem: 5.68s update mailbox: 7.53s
feat_buffer time: IO load: 1.800s 异步阻塞: 0.001s presample and analyze: 2.874s 预采样: 0.000s, 预采样负采样:2.747s              记忆刷入和更新:0.014s 纯刷入时间:0.000s 负采样分析: 0.100s
cur batch: 8100, start pre sample and analyze...
cur batch: 8400, start pre sample and analyze...
cur batch: 8700, start pre sample and analyze...
cur batch: 9000, start pre sample and analyze...
平均每个batch用时0.02436s, 预计epoch时间: 1565.965s
run batch9000total time: 217.05s,presample: 5.22s, sample: 5.37s, prep time: 63.35s, gen block: 21.26s, feat input: 12.78s, model run: 37.97s,                    loss and opt: 98.22s, update mem: 6.38s update mailbox: 8.46s
feat_buffer time: IO load: 2.036s 异步阻塞: 0.001s presample and analyze: 3.297s 预采样: 0.000s, 预采样负采样:3.168s              记忆刷入和更新:0.014s 纯刷入时间:0.000s 负采样分析: 0.100s
cur batch: 9300, start pre sample and analyze...
cur batch: 9600, start pre sample and analyze...
cur batch: 9900, start pre sample and analyze...
平均每个batch用时0.02449s, 预计epoch时间: 1574.381s
run batch10000total time: 241.54s,presample: 5.88s, sample: 5.95s, prep time: 70.65s, gen block: 23.58s, feat input: 14.16s, model run: 42.11s,                    loss and opt: 109.26s, update mem: 7.07s update mailbox: 9.38s
feat_buffer time: IO load: 2.215s 异步阻塞: 0.001s presample and analyze: 3.619s 预采样: 0.000s, 预采样负采样:3.488s              记忆刷入和更新:0.014s 纯刷入时间:0.000s 负采样分析: 0.100s
cur batch: 10200, start pre sample and analyze...
cur batch: 10500, start pre sample and analyze...
cur batch: 10800, start pre sample and analyze...
平均每个batch用时0.02480s, 预计epoch时间: 1594.251s
run batch11000total time: 266.34s,presample: 6.38s, sample: 6.56s, prep time: 77.97s, gen block: 26.00s, feat input: 15.60s, model run: 46.33s,                    loss and opt: 120.63s, update mem: 7.79s update mailbox: 10.34s
feat_buffer time: IO load: 2.392s 异步阻塞: 0.001s presample and analyze: 3.940s 预采样: 0.000s, 预采样负采样:3.808s              记忆刷入和更新:0.014s 纯刷入时间:0.000s 负采样分析: 0.100s
cur batch: 11100, start pre sample and analyze...
cur batch: 11400, start pre sample and analyze...
cur batch: 11700, start pre sample and analyze...
cur batch: 12000, start pre sample and analyze...
平均每个batch用时0.02477s, 预计epoch时间: 1591.992s
run batch12000total time: 291.11s,presample: 6.91s, sample: 7.15s, prep time: 85.27s, gen block: 28.37s, feat input: 17.01s, model run: 50.55s,                    loss and opt: 132.00s, update mem: 8.49s update mailbox: 11.28s
feat_buffer time: IO load: 2.639s 异步阻塞: 0.002s presample and analyze: 4.376s 预采样: 0.000s, 预采样负采样:4.243s              记忆刷入和更新:0.014s 纯刷入时间:0.000s 负采样分析: 0.100s
cur batch: 12300, start pre sample and analyze...
cur batch: 12600, start pre sample and analyze...
cur batch: 12900, start pre sample and analyze...
平均每个batch用时0.02492s, 预计epoch时间: 1601.710s
run batch13000total time: 316.03s,presample: 7.58s, sample: 7.75s, prep time: 92.65s, gen block: 30.76s, feat input: 18.44s, model run: 54.77s,                    loss and opt: 143.26s, update mem: 9.20s update mailbox: 12.23s
feat_buffer time: IO load: 2.817s 异步阻塞: 0.002s presample and analyze: 4.705s 预采样: 0.000s, 预采样负采样:4.570s              记忆刷入和更新:0.014s 纯刷入时间:0.000s 负采样分析: 0.100s
cur batch: 13200, start pre sample and analyze...
cur batch: 13500, start pre sample and analyze...
cur batch: 13800, start pre sample and analyze...
平均每个batch用时0.02496s, 预计epoch时间: 1604.541s
run batch14000total time: 340.99s,presample: 8.11s, sample: 8.36s, prep time: 100.02s, gen block: 33.16s, feat input: 19.88s, model run: 59.03s,                    loss and opt: 154.68s, update mem: 9.92s update mailbox: 13.19s
feat_buffer time: IO load: 3.005s 异步阻塞: 0.002s presample and analyze: 5.039s 预采样: 0.000s, 预采样负采样:4.902s              记忆刷入和更新:0.014s 纯刷入时间:0.000s 负采样分析: 0.100s
cur batch: 14100, start pre sample and analyze...
cur batch: 14400, start pre sample and analyze...
cur batch: 14700, start pre sample and analyze...
cur batch: 15000, start pre sample and analyze...
平均每个batch用时0.02478s, 预计epoch时间: 1592.671s
run batch15000total time: 365.76s,presample: 8.63s, sample: 8.95s, prep time: 107.44s, gen block: 35.53s, feat input: 21.30s, model run: 63.23s,                    loss and opt: 165.95s, update mem: 10.63s update mailbox: 14.13s
feat_buffer time: IO load: 3.245s 异步阻塞: 0.002s presample and analyze: 5.485s 预采样: 0.000s, 预采样负采样:5.346s              记忆刷入和更新:0.014s 纯刷入时间:0.000s 负采样分析: 0.100s
cur batch: 15300, start pre sample and analyze...
cur batch: 15600, start pre sample and analyze...
cur batch: 15900, start pre sample and analyze...
平均每个batch用时0.02502s, 预计epoch时间: 1608.155s
run batch16000total time: 390.78s,presample: 9.32s, sample: 9.56s, prep time: 114.89s, gen block: 37.91s, feat input: 22.70s, model run: 67.38s,                    loss and opt: 177.31s, update mem: 11.33s update mailbox: 15.06s
feat_buffer time: IO load: 3.421s 异步阻塞: 0.002s presample and analyze: 5.818s 预采样: 0.000s, 预采样负采样:5.678s              记忆刷入和更新:0.014s 纯刷入时间:0.000s 负采样分析: 0.100s
cur batch: 16200, start pre sample and analyze...
cur batch: 16500, start pre sample and analyze...
cur batch: 16800, start pre sample and analyze...
平均每个batch用时0.02473s, 预计epoch时间: 1589.567s
run batch17000total time: 415.51s,presample: 9.85s, sample: 10.14s, prep time: 122.31s, gen block: 40.24s, feat input: 24.09s, model run: 71.45s,                    loss and opt: 188.68s, update mem: 12.02s update mailbox: 15.98s
feat_buffer time: IO load: 3.606s 异步阻塞: 0.002s presample and analyze: 6.160s 预采样: 0.000s, 预采样负采样:6.018s              记忆刷入和更新:0.014s 纯刷入时间:0.000s 负采样分析: 0.100s
cur batch: 17100, start pre sample and analyze...
cur batch: 17400, start pre sample and analyze...
cur batch: 17700, start pre sample and analyze...
cur batch: 18000, start pre sample and analyze...
平均每个batch用时0.02488s, 预计epoch时间: 1599.503s
run batch18000total time: 440.39s,presample: 10.36s, sample: 10.74s, prep time: 129.83s, gen block: 42.62s, feat input: 25.50s, model run: 75.65s,                    loss and opt: 199.95s, update mem: 12.73s update mailbox: 16.92s
feat_buffer time: IO load: 3.837s 异步阻塞: 0.002s presample and analyze: 6.610s 预采样: 0.000s, 预采样负采样:6.466s              记忆刷入和更新:0.014s 纯刷入时间:0.000s 负采样分析: 0.100s
cur batch: 18300, start pre sample and analyze...
cur batch: 18600, start pre sample and analyze...
cur batch: 18900, start pre sample and analyze...
平均每个batch用时0.02536s, 预计epoch时间: 1629.936s
run batch19000total time: 465.74s,presample: 11.07s, sample: 11.34s, prep time: 137.27s, gen block: 45.03s, feat input: 26.93s, model run: 79.88s,                    loss and opt: 211.54s, update mem: 13.44s update mailbox: 17.87s
feat_buffer time: IO load: 4.025s 异步阻塞: 0.002s presample and analyze: 6.957s 预采样: 0.000s, 预采样负采样:6.812s              记忆刷入和更新:0.014s 纯刷入时间:0.000s 负采样分析: 0.100s
cur batch: 19200, start pre sample and analyze...
cur batch: 19500, start pre sample and analyze...
cur batch: 19800, start pre sample and analyze...
平均每个batch用时0.02486s, 预计epoch时间: 1598.128s
run batch20000total time: 490.61s,presample: 11.61s, sample: 11.94s, prep time: 144.89s, gen block: 47.41s, feat input: 28.35s, model run: 84.07s,                    loss and opt: 222.68s, update mem: 14.15s update mailbox: 18.81s
feat_buffer time: IO load: 4.211s 异步阻塞: 0.003s presample and analyze: 7.307s 预采样: 0.000s, 预采样负采样:7.161s              记忆刷入和更新:0.014s 纯刷入时间:0.000s 负采样分析: 0.100s
cur batch: 20100, start pre sample and analyze...
cur batch: 20400, start pre sample and analyze...
cur batch: 20700, start pre sample and analyze...
cur batch: 21000, start pre sample and analyze...
平均每个batch用时0.02483s, 预计epoch时间: 1596.207s
run batch21000total time: 515.44s,presample: 12.15s, sample: 12.53s, prep time: 152.43s, gen block: 49.76s, feat input: 29.74s, model run: 88.15s,                    loss and opt: 234.02s, update mem: 14.84s update mailbox: 19.73s
feat_buffer time: IO load: 4.446s 异步阻塞: 0.003s presample and analyze: 7.770s 预采样: 0.000s, 预采样负采样:7.623s              记忆刷入和更新:0.014s 纯刷入时间:0.000s 负采样分析: 0.100s
cur batch: 21300, start pre sample and analyze...
cur batch: 21600, start pre sample and analyze...
cur batch: 21900, start pre sample and analyze...
平均每个batch用时0.02499s, 预计epoch时间: 1606.173s
run batch22000total time: 540.42s,presample: 12.85s, sample: 13.12s, prep time: 160.03s, gen block: 52.09s, feat input: 31.11s, model run: 92.23s,                    loss and opt: 245.27s, update mem: 15.53s update mailbox: 20.65s
feat_buffer time: IO load: 4.623s 异步阻塞: 0.003s presample and analyze: 8.119s 预采样: 0.000s, 预采样负采样:7.970s              记忆刷入和更新:0.014s 纯刷入时间:0.000s 负采样分析: 0.100s
cur batch: 22200, start pre sample and analyze...
cur batch: 22500, start pre sample and analyze...
cur batch: 22800, start pre sample and analyze...
平均每个batch用时0.02509s, 预计epoch时间: 1613.038s
run batch23000total time: 565.51s,presample: 13.39s, sample: 13.71s, prep time: 167.57s, gen block: 54.47s, feat input: 32.52s, model run: 96.41s,                    loss and opt: 256.73s, update mem: 16.24s update mailbox: 21.59s
feat_buffer time: IO load: 4.807s 异步阻塞: 0.003s presample and analyze: 8.473s 预采样: 0.000s, 预采样负采样:8.322s              记忆刷入和更新:0.014s 纯刷入时间:0.000s 负采样分析: 0.100s
cur batch: 23100, start pre sample and analyze...
cur batch: 23400, start pre sample and analyze...
cur batch: 23700, start pre sample and analyze...
cur batch: 24000, start pre sample and analyze...
平均每个batch用时0.02493s, 预计epoch时间: 1602.341s
run batch24000total time: 590.44s,presample: 13.95s, sample: 14.30s, prep time: 175.15s, gen block: 56.81s, feat input: 33.92s, model run: 100.51s,                    loss and opt: 268.09s, update mem: 16.93s update mailbox: 22.51s
feat_buffer time: IO load: 5.062s 异步阻塞: 0.003s presample and analyze: 8.952s 预采样: 0.000s, 预采样负采样:8.800s              记忆刷入和更新:0.014s 纯刷入时间:0.000s 负采样分析: 0.100s
cur batch: 24300, start pre sample and analyze...
cur batch: 24600, start pre sample and analyze...
cur batch: 24900, start pre sample and analyze...
平均每个batch用时0.02528s, 预计epoch时间: 1624.978s
run batch25000total time: 615.72s,presample: 14.66s, sample: 14.89s, prep time: 182.73s, gen block: 59.18s, feat input: 35.32s, model run: 104.68s,                    loss and opt: 279.54s, update mem: 17.63s update mailbox: 23.45s
feat_buffer time: IO load: 5.236s 异步阻塞: 0.003s presample and analyze: 9.308s 预采样: 0.000s, 预采样负采样:9.154s              记忆刷入和更新:0.014s 纯刷入时间:0.000s 负采样分析: 0.100s
cur batch: 25200, start pre sample and analyze...
cur batch: 25500, start pre sample and analyze...
cur batch: 25800, start pre sample and analyze...
平均每个batch用时0.02513s, 预计epoch时间: 1615.429s
run batch26000total time: 640.85s,presample: 15.19s, sample: 15.49s, prep time: 190.32s, gen block: 61.56s, feat input: 36.74s, model run: 108.87s,                    loss and opt: 291.00s, update mem: 18.34s update mailbox: 24.39s
feat_buffer time: IO load: 5.404s 异步阻塞: 0.003s presample and analyze: 9.664s 预采样: 0.000s, 预采样负采样:9.508s              记忆刷入和更新:0.014s 纯刷入时间:0.000s 负采样分析: 0.100s
cur batch: 26100, start pre sample and analyze...
cur batch: 26400, start pre sample and analyze...
cur batch: 26700, start pre sample and analyze...
cur batch: 27000, start pre sample and analyze...
平均每个batch用时0.02495s, 预计epoch时间: 1603.772s
run batch27000total time: 665.80s,presample: 15.75s, sample: 16.08s, prep time: 197.96s, gen block: 63.91s, feat input: 38.13s, model run: 112.99s,                    loss and opt: 302.27s, update mem: 19.04s update mailbox: 25.32s
feat_buffer time: IO load: 5.651s 异步阻塞: 0.003s presample and analyze: 10.154s 预采样: 0.000s, 预采样负采样:9.996s              记忆刷入和更新:0.014s 纯刷入时间:0.000s 负采样分析: 0.100s
cur batch: 27300, start pre sample and analyze...
cur batch: 27600, start pre sample and analyze...
cur batch: 27900, start pre sample and analyze...
平均每个batch用时0.02548s, 预计epoch时间: 1637.647s
run batch28000total time: 691.27s,presample: 16.50s, sample: 16.68s, prep time: 205.61s, gen block: 66.30s, feat input: 39.56s, model run: 117.22s,                    loss and opt: 313.74s, update mem: 19.75s update mailbox: 26.27s
feat_buffer time: IO load: 5.839s 异步阻塞: 0.004s presample and analyze: 10.522s 预采样: 0.000s, 预采样负采样:10.363s              记忆刷入和更新:0.014s 纯刷入时间:0.000s 负采样分析: 0.100s
cur batch: 28200, start pre sample and analyze...
cur batch: 28500, start pre sample and analyze...
cur batch: 28800, start pre sample and analyze...
平均每个batch用时0.02513s, 预计epoch时间: 1615.559s
run batch29000total time: 716.41s,presample: 17.05s, sample: 17.28s, prep time: 213.25s, gen block: 68.67s, feat input: 40.96s, model run: 121.37s,                    loss and opt: 325.17s, update mem: 20.46s update mailbox: 27.20s
feat_buffer time: IO load: 6.020s 异步阻塞: 0.004s presample and analyze: 10.887s 预采样: 0.000s, 预采样负采样:10.727s              记忆刷入和更新:0.014s 纯刷入时间:0.000s 负采样分析: 0.100s
cur batch: 29100, start pre sample and analyze...
cur batch: 29400, start pre sample and analyze...
cur batch: 29700, start pre sample and analyze...
cur batch: 30000, start pre sample and analyze...
平均每个batch用时0.02510s, 预计epoch时间: 1613.298s
run batch30000total time: 741.50s,presample: 17.59s, sample: 17.87s, prep time: 220.89s, gen block: 71.03s, feat input: 42.37s, model run: 125.54s,                    loss and opt: 336.56s, update mem: 21.15s update mailbox: 28.13s
feat_buffer time: IO load: 6.259s 异步阻塞: 0.004s presample and analyze: 11.374s 预采样: 0.000s, 预采样负采样:11.212s              记忆刷入和更新:0.014s 纯刷入时间:0.000s 负采样分析: 0.100s
cur batch: 30300, start pre sample and analyze...
cur batch: 30600, start pre sample and analyze...
cur batch: 30900, start pre sample and analyze...
平均每个batch用时0.02535s, 预计epoch时间: 1629.574s
run batch31000total time: 766.85s,presample: 18.34s, sample: 18.47s, prep time: 228.58s, gen block: 73.41s, feat input: 43.78s, model run: 129.72s,                    loss and opt: 347.91s, update mem: 21.86s update mailbox: 29.07s
feat_buffer time: IO load: 6.442s 异步阻塞: 0.004s presample and analyze: 11.745s 预采样: 0.000s, 预采样负采样:11.582s              记忆刷入和更新:0.014s 纯刷入时间:0.000s 负采样分析: 0.100s
cur batch: 31200, start pre sample and analyze...
cur batch: 31500, start pre sample and analyze...
cur batch: 31800, start pre sample and analyze...
平均每个batch用时0.02532s, 预计epoch时间: 1627.371s
run batch32000total time: 792.17s,presample: 18.90s, sample: 19.07s, prep time: 236.22s, gen block: 75.81s, feat input: 45.21s, model run: 133.95s,                    loss and opt: 359.42s, update mem: 22.58s update mailbox: 30.02s
feat_buffer time: IO load: 6.627s 异步阻塞: 0.004s presample and analyze: 12.119s 预采样: 0.000s, 预采样负采样:11.955s              记忆刷入和更新:0.014s 纯刷入时间:0.000s 负采样分析: 0.100s
cur batch: 32100, start pre sample and analyze...
cur batch: 32400, start pre sample and analyze...
cur batch: 32700, start pre sample and analyze...
cur batch: 33000, start pre sample and analyze...
平均每个batch用时0.02542s, 预计epoch时间: 1633.982s
run batch33000total time: 817.59s,presample: 19.46s, sample: 19.68s, prep time: 243.83s, gen block: 78.22s, feat input: 46.65s, model run: 138.22s,                    loss and opt: 371.01s, update mem: 23.29s update mailbox: 30.97s
feat_buffer time: IO load: 6.866s 异步阻塞: 0.004s presample and analyze: 12.614s 预采样: 0.000s, 预采样负采样:12.448s              记忆刷入和更新:0.014s 纯刷入时间:0.000s 负采样分析: 0.100s
cur batch: 33300, start pre sample and analyze...
cur batch: 33600, start pre sample and analyze...
cur batch: 33900, start pre sample and analyze...
平均每个batch用时0.02561s, 预计epoch时间: 1646.317s
run batch34000total time: 843.20s,presample: 20.19s, sample: 20.28s, prep time: 251.46s, gen block: 80.61s, feat input: 48.07s, model run: 142.44s,                    loss and opt: 382.65s, update mem: 24.01s update mailbox: 31.93s
feat_buffer time: IO load: 7.045s 异步阻塞: 0.004s presample and analyze: 12.985s 预采样: 0.000s, 预采样负采样:12.818s              记忆刷入和更新:0.014s 纯刷入时间:0.000s 负采样分析: 0.100s
cur batch: 34200, start pre sample and analyze...
cur batch: 34500, start pre sample and analyze...
cur batch: 34800, start pre sample and analyze...
平均每个batch用时0.02527s, 预计epoch时间: 1624.217s
run batch35000total time: 868.46s,presample: 20.75s, sample: 20.88s, prep time: 259.18s, gen block: 83.01s, feat input: 49.48s, model run: 146.62s,                    loss and opt: 394.10s, update mem: 24.72s update mailbox: 32.88s
feat_buffer time: IO load: 7.227s 异步阻塞: 0.004s presample and analyze: 13.359s 预采样: 0.000s, 预采样负采样:13.190s              记忆刷入和更新:0.014s 纯刷入时间:0.000s 负采样分析: 0.100s
cur batch: 35100, start pre sample and analyze...
cur batch: 35400, start pre sample and analyze...
cur batch: 35700, start pre sample and analyze...
cur batch: 36000, start pre sample and analyze...
平均每个batch用时0.02542s, 预计epoch时间: 1633.893s
run batch36000total time: 893.88s,presample: 21.32s, sample: 21.48s, prep time: 266.91s, gen block: 85.42s, feat input: 50.91s, model run: 150.84s,                    loss and opt: 405.62s, update mem: 25.43s update mailbox: 33.82s
feat_buffer time: IO load: 7.468s 异步阻塞: 0.005s presample and analyze: 13.864s 预采样: 0.000s, 预采样负采样:13.693s              记忆刷入和更新:0.014s 纯刷入时间:0.000s 负采样分析: 0.100s
cur batch: 36300, start pre sample and analyze...
cur batch: 36600, start pre sample and analyze...
cur batch: 36900, start pre sample and analyze...
平均每个batch用时0.02575s, 预计epoch时间: 1655.496s
run batch37000total time: 919.63s,presample: 22.07s, sample: 22.09s, prep time: 274.59s, gen block: 87.86s, feat input: 52.35s, model run: 155.12s,                    loss and opt: 417.25s, update mem: 26.15s update mailbox: 34.78s
feat_buffer time: IO load: 7.653s 异步阻塞: 0.005s presample and analyze: 14.243s 预采样: 0.000s, 预采样负采样:14.071s              记忆刷入和更新:0.014s 纯刷入时间:0.000s 负采样分析: 0.100s
cur batch: 37200, start pre sample and analyze...
cur batch: 37500, start pre sample and analyze...
cur batch: 37800, start pre sample and analyze...
平均每个batch用时0.02529s, 预计epoch时间: 1625.659s
run batch38000total time: 944.92s,presample: 22.65s, sample: 22.68s, prep time: 282.30s, gen block: 90.22s, feat input: 53.75s, model run: 159.22s,                    loss and opt: 428.80s, update mem: 26.85s update mailbox: 35.71s
feat_buffer time: IO load: 7.844s 异步阻塞: 0.005s presample and analyze: 14.628s 预采样: 0.000s, 预采样负采样:14.454s              记忆刷入和更新:0.014s 纯刷入时间:0.000s 负采样分析: 0.100s
cur batch: 38100, start pre sample and analyze...
cur batch: 38400, start pre sample and analyze...
cur batch: 38700, start pre sample and analyze...
cur batch: 39000, start pre sample and analyze...
平均每个batch用时0.02543s, 预计epoch时间: 1634.634s
run batch39000total time: 970.35s,presample: 23.24s, sample: 23.28s, prep time: 289.96s, gen block: 92.60s, feat input: 55.15s, model run: 163.35s,                    loss and opt: 440.47s, update mem: 27.56s update mailbox: 36.66s
feat_buffer time: IO load: 8.100s 异步阻塞: 0.005s presample and analyze: 15.140s 预采样: 0.000s, 预采样负采样:14.964s              记忆刷入和更新:0.014s 纯刷入时间:0.000s 负采样分析: 0.100s
cur batch: 39300, start pre sample and analyze...
cur batch: 39600, start pre sample and analyze...
cur batch: 39900, start pre sample and analyze...
平均每个batch用时0.02564s, 预计epoch时间: 1648.417s
run batch40000total time: 995.99s,presample: 24.01s, sample: 23.88s, prep time: 297.75s, gen block: 95.01s, feat input: 56.58s, model run: 167.57s,                    loss and opt: 451.96s, update mem: 28.27s update mailbox: 37.61s
feat_buffer time: IO load: 8.286s 异步阻塞: 0.005s presample and analyze: 15.528s 预采样: 0.000s, 预采样负采样:15.351s              记忆刷入和更新:0.014s 纯刷入时间:0.000s 负采样分析: 0.100s
cur batch: 40200, start pre sample and analyze...
cur batch: 40500, start pre sample and analyze...
cur batch: 40800, start pre sample and analyze...
平均每个batch用时0.02547s, 预计epoch时间: 1637.291s
run batch41000total time: 1021.46s,presample: 24.59s, sample: 24.48s, prep time: 305.49s, gen block: 97.42s, feat input: 58.00s, model run: 171.78s,                    loss and opt: 463.53s, update mem: 28.98s update mailbox: 38.56s
feat_buffer time: IO load: 8.474s 异步阻塞: 0.005s presample and analyze: 15.914s 预采样: 0.000s, 预采样负采样:15.735s              记忆刷入和更新:0.014s 纯刷入时间:0.000s 负采样分析: 0.100s
cur batch: 41100, start pre sample and analyze...
cur batch: 41400, start pre sample and analyze...
cur batch: 41700, start pre sample and analyze...
cur batch: 42000, start pre sample and analyze...
平均每个batch用时0.02536s, 预计epoch时间: 1630.223s
run batch42000total time: 1046.82s,presample: 25.17s, sample: 25.08s, prep time: 313.24s, gen block: 99.81s, feat input: 59.41s, model run: 175.92s,                    loss and opt: 475.05s, update mem: 29.69s update mailbox: 39.49s
feat_buffer time: IO load: 8.727s 异步阻塞: 0.005s presample and analyze: 16.432s 预采样: 0.000s, 预采样负采样:16.252s              记忆刷入和更新:0.014s 纯刷入时间:0.000s 负采样分析: 0.100s
cur batch: 42300, start pre sample and analyze...
cur batch: 42600, start pre sample and analyze...
cur batch: 42900, start pre sample and analyze...
平均每个batch用时0.02532s, 预计epoch时间: 1627.896s
run batch43000total time: 1072.15s,presample: 25.93s, sample: 25.67s, prep time: 321.10s, gen block: 102.17s, feat input: 60.80s, model run: 180.02s,                    loss and opt: 486.30s, update mem: 30.37s update mailbox: 40.41s
feat_buffer time: IO load: 8.909s 异步阻塞: 0.006s presample and analyze: 16.818s 预采样: 0.000s, 预采样负采样:16.636s              记忆刷入和更新:0.014s 纯刷入时间:0.000s 负采样分析: 0.100s
cur batch: 43200, start pre sample and analyze...
cur batch: 43500, start pre sample and analyze...
cur batch: 43800, start pre sample and analyze...
平均每个batch用时0.02553s, 预计epoch时间: 1640.845s
run batch44000total time: 1097.67s,presample: 26.52s, sample: 26.27s, prep time: 328.81s, gen block: 104.56s, feat input: 62.21s, model run: 184.18s,                    loss and opt: 498.00s, update mem: 31.08s update mailbox: 41.36s
feat_buffer time: IO load: 9.101s 异步阻塞: 0.006s presample and analyze: 17.212s 预采样: 0.000s, 预采样负采样:17.029s              记忆刷入和更新:0.014s 纯刷入时间:0.000s 负采样分析: 0.100s
cur batch: 44100, start pre sample and analyze...
cur batch: 44400, start pre sample and analyze...
cur batch: 44700, start pre sample and analyze...
cur batch: 45000, start pre sample and analyze...
平均每个batch用时0.02540s, 预计epoch时间: 1633.065s
run batch45000total time: 1123.08s,presample: 27.11s, sample: 26.86s, prep time: 336.64s, gen block: 106.96s, feat input: 63.61s, model run: 188.30s,                    loss and opt: 509.51s, update mem: 31.78s update mailbox: 42.29s
feat_buffer time: IO load: 9.354s 异步阻塞: 0.006s presample and analyze: 17.732s 预采样: 0.000s, 预采样负采样:17.547s              记忆刷入和更新:0.014s 纯刷入时间:0.000s 负采样分析: 0.100s
cur batch: 45300, start pre sample and analyze...
cur batch: 45600, start pre sample and analyze...
cur batch: 45900, start pre sample and analyze...
平均每个batch用时0.02564s, 预计epoch时间: 1648.287s
run batch46000total time: 1148.72s,presample: 27.89s, sample: 27.46s, prep time: 344.48s, gen block: 109.36s, feat input: 65.02s, model run: 192.43s,                    loss and opt: 521.04s, update mem: 32.49s update mailbox: 43.24s
feat_buffer time: IO load: 9.541s 异步阻塞: 0.006s presample and analyze: 18.125s 预采样: 0.000s, 预采样负采样:17.939s              记忆刷入和更新:0.014s 纯刷入时间:0.000s 负采样分析: 0.100s
cur batch: 46200, start pre sample and analyze...
cur batch: 46500, start pre sample and analyze...
cur batch: 46800, start pre sample and analyze...
平均每个batch用时0.02543s, 预计epoch时间: 1634.600s
run batch47000total time: 1174.15s,presample: 28.46s, sample: 28.05s, prep time: 352.26s, gen block: 111.74s, feat input: 66.42s, model run: 196.56s,                    loss and opt: 532.61s, update mem: 33.20s update mailbox: 44.18s
feat_buffer time: IO load: 9.721s 异步阻塞: 0.006s presample and analyze: 18.515s 预采样: 0.000s, 预采样负采样:18.328s              记忆刷入和更新:0.014s 纯刷入时间:0.000s 负采样分析: 0.100s
cur batch: 47100, start pre sample and analyze...
cur batch: 47400, start pre sample and analyze...
cur batch: 47700, start pre sample and analyze...
cur batch: 48000, start pre sample and analyze...
平均每个batch用时0.02538s, 预计epoch时间: 1631.462s
run batch48000total time: 1199.53s,presample: 29.04s, sample: 28.64s, prep time: 360.05s, gen block: 114.11s, feat input: 67.81s, model run: 200.69s,                    loss and opt: 544.14s, update mem: 33.89s update mailbox: 45.11s
feat_buffer time: IO load: 9.966s 异步阻塞: 0.006s presample and analyze: 19.040s 预采样: 0.000s, 预采样负采样:18.850s              记忆刷入和更新:0.014s 纯刷入时间:0.000s 负采样分析: 0.100s
cur batch: 48300, start pre sample and analyze...
cur batch: 48600, start pre sample and analyze...
cur batch: 48900, start pre sample and analyze...
平均每个batch用时0.02549s, 预计epoch时间: 1638.452s
run batch49000total time: 1225.01s,presample: 29.81s, sample: 29.22s, prep time: 367.84s, gen block: 116.45s, feat input: 69.19s, model run: 204.75s,                    loss and opt: 555.67s, update mem: 34.59s update mailbox: 46.03s
feat_buffer time: IO load: 10.145s 异步阻塞: 0.006s presample and analyze: 19.432s 预采样: 0.000s, 预采样负采样:19.241s              记忆刷入和更新:0.014s 纯刷入时间:0.000s 负采样分析: 0.100s
cur batch: 49200, start pre sample and analyze...
cur batch: 49500, start pre sample and analyze...
cur batch: 49800, start pre sample and analyze...
平均每个batch用时0.02549s, 预计epoch时间: 1638.483s
run batch50000total time: 1250.50s,presample: 30.42s, sample: 29.81s, prep time: 375.61s, gen block: 118.83s, feat input: 70.59s, model run: 208.90s,                    loss and opt: 567.28s, update mem: 35.29s update mailbox: 46.97s
feat_buffer time: IO load: 10.342s 异步阻塞: 0.006s presample and analyze: 19.833s 预采样: 0.000s, 预采样负采样:19.641s              记忆刷入和更新:0.014s 纯刷入时间:0.000s 负采样分析: 0.100s
cur batch: 50100, start pre sample and analyze...
cur batch: 50400, start pre sample and analyze...
cur batch: 50700, start pre sample and analyze...
cur batch: 51000, start pre sample and analyze...
平均每个batch用时0.02569s, 预计epoch时间: 1651.567s
run batch51000total time: 1276.19s,presample: 31.01s, sample: 30.42s, prep time: 383.43s, gen block: 121.25s, feat input: 72.02s, model run: 213.17s,                    loss and opt: 578.89s, update mem: 36.01s update mailbox: 47.93s
feat_buffer time: IO load: 10.595s 异步阻塞: 0.007s presample and analyze: 20.368s 预采样: 0.000s, 预采样负采样:20.174s              记忆刷入和更新:0.014s 纯刷入时间:0.000s 负采样分析: 0.100s
cur batch: 51300, start pre sample and analyze...
cur batch: 51600, start pre sample and analyze...
cur batch: 51900, start pre sample and analyze...
平均每个batch用时0.02580s, 预计epoch时间: 1658.660s
run batch52000total time: 1302.00s,presample: 31.80s, sample: 31.02s, prep time: 391.22s, gen block: 123.63s, feat input: 73.43s, model run: 217.36s,                    loss and opt: 590.56s, update mem: 36.72s update mailbox: 48.88s
feat_buffer time: IO load: 10.776s 异步阻塞: 0.007s presample and analyze: 20.772s 预采样: 0.000s, 预采样负采样:20.576s              记忆刷入和更新:0.014s 纯刷入时间:0.000s 负采样分析: 0.100s
cur batch: 52200, start pre sample and analyze...
cur batch: 52500, start pre sample and analyze...
cur batch: 52800, start pre sample and analyze...
平均每个batch用时0.02547s, 预计epoch时间: 1637.393s
run batch53000total time: 1327.47s,presample: 32.38s, sample: 31.62s, prep time: 399.06s, gen block: 126.01s, feat input: 74.84s, model run: 221.52s,                    loss and opt: 602.09s, update mem: 37.43s update mailbox: 49.81s
feat_buffer time: IO load: 10.959s 异步阻塞: 0.007s presample and analyze: 21.167s 预采样: 0.000s, 预采样负采样:20.971s              记忆刷入和更新:0.014s 纯刷入时间:0.000s 负采样分析: 0.100s
cur batch: 53100, start pre sample and analyze...
cur batch: 53400, start pre sample and analyze...
cur batch: 53700, start pre sample and analyze...
cur batch: 54000, start pre sample and analyze...
平均每个batch用时0.02554s, 预计epoch时间: 1641.865s
run batch54000total time: 1353.01s,presample: 32.97s, sample: 32.21s, prep time: 406.84s, gen block: 128.39s, feat input: 76.25s, model run: 225.71s,                    loss and opt: 613.71s, update mem: 38.13s update mailbox: 50.75s
feat_buffer time: IO load: 11.210s 异步阻塞: 0.007s presample and analyze: 21.703s 预采样: 0.000s, 预采样负采样:21.505s              记忆刷入和更新:0.014s 纯刷入时间:0.000s 负采样分析: 0.100s
cur batch: 54300, start pre sample and analyze...
cur batch: 54600, start pre sample and analyze...
cur batch: 54900, start pre sample and analyze...
平均每个batch用时0.02583s, 预计epoch时间: 1660.313s
run batch55000total time: 1378.84s,presample: 33.77s, sample: 32.80s, prep time: 414.69s, gen block: 130.78s, feat input: 77.66s, model run: 229.87s,                    loss and opt: 625.36s, update mem: 38.84s update mailbox: 51.69s
feat_buffer time: IO load: 11.402s 异步阻塞: 0.007s presample and analyze: 22.105s 预采样: 0.000s, 预采样负采样:21.905s              记忆刷入和更新:0.014s 纯刷入时间:0.000s 负采样分析: 0.100s
cur batch: 55200, start pre sample and analyze...
cur batch: 55500, start pre sample and analyze...
cur batch: 55800, start pre sample and analyze...
平均每个batch用时0.02518s, 预计epoch时间: 1618.774s
run batch56000total time: 1404.02s,presample: 34.36s, sample: 33.38s, prep time: 422.59s, gen block: 133.11s, feat input: 79.03s, model run: 233.95s,                    loss and opt: 636.65s, update mem: 39.52s update mailbox: 52.60s
feat_buffer time: IO load: 11.583s 异步阻塞: 0.007s presample and analyze: 22.505s 预采样: 0.000s, 预采样负采样:22.304s              记忆刷入和更新:0.014s 纯刷入时间:0.000s 负采样分析: 0.100s
cur batch: 56100, start pre sample and analyze...
cur batch: 56400, start pre sample and analyze...
cur batch: 56700, start pre sample and analyze...
cur batch: 57000, start pre sample and analyze...
平均每个batch用时0.02549s, 预计epoch时间: 1638.261s
run batch57000total time: 1429.50s,presample: 34.96s, sample: 33.97s, prep time: 430.42s, gen block: 135.49s, feat input: 80.42s, model run: 238.08s,                    loss and opt: 648.22s, update mem: 40.22s update mailbox: 53.53s
feat_buffer time: IO load: 11.833s 异步阻塞: 0.007s presample and analyze: 23.042s 预采样: 0.000s, 预采样负采样:22.839s              记忆刷入和更新:0.014s 纯刷入时间:0.000s 负采样分析: 0.100s
cur batch: 57300, start pre sample and analyze...
cur batch: 57600, start pre sample and analyze...
cur batch: 57900, start pre sample and analyze...
平均每个batch用时0.02584s, 预计epoch时间: 1661.028s
run batch58000total time: 1455.34s,presample: 35.74s, sample: 34.57s, prep time: 438.29s, gen block: 137.90s, feat input: 81.85s, model run: 242.33s,                    loss and opt: 659.79s, update mem: 40.93s update mailbox: 54.48s
feat_buffer time: IO load: 12.014s 异步阻塞: 0.007s presample and analyze: 23.447s 预采样: 0.000s, 预采样负采样:23.242s              记忆刷入和更新:0.014s 纯刷入时间:0.000s 负采样分析: 0.100s
cur batch: 58200, start pre sample and analyze...
cur batch: 58500, start pre sample and analyze...
cur batch: 58800, start pre sample and analyze...
平均每个batch用时0.02560s, 预计epoch时间: 1645.459s
run batch59000total time: 1480.94s,presample: 36.35s, sample: 35.17s, prep time: 446.17s, gen block: 140.31s, feat input: 83.27s, model run: 246.56s,                    loss and opt: 671.28s, update mem: 41.65s update mailbox: 55.43s
feat_buffer time: IO load: 12.208s 异步阻塞: 0.008s presample and analyze: 23.856s 预采样: 0.000s, 预采样负采样:23.650s              记忆刷入和更新:0.014s 纯刷入时间:0.000s 负采样分析: 0.100s
cur batch: 59100, start pre sample and analyze...
cur batch: 59400, start pre sample and analyze...
cur batch: 59700, start pre sample and analyze...
cur batch: 60000, start pre sample and analyze...
平均每个batch用时0.02546s, 预计epoch时间: 1636.887s
run batch60000total time: 1506.40s,presample: 36.96s, sample: 35.76s, prep time: 454.07s, gen block: 142.67s, feat input: 84.66s, model run: 250.71s,                    loss and opt: 682.74s, update mem: 42.34s update mailbox: 56.36s
feat_buffer time: IO load: 12.470s 异步阻塞: 0.008s presample and analyze: 24.405s 预采样: 0.000s, 预采样负采样:24.197s              记忆刷入和更新:0.014s 纯刷入时间:0.000s 负采样分析: 0.100s
cur batch: 60300, start pre sample and analyze...
cur batch: 60600, start pre sample and analyze...
cur batch: 60900, start pre sample and analyze...
平均每个batch用时0.02598s, 预计epoch时间: 1669.794s
run batch61000total time: 1532.38s,presample: 37.78s, sample: 36.37s, prep time: 461.97s, gen block: 145.10s, feat input: 86.09s, model run: 254.95s,                    loss and opt: 694.36s, update mem: 43.05s update mailbox: 57.31s
feat_buffer time: IO load: 12.666s 异步阻塞: 0.008s presample and analyze: 24.817s 预采样: 0.000s, 预采样负采样:24.608s              记忆刷入和更新:0.014s 纯刷入时间:0.000s 负采样分析: 0.100s
cur batch: 61200, start pre sample and analyze...
cur batch: 61500, start pre sample and analyze...
cur batch: 61800, start pre sample and analyze...
平均每个batch用时0.02559s, 预计epoch时间: 1644.732s
run batch62000total time: 1557.97s,presample: 38.38s, sample: 36.95s, prep time: 469.82s, gen block: 147.48s, feat input: 87.49s, model run: 259.12s,                    loss and opt: 705.97s, update mem: 43.76s update mailbox: 58.24s
feat_buffer time: IO load: 12.855s 异步阻塞: 0.008s presample and analyze: 25.227s 预采样: 0.000s, 预采样负采样:25.016s              记忆刷入和更新:0.014s 纯刷入时间:0.000s 负采样分析: 0.100s
cur batch: 62100, start pre sample and analyze...
cur batch: 62400, start pre sample and analyze...
cur batch: 62700, start pre sample and analyze...
cur batch: 63000, start pre sample and analyze...
平均每个batch用时0.02580s, 预计epoch时间: 1658.198s
run batch63000total time: 1583.76s,presample: 38.99s, sample: 37.56s, prep time: 477.68s, gen block: 149.89s, feat input: 88.91s, model run: 263.32s,                    loss and opt: 717.72s, update mem: 44.47s update mailbox: 59.20s
feat_buffer time: IO load: 13.112s 异步阻塞: 0.008s presample and analyze: 25.775s 预采样: 0.000s, 预采样负采样:25.563s              记忆刷入和更新:0.014s 纯刷入时间:0.000s 负采样分析: 0.100s
cur batch: 63300, start pre sample and analyze...
cur batch: 63600, start pre sample and analyze...
cur batch: 63900, start pre sample and analyze...
平均每个batch用时0.02593s, 预计epoch时间: 1666.534s
run batch64000total time: 1609.69s,presample: 39.70s, sample: 38.16s, prep time: 485.55s, gen block: 152.33s, feat input: 90.35s, model run: 267.53s,                    loss and opt: 729.46s, update mem: 45.19s update mailbox: 60.15s
feat_buffer time: IO load: 13.308s 异步阻塞: 0.008s presample and analyze: 26.083s 预采样: 0.000s, 预采样负采样:25.869s              记忆刷入和更新:0.014s 纯刷入时间:0.000s 负采样分析: 0.100s
cur batch: 64200, start pre sample and analyze...
total loop use time: 1641.3864
run batch64281total time: 1616.81s,presample: 39.73s, sample: 38.33s, prep time: 487.79s, gen block: 153.01s, feat input: 90.76s, model run: 268.74s,               loss and opt: 732.71s, update mem: 45.39s update mailbox: 60.42s
Loading model at epoch 0...
训练完成，退出子进程
