start
=============================================
=============================================
=============================================

2024-07-30 23:27:41, PID 1846541 , 内存占用: 54 MB 显存占用: 9 MB
2024-07-30 23:27:43, PID 1846541 , 内存占用: 239 MB 显存占用: 9 MB
2024-07-30 23:27:44, PID 1846541 , 内存占用: 504 MB 显存占用: 387 MB
2024-07-30 23:27:45, PID 1846541 , 内存占用: 1299 MB 显存占用: 661 MB
2024-07-30 23:27:46, PID 1846541 , 内存占用: 1814 MB 显存占用: 735 MB
2024-07-30 23:27:48, PID 1846541 , 内存占用: 3919 MB 显存占用: 735 MB
2024-07-30 23:27:49, PID 1846541 , 内存占用: 7184 MB 显存占用: 735 MB
2024-07-30 23:27:51, PID 1846541 , 内存占用: 6585 MB 显存占用: 1275 MB
2024-07-30 23:27:52, PID 1846541 , 内存占用: 7539 MB 显存占用: 1927 MB
2024-07-30 23:27:53, PID 1846541 , 内存占用: 8605 MB 显存占用: 2491 MB
2024-07-30 23:27:55, PID 1846541 , 内存占用: 8677 MB 显存占用: 3563 MB
2024-07-30 23:27:56, PID 1846541 , 内存占用: 8678 MB 显存占用: 3699 MB
2024-07-30 23:27:57, PID 1846541 , 内存占用: 8678 MB 显存占用: 3839 MB
2024-07-30 23:27:59, PID 1846541 , 内存占用: 8678 MB 显存占用: 3983 MB
2024-07-30 23:28:00, PID 1846541 , 内存占用: 8678 MB 显存占用: 3983 MB
2024-07-30 23:28:01, PID 1846541 , 内存占用: 8678 MB 显存占用: 4059 MB
2024-07-30 23:28:03, PID 1846541 , 内存占用: 8678 MB 显存占用: 4059 MB
2024-07-30 23:28:04, PID 1846541 , 内存占用: 9316 MB 显存占用: 4059 MB
2024-07-30 23:28:05, PID 1846541 , 内存占用: 8727 MB 显存占用: 4059 MB
2024-07-30 23:28:07, PID 1846541 , 内存占用: 8727 MB 显存占用: 4059 MB
2024-07-30 23:28:08, PID 1846541 , 内存占用: 8727 MB 显存占用: 4059 MB
2024-07-30 23:28:09, PID 1846541 , 内存占用: 8727 MB 显存占用: 4059 MB
2024-07-30 23:28:11, PID 1846541 , 内存占用: 8727 MB 显存占用: 4059 MB
2024-07-30 23:28:12, PID 1846541 , 内存占用: 8727 MB 显存占用: 4059 MB
2024-07-30 23:28:13, PID 1846541 , 内存占用: 8727 MB 显存占用: 4059 MB
2024-07-30 23:28:15, PID 1846541 , 内存占用: 8727 MB 显存占用: 4059 MB
2024-07-30 23:28:16, PID 1846541 , 内存占用: 6504 MB 显存占用: 3313 MB
2024-07-30 23:28:17, PID 1846541 , 内存占用: 0 MB 显存占用: 3293 MB
1846541
平均内存占用: 6576.18 MB
峰值内存占用: 9316 MB, 9 GB
峰值显存占用 4059 MB
