start
=============================================
=============================================
=============================================

2024-07-31 05:54:07, PID 2378785 , 内存占用: 22 MB 显存占用: 9 MB
2024-07-31 05:54:08, PID 2378785 , 内存占用: 208 MB 显存占用: 9 MB
2024-07-31 05:54:09, PID 2378785 , 内存占用: 322 MB 显存占用: 9 MB
2024-07-31 05:54:11, PID 2378785 , 内存占用: 1430 MB 显存占用: 9 MB
2024-07-31 05:54:12, PID 2378785 , 内存占用: 3011 MB 显存占用: 9 MB
2024-07-31 05:54:13, PID 2378785 , 内存占用: 4553 MB 显存占用: 9 MB
2024-07-31 05:54:14, PID 2378785 , 内存占用: 6163 MB 显存占用: 9 MB
2024-07-31 05:54:15, PID 2378785 , 内存占用: 7837 MB 显存占用: 9 MB
2024-07-31 05:54:17, PID 2378785 , 内存占用: 9528 MB 显存占用: 9 MB
2024-07-31 05:54:18, PID 2378785 , 内存占用: 11208 MB 显存占用: 9 MB
2024-07-31 05:54:19, PID 2378785 , 内存占用: 12901 MB 显存占用: 9 MB
2024-07-31 05:54:20, PID 2378785 , 内存占用: 14518 MB 显存占用: 9 MB
2024-07-31 05:54:22, PID 2378785 , 内存占用: 16090 MB 显存占用: 9 MB
2024-07-31 05:54:23, PID 2378785 , 内存占用: 17807 MB 显存占用: 9 MB
2024-07-31 05:54:24, PID 2378785 , 内存占用: 19543 MB 显存占用: 9 MB
2024-07-31 05:54:25, PID 2378785 , 内存占用: 21280 MB 显存占用: 9 MB
2024-07-31 05:54:26, PID 2378785 , 内存占用: 23041 MB 显存占用: 9 MB
2024-07-31 05:54:28, PID 2378785 , 内存占用: 24782 MB 显存占用: 9 MB
2024-07-31 05:54:29, PID 2378785 , 内存占用: 26516 MB 显存占用: 9 MB
2024-07-31 05:54:30, PID 2378785 , 内存占用: 28207 MB 显存占用: 9 MB
2024-07-31 05:54:31, PID 2378785 , 内存占用: 29951 MB 显存占用: 9 MB
2024-07-31 05:54:33, PID 2378785 , 内存占用: 31633 MB 显存占用: 9 MB
2024-07-31 05:54:34, PID 2378785 , 内存占用: 33455 MB 显存占用: 9 MB
2024-07-31 05:54:35, PID 2378785 , 内存占用: 58646 MB 显存占用: 9 MB
2024-07-31 05:54:36, PID 2378785 , 内存占用: 89076 MB 显存占用: 9 MB
2024-07-31 05:54:38, PID 2378785 , 内存占用: 119692 MB 显存占用: 9 MB
2024-07-31 05:54:39, PID 2378785 , 内存占用: 150143 MB 显存占用: 9 MB
2024-07-31 05:54:40, PID 2378785 , 内存占用: 163140 MB 显存占用: 9 MB
2024-07-31 05:54:41, PID 2378785 , 内存占用: 158857 MB 显存占用: 9 MB
2024-07-31 05:54:42, PID 2378785 , 内存占用: 139454 MB 显存占用: 9 MB
2024-07-31 05:54:44, PID 2378785 , 内存占用: 133336 MB 显存占用: 9 MB
2024-07-31 05:54:45, PID 2378785 , 内存占用: 133525 MB 显存占用: 9 MB
2024-07-31 05:54:46, PID 2378785 , 内存占用: 133719 MB 显存占用: 9 MB
2024-07-31 05:54:47, PID 2378785 , 内存占用: 133888 MB 显存占用: 9 MB
2024-07-31 05:54:49, PID 2378785 , 内存占用: 134053 MB 显存占用: 9 MB
2024-07-31 05:54:50, PID 2378785 , 内存占用: 134210 MB 显存占用: 9 MB
2024-07-31 05:54:51, PID 2378785 , 内存占用: 134378 MB 显存占用: 9 MB
2024-07-31 05:54:52, PID 2378785 , 内存占用: 134549 MB 显存占用: 9 MB
2024-07-31 05:54:53, PID 2378785 , 内存占用: 134728 MB 显存占用: 9 MB
2024-07-31 05:54:55, PID 2378785 , 内存占用: 134924 MB 显存占用: 9 MB
2024-07-31 05:54:56, PID 2378785 , 内存占用: 135106 MB 显存占用: 9 MB
2024-07-31 05:54:57, PID 2378785 , 内存占用: 135288 MB 显存占用: 9 MB
2024-07-31 05:54:58, PID 2378785 , 内存占用: 135470 MB 显存占用: 9 MB
2024-07-31 05:54:59, PID 2378785 , 内存占用: 135647 MB 显存占用: 9 MB
2024-07-31 05:55:01, PID 2378785 , 内存占用: 135831 MB 显存占用: 9 MB
2024-07-31 05:55:02, PID 2378785 , 内存占用: 136017 MB 显存占用: 9 MB
2024-07-31 05:55:03, PID 2378785 , 内存占用: 136199 MB 显存占用: 9 MB
2024-07-31 05:55:04, PID 2378785 , 内存占用: 136381 MB 显存占用: 9 MB
2024-07-31 05:55:06, PID 2378785 , 内存占用: 136569 MB 显存占用: 9 MB
2024-07-31 05:55:07, PID 2378785 , 内存占用: 136752 MB 显存占用: 9 MB
2024-07-31 05:55:08, PID 2378785 , 内存占用: 136934 MB 显存占用: 9 MB
2024-07-31 05:55:09, PID 2378785 , 内存占用: 137120 MB 显存占用: 9 MB
2024-07-31 05:55:10, PID 2378785 , 内存占用: 137295 MB 显存占用: 9 MB
2024-07-31 05:55:12, PID 2378785 , 内存占用: 137477 MB 显存占用: 9 MB
2024-07-31 05:55:13, PID 2378785 , 内存占用: 137659 MB 显存占用: 9 MB
2024-07-31 05:55:14, PID 2378785 , 内存占用: 137841 MB 显存占用: 9 MB
2024-07-31 05:55:15, PID 2378785 , 内存占用: 138023 MB 显存占用: 9 MB
2024-07-31 05:55:16, PID 2378785 , 内存占用: 138208 MB 显存占用: 9 MB
2024-07-31 05:55:18, PID 2378785 , 内存占用: 138387 MB 显存占用: 9 MB
2024-07-31 05:55:19, PID 2378785 , 内存占用: 138569 MB 显存占用: 9 MB
2024-07-31 05:55:20, PID 2378785 , 内存占用: 138737 MB 显存占用: 9 MB
2024-07-31 05:55:21, PID 2378785 , 内存占用: 138905 MB 显存占用: 9 MB
2024-07-31 05:55:23, PID 2378785 , 内存占用: 139081 MB 显存占用: 9 MB
2024-07-31 05:55:24, PID 2378785 , 内存占用: 139250 MB 显存占用: 9 MB
2024-07-31 05:55:25, PID 2378785 , 内存占用: 139424 MB 显存占用: 9 MB
2024-07-31 05:55:26, PID 2378785 , 内存占用: 139592 MB 显存占用: 9 MB
2024-07-31 05:55:27, PID 2378785 , 内存占用: 139767 MB 显存占用: 9 MB
2024-07-31 05:55:29, PID 2378785 , 内存占用: 139928 MB 显存占用: 9 MB
2024-07-31 05:55:30, PID 2378785 , 内存占用: 140092 MB 显存占用: 9 MB
2024-07-31 05:55:31, PID 2378785 , 内存占用: 140251 MB 显存占用: 9 MB
2024-07-31 05:55:32, PID 2378785 , 内存占用: 140417 MB 显存占用: 9 MB
2024-07-31 05:55:33, PID 2378785 , 内存占用: 140574 MB 显存占用: 9 MB
2024-07-31 05:55:35, PID 2378785 , 内存占用: 140737 MB 显存占用: 9 MB
2024-07-31 05:55:36, PID 2378785 , 内存占用: 140901 MB 显存占用: 9 MB
2024-07-31 05:55:37, PID 2378785 , 内存占用: 141063 MB 显存占用: 9 MB
2024-07-31 05:55:38, PID 2378785 , 内存占用: 141230 MB 显存占用: 9 MB
2024-07-31 05:55:40, PID 2378785 , 内存占用: 141393 MB 显存占用: 9 MB
2024-07-31 05:55:41, PID 2378785 , 内存占用: 141556 MB 显存占用: 9 MB
2024-07-31 05:55:42, PID 2378785 , 内存占用: 141724 MB 显存占用: 9 MB
2024-07-31 05:55:43, PID 2378785 , 内存占用: 141886 MB 显存占用: 9 MB
2024-07-31 05:55:44, PID 2378785 , 内存占用: 142048 MB 显存占用: 9 MB
2024-07-31 05:55:46, PID 2378785 , 内存占用: 142217 MB 显存占用: 9 MB
2024-07-31 05:55:47, PID 2378785 , 内存占用: 142383 MB 显存占用: 9 MB
2024-07-31 05:55:48, PID 2378785 , 内存占用: 142549 MB 显存占用: 9 MB
2024-07-31 05:55:49, PID 2378785 , 内存占用: 142718 MB 显存占用: 9 MB
2024-07-31 05:55:51, PID 2378785 , 内存占用: 142881 MB 显存占用: 9 MB
2024-07-31 05:55:52, PID 2378785 , 内存占用: 143050 MB 显存占用: 9 MB
2024-07-31 05:55:53, PID 2378785 , 内存占用: 143212 MB 显存占用: 9 MB
2024-07-31 05:55:54, PID 2378785 , 内存占用: 143375 MB 显存占用: 9 MB
2024-07-31 05:55:55, PID 2378785 , 内存占用: 145592 MB 显存占用: 9 MB
2024-07-31 05:55:57, PID 2378785 , 内存占用: 149389 MB 显存占用: 9 MB
2024-07-31 05:55:58, PID 2378785 , 内存占用: 153158 MB 显存占用: 9 MB
2024-07-31 05:55:59, PID 2378785 , 内存占用: 156981 MB 显存占用: 9 MB
2024-07-31 05:56:00, PID 2378785 , 内存占用: 160163 MB 显存占用: 9 MB
2024-07-31 05:56:01, PID 2378785 , 内存占用: 164002 MB 显存占用: 9 MB
2024-07-31 05:56:03, PID 2378785 , 内存占用: 166880 MB 显存占用: 9 MB
2024-07-31 05:56:04, PID 2378785 , 内存占用: 167826 MB 显存占用: 9 MB
2024-07-31 05:56:05, PID 2378785 , 内存占用: 168686 MB 显存占用: 9 MB
2024-07-31 05:56:06, PID 2378785 , 内存占用: 169362 MB 显存占用: 9 MB
2024-07-31 05:56:07, PID 2378785 , 内存占用: 169982 MB 显存占用: 9 MB
2024-07-31 05:56:09, PID 2378785 , 内存占用: 170656 MB 显存占用: 9 MB
2024-07-31 05:56:10, PID 2378785 , 内存占用: 171283 MB 显存占用: 9 MB
2024-07-31 05:56:11, PID 2378785 , 内存占用: 171851 MB 显存占用: 9 MB
2024-07-31 05:56:12, PID 2378785 , 内存占用: 173065 MB 显存占用: 9 MB
2024-07-31 05:56:13, PID 2378785 , 内存占用: 174039 MB 显存占用: 9 MB
2024-07-31 05:56:15, PID 2378785 , 内存占用: 175073 MB 显存占用: 9 MB
2024-07-31 05:56:16, PID 2378785 , 内存占用: 176145 MB 显存占用: 9 MB
2024-07-31 05:56:17, PID 2378785 , 内存占用: 177313 MB 显存占用: 9 MB
2024-07-31 05:56:19, PID 2378785 , 内存占用: 178447 MB 显存占用: 9 MB
2024-07-31 05:56:20, PID 2378785 , 内存占用: 179419 MB 显存占用: 9 MB
2024-07-31 05:56:21, PID 2378785 , 内存占用: 152185 MB 显存占用: 9 MB
2024-07-31 05:56:22, PID 2378785 , 内存占用: 152185 MB 显存占用: 9 MB
2024-07-31 05:56:23, PID 2378785 , 内存占用: 152185 MB 显存占用: 9 MB
2024-07-31 05:56:25, PID 2378785 , 内存占用: 152185 MB 显存占用: 9 MB
2024-07-31 05:56:26, PID 2378785 , 内存占用: 152190 MB 显存占用: 9 MB
2024-07-31 05:56:27, PID 2378785 , 内存占用: 152190 MB 显存占用: 9 MB
2024-07-31 05:56:28, PID 2378785 , 内存占用: 152327 MB 显存占用: 433 MB
2024-07-31 05:56:29, PID 2378785 , 内存占用: 152478 MB 显存占用: 1945 MB
2024-07-31 05:56:31, PID 2378785 , 内存占用: 152478 MB 显存占用: 4385 MB
2024-07-31 05:56:32, PID 2378785 , 内存占用: 154699 MB 显存占用: 4385 MB
2024-07-31 05:56:33, PID 2378785 , 内存占用: 152479 MB 显存占用: 4461 MB
2024-07-31 05:56:34, PID 2378785 , 内存占用: 132292 MB 显存占用: 15355 MB
2024-07-31 05:56:36, PID 2378785 , 内存占用: 108514 MB 显存占用: 15355 MB
2024-07-31 05:56:37, PID 2378785 , 内存占用: 85242 MB 显存占用: 15355 MB
2024-07-31 05:56:38, PID 2378785 , 内存占用: 61615 MB 显存占用: 15355 MB
2024-07-31 05:56:39, PID 2378785 , 内存占用: 38621 MB 显存占用: 15355 MB
2024-07-31 05:56:40, PID 2378785 , 内存占用: 10896 MB 显存占用: 15355 MB
2378785
平均内存占用: 118316.36 MB
峰值内存占用: 179419 MB, 175 GB
峰值显存占用 15355 MB
