start
=============================================
=============================================
=============================================

2024-07-30 23:38:30, PID 1861749 , 内存占用: 51 MB 显存占用: 9 MB
2024-07-30 23:38:32, PID 1861749 , 内存占用: 239 MB 显存占用: 9 MB
2024-07-30 23:38:33, PID 1861749 , 内存占用: 1395 MB 显存占用: 9 MB
2024-07-30 23:38:34, PID 1861749 , 内存占用: 3566 MB 显存占用: 9 MB
2024-07-30 23:38:35, PID 1861749 , 内存占用: 5803 MB 显存占用: 9 MB
2024-07-30 23:38:37, PID 1861749 , 内存占用: 6382 MB 显存占用: 9 MB
2024-07-30 23:38:38, PID 1861749 , 内存占用: 6532 MB 显存占用: 9 MB
2024-07-30 23:38:39, PID 1861749 , 内存占用: 7353 MB 显存占用: 501 MB
2024-07-30 23:38:40, PID 1861749 , 内存占用: 9427 MB 显存占用: 1447 MB
2024-07-30 23:38:41, PID 1861749 , 内存占用: 9963 MB 显存占用: 2007 MB
2024-07-30 23:38:43, PID 1861749 , 内存占用: 10014 MB 显存占用: 2007 MB
2024-07-30 23:38:44, PID 1861749 , 内存占用: 11254 MB 显存占用: 2701 MB
2024-07-30 23:38:45, PID 1861749 , 内存占用: 11344 MB 显存占用: 3273 MB
2024-07-30 23:38:46, PID 1861749 , 内存占用: 11345 MB 显存占用: 3273 MB
2024-07-30 23:38:47, PID 1861749 , 内存占用: 11345 MB 显存占用: 3273 MB
2024-07-30 23:38:49, PID 1861749 , 内存占用: 11345 MB 显存占用: 3353 MB
2024-07-30 23:38:50, PID 1861749 , 内存占用: 11345 MB 显存占用: 3353 MB
2024-07-30 23:38:51, PID 1861749 , 内存占用: 11345 MB 显存占用: 3353 MB
2024-07-30 23:38:52, PID 1861749 , 内存占用: 11345 MB 显存占用: 3353 MB
2024-07-30 23:38:54, PID 1861749 , 内存占用: 11345 MB 显存占用: 3355 MB
2024-07-30 23:38:55, PID 1861749 , 内存占用: 11345 MB 显存占用: 3355 MB
2024-07-30 23:38:56, PID 1861749 , 内存占用: 11345 MB 显存占用: 3357 MB
2024-07-30 23:38:57, PID 1861749 , 内存占用: 11345 MB 显存占用: 3357 MB
2024-07-30 23:38:58, PID 1861749 , 内存占用: 11345 MB 显存占用: 3523 MB
2024-07-30 23:39:00, PID 1861749 , 内存占用: 11345 MB 显存占用: 3787 MB
2024-07-30 23:39:01, PID 1861749 , 内存占用: 11345 MB 显存占用: 4169 MB
2024-07-30 23:39:02, PID 1861749 , 内存占用: 11345 MB 显存占用: 4581 MB
2024-07-30 23:39:03, PID 1861749 , 内存占用: 11345 MB 显存占用: 5025 MB
2024-07-30 23:39:05, PID 1861749 , 内存占用: 11345 MB 显存占用: 5625 MB
2024-07-30 23:39:06, PID 1861749 , 内存占用: 11345 MB 显存占用: 5625 MB
2024-07-30 23:39:07, PID 1861749 , 内存占用: 11352 MB 显存占用: 5625 MB
2024-07-30 23:39:08, PID 1861749 , 内存占用: 11352 MB 显存占用: 5625 MB
2024-07-30 23:39:09, PID 1861749 , 内存占用: 11352 MB 显存占用: 5625 MB
2024-07-30 23:39:11, PID 1861749 , 内存占用: 11352 MB 显存占用: 5625 MB
2024-07-30 23:39:12, PID 1861749 , 内存占用: 11352 MB 显存占用: 5625 MB
2024-07-30 23:39:13, PID 1861749 , 内存占用: 11352 MB 显存占用: 5751 MB
2024-07-30 23:39:14, PID 1861749 , 内存占用: 11352 MB 显存占用: 6009 MB
2024-07-30 23:39:15, PID 1861749 , 内存占用: 11352 MB 显存占用: 6141 MB
2024-07-30 23:39:17, PID 1861749 , 内存占用: 11352 MB 显存占用: 6411 MB
2024-07-30 23:39:18, PID 1861749 , 内存占用: 11352 MB 显存占用: 6549 MB
2024-07-30 23:39:19, PID 1861749 , 内存占用: 11352 MB 显存占用: 6689 MB
2024-07-30 23:39:20, PID 1861749 , 内存占用: 11352 MB 显存占用: 6831 MB
2024-07-30 23:39:21, PID 1861749 , 内存占用: 11352 MB 显存占用: 6831 MB
2024-07-30 23:39:23, PID 1861749 , 内存占用: 11352 MB 显存占用: 6975 MB
2024-07-30 23:39:24, PID 1861749 , 内存占用: 11352 MB 显存占用: 7121 MB
2024-07-30 23:39:25, PID 1861749 , 内存占用: 11352 MB 显存占用: 7269 MB
2024-07-30 23:39:26, PID 1861749 , 内存占用: 11352 MB 显存占用: 7419 MB
2024-07-30 23:39:27, PID 1861749 , 内存占用: 11352 MB 显存占用: 7571 MB
2024-07-30 23:39:29, PID 1861749 , 内存占用: 11352 MB 显存占用: 7571 MB
2024-07-30 23:39:30, PID 1861749 , 内存占用: 11352 MB 显存占用: 7571 MB
2024-07-30 23:39:31, PID 1861749 , 内存占用: 11352 MB 显存占用: 7725 MB
2024-07-30 23:39:32, PID 1861749 , 内存占用: 11352 MB 显存占用: 8039 MB
2024-07-30 23:39:34, PID 1861749 , 内存占用: 11352 MB 显存占用: 8199 MB
2024-07-30 23:39:35, PID 1861749 , 内存占用: 11352 MB 显存占用: 8361 MB
2024-07-30 23:39:36, PID 1861749 , 内存占用: 11352 MB 显存占用: 8525 MB
2024-07-30 23:39:37, PID 1861749 , 内存占用: 11352 MB 显存占用: 8691 MB
2024-07-30 23:39:38, PID 1861749 , 内存占用: 11352 MB 显存占用: 8859 MB
2024-07-30 23:39:40, PID 1861749 , 内存占用: 11352 MB 显存占用: 9029 MB
2024-07-30 23:39:41, PID 1861749 , 内存占用: 11352 MB 显存占用: 9201 MB
2024-07-30 23:39:42, PID 1861749 , 内存占用: 11352 MB 显存占用: 9375 MB
2024-07-30 23:39:43, PID 1861749 , 内存占用: 11352 MB 显存占用: 9375 MB
2024-07-30 23:39:45, PID 1861749 , 内存占用: 11352 MB 显存占用: 9375 MB
2024-07-30 23:39:46, PID 1861749 , 内存占用: 11352 MB 显存占用: 9551 MB
2024-07-30 23:39:47, PID 1861749 , 内存占用: 11352 MB 显存占用: 9551 MB
2024-07-30 23:39:48, PID 1861749 , 内存占用: 11352 MB 显存占用: 9551 MB
2024-07-30 23:39:49, PID 1861749 , 内存占用: 11352 MB 显存占用: 9551 MB
2024-07-30 23:39:51, PID 1861749 , 内存占用: 11352 MB 显存占用: 9551 MB
2024-07-30 23:39:52, PID 1861749 , 内存占用: 11352 MB 显存占用: 9551 MB
2024-07-30 23:39:53, PID 1861749 , 内存占用: 11352 MB 显存占用: 9551 MB
2024-07-30 23:39:54, PID 1861749 , 内存占用: 11352 MB 显存占用: 9551 MB
2024-07-30 23:39:55, PID 1861749 , 内存占用: 11352 MB 显存占用: 9551 MB
2024-07-30 23:39:57, PID 1861749 , 内存占用: 11352 MB 显存占用: 9551 MB
2024-07-30 23:39:58, PID 1861749 , 内存占用: 11352 MB 显存占用: 9551 MB
2024-07-30 23:39:59, PID 1861749 , 内存占用: 11352 MB 显存占用: 9551 MB
2024-07-30 23:40:00, PID 1861749 , 内存占用: 11352 MB 显存占用: 9551 MB
2024-07-30 23:40:01, PID 1861749 , 内存占用: 11352 MB 显存占用: 9551 MB
2024-07-30 23:40:03, PID 1861749 , 内存占用: 11352 MB 显存占用: 9551 MB
2024-07-30 23:40:04, PID 1861749 , 内存占用: 11352 MB 显存占用: 9551 MB
2024-07-30 23:40:05, PID 1861749 , 内存占用: 11352 MB 显存占用: 9551 MB
2024-07-30 23:40:06, PID 1861749 , 内存占用: 11352 MB 显存占用: 9551 MB
2024-07-30 23:40:08, PID 1861749 , 内存占用: 11352 MB 显存占用: 9551 MB
2024-07-30 23:40:09, PID 1861749 , 内存占用: 11352 MB 显存占用: 9551 MB
2024-07-30 23:40:10, PID 1861749 , 内存占用: 11352 MB 显存占用: 9551 MB
2024-07-30 23:40:11, PID 1861749 , 内存占用: 11352 MB 显存占用: 9551 MB
2024-07-30 23:40:13, PID 1861749 , 内存占用: 11352 MB 显存占用: 9551 MB
2024-07-30 23:40:14, PID 1861749 , 内存占用: 11352 MB 显存占用: 9551 MB
2024-07-30 23:40:15, PID 1861749 , 内存占用: 11352 MB 显存占用: 9551 MB
2024-07-30 23:40:16, PID 1861749 , 内存占用: 11352 MB 显存占用: 9551 MB
2024-07-30 23:40:17, PID 1861749 , 内存占用: 11425 MB 显存占用: 9551 MB
2024-07-30 23:40:19, PID 1861749 , 内存占用: 11347 MB 显存占用: 9551 MB
2024-07-30 23:40:20, PID 1861749 , 内存占用: 11426 MB 显存占用: 9551 MB
2024-07-30 23:40:21, PID 1861749 , 内存占用: 11375 MB 显存占用: 9551 MB
2024-07-30 23:40:22, PID 1861749 , 内存占用: 11347 MB 显存占用: 9551 MB
2024-07-30 23:40:23, PID 1861749 , 内存占用: 11437 MB 显存占用: 9551 MB
2024-07-30 23:40:25, PID 1861749 , 内存占用: 11431 MB 显存占用: 9551 MB
2024-07-30 23:40:26, PID 1861749 , 内存占用: 11351 MB 显存占用: 9551 MB
2024-07-30 23:40:27, PID 1861749 , 内存占用: 11350 MB 显存占用: 9551 MB
2024-07-30 23:40:28, PID 1861749 , 内存占用: 11404 MB 显存占用: 9551 MB
2024-07-30 23:40:30, PID 1861749 , 内存占用: 11390 MB 显存占用: 9551 MB
2024-07-30 23:40:31, PID 1861749 , 内存占用: 11372 MB 显存占用: 9551 MB
2024-07-30 23:40:32, PID 1861749 , 内存占用: 11346 MB 显存占用: 9551 MB
2024-07-30 23:40:33, PID 1861749 , 内存占用: 11363 MB 显存占用: 9551 MB
2024-07-30 23:40:34, PID 1861749 , 内存占用: 11385 MB 显存占用: 9551 MB
2024-07-30 23:40:36, PID 1861749 , 内存占用: 11430 MB 显存占用: 9551 MB
2024-07-30 23:40:37, PID 1861749 , 内存占用: 11348 MB 显存占用: 9551 MB
2024-07-30 23:40:38, PID 1861749 , 内存占用: 11400 MB 显存占用: 9551 MB
2024-07-30 23:40:39, PID 1861749 , 内存占用: 11382 MB 显存占用: 9551 MB
2024-07-30 23:40:41, PID 1861749 , 内存占用: 11345 MB 显存占用: 9551 MB
2024-07-30 23:40:42, PID 1861749 , 内存占用: 11469 MB 显存占用: 9551 MB
2024-07-30 23:40:43, PID 1861749 , 内存占用: 11376 MB 显存占用: 9551 MB
2024-07-30 23:40:44, PID 1861749 , 内存占用: 11422 MB 显存占用: 9551 MB
2024-07-30 23:40:45, PID 1861749 , 内存占用: 11422 MB 显存占用: 9551 MB
2024-07-30 23:40:47, PID 1861749 , 内存占用: 11422 MB 显存占用: 9551 MB
2024-07-30 23:40:48, PID 1861749 , 内存占用: 11422 MB 显存占用: 9551 MB
2024-07-30 23:40:49, PID 1861749 , 内存占用: 11422 MB 显存占用: 9551 MB
2024-07-30 23:40:50, PID 1861749 , 内存占用: 11422 MB 显存占用: 9551 MB
2024-07-30 23:40:52, PID 1861749 , 内存占用: 11422 MB 显存占用: 9551 MB
2024-07-30 23:40:53, PID 1861749 , 内存占用: 11422 MB 显存占用: 9551 MB
2024-07-30 23:40:54, PID 1861749 , 内存占用: 11422 MB 显存占用: 9551 MB
2024-07-30 23:40:55, PID 1861749 , 内存占用: 11422 MB 显存占用: 9551 MB
2024-07-30 23:40:56, PID 1861749 , 内存占用: 11422 MB 显存占用: 9551 MB
2024-07-30 23:40:58, PID 1861749 , 内存占用: 11422 MB 显存占用: 9551 MB
2024-07-30 23:40:59, PID 1861749 , 内存占用: 11422 MB 显存占用: 9551 MB
2024-07-30 23:41:00, PID 1861749 , 内存占用: 11422 MB 显存占用: 9551 MB
2024-07-30 23:41:01, PID 1861749 , 内存占用: 11422 MB 显存占用: 9551 MB
2024-07-30 23:41:02, PID 1861749 , 内存占用: 11422 MB 显存占用: 9551 MB
2024-07-30 23:41:04, PID 1861749 , 内存占用: 11422 MB 显存占用: 9551 MB
2024-07-30 23:41:05, PID 1861749 , 内存占用: 11422 MB 显存占用: 9551 MB
2024-07-30 23:41:06, PID 1861749 , 内存占用: 11422 MB 显存占用: 9551 MB
2024-07-30 23:41:07, PID 1861749 , 内存占用: 11422 MB 显存占用: 9551 MB
2024-07-30 23:41:08, PID 1861749 , 内存占用: 11422 MB 显存占用: 9551 MB
2024-07-30 23:41:10, PID 1861749 , 内存占用: 11422 MB 显存占用: 9551 MB
2024-07-30 23:41:11, PID 1861749 , 内存占用: 11422 MB 显存占用: 9551 MB
2024-07-30 23:41:12, PID 1861749 , 内存占用: 11422 MB 显存占用: 9551 MB
2024-07-30 23:41:13, PID 1861749 , 内存占用: 11422 MB 显存占用: 9551 MB
2024-07-30 23:41:14, PID 1861749 , 内存占用: 11422 MB 显存占用: 9551 MB
2024-07-30 23:41:16, PID 1861749 , 内存占用: 11422 MB 显存占用: 9551 MB
2024-07-30 23:41:17, PID 1861749 , 内存占用: 11422 MB 显存占用: 9551 MB
2024-07-30 23:41:18, PID 1861749 , 内存占用: 11422 MB 显存占用: 9551 MB
2024-07-30 23:41:19, PID 1861749 , 内存占用: 11422 MB 显存占用: 9551 MB
2024-07-30 23:41:21, PID 1861749 , 内存占用: 11422 MB 显存占用: 9551 MB
2024-07-30 23:41:22, PID 1861749 , 内存占用: 11422 MB 显存占用: 9551 MB
2024-07-30 23:41:23, PID 1861749 , 内存占用: 11422 MB 显存占用: 9551 MB
2024-07-30 23:41:24, PID 1861749 , 内存占用: 11422 MB 显存占用: 9551 MB
2024-07-30 23:41:26, PID 1861749 , 内存占用: 11422 MB 显存占用: 9551 MB
2024-07-30 23:41:27, PID 1861749 , 内存占用: 11422 MB 显存占用: 9551 MB
2024-07-30 23:41:28, PID 1861749 , 内存占用: 11422 MB 显存占用: 9551 MB
2024-07-30 23:41:29, PID 1861749 , 内存占用: 11422 MB 显存占用: 9551 MB
2024-07-30 23:41:30, PID 1861749 , 内存占用: 11422 MB 显存占用: 9551 MB
2024-07-30 23:41:32, PID 1861749 , 内存占用: 11422 MB 显存占用: 9551 MB
2024-07-30 23:41:33, PID 1861749 , 内存占用: 11422 MB 显存占用: 9551 MB
2024-07-30 23:41:34, PID 1861749 , 内存占用: 11422 MB 显存占用: 9551 MB
2024-07-30 23:41:35, PID 1861749 , 内存占用: 11422 MB 显存占用: 9551 MB
2024-07-30 23:41:36, PID 1861749 , 内存占用: 11422 MB 显存占用: 9551 MB
2024-07-30 23:41:38, PID 1861749 , 内存占用: 11422 MB 显存占用: 9551 MB
2024-07-30 23:41:39, PID 1861749 , 内存占用: 11422 MB 显存占用: 9551 MB
2024-07-30 23:41:40, PID 1861749 , 内存占用: 11422 MB 显存占用: 9551 MB
2024-07-30 23:41:41, PID 1861749 , 内存占用: 11422 MB 显存占用: 9551 MB
2024-07-30 23:41:43, PID 1861749 , 内存占用: 11422 MB 显存占用: 9551 MB
2024-07-30 23:41:44, PID 1861749 , 内存占用: 11422 MB 显存占用: 9551 MB
2024-07-30 23:41:45, PID 1861749 , 内存占用: 11422 MB 显存占用: 9551 MB
2024-07-30 23:41:46, PID 1861749 , 内存占用: 11422 MB 显存占用: 9551 MB
2024-07-30 23:41:47, PID 1861749 , 内存占用: 11422 MB 显存占用: 9551 MB
2024-07-30 23:41:49, PID 1861749 , 内存占用: 11422 MB 显存占用: 9551 MB
2024-07-30 23:41:50, PID 1861749 , 内存占用: 11422 MB 显存占用: 9551 MB
2024-07-30 23:41:51, PID 1861749 , 内存占用: 11422 MB 显存占用: 9551 MB
2024-07-30 23:41:52, PID 1861749 , 内存占用: 11422 MB 显存占用: 9551 MB
2024-07-30 23:41:53, PID 1861749 , 内存占用: 11422 MB 显存占用: 9551 MB
2024-07-30 23:41:55, PID 1861749 , 内存占用: 11422 MB 显存占用: 9551 MB
2024-07-30 23:41:56, PID 1861749 , 内存占用: 11422 MB 显存占用: 9551 MB
2024-07-30 23:41:57, PID 1861749 , 内存占用: 11422 MB 显存占用: 9551 MB
2024-07-30 23:41:58, PID 1861749 , 内存占用: 11422 MB 显存占用: 9551 MB
2024-07-30 23:42:00, PID 1861749 , 内存占用: 11422 MB 显存占用: 9551 MB
2024-07-30 23:42:01, PID 1861749 , 内存占用: 11422 MB 显存占用: 9551 MB
2024-07-30 23:42:02, PID 1861749 , 内存占用: 11422 MB 显存占用: 9551 MB
2024-07-30 23:42:03, PID 1861749 , 内存占用: 11422 MB 显存占用: 9551 MB
2024-07-30 23:42:04, PID 1861749 , 内存占用: 11422 MB 显存占用: 9551 MB
2024-07-30 23:42:06, PID 1861749 , 内存占用: 11422 MB 显存占用: 9551 MB
2024-07-30 23:42:07, PID 1861749 , 内存占用: 11422 MB 显存占用: 9551 MB
2024-07-30 23:42:08, PID 1861749 , 内存占用: 11422 MB 显存占用: 9551 MB
2024-07-30 23:42:09, PID 1861749 , 内存占用: 11422 MB 显存占用: 9551 MB
2024-07-30 23:42:10, PID 1861749 , 内存占用: 11422 MB 显存占用: 9551 MB
2024-07-30 23:42:12, PID 1861749 , 内存占用: 11422 MB 显存占用: 9551 MB
2024-07-30 23:42:13, PID 1861749 , 内存占用: 11422 MB 显存占用: 9551 MB
2024-07-30 23:42:14, PID 1861749 , 内存占用: 11422 MB 显存占用: 9551 MB
2024-07-30 23:42:15, PID 1861749 , 内存占用: 11329 MB 显存占用: 9551 MB
2024-07-30 23:42:16, PID 1861749 , 内存占用: 11332 MB 显存占用: 9551 MB
2024-07-30 23:42:18, PID 1861749 , 内存占用: 11328 MB 显存占用: 9551 MB
2024-07-30 23:42:19, PID 1861749 , 内存占用: 11440 MB 显存占用: 9551 MB
2024-07-30 23:42:20, PID 1861749 , 内存占用: 11334 MB 显存占用: 9551 MB
2024-07-30 23:42:21, PID 1861749 , 内存占用: 11360 MB 显存占用: 9551 MB
2024-07-30 23:42:23, PID 1861749 , 内存占用: 11410 MB 显存占用: 9551 MB
2024-07-30 23:42:24, PID 1861749 , 内存占用: 11316 MB 显存占用: 9551 MB
2024-07-30 23:42:25, PID 1861749 , 内存占用: 11352 MB 显存占用: 9551 MB
2024-07-30 23:42:26, PID 1861749 , 内存占用: 11386 MB 显存占用: 9551 MB
2024-07-30 23:42:27, PID 1861749 , 内存占用: 11387 MB 显存占用: 9551 MB
2024-07-30 23:42:29, PID 1861749 , 内存占用: 11367 MB 显存占用: 9551 MB
2024-07-30 23:42:30, PID 1861749 , 内存占用: 11358 MB 显存占用: 9551 MB
2024-07-30 23:42:31, PID 1861749 , 内存占用: 11385 MB 显存占用: 9551 MB
2024-07-30 23:42:32, PID 1861749 , 内存占用: 11344 MB 显存占用: 9551 MB
2024-07-30 23:42:33, PID 1861749 , 内存占用: 11400 MB 显存占用: 9551 MB
2024-07-30 23:42:35, PID 1861749 , 内存占用: 11402 MB 显存占用: 9551 MB
2024-07-30 23:42:36, PID 1861749 , 内存占用: 11370 MB 显存占用: 9551 MB
2024-07-30 23:42:37, PID 1861749 , 内存占用: 11375 MB 显存占用: 9551 MB
2024-07-30 23:42:38, PID 1861749 , 内存占用: 11343 MB 显存占用: 9551 MB
2024-07-30 23:42:40, PID 1861749 , 内存占用: 11375 MB 显存占用: 9551 MB
2024-07-30 23:42:41, PID 1861749 , 内存占用: 11337 MB 显存占用: 9551 MB
2024-07-30 23:42:42, PID 1861749 , 内存占用: 9904 MB 显存占用: 9551 MB
1861749
平均内存占用: 11066.35 MB
峰值内存占用: 11469 MB, 11 GB
峰值显存占用 9551 MB
