yes here.
Epoch 0:
平均每个batch用时0.00000s, 预计epoch时间: 0.000s
平均每个batch用时0.04828s, 预计epoch时间: 1073.081s
平均每个batch用时0.04911s, 预计epoch时间: 1091.318s
平均每个batch用时0.05108s, 预计epoch时间: 1135.235s
平均每个batch用时0.05333s, 预计epoch时间: 1185.102s
平均每个batch用时0.05492s, 预计epoch时间: 1220.637s
平均每个batch用时0.05655s, 预计epoch时间: 1256.695s
平均每个batch用时0.05778s, 预计epoch时间: 1284.074s
平均每个batch用时0.05828s, 预计epoch时间: 1295.217s
平均每个batch用时0.05891s, 预计epoch时间: 1309.201s
平均每个batch用时0.05917s, 预计epoch时间: 1314.908s
平均每个batch用时0.06060s, 预计epoch时间: 1346.755s
平均每个batch用时0.06096s, 预计epoch时间: 1354.701s
平均每个batch用时0.06129s, 预计epoch时间: 1362.190s
平均每个batch用时0.06203s, 预计epoch时间: 1378.496s
平均每个batch用时0.06242s, 预计epoch时间: 1387.230s
平均每个batch用时0.06324s, 预计epoch时间: 1405.463s
平均每个batch用时0.06345s, 预计epoch时间: 1410.166s
平均每个batch用时0.06356s, 预计epoch时间: 1412.577s
平均每个batch用时0.06352s, 预计epoch时间: 1411.715s
平均每个batch用时0.06288s, 预计epoch时间: 1397.410s
平均每个batch用时0.06231s, 预计epoch时间: 1384.705s
平均每个batch用时0.05901s, 预计epoch时间: 1311.371s
	total time:1304.41s prep time:763.45s sample time:60.31s mfgs time:34.57s gen_flags time:15.99s load_data time:99.52s gen_plan time:218.98s up_indicators time:252.25s up_buffs time:9.48s up_mail time:65.72s
model time: 321.3111500740051, loss time: 212.7155258655548
	train loss:30587148.3504  val ap:0.887771  val auc:0.869270 val time:251.91s
Epoch 1:
平均每个batch用时0.00000s, 预计epoch时间: 0.000s
平均每个batch用时0.04675s, 预计epoch时间: 1039.018s
平均每个batch用时0.04895s, 预计epoch时间: 1087.952s
平均每个batch用时0.05072s, 预计epoch时间: 1127.121s
平均每个batch用时0.05255s, 预计epoch时间: 1167.971s
平均每个batch用时0.05449s, 预计epoch时间: 1210.950s
平均每个batch用时0.05568s, 预计epoch时间: 1237.458s
平均每个batch用时0.05682s, 预计epoch时间: 1262.793s
平均每个batch用时0.05759s, 预计epoch时间: 1279.867s
平均每个batch用时0.05875s, 预计epoch时间: 1305.584s
平均每个batch用时0.05963s, 预计epoch时间: 1325.182s
平均每个batch用时0.06003s, 预计epoch时间: 1334.071s
平均每个batch用时0.06054s, 预计epoch时间: 1345.497s
平均每个batch用时0.06127s, 预计epoch时间: 1361.718s
平均每个batch用时0.06199s, 预计epoch时间: 1377.623s
平均每个batch用时0.06229s, 预计epoch时间: 1384.398s
平均每个batch用时0.06313s, 预计epoch时间: 1402.892s
平均每个batch用时0.06320s, 预计epoch时间: 1404.569s
平均每个batch用时0.06304s, 预计epoch时间: 1400.983s
平均每个batch用时0.06311s, 预计epoch时间: 1402.639s
平均每个batch用时0.06291s, 预计epoch时间: 1398.166s
平均每个batch用时0.06233s, 预计epoch时间: 1385.192s
平均每个batch用时0.05933s, 预计epoch时间: 1318.477s
	total time:1296.99s prep time:757.86s sample time:60.36s mfgs time:34.58s gen_flags time:15.85s load_data time:99.23s gen_plan time:218.67s up_indicators time:252.18s up_buffs time:6.22s up_mail time:65.52s
model time: 319.76509833335876, loss time: 212.47128081321716
	train loss:29585364.7101  val ap:0.892965  val auc:0.873481 val time:251.72s
Loading model at epoch 0...
