start
=============================================
=============================================
=============================================

2024-07-30 23:29:32, PID 1849226 , 内存占用: 54 MB 显存占用: 9 MB
2024-07-30 23:29:33, PID 1849226 , 内存占用: 239 MB 显存占用: 9 MB
2024-07-30 23:29:34, PID 1849226 , 内存占用: 978 MB 显存占用: 9 MB
2024-07-30 23:29:36, PID 1849226 , 内存占用: 905 MB 显存占用: 9 MB
2024-07-30 23:29:37, PID 1849226 , 内存占用: 1539 MB 显存占用: 549 MB
2024-07-30 23:29:38, PID 1849226 , 内存占用: 2099 MB 显存占用: 857 MB
2024-07-30 23:29:39, PID 1849226 , 内存占用: 3062 MB 显存占用: 2087 MB
2024-07-30 23:29:41, PID 1849226 , 内存占用: 3107 MB 显存占用: 3107 MB
2024-07-30 23:29:42, PID 1849226 , 内存占用: 3107 MB 显存占用: 3329 MB
2024-07-30 23:29:43, PID 1849226 , 内存占用: 3112 MB 显存占用: 3443 MB
2024-07-30 23:29:44, PID 1849226 , 内存占用: 3113 MB 显存占用: 3559 MB
2024-07-30 23:29:45, PID 1849226 , 内存占用: 3113 MB 显存占用: 3677 MB
2024-07-30 23:29:47, PID 1849226 , 内存占用: 3113 MB 显存占用: 3677 MB
2024-07-30 23:29:48, PID 1849226 , 内存占用: 3113 MB 显存占用: 3797 MB
2024-07-30 23:29:49, PID 1849226 , 内存占用: 3115 MB 显存占用: 3919 MB
2024-07-30 23:29:50, PID 1849226 , 内存占用: 3115 MB 显存占用: 3921 MB
2024-07-30 23:29:52, PID 1849226 , 内存占用: 3115 MB 显存占用: 4045 MB
2024-07-30 23:29:53, PID 1849226 , 内存占用: 3140 MB 显存占用: 4045 MB
2024-07-30 23:29:54, PID 1849226 , 内存占用: 3160 MB 显存占用: 4045 MB
2024-07-30 23:29:55, PID 1849226 , 内存占用: 3160 MB 显存占用: 4045 MB
2024-07-30 23:29:56, PID 1849226 , 内存占用: 3160 MB 显存占用: 4045 MB
2024-07-30 23:29:58, PID 1849226 , 内存占用: 3160 MB 显存占用: 4045 MB
2024-07-30 23:29:59, PID 1849226 , 内存占用: 3160 MB 显存占用: 4045 MB
2024-07-30 23:30:00, PID 1849226 , 内存占用: 3160 MB 显存占用: 4045 MB
2024-07-30 23:30:01, PID 1849226 , 内存占用: 3160 MB 显存占用: 4045 MB
2024-07-30 23:30:02, PID 1849226 , 内存占用: 3160 MB 显存占用: 4045 MB
2024-07-30 23:30:04, PID 1849226 , 内存占用: 3160 MB 显存占用: 4045 MB
2024-07-30 23:30:05, PID 1849226 , 内存占用: 3160 MB 显存占用: 4045 MB
2024-07-30 23:30:06, PID 1849226 , 内存占用: 3160 MB 显存占用: 4045 MB
2024-07-30 23:30:07, PID 1849226 , 内存占用: 3160 MB 显存占用: 4045 MB
2024-07-30 23:30:09, PID 1849226 , 内存占用: 0 MB 显存占用: 4025 MB
1849226
平均内存占用: 2615.39 MB
峰值内存占用: 3160 MB, 3 GB
峰值显存占用 4045 MB
