Sent: init_feats
Received: None
Epoch 0:
IO load: 0.000s presample and analyze: 0.000s 预采样: 0.000s, 预采样负采样:0.000s
cur batch: 0, start pre sample and analyze...
第一个块的加载时间: 2.984s
平均每个batch用时0.00000s, 预计epoch时间: 0.000s
run batch0total time: 0.00s,presample: 0.00s, sample: 0.00s, prep time: 0.00s, gen block: 0.00s, feat input: 0.00s, model run: 0.00s,                    loss and opt: 0.00s, update mem: 0.00s update mailbox: 0.00s
feat_buffer time: IO load: 0.395s 异步阻塞: 0.000s presample and analyze: 2.628s 预采样: 0.000s, 预采样负采样:0.207s              记忆刷入和更新:0.338s 纯刷入时间:0.000s 负采样分析: 2.082s
cur batch: 300, start pre sample and analyze...
cur batch: 600, start pre sample and analyze...
cur batch: 900, start pre sample and analyze...
平均每个batch用时0.02651s, 预计epoch时间: 589.211s
run batch1000total time: 26.51s,presample: 3.87s, sample: 0.62s, prep time: 6.17s, gen block: 2.43s, feat input: 1.51s, model run: 5.32s,                    loss and opt: 9.73s, update mem: 0.75s update mailbox: 0.99s
feat_buffer time: IO load: 1.152s 异步阻塞: 0.000s presample and analyze: 2.717s 预采样: 0.000s, 预采样负采样:0.294s              记忆刷入和更新:0.338s 纯刷入时间:0.000s 负采样分析: 2.082s
cur batch: 1200, start pre sample and analyze...
cur batch: 1500, start pre sample and analyze...
cur batch: 1800, start pre sample and analyze...
平均每个batch用时0.02285s, 预计epoch时间: 507.730s
run batch2000total time: 49.36s,presample: 4.83s, sample: 1.26s, prep time: 12.40s, gen block: 4.88s, feat input: 3.03s, model run: 9.65s,                    loss and opt: 19.62s, update mem: 1.51s update mailbox: 1.98s
feat_buffer time: IO load: 2.014s 异步阻塞: 0.000s presample and analyze: 2.809s 预采样: 0.000s, 预采样负采样:0.385s              记忆刷入和更新:0.338s 纯刷入时间:0.000s 负采样分析: 2.082s
cur batch: 2100, start pre sample and analyze...
cur batch: 2400, start pre sample and analyze...
cur batch: 2700, start pre sample and analyze...
cur batch: 3000, start pre sample and analyze...
平均每个batch用时0.02297s, 预计epoch时间: 510.492s
run batch3000total time: 72.33s,presample: 5.78s, sample: 1.89s, prep time: 18.67s, gen block: 7.31s, feat input: 4.56s, model run: 14.03s,                    loss and opt: 29.55s, update mem: 2.27s update mailbox: 2.99s
feat_buffer time: IO load: 3.172s 异步阻塞: 0.000s presample and analyze: 2.938s 预采样: 0.000s, 预采样负采样:0.512s              记忆刷入和更新:0.338s 纯刷入时间:0.000s 负采样分析: 2.082s
cur batch: 3300, start pre sample and analyze...
cur batch: 3600, start pre sample and analyze...
cur batch: 3900, start pre sample and analyze...
平均每个batch用时0.02347s, 预计epoch时间: 521.528s
run batch4000total time: 95.79s,presample: 7.34s, sample: 2.52s, prep time: 24.92s, gen block: 9.73s, feat input: 6.07s, model run: 18.38s,                    loss and opt: 39.42s, update mem: 3.02s update mailbox: 3.99s
feat_buffer time: IO load: 4.273s 异步阻塞: 0.001s presample and analyze: 3.046s 预采样: 0.000s, 预采样负采样:0.619s              记忆刷入和更新:0.338s 纯刷入时间:0.000s 负采样分析: 2.082s
cur batch: 4200, start pre sample and analyze...
cur batch: 4500, start pre sample and analyze...
cur batch: 4800, start pre sample and analyze...
平均每个batch用时0.02317s, 预计epoch时间: 514.935s
run batch5000total time: 118.96s,presample: 8.39s, sample: 3.15s, prep time: 31.28s, gen block: 12.19s, feat input: 7.63s, model run: 22.75s,                    loss and opt: 49.37s, update mem: 3.79s update mailbox: 4.99s
feat_buffer time: IO load: 5.206s 异步阻塞: 0.001s presample and analyze: 3.154s 预采样: 0.000s, 预采样负采样:0.725s              记忆刷入和更新:0.338s 纯刷入时间:0.000s 负采样分析: 2.082s
cur batch: 5100, start pre sample and analyze...
cur batch: 5400, start pre sample and analyze...
cur batch: 5700, start pre sample and analyze...
cur batch: 6000, start pre sample and analyze...
平均每个batch用时0.02338s, 预计epoch时间: 519.525s
run batch6000total time: 142.34s,presample: 9.49s, sample: 3.79s, prep time: 37.63s, gen block: 14.64s, feat input: 9.19s, model run: 27.17s,                    loss and opt: 59.43s, update mem: 4.55s update mailbox: 6.00s
feat_buffer time: IO load: 6.585s 异步阻塞: 0.001s presample and analyze: 3.312s 预采样: 0.000s, 预采样负采样:0.881s              记忆刷入和更新:0.338s 纯刷入时间:0.000s 负采样分析: 2.082s
cur batch: 6300, start pre sample and analyze...
cur batch: 6600, start pre sample and analyze...
cur batch: 6900, start pre sample and analyze...
平均每个batch用时0.02365s, 预计epoch时间: 525.494s
run batch7000total time: 165.98s,presample: 11.32s, sample: 4.41s, prep time: 43.99s, gen block: 17.05s, feat input: 10.71s, model run: 31.42s,                    loss and opt: 69.23s, update mem: 5.30s update mailbox: 6.99s
feat_buffer time: IO load: 7.843s 异步阻塞: 0.001s presample and analyze: 3.440s 预采样: 0.000s, 预采样负采样:1.009s              记忆刷入和更新:0.338s 纯刷入时间:0.000s 负采样分析: 2.082s
cur batch: 7200, start pre sample and analyze...
cur batch: 7500, start pre sample and analyze...
cur batch: 7800, start pre sample and analyze...
平均每个batch用时0.02370s, 预计epoch时间: 526.644s
run batch8000total time: 189.68s,presample: 12.57s, sample: 5.05s, prep time: 50.50s, gen block: 19.55s, feat input: 12.27s, model run: 35.87s,                    loss and opt: 79.25s, update mem: 6.07s update mailbox: 8.01s
feat_buffer time: IO load: 8.947s 异步阻塞: 0.001s presample and analyze: 3.583s 预采样: 0.000s, 预采样负采样:1.150s              记忆刷入和更新:0.338s 纯刷入时间:0.000s 负采样分析: 2.082s
cur batch: 8100, start pre sample and analyze...
cur batch: 8400, start pre sample and analyze...
cur batch: 8700, start pre sample and analyze...
cur batch: 9000, start pre sample and analyze...
平均每个batch用时0.02355s, 预计epoch时间: 523.433s
run batch9000total time: 213.23s,presample: 14.10s, sample: 5.67s, prep time: 56.90s, gen block: 21.98s, feat input: 13.81s, model run: 40.21s,                    loss and opt: 89.13s, update mem: 6.82s update mailbox: 9.00s
feat_buffer time: IO load: 10.703s 异步阻塞: 0.001s presample and analyze: 3.784s 预采样: 0.000s, 预采样负采样:1.349s              记忆刷入和更新:0.338s 纯刷入时间:0.000s 负采样分析: 2.082s
cur batch: 9300, start pre sample and analyze...
cur batch: 9600, start pre sample and analyze...
cur batch: 9900, start pre sample and analyze...
平均每个batch用时0.02403s, 预计epoch时间: 534.014s
run batch10000total time: 237.26s,presample: 15.87s, sample: 6.30s, prep time: 63.37s, gen block: 24.44s, feat input: 15.36s, model run: 44.60s,                    loss and opt: 99.09s, update mem: 7.57s update mailbox: 10.01s
feat_buffer time: IO load: 11.864s 异步阻塞: 0.001s presample and analyze: 3.947s 预采样: 0.000s, 预采样负采样:1.511s              记忆刷入和更新:0.338s 纯刷入时间:0.000s 负采样分析: 2.082s
cur batch: 10200, start pre sample and analyze...
cur batch: 10500, start pre sample and analyze...
cur batch: 10800, start pre sample and analyze...
平均每个batch用时0.02377s, 预计epoch时间: 528.369s
run batch11000total time: 261.04s,presample: 17.24s, sample: 6.93s, prep time: 69.88s, gen block: 26.91s, feat input: 16.92s, model run: 48.97s,                    loss and opt: 109.16s, update mem: 8.33s update mailbox: 11.01s
feat_buffer time: IO load: 13.057s 异步阻塞: 0.001s presample and analyze: 4.124s 预采样: 0.000s, 预采样负采样:1.686s              记忆刷入和更新:0.338s 纯刷入时间:0.000s 负采样分析: 2.082s
cur batch: 11100, start pre sample and analyze...
cur batch: 11400, start pre sample and analyze...
cur batch: 11700, start pre sample and analyze...
cur batch: 12000, start pre sample and analyze...
平均每个batch用时0.02421s, 预计epoch时间: 538.019s
run batch12000total time: 285.24s,presample: 18.85s, sample: 7.57s, prep time: 76.52s, gen block: 29.41s, feat input: 18.52s, model run: 53.43s,                    loss and opt: 119.20s, update mem: 9.10s update mailbox: 12.04s
feat_buffer time: IO load: 14.872s 异步阻塞: 0.002s presample and analyze: 4.376s 预采样: 0.000s, 预采样负采样:1.937s              记忆刷入和更新:0.338s 纯刷入时间:0.000s 负采样分析: 2.082s
cur batch: 12300, start pre sample and analyze...
cur batch: 12600, start pre sample and analyze...
cur batch: 12900, start pre sample and analyze...
平均每个batch用时0.02438s, 预计epoch时间: 541.835s
run batch13000total time: 309.62s,presample: 20.80s, sample: 8.20s, prep time: 83.10s, gen block: 31.90s, feat input: 20.09s, model run: 57.84s,                    loss and opt: 129.19s, update mem: 9.86s update mailbox: 13.05s
feat_buffer time: IO load: 16.147s 异步阻塞: 0.002s presample and analyze: 4.578s 预采样: 0.000s, 预采样负采样:2.138s              记忆刷入和更新:0.338s 纯刷入时间:0.000s 负采样分析: 2.082s
cur batch: 13200, start pre sample and analyze...
cur batch: 13500, start pre sample and analyze...
cur batch: 13800, start pre sample and analyze...
平均每个batch用时0.02439s, 预计epoch时间: 542.141s
run batch14000total time: 334.02s,presample: 22.63s, sample: 8.84s, prep time: 89.68s, gen block: 34.38s, feat input: 21.66s, model run: 62.29s,                    loss and opt: 139.26s, update mem: 10.62s update mailbox: 14.06s
feat_buffer time: IO load: 17.760s 异步阻塞: 0.002s presample and analyze: 4.794s 预采样: 0.000s, 预采样负采样:2.353s              记忆刷入和更新:0.338s 纯刷入时间:0.000s 负采样分析: 2.082s
cur batch: 14100, start pre sample and analyze...
cur batch: 14400, start pre sample and analyze...
cur batch: 14700, start pre sample and analyze...
cur batch: 15000, start pre sample and analyze...
平均每个batch用时0.02375s, 预计epoch时间: 527.877s
run batch15000total time: 357.77s,presample: 24.21s, sample: 9.46s, prep time: 96.25s, gen block: 36.81s, feat input: 23.19s, model run: 66.61s,                    loss and opt: 149.14s, update mem: 11.37s update mailbox: 15.05s
feat_buffer time: IO load: 19.776s 异步阻塞: 0.002s presample and analyze: 5.099s 预采样: 0.000s, 预采样负采样:2.656s              记忆刷入和更新:0.338s 纯刷入时间:0.000s 负采样分析: 2.082s
cur batch: 15300, start pre sample and analyze...
cur batch: 15600, start pre sample and analyze...
cur batch: 15900, start pre sample and analyze...
平均每个batch用时0.02496s, 预计epoch时间: 554.621s
run batch16000total time: 382.73s,presample: 26.55s, sample: 10.09s, prep time: 102.92s, gen block: 39.30s, feat input: 24.77s, model run: 71.03s,                    loss and opt: 159.20s, update mem: 12.13s update mailbox: 16.06s
feat_buffer time: IO load: 21.126s 异步阻塞: 0.002s presample and analyze: 5.341s 预采样: 0.000s, 预采样负采样:2.897s              记忆刷入和更新:0.338s 纯刷入时间:0.000s 负采样分析: 2.082s
cur batch: 16200, start pre sample and analyze...
cur batch: 16500, start pre sample and analyze...
cur batch: 16800, start pre sample and analyze...
平均每个batch用时0.02472s, 预计epoch时间: 549.374s
run batch17000total time: 407.44s,presample: 28.39s, sample: 10.74s, prep time: 109.65s, gen block: 41.84s, feat input: 26.38s, model run: 75.49s,                    loss and opt: 169.42s, update mem: 12.90s update mailbox: 17.09s
feat_buffer time: IO load: 22.703s 异步阻塞: 0.002s presample and analyze: 5.595s 预采样: 0.000s, 预采样负采样:3.149s              记忆刷入和更新:0.338s 纯刷入时间:0.000s 负采样分析: 2.082s
cur batch: 17100, start pre sample and analyze...
cur batch: 17400, start pre sample and analyze...
cur batch: 17700, start pre sample and analyze...
cur batch: 18000, start pre sample and analyze...
平均每个batch用时0.02473s, 预计epoch时间: 549.651s
run batch18000total time: 432.18s,presample: 30.26s, sample: 11.38s, prep time: 116.43s, gen block: 44.35s, feat input: 27.99s, model run: 80.01s,                    loss and opt: 179.51s, update mem: 13.68s update mailbox: 18.12s
feat_buffer time: IO load: 24.778s 异步阻塞: 0.002s presample and analyze: 5.953s 预采样: 0.000s, 预采样负采样:3.506s              记忆刷入和更新:0.338s 纯刷入时间:0.000s 负采样分析: 2.082s
cur batch: 18300, start pre sample and analyze...
cur batch: 18600, start pre sample and analyze...
cur batch: 18900, start pre sample and analyze...
平均每个batch用时0.02533s, 预计epoch时间: 562.990s
run batch19000total time: 457.51s,presample: 32.70s, sample: 12.03s, prep time: 123.24s, gen block: 46.89s, feat input: 29.57s, model run: 84.42s,                    loss and opt: 189.68s, update mem: 14.46s update mailbox: 19.16s
feat_buffer time: IO load: 26.368s 异步阻塞: 0.003s presample and analyze: 6.232s 预采样: 0.000s, 预采样负采样:3.782s              记忆刷入和更新:0.338s 纯刷入时间:0.000s 负采样分析: 2.082s
cur batch: 19200, start pre sample and analyze...
cur batch: 19500, start pre sample and analyze...
cur batch: 19800, start pre sample and analyze...
平均每个batch用时0.02470s, 预计epoch时间: 549.004s
run batch20000total time: 482.21s,presample: 34.70s, sample: 12.67s, prep time: 130.03s, gen block: 49.37s, feat input: 31.15s, model run: 88.85s,                    loss and opt: 199.73s, update mem: 15.22s update mailbox: 20.18s
feat_buffer time: IO load: 28.066s 异步阻塞: 0.003s presample and analyze: 6.520s 预采样: 0.000s, 预采样负采样:4.070s              记忆刷入和更新:0.338s 纯刷入时间:0.000s 负采样分析: 2.082s
cur batch: 20100, start pre sample and analyze...
cur batch: 20400, start pre sample and analyze...
cur batch: 20700, start pre sample and analyze...
cur batch: 21000, start pre sample and analyze...
平均每个batch用时0.02463s, 预计epoch时间: 547.293s
run batch21000total time: 506.84s,presample: 36.50s, sample: 13.31s, prep time: 136.86s, gen block: 51.86s, feat input: 32.73s, model run: 93.29s,                    loss and opt: 209.81s, update mem: 15.99s update mailbox: 21.20s
feat_buffer time: IO load: 30.262s 异步阻塞: 0.003s presample and analyze: 6.917s 预采样: 0.000s, 预采样负采样:4.465s              记忆刷入和更新:0.338s 纯刷入时间:0.000s 负采样分析: 2.082s
cur batch: 21300, start pre sample and analyze...
cur batch: 21600, start pre sample and analyze...
cur batch: 21900, start pre sample and analyze...
平均每个batch用时0.02566s, 预计epoch时间: 570.310s
run batch22000total time: 532.50s,presample: 39.28s, sample: 13.95s, prep time: 143.70s, gen block: 54.38s, feat input: 34.32s, model run: 97.72s,                    loss and opt: 219.94s, update mem: 16.77s update mailbox: 22.24s
feat_buffer time: IO load: 32.027s 异步阻塞: 0.003s presample and analyze: 7.127s 预采样: 0.000s, 预采样负采样:4.674s              记忆刷入和更新:0.338s 纯刷入时间:0.000s 负采样分析: 2.082s
cur batch: 22200, start pre sample and analyze...
total loop use time: 541.3923
run batch22223total time: 537.52s,presample: 39.37s, sample: 14.08s, prep time: 145.16s, gen block: 54.90s, feat input: 34.66s, model run: 98.67s,               loss and opt: 222.17s, update mem: 16.93s update mailbox: 22.45s
Epoch 1:
IO load: 32.120s presample and analyze: 7.128s 预采样: 0.000s, 预采样负采样:4.674s
cur batch: 0, start pre sample and analyze...
第一个块的加载时间: 1.774s
平均每个batch用时0.00000s, 预计epoch时间: 0.000s
run batch0total time: 0.00s,presample: 0.00s, sample: 0.00s, prep time: 0.00s, gen block: 0.00s, feat input: 0.00s, model run: 0.00s,                    loss and opt: 0.00s, update mem: 0.00s update mailbox: 0.00s
feat_buffer time: IO load: 0.295s 异步阻塞: 0.000s presample and analyze: 1.510s 预采样: 0.000s, 预采样负采样:0.061s              记忆刷入和更新:0.317s 纯刷入时间:0.000s 负采样分析: 1.132s
cur batch: 300, start pre sample and analyze...
cur batch: 600, start pre sample and analyze...
cur batch: 900, start pre sample and analyze...
平均每个batch用时0.02420s, 预计epoch时间: 537.734s
run batch1000total time: 24.20s,presample: 2.69s, sample: 0.61s, prep time: 6.06s, gen block: 2.35s, feat input: 1.48s, model run: 4.25s,                    loss and opt: 9.81s, update mem: 0.73s update mailbox: 0.96s
feat_buffer time: IO load: 1.086s 异步阻塞: 0.000s presample and analyze: 1.595s 预采样: 0.000s, 预采样负采样:0.144s              记忆刷入和更新:0.317s 纯刷入时间:0.000s 负采样分析: 1.132s
cur batch: 1200, start pre sample and analyze...
cur batch: 1500, start pre sample and analyze...
cur batch: 1800, start pre sample and analyze...
平均每个batch用时0.02271s, 预计epoch时间: 504.652s
run batch2000total time: 46.90s,presample: 3.64s, sample: 1.23s, prep time: 12.21s, gen block: 4.75s, feat input: 2.99s, model run: 8.55s,                    loss and opt: 19.70s, update mem: 1.48s update mailbox: 1.95s
feat_buffer time: IO load: 1.941s 异步阻塞: 0.000s presample and analyze: 1.687s 预采样: 0.000s, 预采样负采样:0.234s              记忆刷入和更新:0.317s 纯刷入时间:0.000s 负采样分析: 1.132s
cur batch: 2100, start pre sample and analyze...
cur batch: 2400, start pre sample and analyze...
cur batch: 2700, start pre sample and analyze...
cur batch: 3000, start pre sample and analyze...
平均每个batch用时0.02264s, 预计epoch时间: 503.257s
run batch3000total time: 69.55s,presample: 4.56s, sample: 1.86s, prep time: 18.44s, gen block: 7.16s, feat input: 4.49s, model run: 12.82s,                    loss and opt: 29.51s, update mem: 2.24s update mailbox: 2.94s
feat_buffer time: IO load: 3.069s 异步阻塞: 0.000s presample and analyze: 1.811s 预采样: 0.000s, 预采样负采样:0.357s              记忆刷入和更新:0.317s 纯刷入时间:0.000s 负采样分析: 1.132s
cur batch: 3300, start pre sample and analyze...
cur batch: 3600, start pre sample and analyze...
cur batch: 3900, start pre sample and analyze...
平均每个batch用时0.02310s, 预计epoch时间: 513.409s
run batch4000total time: 92.65s,presample: 5.93s, sample: 2.48s, prep time: 24.62s, gen block: 9.56s, feat input: 6.01s, model run: 17.14s,                    loss and opt: 39.33s, update mem: 2.98s update mailbox: 3.92s
feat_buffer time: IO load: 4.000s 异步阻塞: 0.001s presample and analyze: 1.914s 预采样: 0.000s, 预采样负采样:0.459s              记忆刷入和更新:0.317s 纯刷入时间:0.000s 负采样分析: 1.132s
cur batch: 4200, start pre sample and analyze...
cur batch: 4500, start pre sample and analyze...
cur batch: 4800, start pre sample and analyze...
平均每个batch用时0.02299s, 预计epoch时间: 511.023s
run batch5000total time: 115.64s,presample: 7.01s, sample: 3.10s, prep time: 30.89s, gen block: 11.97s, feat input: 7.54s, model run: 21.46s,                    loss and opt: 49.25s, update mem: 3.73s update mailbox: 4.91s
feat_buffer time: IO load: 4.954s 异步阻塞: 0.001s presample and analyze: 2.024s 预采样: 0.000s, 预采样负采样:0.568s              记忆刷入和更新:0.317s 纯刷入时间:0.000s 负采样分析: 1.132s
cur batch: 5100, start pre sample and analyze...
cur batch: 5400, start pre sample and analyze...
cur batch: 5700, start pre sample and analyze...
cur batch: 6000, start pre sample and analyze...
平均每个batch用时0.02269s, 预计epoch时间: 504.223s
run batch6000total time: 138.33s,presample: 8.12s, sample: 3.71s, prep time: 37.15s, gen block: 14.34s, feat input: 9.03s, model run: 25.67s,                    loss and opt: 58.97s, update mem: 4.47s update mailbox: 5.88s
feat_buffer time: IO load: 6.285s 异步阻塞: 0.001s presample and analyze: 2.187s 预采样: 0.000s, 预采样负采样:0.729s              记忆刷入和更新:0.317s 纯刷入时间:0.000s 负采样分析: 1.132s
cur batch: 6300, start pre sample and analyze...
cur batch: 6600, start pre sample and analyze...
cur batch: 6900, start pre sample and analyze...
平均每个batch用时0.02368s, 预计epoch时间: 526.323s
run batch7000total time: 162.01s,presample: 9.67s, sample: 4.34s, prep time: 43.50s, gen block: 16.78s, feat input: 10.57s, model run: 30.06s,                    loss and opt: 68.91s, update mem: 5.22s update mailbox: 6.88s
feat_buffer time: IO load: 7.319s 异步阻塞: 0.001s presample and analyze: 2.317s 预采样: 0.000s, 预采样负采样:0.857s              记忆刷入和更新:0.317s 纯刷入时间:0.000s 负采样分析: 1.132s
cur batch: 7200, start pre sample and analyze...
cur batch: 7500, start pre sample and analyze...
cur batch: 7800, start pre sample and analyze...
平均每个batch用时0.02341s, 预计epoch时间: 520.232s
run batch8000total time: 185.42s,presample: 10.93s, sample: 4.97s, prep time: 49.96s, gen block: 19.24s, feat input: 12.13s, model run: 34.44s,                    loss and opt: 78.78s, update mem: 5.98s update mailbox: 7.88s
feat_buffer time: IO load: 8.429s 异步阻塞: 0.001s presample and analyze: 2.460s 预采样: 0.000s, 预采样负采样:0.999s              记忆刷入和更新:0.317s 纯刷入时间:0.000s 负采样分析: 1.132s
cur batch: 8100, start pre sample and analyze...
cur batch: 8400, start pre sample and analyze...
cur batch: 8700, start pre sample and analyze...
cur batch: 9000, start pre sample and analyze...
平均每个batch用时0.02348s, 预计epoch时间: 521.878s
run batch9000total time: 208.90s,presample: 12.22s, sample: 5.60s, prep time: 56.38s, gen block: 21.69s, feat input: 13.68s, model run: 38.83s,                    loss and opt: 88.73s, update mem: 6.74s update mailbox: 8.88s
feat_buffer time: IO load: 9.918s 异步阻塞: 0.001s presample and analyze: 2.663s 预采样: 0.000s, 预采样负采样:1.200s              记忆刷入和更新:0.317s 纯刷入时间:0.000s 负采样分析: 1.132s
cur batch: 9300, start pre sample and analyze...
cur batch: 9600, start pre sample and analyze...
cur batch: 9900, start pre sample and analyze...
平均每个batch用时0.02408s, 预计epoch时间: 535.192s
run batch10000total time: 232.98s,presample: 13.96s, sample: 6.23s, prep time: 62.91s, gen block: 24.16s, feat input: 15.25s, model run: 43.29s,                    loss and opt: 98.65s, update mem: 7.50s update mailbox: 9.88s
feat_buffer time: IO load: 11.078s 异步阻塞: 0.001s presample and analyze: 2.826s 预采样: 0.000s, 预采样负采样:1.362s              记忆刷入和更新:0.317s 纯刷入时间:0.000s 负采样分析: 1.132s
cur batch: 10200, start pre sample and analyze...
cur batch: 10500, start pre sample and analyze...
cur batch: 10800, start pre sample and analyze...
平均每个batch用时0.02406s, 预计epoch时间: 534.779s
run batch11000total time: 257.05s,presample: 15.39s, sample: 6.88s, prep time: 69.53s, gen block: 26.69s, feat input: 16.84s, model run: 47.76s,                    loss and opt: 108.72s, update mem: 8.27s update mailbox: 10.90s
feat_buffer time: IO load: 12.329s 异步阻塞: 0.001s presample and analyze: 3.003s 预采样: 0.000s, 预采样负采样:1.537s              记忆刷入和更新:0.317s 纯刷入时间:0.000s 负采样分析: 1.132s
cur batch: 11100, start pre sample and analyze...
cur batch: 11400, start pre sample and analyze...
cur batch: 11700, start pre sample and analyze...
cur batch: 12000, start pre sample and analyze...
平均每个batch用时0.02374s, 预计epoch时间: 527.612s
run batch12000total time: 280.79s,presample: 16.84s, sample: 7.50s, prep time: 76.00s, gen block: 29.14s, feat input: 18.39s, model run: 52.07s,                    loss and opt: 118.80s, update mem: 9.02s update mailbox: 11.90s
feat_buffer time: IO load: 13.988s 异步阻塞: 0.002s presample and analyze: 3.260s 预采样: 0.000s, 预采样负采样:1.793s              记忆刷入和更新:0.317s 纯刷入时间:0.000s 负采样分析: 1.132s
cur batch: 12300, start pre sample and analyze...
cur batch: 12600, start pre sample and analyze...
cur batch: 12900, start pre sample and analyze...
平均每个batch用时0.02447s, 预计epoch时间: 543.892s
run batch13000total time: 305.26s,presample: 18.74s, sample: 8.14s, prep time: 82.58s, gen block: 31.64s, feat input: 19.97s, model run: 56.50s,                    loss and opt: 128.90s, update mem: 9.79s update mailbox: 12.91s
feat_buffer time: IO load: 15.209s 异步阻塞: 0.002s presample and analyze: 3.461s 预采样: 0.000s, 预采样负采样:1.992s              记忆刷入和更新:0.317s 纯刷入时间:0.000s 负采样分析: 1.132s
cur batch: 13200, start pre sample and analyze...
cur batch: 13500, start pre sample and analyze...
cur batch: 13800, start pre sample and analyze...
平均每个batch用时0.02424s, 预计epoch时间: 538.601s
run batch14000total time: 329.49s,presample: 20.22s, sample: 8.78s, prep time: 89.21s, gen block: 34.14s, feat input: 21.56s, model run: 60.98s,                    loss and opt: 139.07s, update mem: 10.58s update mailbox: 13.94s
feat_buffer time: IO load: 16.475s 异步阻塞: 0.002s presample and analyze: 3.672s 预采样: 0.000s, 预采样负采样:2.203s              记忆刷入和更新:0.317s 纯刷入时间:0.000s 负采样分析: 1.132s
cur batch: 14100, start pre sample and analyze...
cur batch: 14400, start pre sample and analyze...
cur batch: 14700, start pre sample and analyze...
cur batch: 15000, start pre sample and analyze...
平均每个batch用时0.02415s, 预计epoch时间: 536.702s
run batch15000total time: 353.64s,presample: 21.77s, sample: 9.42s, prep time: 95.91s, gen block: 36.64s, feat input: 23.15s, model run: 65.41s,                    loss and opt: 149.09s, update mem: 11.35s update mailbox: 14.96s
feat_buffer time: IO load: 18.246s 异步阻塞: 0.002s presample and analyze: 3.977s 预采样: 0.000s, 预采样负采样:2.505s              记忆刷入和更新:0.317s 纯刷入时间:0.000s 负采样分析: 1.132s
cur batch: 15300, start pre sample and analyze...
cur batch: 15600, start pre sample and analyze...
cur batch: 15900, start pre sample and analyze...
平均每个batch用时0.02472s, 预计epoch时间: 549.468s
run batch16000total time: 378.37s,presample: 23.89s, sample: 10.06s, prep time: 102.59s, gen block: 39.13s, feat input: 24.72s, model run: 69.80s,                    loss and opt: 159.17s, update mem: 12.11s update mailbox: 15.97s
feat_buffer time: IO load: 19.585s 异步阻塞: 0.002s presample and analyze: 4.221s 预采样: 0.000s, 预采样负采样:2.749s              记忆刷入和更新:0.317s 纯刷入时间:0.000s 负采样分析: 1.132s
cur batch: 16200, start pre sample and analyze...
cur batch: 16500, start pre sample and analyze...
cur batch: 16800, start pre sample and analyze...
平均每个batch用时0.02405s, 预计epoch时间: 534.519s
run batch17000total time: 402.42s,presample: 25.55s, sample: 10.69s, prep time: 109.29s, gen block: 41.61s, feat input: 26.28s, model run: 74.19s,                    loss and opt: 169.03s, update mem: 12.86s update mailbox: 16.97s
feat_buffer time: IO load: 20.985s 异步阻塞: 0.002s presample and analyze: 4.476s 预采样: 0.000s, 预采样负采样:3.002s              记忆刷入和更新:0.317s 纯刷入时间:0.000s 负采样分析: 1.132s
cur batch: 17100, start pre sample and analyze...
cur batch: 17400, start pre sample and analyze...
cur batch: 17700, start pre sample and analyze...
cur batch: 18000, start pre sample and analyze...
平均每个batch用时0.02425s, 预计epoch时间: 538.850s
run batch18000total time: 426.66s,presample: 27.25s, sample: 11.32s, prep time: 116.03s, gen block: 44.09s, feat input: 27.86s, model run: 78.60s,                    loss and opt: 178.98s, update mem: 13.63s update mailbox: 17.98s
feat_buffer time: IO load: 22.895s 异步阻塞: 0.002s presample and analyze: 4.830s 预采样: 0.000s, 预采样负采样:3.355s              记忆刷入和更新:0.317s 纯刷入时间:0.000s 负采样分析: 1.132s
cur batch: 18300, start pre sample and analyze...
cur batch: 18600, start pre sample and analyze...
cur batch: 18900, start pre sample and analyze...
平均每个batch用时0.02547s, 预计epoch时间: 565.944s
run batch19000total time: 452.13s,presample: 29.56s, sample: 11.97s, prep time: 122.86s, gen block: 46.65s, feat input: 29.47s, model run: 83.12s,                    loss and opt: 189.30s, update mem: 14.41s update mailbox: 19.01s
feat_buffer time: IO load: 24.350s 异步阻塞: 0.002s presample and analyze: 5.108s 预采样: 0.000s, 预采样负采样:3.631s              记忆刷入和更新:0.317s 纯刷入时间:0.000s 负采样分析: 1.132s
cur batch: 19200, start pre sample and analyze...
cur batch: 19500, start pre sample and analyze...
cur batch: 19800, start pre sample and analyze...
平均每个batch用时0.02460s, 预计epoch时间: 546.783s
run batch20000total time: 476.73s,presample: 31.31s, sample: 12.61s, prep time: 129.61s, gen block: 49.13s, feat input: 31.04s, model run: 87.50s,                    loss and opt: 199.56s, update mem: 15.17s update mailbox: 20.03s
feat_buffer time: IO load: 25.807s 异步阻塞: 0.003s presample and analyze: 5.396s 预采样: 0.000s, 预采样负采样:3.917s              记忆刷入和更新:0.317s 纯刷入时间:0.000s 负采样分析: 1.132s
cur batch: 20100, start pre sample and analyze...
cur batch: 20400, start pre sample and analyze...
cur batch: 20700, start pre sample and analyze...
cur batch: 21000, start pre sample and analyze...
平均每个batch用时0.02459s, 预计epoch时间: 546.596s
run batch21000total time: 501.32s,presample: 33.21s, sample: 13.25s, prep time: 136.50s, gen block: 51.63s, feat input: 32.62s, model run: 91.93s,                    loss and opt: 209.48s, update mem: 15.94s update mailbox: 21.05s
feat_buffer time: IO load: 27.933s 异步阻塞: 0.003s presample and analyze: 5.792s 预采样: 0.000s, 预采样负采样:4.312s              记忆刷入和更新:0.317s 纯刷入时间:0.000s 负采样分析: 1.132s
cur batch: 21300, start pre sample and analyze...
cur batch: 21600, start pre sample and analyze...
cur batch: 21900, start pre sample and analyze...
平均每个batch用时0.02533s, 预计epoch时间: 563.022s
run batch22000total time: 526.66s,presample: 35.75s, sample: 13.89s, prep time: 143.36s, gen block: 54.15s, feat input: 34.22s, model run: 96.39s,                    loss and opt: 219.47s, update mem: 16.71s update mailbox: 22.08s
feat_buffer time: IO load: 29.626s 异步阻塞: 0.003s presample and analyze: 6.005s 预采样: 0.000s, 预采样负采样:4.523s              记忆刷入和更新:0.317s 纯刷入时间:0.000s 负采样分析: 1.132s
cur batch: 22200, start pre sample and analyze...
total loop use time: 535.4072
run batch22223total time: 531.61s,presample: 35.84s, sample: 14.03s, prep time: 144.84s, gen block: 54.68s, feat input: 34.56s, model run: 97.32s,               loss and opt: 221.64s, update mem: 16.87s update mailbox: 22.29s
Loading model at epoch 0...
训练完成，退出子进程
