start
=============================================
=============================================
=============================================

2024-07-30 23:30:10, PID 1850125 , 内存占用: 54 MB 显存占用: 9 MB
2024-07-30 23:30:11, PID 1850125 , 内存占用: 254 MB 显存占用: 9 MB
2024-07-30 23:30:12, PID 1850125 , 内存占用: 416 MB 显存占用: 9 MB
2024-07-30 23:30:14, PID 1850125 , 内存占用: 575 MB 显存占用: 9 MB
2024-07-30 23:30:15, PID 1850125 , 内存占用: 1130 MB 显存占用: 511 MB
2024-07-30 23:30:16, PID 1850125 , 内存占用: 1938 MB 显存占用: 753 MB
2024-07-30 23:30:17, PID 1850125 , 内存占用: 2195 MB 显存占用: 753 MB
2024-07-30 23:30:19, PID 1850125 , 内存占用: 6088 MB 显存占用: 755 MB
2024-07-30 23:30:20, PID 1850125 , 内存占用: 10709 MB 显存占用: 755 MB
2024-07-30 23:30:21, PID 1850125 , 内存占用: 12044 MB 显存占用: 1139 MB
2024-07-30 23:30:23, PID 1850125 , 内存占用: 12410 MB 显存占用: 1775 MB
2024-07-30 23:30:24, PID 1850125 , 内存占用: 13542 MB 显存占用: 3771 MB
2024-07-30 23:30:26, PID 1850125 , 内存占用: 16425 MB 显存占用: 4779 MB
2024-07-30 23:30:27, PID 1850125 , 内存占用: 18804 MB 显存占用: 4779 MB
2024-07-30 23:30:28, PID 1850125 , 内存占用: 16553 MB 显存占用: 4779 MB
2024-07-30 23:30:30, PID 1850125 , 内存占用: 16553 MB 显存占用: 4779 MB
2024-07-30 23:30:31, PID 1850125 , 内存占用: 16553 MB 显存占用: 4781 MB
2024-07-30 23:30:32, PID 1850125 , 内存占用: 16714 MB 显存占用: 5971 MB
2024-07-30 23:30:34, PID 1850125 , 内存占用: 18686 MB 显存占用: 5971 MB
2024-07-30 23:30:35, PID 1850125 , 内存占用: 16694 MB 显存占用: 5971 MB
2024-07-30 23:30:36, PID 1850125 , 内存占用: 16694 MB 显存占用: 5971 MB
2024-07-30 23:30:38, PID 1850125 , 内存占用: 16694 MB 显存占用: 5971 MB
2024-07-30 23:30:39, PID 1850125 , 内存占用: 17080 MB 显存占用: 6759 MB
2024-07-30 23:30:40, PID 1850125 , 内存占用: 18905 MB 显存占用: 6759 MB
2024-07-30 23:30:42, PID 1850125 , 内存占用: 16735 MB 显存占用: 6759 MB
2024-07-30 23:30:43, PID 1850125 , 内存占用: 16735 MB 显存占用: 6759 MB
2024-07-30 23:30:44, PID 1850125 , 内存占用: 16735 MB 显存占用: 6759 MB
2024-07-30 23:30:46, PID 1850125 , 内存占用: 17178 MB 显存占用: 7527 MB
2024-07-30 23:30:47, PID 1850125 , 内存占用: 18996 MB 显存占用: 7527 MB
2024-07-30 23:30:48, PID 1850125 , 内存占用: 16775 MB 显存占用: 7527 MB
2024-07-30 23:30:50, PID 1850125 , 内存占用: 16775 MB 显存占用: 7527 MB
2024-07-30 23:30:51, PID 1850125 , 内存占用: 16775 MB 显存占用: 7527 MB
2024-07-30 23:30:52, PID 1850125 , 内存占用: 17048 MB 显存占用: 7527 MB
2024-07-30 23:30:54, PID 1850125 , 内存占用: 18929 MB 显存占用: 7527 MB
2024-07-30 23:30:55, PID 1850125 , 内存占用: 16813 MB 显存占用: 7527 MB
2024-07-30 23:30:56, PID 1850125 , 内存占用: 16813 MB 显存占用: 7527 MB
2024-07-30 23:30:58, PID 1850125 , 内存占用: 16813 MB 显存占用: 7527 MB
2024-07-30 23:30:59, PID 1850125 , 内存占用: 17015 MB 显存占用: 8321 MB
2024-07-30 23:31:00, PID 1850125 , 内存占用: 18914 MB 显存占用: 8321 MB
2024-07-30 23:31:02, PID 1850125 , 内存占用: 18951 MB 显存占用: 8321 MB
2024-07-30 23:31:03, PID 1850125 , 内存占用: 16857 MB 显存占用: 8321 MB
2024-07-30 23:31:05, PID 1850125 , 内存占用: 16857 MB 显存占用: 8321 MB
2024-07-30 23:31:06, PID 1850125 , 内存占用: 17041 MB 显存占用: 9123 MB
2024-07-30 23:31:07, PID 1850125 , 内存占用: 18935 MB 显存占用: 9123 MB
2024-07-30 23:31:09, PID 1850125 , 内存占用: 18312 MB 显存占用: 9123 MB
2024-07-30 23:31:10, PID 1850125 , 内存占用: 16881 MB 显存占用: 9123 MB
2024-07-30 23:31:11, PID 1850125 , 内存占用: 16881 MB 显存占用: 9123 MB
2024-07-30 23:31:13, PID 1850125 , 内存占用: 17120 MB 显存占用: 9929 MB
2024-07-30 23:31:14, PID 1850125 , 内存占用: 19109 MB 显存占用: 9929 MB
2024-07-30 23:31:15, PID 1850125 , 内存占用: 18259 MB 显存占用: 9929 MB
2024-07-30 23:31:17, PID 1850125 , 内存占用: 16955 MB 显存占用: 9929 MB
2024-07-30 23:31:18, PID 1850125 , 内存占用: 16955 MB 显存占用: 9929 MB
2024-07-30 23:31:19, PID 1850125 , 内存占用: 16999 MB 显存占用: 10757 MB
2024-07-30 23:31:21, PID 1850125 , 内存占用: 17584 MB 显存占用: 10757 MB
2024-07-30 23:31:22, PID 1850125 , 内存占用: 16971 MB 显存占用: 10757 MB
2024-07-30 23:31:24, PID 1850125 , 内存占用: 16971 MB 显存占用: 10757 MB
2024-07-30 23:31:25, PID 1850125 , 内存占用: 16971 MB 显存占用: 10757 MB
2024-07-30 23:31:26, PID 1850125 , 内存占用: 16971 MB 显存占用: 10759 MB
2024-07-30 23:31:28, PID 1850125 , 内存占用: 17664 MB 显存占用: 10759 MB
2024-07-30 23:31:29, PID 1850125 , 内存占用: 16982 MB 显存占用: 10759 MB
2024-07-30 23:31:30, PID 1850125 , 内存占用: 18677 MB 显存占用: 10759 MB
2024-07-30 23:31:32, PID 1850125 , 内存占用: 17844 MB 显存占用: 10759 MB
2024-07-30 23:31:33, PID 1850125 , 内存占用: 16983 MB 显存占用: 10759 MB
2024-07-30 23:31:34, PID 1850125 , 内存占用: 16983 MB 显存占用: 10759 MB
2024-07-30 23:31:36, PID 1850125 , 内存占用: 16983 MB 显存占用: 10759 MB
2024-07-30 23:31:37, PID 1850125 , 内存占用: 18657 MB 显存占用: 10759 MB
2024-07-30 23:31:39, PID 1850125 , 内存占用: 19630 MB 显存占用: 10759 MB
2024-07-30 23:31:40, PID 1850125 , 内存占用: 16983 MB 显存占用: 10759 MB
2024-07-30 23:31:41, PID 1850125 , 内存占用: 16983 MB 显存占用: 10759 MB
2024-07-30 23:31:43, PID 1850125 , 内存占用: 16983 MB 显存占用: 10759 MB
2024-07-30 23:31:44, PID 1850125 , 内存占用: 18798 MB 显存占用: 10759 MB
2024-07-30 23:31:45, PID 1850125 , 内存占用: 19626 MB 显存占用: 10759 MB
2024-07-30 23:31:47, PID 1850125 , 内存占用: 16982 MB 显存占用: 10759 MB
2024-07-30 23:31:48, PID 1850125 , 内存占用: 16982 MB 显存占用: 10759 MB
2024-07-30 23:31:49, PID 1850125 , 内存占用: 16982 MB 显存占用: 10759 MB
2024-07-30 23:31:51, PID 1850125 , 内存占用: 19058 MB 显存占用: 10759 MB
2024-07-30 23:31:52, PID 1850125 , 内存占用: 19750 MB 显存占用: 10759 MB
2024-07-30 23:31:53, PID 1850125 , 内存占用: 16983 MB 显存占用: 10759 MB
2024-07-30 23:31:55, PID 1850125 , 内存占用: 16983 MB 显存占用: 10759 MB
2024-07-30 23:31:56, PID 1850125 , 内存占用: 16983 MB 显存占用: 10759 MB
2024-07-30 23:31:57, PID 1850125 , 内存占用: 18195 MB 显存占用: 10759 MB
2024-07-30 23:31:59, PID 1850125 , 内存占用: 19825 MB 显存占用: 10759 MB
2024-07-30 23:32:00, PID 1850125 , 内存占用: 16983 MB 显存占用: 10759 MB
2024-07-30 23:32:02, PID 1850125 , 内存占用: 16983 MB 显存占用: 10759 MB
2024-07-30 23:32:03, PID 1850125 , 内存占用: 16983 MB 显存占用: 10759 MB
2024-07-30 23:32:04, PID 1850125 , 内存占用: 18977 MB 显存占用: 10759 MB
2024-07-30 23:32:06, PID 1850125 , 内存占用: 19902 MB 显存占用: 10759 MB
2024-07-30 23:32:07, PID 1850125 , 内存占用: 16983 MB 显存占用: 10759 MB
2024-07-30 23:32:08, PID 1850125 , 内存占用: 16983 MB 显存占用: 10759 MB
2024-07-30 23:32:10, PID 1850125 , 内存占用: 16983 MB 显存占用: 10759 MB
2024-07-30 23:32:11, PID 1850125 , 内存占用: 19010 MB 显存占用: 10759 MB
2024-07-30 23:32:12, PID 1850125 , 内存占用: 19944 MB 显存占用: 10759 MB
2024-07-30 23:32:14, PID 1850125 , 内存占用: 16982 MB 显存占用: 10759 MB
2024-07-30 23:32:15, PID 1850125 , 内存占用: 16982 MB 显存占用: 10759 MB
2024-07-30 23:32:16, PID 1850125 , 内存占用: 16982 MB 显存占用: 10759 MB
2024-07-30 23:32:18, PID 1850125 , 内存占用: 19267 MB 显存占用: 10759 MB
2024-07-30 23:32:19, PID 1850125 , 内存占用: 20065 MB 显存占用: 10759 MB
2024-07-30 23:32:20, PID 1850125 , 内存占用: 16983 MB 显存占用: 10759 MB
2024-07-30 23:32:22, PID 1850125 , 内存占用: 16983 MB 显存占用: 10759 MB
2024-07-30 23:32:23, PID 1850125 , 内存占用: 17150 MB 显存占用: 11587 MB
2024-07-30 23:32:25, PID 1850125 , 内存占用: 17611 MB 显存占用: 11587 MB
2024-07-30 23:32:26, PID 1850125 , 内存占用: 16997 MB 显存占用: 11587 MB
2024-07-30 23:32:27, PID 1850125 , 内存占用: 16997 MB 显存占用: 11587 MB
2024-07-30 23:32:29, PID 1850125 , 内存占用: 16997 MB 显存占用: 11587 MB
2024-07-30 23:32:30, PID 1850125 , 内存占用: 16997 MB 显存占用: 11587 MB
2024-07-30 23:32:31, PID 1850125 , 内存占用: 8801 MB 显存占用: 11587 MB
2024-07-30 23:32:33, PID 1850125 , 内存占用: 2555 MB 显存占用: 10839 MB
1850125
平均内存占用: 15934.33 MB
峰值内存占用: 20065 MB, 19 GB
峰值显存占用 11587 MB
