Sent: init_feats
Received: None
Epoch 0:
IO load: 0.000s presample and analyze: 0.000s 预采样: 0.000s, 预采样负采样:0.000s
cur batch: 0, start pre sample and analyze...
第一个块的加载时间: 3.793s
平均每个batch用时0.00000s, 预计epoch时间: 0.000s
run batch0total time: 0.00s,presample: 0.00s, sample: 0.00s, prep time: 0.00s, gen block: 0.00s, feat input: 0.00s, model run: 0.00s,                    loss and opt: 0.00s, update mem: 0.00s update mailbox: 0.00s
feat_buffer time: IO load: 1.428s 异步阻塞: 0.000s presample and analyze: 2.389s 预采样: 0.000s, 预采样负采样:0.189s              记忆刷入和更新:0.307s 纯刷入时间:0.000s 负采样分析: 1.891s
cur batch: 300, start pre sample and analyze...
cur batch: 600, start pre sample and analyze...
cur batch: 900, start pre sample and analyze...
平均每个batch用时0.02698s, 预计epoch时间: 73.976s
run batch1000total time: 26.98s,presample: 4.62s, sample: 0.62s, prep time: 6.08s, gen block: 2.42s, feat input: 1.49s, model run: 5.22s,                    loss and opt: 9.65s, update mem: 0.75s update mailbox: 0.98s
feat_buffer time: IO load: 2.155s 异步阻塞: 0.000s presample and analyze: 2.461s 预采样: 0.000s, 预采样负采样:0.260s              记忆刷入和更新:0.307s 纯刷入时间:0.000s 负采样分析: 1.891s
cur batch: 1200, start pre sample and analyze...
cur batch: 1500, start pre sample and analyze...
cur batch: 1800, start pre sample and analyze...
平均每个batch用时0.02244s, 预计epoch时间: 61.518s
run batch2000total time: 49.42s,presample: 5.47s, sample: 1.25s, prep time: 12.22s, gen block: 4.87s, feat input: 3.02s, model run: 9.55s,                    loss and opt: 19.37s, update mem: 1.50s update mailbox: 1.96s
feat_buffer time: IO load: 2.927s 异步阻塞: 0.000s presample and analyze: 2.528s 预采样: 0.000s, 预采样负采样:0.326s              记忆刷入和更新:0.307s 纯刷入时间:0.000s 负采样分析: 1.891s
cur batch: 2100, start pre sample and analyze...
cur batch: 2400, start pre sample and analyze...
cur batch: 2700, start pre sample and analyze...
total loop use time: 66.2573
run batch2741total time: 65.78s,presample: 6.10s, sample: 1.71s, prep time: 16.71s, gen block: 6.64s, feat input: 4.12s, model run: 12.70s,               loss and opt: 26.44s, update mem: 2.05s update mailbox: 2.68s
Epoch 1:
IO load: 3.525s presample and analyze: 2.559s 预采样: 0.000s, 预采样负采样:0.356s
cur batch: 0, start pre sample and analyze...
第一个块的加载时间: 1.961s
平均每个batch用时0.00000s, 预计epoch时间: 0.000s
run batch0total time: 0.00s,presample: 0.00s, sample: 0.00s, prep time: 0.00s, gen block: 0.00s, feat input: 0.00s, model run: 0.00s,                    loss and opt: 0.00s, update mem: 0.00s update mailbox: 0.00s
feat_buffer time: IO load: 1.406s 异步阻塞: 0.000s presample and analyze: 0.578s 预采样: 0.000s, 预采样负采样:0.040s              记忆刷入和更新:0.304s 纯刷入时间:0.000s 负采样分析: 0.233s
cur batch: 300, start pre sample and analyze...
cur batch: 600, start pre sample and analyze...
cur batch: 900, start pre sample and analyze...
平均每个batch用时0.02441s, 预计epoch时间: 66.931s
run batch1000total time: 24.41s,presample: 2.75s, sample: 0.63s, prep time: 6.14s, gen block: 2.44s, feat input: 1.50s, model run: 4.39s,                    loss and opt: 9.71s, update mem: 0.76s update mailbox: 0.99s
feat_buffer time: IO load: 2.108s 异步阻塞: 0.000s presample and analyze: 0.638s 预采样: 0.000s, 预采样负采样:0.099s              记忆刷入和更新:0.304s 纯刷入时间:0.000s 负采样分析: 0.233s
cur batch: 1200, start pre sample and analyze...
cur batch: 1500, start pre sample and analyze...
cur batch: 1800, start pre sample and analyze...
平均每个batch用时0.02232s, 预计epoch时间: 61.180s
run batch2000total time: 46.73s,presample: 3.59s, sample: 1.25s, prep time: 12.23s, gen block: 4.86s, feat input: 3.01s, model run: 8.70s,                    loss and opt: 19.37s, update mem: 1.51s update mailbox: 1.97s
feat_buffer time: IO load: 2.855s 异步阻塞: 0.000s presample and analyze: 0.725s 预采样: 0.000s, 预采样负采样:0.165s              记忆刷入和更新:0.304s 纯刷入时间:0.000s 负采样分析: 0.233s
cur batch: 2100, start pre sample and analyze...
cur batch: 2400, start pre sample and analyze...
cur batch: 2700, start pre sample and analyze...
total loop use time: 63.6758
run batch2741total time: 63.16s,presample: 4.20s, sample: 1.71s, prep time: 16.71s, gen block: 6.63s, feat input: 4.12s, model run: 11.89s,               loss and opt: 26.50s, update mem: 2.06s update mailbox: 2.69s
Loading model at epoch 0...
训练完成，退出子进程
