start
=============================================
=============================================
=============================================

2024-07-30 23:28:18, PID 1847539 , 内存占用: 54 MB 显存占用: 9 MB
2024-07-30 23:28:20, PID 1847539 , 内存占用: 259 MB 显存占用: 9 MB
2024-07-30 23:28:21, PID 1847539 , 内存占用: 958 MB 显存占用: 21 MB
2024-07-30 23:28:22, PID 1847539 , 内存占用: 1830 MB 显存占用: 677 MB
2024-07-30 23:28:23, PID 1847539 , 内存占用: 2264 MB 显存占用: 863 MB
2024-07-30 23:28:24, PID 1847539 , 内存占用: 3158 MB 显存占用: 2565 MB
2024-07-30 23:28:26, PID 1847539 , 内存占用: 3173 MB 显存占用: 2979 MB
2024-07-30 23:28:27, PID 1847539 , 内存占用: 3197 MB 显存占用: 3087 MB
2024-07-30 23:28:28, PID 1847539 , 内存占用: 3218 MB 显存占用: 3197 MB
2024-07-30 23:28:29, PID 1847539 , 内存占用: 3220 MB 显存占用: 3309 MB
2024-07-30 23:28:31, PID 1847539 , 内存占用: 3221 MB 显存占用: 3309 MB
2024-07-30 23:28:32, PID 1847539 , 内存占用: 3221 MB 显存占用: 3423 MB
2024-07-30 23:28:33, PID 1847539 , 内存占用: 3220 MB 显存占用: 3423 MB
2024-07-30 23:28:34, PID 1847539 , 内存占用: 3222 MB 显存占用: 3539 MB
2024-07-30 23:28:36, PID 1847539 , 内存占用: 3223 MB 显存占用: 3539 MB
2024-07-30 23:28:37, PID 1847539 , 内存占用: 3315 MB 显存占用: 3539 MB
2024-07-30 23:28:38, PID 1847539 , 内存占用: 3245 MB 显存占用: 3657 MB
2024-07-30 23:28:39, PID 1847539 , 内存占用: 3285 MB 显存占用: 3657 MB
2024-07-30 23:28:41, PID 1847539 , 内存占用: 3315 MB 显存占用: 3657 MB
2024-07-30 23:28:42, PID 1847539 , 内存占用: 3363 MB 显存占用: 3777 MB
2024-07-30 23:28:43, PID 1847539 , 内存占用: 3271 MB 显存占用: 3777 MB
2024-07-30 23:28:44, PID 1847539 , 内存占用: 3366 MB 显存占用: 3779 MB
2024-07-30 23:28:45, PID 1847539 , 内存占用: 3247 MB 显存占用: 3901 MB
2024-07-30 23:28:47, PID 1847539 , 内存占用: 3246 MB 显存占用: 3901 MB
2024-07-30 23:28:48, PID 1847539 , 内存占用: 3258 MB 显存占用: 3901 MB
2024-07-30 23:28:49, PID 1847539 , 内存占用: 3282 MB 显存占用: 3901 MB
2024-07-30 23:28:50, PID 1847539 , 内存占用: 3271 MB 显存占用: 3901 MB
2024-07-30 23:28:52, PID 1847539 , 内存占用: 3247 MB 显存占用: 3901 MB
2024-07-30 23:28:53, PID 1847539 , 内存占用: 3271 MB 显存占用: 3901 MB
2024-07-30 23:28:54, PID 1847539 , 内存占用: 3274 MB 显存占用: 4025 MB
2024-07-30 23:28:55, PID 1847539 , 内存占用: 3274 MB 显存占用: 4025 MB
2024-07-30 23:28:56, PID 1847539 , 内存占用: 3297 MB 显存占用: 4025 MB
2024-07-30 23:28:58, PID 1847539 , 内存占用: 3257 MB 显存占用: 4151 MB
2024-07-30 23:28:59, PID 1847539 , 内存占用: 3284 MB 显存占用: 4151 MB
2024-07-30 23:29:00, PID 1847539 , 内存占用: 3290 MB 显存占用: 4151 MB
2024-07-30 23:29:01, PID 1847539 , 内存占用: 3285 MB 显存占用: 4151 MB
2024-07-30 23:29:03, PID 1847539 , 内存占用: 3267 MB 显存占用: 4151 MB
2024-07-30 23:29:04, PID 1847539 , 内存占用: 3289 MB 显存占用: 4151 MB
2024-07-30 23:29:05, PID 1847539 , 内存占用: 3267 MB 显存占用: 4151 MB
2024-07-30 23:29:06, PID 1847539 , 内存占用: 3264 MB 显存占用: 4151 MB
2024-07-30 23:29:07, PID 1847539 , 内存占用: 3337 MB 显存占用: 4151 MB
2024-07-30 23:29:09, PID 1847539 , 内存占用: 3268 MB 显存占用: 4151 MB
2024-07-30 23:29:10, PID 1847539 , 内存占用: 3270 MB 显存占用: 4151 MB
2024-07-30 23:29:11, PID 1847539 , 内存占用: 3270 MB 显存占用: 4151 MB
2024-07-30 23:29:12, PID 1847539 , 内存占用: 3352 MB 显存占用: 4151 MB
2024-07-30 23:29:14, PID 1847539 , 内存占用: 3269 MB 显存占用: 4151 MB
2024-07-30 23:29:15, PID 1847539 , 内存占用: 3366 MB 显存占用: 4151 MB
2024-07-30 23:29:16, PID 1847539 , 内存占用: 3317 MB 显存占用: 4151 MB
2024-07-30 23:29:17, PID 1847539 , 内存占用: 3375 MB 显存占用: 4151 MB
2024-07-30 23:29:18, PID 1847539 , 内存占用: 3295 MB 显存占用: 4151 MB
2024-07-30 23:29:20, PID 1847539 , 内存占用: 3318 MB 显存占用: 4151 MB
2024-07-30 23:29:21, PID 1847539 , 内存占用: 3318 MB 显存占用: 4151 MB
2024-07-30 23:29:22, PID 1847539 , 内存占用: 3248 MB 显存占用: 4151 MB
2024-07-30 23:29:23, PID 1847539 , 内存占用: 3344 MB 显存占用: 4151 MB
2024-07-30 23:29:25, PID 1847539 , 内存占用: 3322 MB 显存占用: 4151 MB
2024-07-30 23:29:26, PID 1847539 , 内存占用: 3293 MB 显存占用: 4151 MB
2024-07-30 23:29:27, PID 1847539 , 内存占用: 3298 MB 显存占用: 4151 MB
2024-07-30 23:29:28, PID 1847539 , 内存占用: 3372 MB 显存占用: 4151 MB
2024-07-30 23:29:29, PID 1847539 , 内存占用: 3420 MB 显存占用: 4151 MB
2024-07-30 23:29:31, PID 1847539 , 内存占用: 3471 MB 显存占用: 4151 MB
1847539
平均内存占用: 3100.40 MB
峰值内存占用: 3471 MB, 3 GB
峰值显存占用 4151 MB
