start
=============================================
=============================================
=============================================

2024-07-30 23:32:34, PID 1853703 , 内存占用: 54 MB 显存占用: 9 MB
2024-07-30 23:32:35, PID 1853703 , 内存占用: 253 MB 显存占用: 9 MB
2024-07-30 23:32:36, PID 1853703 , 内存占用: 1630 MB 显存占用: 9 MB
2024-07-30 23:32:38, PID 1853703 , 内存占用: 3835 MB 显存占用: 9 MB
2024-07-30 23:32:39, PID 1853703 , 内存占用: 6053 MB 显存占用: 9 MB
2024-07-30 23:32:40, PID 1853703 , 内存占用: 6350 MB 显存占用: 9 MB
2024-07-30 23:32:41, PID 1853703 , 内存占用: 6540 MB 显存占用: 9 MB
2024-07-30 23:32:42, PID 1853703 , 内存占用: 7127 MB 显存占用: 545 MB
2024-07-30 23:32:44, PID 1853703 , 内存占用: 9970 MB 显存占用: 735 MB
2024-07-30 23:32:45, PID 1853703 , 内存占用: 9970 MB 显存占用: 735 MB
2024-07-30 23:32:46, PID 1853703 , 内存占用: 10385 MB 显存占用: 755 MB
2024-07-30 23:32:47, PID 1853703 , 内存占用: 11404 MB 显存占用: 2077 MB
2024-07-30 23:32:49, PID 1853703 , 内存占用: 11436 MB 显存占用: 2079 MB
2024-07-30 23:32:50, PID 1853703 , 内存占用: 11431 MB 显存占用: 2079 MB
2024-07-30 23:32:51, PID 1853703 , 内存占用: 11426 MB 显存占用: 2079 MB
2024-07-30 23:32:52, PID 1853703 , 内存占用: 11416 MB 显存占用: 2079 MB
2024-07-30 23:32:54, PID 1853703 , 内存占用: 11423 MB 显存占用: 2159 MB
2024-07-30 23:32:55, PID 1853703 , 内存占用: 11391 MB 显存占用: 2159 MB
2024-07-30 23:32:56, PID 1853703 , 内存占用: 11450 MB 显存占用: 2159 MB
2024-07-30 23:32:57, PID 1853703 , 内存占用: 11401 MB 显存占用: 2159 MB
2024-07-30 23:32:58, PID 1853703 , 内存占用: 11408 MB 显存占用: 2159 MB
2024-07-30 23:33:00, PID 1853703 , 内存占用: 11429 MB 显存占用: 2159 MB
2024-07-30 23:33:01, PID 1853703 , 内存占用: 11417 MB 显存占用: 2159 MB
2024-07-30 23:33:02, PID 1853703 , 内存占用: 11431 MB 显存占用: 2159 MB
2024-07-30 23:33:03, PID 1853703 , 内存占用: 11394 MB 显存占用: 2159 MB
2024-07-30 23:33:05, PID 1853703 , 内存占用: 11463 MB 显存占用: 2159 MB
2024-07-30 23:33:06, PID 1853703 , 内存占用: 11411 MB 显存占用: 2159 MB
2024-07-30 23:33:07, PID 1853703 , 内存占用: 11427 MB 显存占用: 2159 MB
2024-07-30 23:33:08, PID 1853703 , 内存占用: 11414 MB 显存占用: 2159 MB
2024-07-30 23:33:09, PID 1853703 , 内存占用: 11405 MB 显存占用: 2159 MB
2024-07-30 23:33:11, PID 1853703 , 内存占用: 11416 MB 显存占用: 2159 MB
2024-07-30 23:33:12, PID 1853703 , 内存占用: 11422 MB 显存占用: 2159 MB
2024-07-30 23:33:13, PID 1853703 , 内存占用: 11414 MB 显存占用: 2159 MB
2024-07-30 23:33:14, PID 1853703 , 内存占用: 11413 MB 显存占用: 2159 MB
2024-07-30 23:33:16, PID 1853703 , 内存占用: 11391 MB 显存占用: 2159 MB
2024-07-30 23:33:17, PID 1853703 , 内存占用: 11413 MB 显存占用: 2159 MB
2024-07-30 23:33:18, PID 1853703 , 内存占用: 11408 MB 显存占用: 2159 MB
2024-07-30 23:33:19, PID 1853703 , 内存占用: 11398 MB 显存占用: 2159 MB
2024-07-30 23:33:20, PID 1853703 , 内存占用: 11377 MB 显存占用: 2159 MB
2024-07-30 23:33:22, PID 1853703 , 内存占用: 11404 MB 显存占用: 2159 MB
2024-07-30 23:33:23, PID 1853703 , 内存占用: 11462 MB 显存占用: 2159 MB
2024-07-30 23:33:24, PID 1853703 , 内存占用: 11411 MB 显存占用: 2159 MB
2024-07-30 23:33:25, PID 1853703 , 内存占用: 11405 MB 显存占用: 2159 MB
2024-07-30 23:33:27, PID 1853703 , 内存占用: 11397 MB 显存占用: 2159 MB
2024-07-30 23:33:28, PID 1853703 , 内存占用: 11392 MB 显存占用: 2159 MB
2024-07-30 23:33:29, PID 1853703 , 内存占用: 11388 MB 显存占用: 2159 MB
2024-07-30 23:33:30, PID 1853703 , 内存占用: 11420 MB 显存占用: 2159 MB
2024-07-30 23:33:31, PID 1853703 , 内存占用: 11416 MB 显存占用: 2159 MB
2024-07-30 23:33:33, PID 1853703 , 内存占用: 11412 MB 显存占用: 2159 MB
2024-07-30 23:33:34, PID 1853703 , 内存占用: 11429 MB 显存占用: 2159 MB
2024-07-30 23:33:35, PID 1853703 , 内存占用: 11407 MB 显存占用: 2159 MB
2024-07-30 23:33:36, PID 1853703 , 内存占用: 11395 MB 显存占用: 2159 MB
2024-07-30 23:33:38, PID 1853703 , 内存占用: 11397 MB 显存占用: 2159 MB
2024-07-30 23:33:39, PID 1853703 , 内存占用: 11424 MB 显存占用: 2159 MB
2024-07-30 23:33:40, PID 1853703 , 内存占用: 11415 MB 显存占用: 2159 MB
2024-07-30 23:33:41, PID 1853703 , 内存占用: 11469 MB 显存占用: 2159 MB
2024-07-30 23:33:42, PID 1853703 , 内存占用: 11412 MB 显存占用: 2159 MB
2024-07-30 23:33:44, PID 1853703 , 内存占用: 11407 MB 显存占用: 2159 MB
2024-07-30 23:33:45, PID 1853703 , 内存占用: 11418 MB 显存占用: 2159 MB
2024-07-30 23:33:46, PID 1853703 , 内存占用: 11441 MB 显存占用: 2159 MB
2024-07-30 23:33:47, PID 1853703 , 内存占用: 11367 MB 显存占用: 2159 MB
2024-07-30 23:33:49, PID 1853703 , 内存占用: 11434 MB 显存占用: 2159 MB
2024-07-30 23:33:50, PID 1853703 , 内存占用: 11416 MB 显存占用: 2159 MB
2024-07-30 23:33:51, PID 1853703 , 内存占用: 11407 MB 显存占用: 2159 MB
2024-07-30 23:33:52, PID 1853703 , 内存占用: 11408 MB 显存占用: 2159 MB
2024-07-30 23:33:53, PID 1853703 , 内存占用: 11410 MB 显存占用: 2159 MB
2024-07-30 23:33:55, PID 1853703 , 内存占用: 11428 MB 显存占用: 2159 MB
2024-07-30 23:33:56, PID 1853703 , 内存占用: 11450 MB 显存占用: 2159 MB
2024-07-30 23:33:57, PID 1853703 , 内存占用: 11433 MB 显存占用: 2159 MB
2024-07-30 23:33:58, PID 1853703 , 内存占用: 11433 MB 显存占用: 2159 MB
2024-07-30 23:34:00, PID 1853703 , 内存占用: 11418 MB 显存占用: 2159 MB
2024-07-30 23:34:01, PID 1853703 , 内存占用: 11381 MB 显存占用: 2159 MB
2024-07-30 23:34:02, PID 1853703 , 内存占用: 11424 MB 显存占用: 2159 MB
2024-07-30 23:34:03, PID 1853703 , 内存占用: 11416 MB 显存占用: 2159 MB
2024-07-30 23:34:05, PID 1853703 , 内存占用: 11337 MB 显存占用: 2159 MB
2024-07-30 23:34:06, PID 1853703 , 内存占用: 11435 MB 显存占用: 2159 MB
2024-07-30 23:34:07, PID 1853703 , 内存占用: 11366 MB 显存占用: 2159 MB
2024-07-30 23:34:08, PID 1853703 , 内存占用: 11447 MB 显存占用: 2159 MB
2024-07-30 23:34:09, PID 1853703 , 内存占用: 11414 MB 显存占用: 2159 MB
2024-07-30 23:34:11, PID 1853703 , 内存占用: 11383 MB 显存占用: 2159 MB
2024-07-30 23:34:12, PID 1853703 , 内存占用: 11386 MB 显存占用: 2159 MB
2024-07-30 23:34:13, PID 1853703 , 内存占用: 11480 MB 显存占用: 2159 MB
2024-07-30 23:34:14, PID 1853703 , 内存占用: 11396 MB 显存占用: 2159 MB
2024-07-30 23:34:16, PID 1853703 , 内存占用: 11442 MB 显存占用: 2159 MB
2024-07-30 23:34:17, PID 1853703 , 内存占用: 11406 MB 显存占用: 2159 MB
2024-07-30 23:34:18, PID 1853703 , 内存占用: 11423 MB 显存占用: 2159 MB
2024-07-30 23:34:19, PID 1853703 , 内存占用: 11410 MB 显存占用: 2159 MB
2024-07-30 23:34:20, PID 1853703 , 内存占用: 11420 MB 显存占用: 2159 MB
2024-07-30 23:34:22, PID 1853703 , 内存占用: 11398 MB 显存占用: 2159 MB
2024-07-30 23:34:23, PID 1853703 , 内存占用: 11389 MB 显存占用: 2159 MB
2024-07-30 23:34:24, PID 1853703 , 内存占用: 11407 MB 显存占用: 2159 MB
2024-07-30 23:34:25, PID 1853703 , 内存占用: 11417 MB 显存占用: 2159 MB
2024-07-30 23:34:27, PID 1853703 , 内存占用: 11367 MB 显存占用: 2159 MB
2024-07-30 23:34:28, PID 1853703 , 内存占用: 11412 MB 显存占用: 2159 MB
2024-07-30 23:34:29, PID 1853703 , 内存占用: 11421 MB 显存占用: 2159 MB
2024-07-30 23:34:30, PID 1853703 , 内存占用: 11416 MB 显存占用: 2159 MB
2024-07-30 23:34:31, PID 1853703 , 内存占用: 11397 MB 显存占用: 2159 MB
2024-07-30 23:34:33, PID 1853703 , 内存占用: 11434 MB 显存占用: 2159 MB
2024-07-30 23:34:34, PID 1853703 , 内存占用: 11442 MB 显存占用: 2159 MB
2024-07-30 23:34:35, PID 1853703 , 内存占用: 11418 MB 显存占用: 2159 MB
2024-07-30 23:34:36, PID 1853703 , 内存占用: 11413 MB 显存占用: 2159 MB
2024-07-30 23:34:38, PID 1853703 , 内存占用: 11455 MB 显存占用: 2159 MB
2024-07-30 23:34:39, PID 1853703 , 内存占用: 11394 MB 显存占用: 2159 MB
2024-07-30 23:34:40, PID 1853703 , 内存占用: 11447 MB 显存占用: 2159 MB
2024-07-30 23:34:41, PID 1853703 , 内存占用: 11396 MB 显存占用: 2159 MB
2024-07-30 23:34:42, PID 1853703 , 内存占用: 11416 MB 显存占用: 2159 MB
2024-07-30 23:34:44, PID 1853703 , 内存占用: 11462 MB 显存占用: 2159 MB
2024-07-30 23:34:45, PID 1853703 , 内存占用: 11390 MB 显存占用: 2159 MB
2024-07-30 23:34:46, PID 1853703 , 内存占用: 11383 MB 显存占用: 2159 MB
2024-07-30 23:34:47, PID 1853703 , 内存占用: 11384 MB 显存占用: 2159 MB
2024-07-30 23:34:49, PID 1853703 , 内存占用: 11417 MB 显存占用: 2159 MB
2024-07-30 23:34:50, PID 1853703 , 内存占用: 11467 MB 显存占用: 2159 MB
2024-07-30 23:34:51, PID 1853703 , 内存占用: 11409 MB 显存占用: 2159 MB
2024-07-30 23:34:52, PID 1853703 , 内存占用: 11472 MB 显存占用: 2159 MB
2024-07-30 23:34:53, PID 1853703 , 内存占用: 11468 MB 显存占用: 2159 MB
2024-07-30 23:34:55, PID 1853703 , 内存占用: 11422 MB 显存占用: 2241 MB
2024-07-30 23:34:56, PID 1853703 , 内存占用: 11408 MB 显存占用: 2241 MB
2024-07-30 23:34:57, PID 1853703 , 内存占用: 11393 MB 显存占用: 2241 MB
2024-07-30 23:34:58, PID 1853703 , 内存占用: 11418 MB 显存占用: 2241 MB
2024-07-30 23:35:00, PID 1853703 , 内存占用: 11368 MB 显存占用: 2241 MB
2024-07-30 23:35:01, PID 1853703 , 内存占用: 11391 MB 显存占用: 2241 MB
2024-07-30 23:35:02, PID 1853703 , 内存占用: 11369 MB 显存占用: 2241 MB
2024-07-30 23:35:03, PID 1853703 , 内存占用: 11471 MB 显存占用: 2241 MB
2024-07-30 23:35:04, PID 1853703 , 内存占用: 11465 MB 显存占用: 2241 MB
2024-07-30 23:35:06, PID 1853703 , 内存占用: 11417 MB 显存占用: 2241 MB
2024-07-30 23:35:07, PID 1853703 , 内存占用: 11417 MB 显存占用: 2241 MB
2024-07-30 23:35:08, PID 1853703 , 内存占用: 11399 MB 显存占用: 2241 MB
2024-07-30 23:35:09, PID 1853703 , 内存占用: 11427 MB 显存占用: 2241 MB
2024-07-30 23:35:11, PID 1853703 , 内存占用: 11433 MB 显存占用: 2241 MB
2024-07-30 23:35:12, PID 1853703 , 内存占用: 11359 MB 显存占用: 2241 MB
2024-07-30 23:35:13, PID 1853703 , 内存占用: 11364 MB 显存占用: 2241 MB
2024-07-30 23:35:14, PID 1853703 , 内存占用: 11364 MB 显存占用: 2241 MB
2024-07-30 23:35:16, PID 1853703 , 内存占用: 11361 MB 显存占用: 2241 MB
2024-07-30 23:35:17, PID 1853703 , 内存占用: 11408 MB 显存占用: 2241 MB
2024-07-30 23:35:18, PID 1853703 , 内存占用: 11399 MB 显存占用: 2241 MB
2024-07-30 23:35:19, PID 1853703 , 内存占用: 11359 MB 显存占用: 2241 MB
2024-07-30 23:35:20, PID 1853703 , 内存占用: 11365 MB 显存占用: 2241 MB
2024-07-30 23:35:22, PID 1853703 , 内存占用: 11461 MB 显存占用: 2241 MB
2024-07-30 23:35:23, PID 1853703 , 内存占用: 11356 MB 显存占用: 2241 MB
2024-07-30 23:35:24, PID 1853703 , 内存占用: 11434 MB 显存占用: 2241 MB
2024-07-30 23:35:26, PID 1853703 , 内存占用: 11392 MB 显存占用: 2241 MB
2024-07-30 23:35:27, PID 1853703 , 内存占用: 11444 MB 显存占用: 2325 MB
2024-07-30 23:35:28, PID 1853703 , 内存占用: 11395 MB 显存占用: 2325 MB
2024-07-30 23:35:29, PID 1853703 , 内存占用: 11366 MB 显存占用: 2325 MB
2024-07-30 23:35:30, PID 1853703 , 内存占用: 11408 MB 显存占用: 2325 MB
2024-07-30 23:35:32, PID 1853703 , 内存占用: 11363 MB 显存占用: 2325 MB
2024-07-30 23:35:33, PID 1853703 , 内存占用: 11437 MB 显存占用: 2325 MB
2024-07-30 23:35:34, PID 1853703 , 内存占用: 11392 MB 显存占用: 2325 MB
2024-07-30 23:35:35, PID 1853703 , 内存占用: 11333 MB 显存占用: 2325 MB
2024-07-30 23:35:37, PID 1853703 , 内存占用: 11361 MB 显存占用: 2325 MB
2024-07-30 23:35:38, PID 1853703 , 内存占用: 11389 MB 显存占用: 2325 MB
2024-07-30 23:35:39, PID 1853703 , 内存占用: 11374 MB 显存占用: 2325 MB
2024-07-30 23:35:40, PID 1853703 , 内存占用: 11463 MB 显存占用: 2325 MB
2024-07-30 23:35:42, PID 1853703 , 内存占用: 11463 MB 显存占用: 2325 MB
2024-07-30 23:35:43, PID 1853703 , 内存占用: 11463 MB 显存占用: 2325 MB
2024-07-30 23:35:44, PID 1853703 , 内存占用: 11463 MB 显存占用: 2325 MB
2024-07-30 23:35:45, PID 1853703 , 内存占用: 11463 MB 显存占用: 2325 MB
2024-07-30 23:35:46, PID 1853703 , 内存占用: 11463 MB 显存占用: 2325 MB
2024-07-30 23:35:48, PID 1853703 , 内存占用: 11509 MB 显存占用: 2325 MB
2024-07-30 23:35:49, PID 1853703 , 内存占用: 11463 MB 显存占用: 2325 MB
2024-07-30 23:35:50, PID 1853703 , 内存占用: 11463 MB 显存占用: 2325 MB
2024-07-30 23:35:51, PID 1853703 , 内存占用: 11463 MB 显存占用: 2325 MB
2024-07-30 23:35:52, PID 1853703 , 内存占用: 11463 MB 显存占用: 2325 MB
2024-07-30 23:35:54, PID 1853703 , 内存占用: 11481 MB 显存占用: 2325 MB
2024-07-30 23:35:55, PID 1853703 , 内存占用: 11463 MB 显存占用: 2325 MB
2024-07-30 23:35:56, PID 1853703 , 内存占用: 11463 MB 显存占用: 2325 MB
2024-07-30 23:35:57, PID 1853703 , 内存占用: 11464 MB 显存占用: 2325 MB
2024-07-30 23:35:59, PID 1853703 , 内存占用: 11435 MB 显存占用: 2325 MB
2024-07-30 23:36:00, PID 1853703 , 内存占用: 11475 MB 显存占用: 2325 MB
2024-07-30 23:36:01, PID 1853703 , 内存占用: 11463 MB 显存占用: 2325 MB
2024-07-30 23:36:02, PID 1853703 , 内存占用: 11463 MB 显存占用: 2325 MB
2024-07-30 23:36:04, PID 1853703 , 内存占用: 11463 MB 显存占用: 2325 MB
2024-07-30 23:36:05, PID 1853703 , 内存占用: 11464 MB 显存占用: 2325 MB
2024-07-30 23:36:06, PID 1853703 , 内存占用: 11463 MB 显存占用: 2325 MB
2024-07-30 23:36:07, PID 1853703 , 内存占用: 11464 MB 显存占用: 2325 MB
2024-07-30 23:36:08, PID 1853703 , 内存占用: 11464 MB 显存占用: 2325 MB
2024-07-30 23:36:10, PID 1853703 , 内存占用: 11514 MB 显存占用: 2325 MB
2024-07-30 23:36:11, PID 1853703 , 内存占用: 11516 MB 显存占用: 2325 MB
2024-07-30 23:36:12, PID 1853703 , 内存占用: 11510 MB 显存占用: 2325 MB
2024-07-30 23:36:13, PID 1853703 , 内存占用: 11464 MB 显存占用: 2325 MB
2024-07-30 23:36:15, PID 1853703 , 内存占用: 11463 MB 显存占用: 2325 MB
2024-07-30 23:36:16, PID 1853703 , 内存占用: 11463 MB 显存占用: 2325 MB
2024-07-30 23:36:17, PID 1853703 , 内存占用: 11463 MB 显存占用: 2325 MB
2024-07-30 23:36:18, PID 1853703 , 内存占用: 11516 MB 显存占用: 2325 MB
2024-07-30 23:36:19, PID 1853703 , 内存占用: 11463 MB 显存占用: 2325 MB
2024-07-30 23:36:21, PID 1853703 , 内存占用: 11437 MB 显存占用: 2325 MB
2024-07-30 23:36:22, PID 1853703 , 内存占用: 11437 MB 显存占用: 2325 MB
2024-07-30 23:36:23, PID 1853703 , 内存占用: 11498 MB 显存占用: 2325 MB
2024-07-30 23:36:24, PID 1853703 , 内存占用: 11462 MB 显存占用: 2325 MB
2024-07-30 23:36:26, PID 1853703 , 内存占用: 11462 MB 显存占用: 2325 MB
2024-07-30 23:36:27, PID 1853703 , 内存占用: 11463 MB 显存占用: 2325 MB
2024-07-30 23:36:28, PID 1853703 , 内存占用: 11462 MB 显存占用: 2325 MB
2024-07-30 23:36:29, PID 1853703 , 内存占用: 11511 MB 显存占用: 2325 MB
2024-07-30 23:36:30, PID 1853703 , 内存占用: 11463 MB 显存占用: 2325 MB
2024-07-30 23:36:32, PID 1853703 , 内存占用: 11463 MB 显存占用: 2325 MB
2024-07-30 23:36:33, PID 1853703 , 内存占用: 11463 MB 显存占用: 2325 MB
2024-07-30 23:36:34, PID 1853703 , 内存占用: 11464 MB 显存占用: 2325 MB
2024-07-30 23:36:35, PID 1853703 , 内存占用: 11464 MB 显存占用: 2325 MB
2024-07-30 23:36:37, PID 1853703 , 内存占用: 11464 MB 显存占用: 2325 MB
2024-07-30 23:36:38, PID 1853703 , 内存占用: 11519 MB 显存占用: 2325 MB
2024-07-30 23:36:39, PID 1853703 , 内存占用: 11464 MB 显存占用: 2325 MB
2024-07-30 23:36:40, PID 1853703 , 内存占用: 11463 MB 显存占用: 2325 MB
2024-07-30 23:36:41, PID 1853703 , 内存占用: 11478 MB 显存占用: 2325 MB
2024-07-30 23:36:43, PID 1853703 , 内存占用: 11464 MB 显存占用: 2325 MB
2024-07-30 23:36:44, PID 1853703 , 内存占用: 11463 MB 显存占用: 2325 MB
2024-07-30 23:36:45, PID 1853703 , 内存占用: 11480 MB 显存占用: 2325 MB
2024-07-30 23:36:46, PID 1853703 , 内存占用: 11487 MB 显存占用: 2325 MB
2024-07-30 23:36:48, PID 1853703 , 内存占用: 11462 MB 显存占用: 2325 MB
2024-07-30 23:36:49, PID 1853703 , 内存占用: 11479 MB 显存占用: 2325 MB
2024-07-30 23:36:50, PID 1853703 , 内存占用: 11517 MB 显存占用: 2325 MB
2024-07-30 23:36:51, PID 1853703 , 内存占用: 11462 MB 显存占用: 2325 MB
2024-07-30 23:36:52, PID 1853703 , 内存占用: 11463 MB 显存占用: 2325 MB
2024-07-30 23:36:54, PID 1853703 , 内存占用: 11463 MB 显存占用: 2325 MB
2024-07-30 23:36:55, PID 1853703 , 内存占用: 11463 MB 显存占用: 2325 MB
2024-07-30 23:36:56, PID 1853703 , 内存占用: 11464 MB 显存占用: 2325 MB
2024-07-30 23:36:57, PID 1853703 , 内存占用: 11464 MB 显存占用: 2325 MB
2024-07-30 23:36:58, PID 1853703 , 内存占用: 11517 MB 显存占用: 2325 MB
2024-07-30 23:37:00, PID 1853703 , 内存占用: 11465 MB 显存占用: 2325 MB
2024-07-30 23:37:01, PID 1853703 , 内存占用: 11465 MB 显存占用: 2325 MB
2024-07-30 23:37:02, PID 1853703 , 内存占用: 11464 MB 显存占用: 2325 MB
2024-07-30 23:37:03, PID 1853703 , 内存占用: 11518 MB 显存占用: 2325 MB
2024-07-30 23:37:05, PID 1853703 , 内存占用: 11520 MB 显存占用: 2325 MB
2024-07-30 23:37:06, PID 1853703 , 内存占用: 11464 MB 显存占用: 2325 MB
2024-07-30 23:37:07, PID 1853703 , 内存占用: 11465 MB 显存占用: 2325 MB
2024-07-30 23:37:08, PID 1853703 , 内存占用: 11465 MB 显存占用: 2325 MB
2024-07-30 23:37:10, PID 1853703 , 内存占用: 11465 MB 显存占用: 2325 MB
2024-07-30 23:37:11, PID 1853703 , 内存占用: 11464 MB 显存占用: 2325 MB
2024-07-30 23:37:12, PID 1853703 , 内存占用: 11464 MB 显存占用: 2325 MB
2024-07-30 23:37:13, PID 1853703 , 内存占用: 11464 MB 显存占用: 2325 MB
2024-07-30 23:37:14, PID 1853703 , 内存占用: 11465 MB 显存占用: 2325 MB
2024-07-30 23:37:16, PID 1853703 , 内存占用: 11519 MB 显存占用: 2325 MB
2024-07-30 23:37:17, PID 1853703 , 内存占用: 11502 MB 显存占用: 2325 MB
2024-07-30 23:37:18, PID 1853703 , 内存占用: 11465 MB 显存占用: 2325 MB
2024-07-30 23:37:19, PID 1853703 , 内存占用: 11464 MB 显存占用: 2325 MB
2024-07-30 23:37:21, PID 1853703 , 内存占用: 11464 MB 显存占用: 2325 MB
2024-07-30 23:37:22, PID 1853703 , 内存占用: 11464 MB 显存占用: 2325 MB
2024-07-30 23:37:23, PID 1853703 , 内存占用: 11482 MB 显存占用: 2325 MB
2024-07-30 23:37:24, PID 1853703 , 内存占用: 11519 MB 显存占用: 2325 MB
2024-07-30 23:37:25, PID 1853703 , 内存占用: 11464 MB 显存占用: 2325 MB
2024-07-30 23:37:27, PID 1853703 , 内存占用: 11465 MB 显存占用: 2325 MB
2024-07-30 23:37:28, PID 1853703 , 内存占用: 11464 MB 显存占用: 2325 MB
2024-07-30 23:37:29, PID 1853703 , 内存占用: 11465 MB 显存占用: 2325 MB
2024-07-30 23:37:30, PID 1853703 , 内存占用: 11464 MB 显存占用: 2325 MB
2024-07-30 23:37:32, PID 1853703 , 内存占用: 11520 MB 显存占用: 2325 MB
2024-07-30 23:37:33, PID 1853703 , 内存占用: 11464 MB 显存占用: 2325 MB
2024-07-30 23:37:34, PID 1853703 , 内存占用: 11466 MB 显存占用: 2325 MB
2024-07-30 23:37:35, PID 1853703 , 内存占用: 11483 MB 显存占用: 2325 MB
2024-07-30 23:37:36, PID 1853703 , 内存占用: 11520 MB 显存占用: 2325 MB
2024-07-30 23:37:38, PID 1853703 , 内存占用: 11465 MB 显存占用: 2325 MB
2024-07-30 23:37:39, PID 1853703 , 内存占用: 11482 MB 显存占用: 2325 MB
2024-07-30 23:37:40, PID 1853703 , 内存占用: 11491 MB 显存占用: 2325 MB
2024-07-30 23:37:41, PID 1853703 , 内存占用: 11462 MB 显存占用: 2325 MB
2024-07-30 23:37:43, PID 1853703 , 内存占用: 11462 MB 显存占用: 2325 MB
2024-07-30 23:37:44, PID 1853703 , 内存占用: 11463 MB 显存占用: 2325 MB
2024-07-30 23:37:45, PID 1853703 , 内存占用: 11463 MB 显存占用: 2325 MB
2024-07-30 23:37:46, PID 1853703 , 内存占用: 11462 MB 显存占用: 2325 MB
2024-07-30 23:37:47, PID 1853703 , 内存占用: 11488 MB 显存占用: 2325 MB
2024-07-30 23:37:49, PID 1853703 , 内存占用: 11464 MB 显存占用: 2325 MB
2024-07-30 23:37:50, PID 1853703 , 内存占用: 11464 MB 显存占用: 2325 MB
2024-07-30 23:37:51, PID 1853703 , 内存占用: 11436 MB 显存占用: 2325 MB
2024-07-30 23:37:52, PID 1853703 , 内存占用: 11462 MB 显存占用: 2325 MB
2024-07-30 23:37:54, PID 1853703 , 内存占用: 11463 MB 显存占用: 2325 MB
2024-07-30 23:37:55, PID 1853703 , 内存占用: 11519 MB 显存占用: 2325 MB
2024-07-30 23:37:56, PID 1853703 , 内存占用: 11481 MB 显存占用: 2325 MB
2024-07-30 23:37:57, PID 1853703 , 内存占用: 11481 MB 显存占用: 2325 MB
2024-07-30 23:37:59, PID 1853703 , 内存占用: 11464 MB 显存占用: 2325 MB
2024-07-30 23:38:00, PID 1853703 , 内存占用: 11465 MB 显存占用: 2325 MB
2024-07-30 23:38:01, PID 1853703 , 内存占用: 11365 MB 显存占用: 2325 MB
2024-07-30 23:38:02, PID 1853703 , 内存占用: 11446 MB 显存占用: 2325 MB
2024-07-30 23:38:03, PID 1853703 , 内存占用: 11391 MB 显存占用: 2325 MB
2024-07-30 23:38:05, PID 1853703 , 内存占用: 11396 MB 显存占用: 2325 MB
2024-07-30 23:38:06, PID 1853703 , 内存占用: 11387 MB 显存占用: 2325 MB
2024-07-30 23:38:07, PID 1853703 , 内存占用: 11365 MB 显存占用: 2325 MB
2024-07-30 23:38:08, PID 1853703 , 内存占用: 11362 MB 显存占用: 2325 MB
2024-07-30 23:38:10, PID 1853703 , 内存占用: 11405 MB 显存占用: 2325 MB
2024-07-30 23:38:11, PID 1853703 , 内存占用: 11361 MB 显存占用: 2325 MB
2024-07-30 23:38:12, PID 1853703 , 内存占用: 11360 MB 显存占用: 2325 MB
2024-07-30 23:38:13, PID 1853703 , 内存占用: 11388 MB 显存占用: 2325 MB
2024-07-30 23:38:14, PID 1853703 , 内存占用: 11415 MB 显存占用: 2325 MB
2024-07-30 23:38:16, PID 1853703 , 内存占用: 11451 MB 显存占用: 2325 MB
2024-07-30 23:38:17, PID 1853703 , 内存占用: 11398 MB 显存占用: 2325 MB
2024-07-30 23:38:18, PID 1853703 , 内存占用: 11392 MB 显存占用: 2325 MB
2024-07-30 23:38:19, PID 1853703 , 内存占用: 11446 MB 显存占用: 2325 MB
2024-07-30 23:38:21, PID 1853703 , 内存占用: 11417 MB 显存占用: 2325 MB
2024-07-30 23:38:22, PID 1853703 , 内存占用: 11371 MB 显存占用: 2325 MB
2024-07-30 23:38:23, PID 1853703 , 内存占用: 11376 MB 显存占用: 2325 MB
2024-07-30 23:38:24, PID 1853703 , 内存占用: 11382 MB 显存占用: 2325 MB
2024-07-30 23:38:25, PID 1853703 , 内存占用: 11382 MB 显存占用: 2325 MB
2024-07-30 23:38:27, PID 1853703 , 内存占用: 11426 MB 显存占用: 2325 MB
2024-07-30 23:38:28, PID 1853703 , 内存占用: 11388 MB 显存占用: 2325 MB
2024-07-30 23:38:29, PID 1853703 , 内存占用: 10150 MB 显存占用: 2325 MB
1853703
平均内存占用: 11212.29 MB
峰值内存占用: 11520 MB, 11 GB
峰值显存占用 2325 MB
