start
=============================================
=============================================
=============================================

2024-07-25 18:08:07, PID 134902 , 内存占用: 22 MB 显存占用: 901 MB
2024-07-25 18:08:08, PID 134902 , 内存占用: 212 MB 显存占用: 901 MB
2024-07-25 18:08:09, PID 134902 , 内存占用: 352 MB 显存占用: 901 MB
2024-07-25 18:08:11, PID 134902 , 内存占用: 534 MB 显存占用: 901 MB
2024-07-25 18:08:12, PID 134902 , 内存占用: 723 MB 显存占用: 901 MB
2024-07-25 18:08:13, PID 134902 , 内存占用: 906 MB 显存占用: 901 MB
2024-07-25 18:08:14, PID 134902 , 内存占用: 1074 MB 显存占用: 901 MB
2024-07-25 18:08:15, PID 134902 , 内存占用: 1242 MB 显存占用: 901 MB
2024-07-25 18:08:17, PID 134902 , 内存占用: 1410 MB 显存占用: 901 MB
2024-07-25 18:08:18, PID 134902 , 内存占用: 1584 MB 显存占用: 901 MB
2024-07-25 18:08:19, PID 134902 , 内存占用: 1760 MB 显存占用: 901 MB
2024-07-25 18:08:20, PID 134902 , 内存占用: 1942 MB 显存占用: 901 MB
2024-07-25 18:08:21, PID 134902 , 内存占用: 2125 MB 显存占用: 901 MB
2024-07-25 18:08:23, PID 134902 , 内存占用: 2310 MB 显存占用: 901 MB
2024-07-25 18:08:24, PID 134902 , 内存占用: 2488 MB 显存占用: 901 MB
2024-07-25 18:08:25, PID 134902 , 内存占用: 2673 MB 显存占用: 901 MB
2024-07-25 18:08:26, PID 134902 , 内存占用: 2856 MB 显存占用: 901 MB
2024-07-25 18:08:28, PID 134902 , 内存占用: 3041 MB 显存占用: 901 MB
2024-07-25 18:08:29, PID 134902 , 内存占用: 3223 MB 显存占用: 901 MB
2024-07-25 18:08:30, PID 134902 , 内存占用: 3405 MB 显存占用: 901 MB
2024-07-25 18:08:31, PID 134902 , 内存占用: 3587 MB 显存占用: 901 MB
2024-07-25 18:08:32, PID 134902 , 内存占用: 3772 MB 显存占用: 901 MB
2024-07-25 18:08:34, PID 134902 , 内存占用: 3958 MB 显存占用: 901 MB
2024-07-25 18:08:35, PID 134902 , 内存占用: 4137 MB 显存占用: 901 MB
2024-07-25 18:08:36, PID 134902 , 内存占用: 4322 MB 显存占用: 901 MB
2024-07-25 18:08:37, PID 134902 , 内存占用: 4504 MB 显存占用: 901 MB
2024-07-25 18:08:38, PID 134902 , 内存占用: 4680 MB 显存占用: 901 MB
2024-07-25 18:08:40, PID 134902 , 内存占用: 4862 MB 显存占用: 901 MB
2024-07-25 18:08:41, PID 134902 , 内存占用: 5039 MB 显存占用: 901 MB
2024-07-25 18:08:42, PID 134902 , 内存占用: 5200 MB 显存占用: 901 MB
2024-07-25 18:08:43, PID 134902 , 内存占用: 5380 MB 显存占用: 901 MB
2024-07-25 18:08:44, PID 134902 , 内存占用: 5564 MB 显存占用: 901 MB
2024-07-25 18:08:46, PID 134902 , 内存占用: 5737 MB 显存占用: 901 MB
2024-07-25 18:08:47, PID 134902 , 内存占用: 5905 MB 显存占用: 901 MB
2024-07-25 18:08:48, PID 134902 , 内存占用: 6054 MB 显存占用: 901 MB
2024-07-25 18:08:49, PID 134902 , 内存占用: 6220 MB 显存占用: 901 MB
2024-07-25 18:08:50, PID 134902 , 内存占用: 6388 MB 显存占用: 901 MB
2024-07-25 18:08:52, PID 134902 , 内存占用: 6556 MB 显存占用: 901 MB
2024-07-25 18:08:53, PID 134902 , 内存占用: 6724 MB 显存占用: 901 MB
2024-07-25 18:08:54, PID 134902 , 内存占用: 6885 MB 显存占用: 901 MB
2024-07-25 18:08:55, PID 134902 , 内存占用: 7046 MB 显存占用: 901 MB
2024-07-25 18:08:56, PID 134902 , 内存占用: 7204 MB 显存占用: 901 MB
2024-07-25 18:08:58, PID 134902 , 内存占用: 7353 MB 显存占用: 901 MB
2024-07-25 18:08:59, PID 134902 , 内存占用: 7498 MB 显存占用: 901 MB
2024-07-25 18:09:00, PID 134902 , 内存占用: 7655 MB 显存占用: 901 MB
2024-07-25 18:09:01, PID 134902 , 内存占用: 7810 MB 显存占用: 901 MB
2024-07-25 18:09:03, PID 134902 , 内存占用: 7970 MB 显存占用: 901 MB
2024-07-25 18:09:04, PID 134902 , 内存占用: 8125 MB 显存占用: 901 MB
2024-07-25 18:09:05, PID 134902 , 内存占用: 8285 MB 显存占用: 901 MB
2024-07-25 18:09:06, PID 134902 , 内存占用: 8447 MB 显存占用: 901 MB
2024-07-25 18:09:07, PID 134902 , 内存占用: 8606 MB 显存占用: 901 MB
2024-07-25 18:09:09, PID 134902 , 内存占用: 8764 MB 显存占用: 901 MB
2024-07-25 18:09:10, PID 134902 , 内存占用: 8923 MB 显存占用: 901 MB
2024-07-25 18:09:11, PID 134902 , 内存占用: 9079 MB 显存占用: 901 MB
2024-07-25 18:09:12, PID 134902 , 内存占用: 9235 MB 显存占用: 901 MB
2024-07-25 18:09:13, PID 134902 , 内存占用: 9395 MB 显存占用: 901 MB
2024-07-25 18:09:15, PID 134902 , 内存占用: 9555 MB 显存占用: 901 MB
2024-07-25 18:09:16, PID 134902 , 内存占用: 9717 MB 显存占用: 901 MB
2024-07-25 18:09:17, PID 134902 , 内存占用: 9879 MB 显存占用: 901 MB
2024-07-25 18:09:18, PID 134902 , 内存占用: 10035 MB 显存占用: 901 MB
2024-07-25 18:09:19, PID 134902 , 内存占用: 10197 MB 显存占用: 901 MB
2024-07-25 18:09:21, PID 134902 , 内存占用: 10340 MB 显存占用: 901 MB
2024-07-25 18:09:22, PID 134902 , 内存占用: 10484 MB 显存占用: 901 MB
2024-07-25 18:09:23, PID 134902 , 内存占用: 13305 MB 显存占用: 901 MB
2024-07-25 18:09:24, PID 134902 , 内存占用: 16996 MB 显存占用: 901 MB
2024-07-25 18:09:25, PID 134902 , 内存占用: 18441 MB 显存占用: 901 MB
2024-07-25 18:09:27, PID 134902 , 内存占用: 19520 MB 显存占用: 901 MB
2024-07-25 18:09:28, PID 134902 , 内存占用: 20564 MB 显存占用: 901 MB
2024-07-25 18:09:29, PID 134902 , 内存占用: 21790 MB 显存占用: 901 MB
2024-07-25 18:09:30, PID 134902 , 内存占用: 23026 MB 显存占用: 901 MB
2024-07-25 18:09:31, PID 134902 , 内存占用: 25134 MB 显存占用: 901 MB
2024-07-25 18:09:33, PID 134902 , 内存占用: 26916 MB 显存占用: 901 MB
2024-07-25 18:09:34, PID 134902 , 内存占用: 28326 MB 显存占用: 901 MB
2024-07-25 18:09:35, PID 134902 , 内存占用: 29959 MB 显存占用: 901 MB
2024-07-25 18:09:36, PID 134902 , 内存占用: 31573 MB 显存占用: 901 MB
2024-07-25 18:09:37, PID 134902 , 内存占用: 33269 MB 显存占用: 901 MB
2024-07-25 18:09:39, PID 134902 , 内存占用: 35088 MB 显存占用: 901 MB
2024-07-25 18:09:40, PID 134902 , 内存占用: 36894 MB 显存占用: 901 MB
2024-07-25 18:09:41, PID 134902 , 内存占用: 38296 MB 显存占用: 901 MB
2024-07-25 18:09:42, PID 134902 , 内存占用: 39228 MB 显存占用: 901 MB
2024-07-25 18:09:43, PID 134902 , 内存占用: 39512 MB 显存占用: 901 MB
2024-07-25 18:09:45, PID 134902 , 内存占用: 40640 MB 显存占用: 901 MB
2024-07-25 18:09:46, PID 134902 , 内存占用: 41868 MB 显存占用: 901 MB
2024-07-25 18:09:47, PID 134902 , 内存占用: 19260 MB 显存占用: 901 MB
2024-07-25 18:09:48, PID 134902 , 内存占用: 19260 MB 显存占用: 901 MB
2024-07-25 18:09:50, PID 134902 , 内存占用: 19260 MB 显存占用: 901 MB
2024-07-25 18:09:51, PID 134902 , 内存占用: 19407 MB 显存占用: 901 MB
2024-07-25 18:09:52, PID 134902 , 内存占用: 19546 MB 显存占用: 901 MB
2024-07-25 18:09:53, PID 134902 , 内存占用: 19570 MB 显存占用: 901 MB
2024-07-25 18:09:55, PID 134902 , 内存占用: 20571 MB 显存占用: 901 MB
2024-07-25 18:09:56, PID 134902 , 内存占用: 21595 MB 显存占用: 901 MB
2024-07-25 18:09:57, PID 134902 , 内存占用: 21595 MB 显存占用: 901 MB
2024-07-25 18:09:58, PID 134902 , 内存占用: 22619 MB 显存占用: 901 MB
2024-07-25 18:09:59, PID 134902 , 内存占用: 23992 MB 显存占用: 901 MB
2024-07-25 18:10:01, PID 134902 , 内存占用: 25473 MB 显存占用: 901 MB
2024-07-25 18:10:02, PID 134902 , 内存占用: 26952 MB 显存占用: 901 MB
2024-07-25 18:10:03, PID 134902 , 内存占用: 28481 MB 显存占用: 901 MB
2024-07-25 18:10:04, PID 134902 , 内存占用: 30058 MB 显存占用: 901 MB
2024-07-25 18:10:05, PID 134902 , 内存占用: 31563 MB 显存占用: 901 MB
2024-07-25 18:10:07, PID 134902 , 内存占用: 33090 MB 显存占用: 901 MB
2024-07-25 18:10:08, PID 134902 , 内存占用: 34641 MB 显存占用: 901 MB
2024-07-25 18:10:09, PID 134902 , 内存占用: 36192 MB 显存占用: 901 MB
2024-07-25 18:10:10, PID 134902 , 内存占用: 37644 MB 显存占用: 901 MB
2024-07-25 18:10:11, PID 134902 , 内存占用: 39180 MB 显存占用: 901 MB
2024-07-25 18:10:13, PID 134902 , 内存占用: 40699 MB 显存占用: 901 MB
2024-07-25 18:10:14, PID 134902 , 内存占用: 42216 MB 显存占用: 901 MB
2024-07-25 18:10:15, PID 134902 , 内存占用: 43758 MB 显存占用: 901 MB
2024-07-25 18:10:16, PID 134902 , 内存占用: 45244 MB 显存占用: 901 MB
2024-07-25 18:10:17, PID 134902 , 内存占用: 46666 MB 显存占用: 901 MB
2024-07-25 18:10:19, PID 134902 , 内存占用: 48171 MB 显存占用: 901 MB
2024-07-25 18:10:20, PID 134902 , 内存占用: 49670 MB 显存占用: 901 MB
2024-07-25 18:10:21, PID 134902 , 内存占用: 51129 MB 显存占用: 901 MB
2024-07-25 18:10:22, PID 134902 , 内存占用: 52605 MB 显存占用: 901 MB
2024-07-25 18:10:23, PID 134902 , 内存占用: 54013 MB 显存占用: 901 MB
2024-07-25 18:10:25, PID 134902 , 内存占用: 55394 MB 显存占用: 901 MB
2024-07-25 18:10:26, PID 134902 , 内存占用: 61182 MB 显存占用: 901 MB
2024-07-25 18:10:28, PID 134902 , 内存占用: 69184 MB 显存占用: 901 MB
2024-07-25 18:10:29, PID 134902 , 内存占用: 75703 MB 显存占用: 901 MB
2024-07-25 18:10:30, PID 134902 , 内存占用: 83496 MB 显存占用: 901 MB
2024-07-25 18:10:31, PID 134902 , 内存占用: 90304 MB 显存占用: 901 MB
2024-07-25 18:10:33, PID 134902 , 内存占用: 98242 MB 显存占用: 901 MB
2024-07-25 18:10:34, PID 134902 , 内存占用: 106052 MB 显存占用: 901 MB
2024-07-25 18:10:35, PID 134902 , 内存占用: 114458 MB 显存占用: 901 MB
2024-07-25 18:10:37, PID 134902 , 内存占用: 122862 MB 显存占用: 901 MB
2024-07-25 18:10:38, PID 134902 , 内存占用: 132204 MB 显存占用: 901 MB
2024-07-25 18:10:39, PID 134902 , 内存占用: 147832 MB 显存占用: 901 MB
2024-07-25 18:10:41, PID 134902 , 内存占用: 164966 MB 显存占用: 901 MB
2024-07-25 18:10:42, PID 134902 , 内存占用: 177378 MB 显存占用: 901 MB
2024-07-25 18:10:43, PID 134902 , 内存占用: 186245 MB 显存占用: 901 MB
2024-07-25 18:10:44, PID 134902 , 内存占用: 178742 MB 显存占用: 901 MB
2024-07-25 18:10:45, PID 134902 , 内存占用: 159892 MB 显存占用: 901 MB
2024-07-25 18:10:47, PID 134902 , 内存占用: 155944 MB 显存占用: 901 MB
2024-07-25 18:10:48, PID 134902 , 内存占用: 156408 MB 显存占用: 901 MB
2024-07-25 18:10:49, PID 134902 , 内存占用: 157024 MB 显存占用: 901 MB
2024-07-25 18:10:50, PID 134902 , 内存占用: 158462 MB 显存占用: 901 MB
2024-07-25 18:10:51, PID 134902 , 内存占用: 159971 MB 显存占用: 901 MB
2024-07-25 18:10:53, PID 134902 , 内存占用: 161420 MB 显存占用: 901 MB
2024-07-25 18:10:54, PID 134902 , 内存占用: 163610 MB 显存占用: 901 MB
2024-07-25 18:10:55, PID 134902 , 内存占用: 165884 MB 显存占用: 901 MB
2024-07-25 18:10:56, PID 134902 , 内存占用: 167238 MB 显存占用: 901 MB
2024-07-25 18:10:57, PID 134902 , 内存占用: 167240 MB 显存占用: 901 MB
2024-07-25 18:10:59, PID 134902 , 内存占用: 167240 MB 显存占用: 901 MB
2024-07-25 18:11:00, PID 134902 , 内存占用: 167240 MB 显存占用: 901 MB
2024-07-25 18:11:01, PID 134902 , 内存占用: 167240 MB 显存占用: 901 MB
2024-07-25 18:11:02, PID 134902 , 内存占用: 167240 MB 显存占用: 901 MB
2024-07-25 18:11:03, PID 134902 , 内存占用: 167240 MB 显存占用: 901 MB
2024-07-25 18:11:05, PID 134902 , 内存占用: 167241 MB 显存占用: 901 MB
2024-07-25 18:11:06, PID 134902 , 内存占用: 167241 MB 显存占用: 901 MB
2024-07-25 18:11:07, PID 134902 , 内存占用: 167241 MB 显存占用: 901 MB
2024-07-25 18:11:08, PID 134902 , 内存占用: 167241 MB 显存占用: 901 MB
2024-07-25 18:11:10, PID 134902 , 内存占用: 167241 MB 显存占用: 901 MB
2024-07-25 18:11:11, PID 134902 , 内存占用: 167241 MB 显存占用: 901 MB
2024-07-25 18:11:12, PID 134902 , 内存占用: 167241 MB 显存占用: 901 MB
2024-07-25 18:11:13, PID 134902 , 内存占用: 167241 MB 显存占用: 901 MB
2024-07-25 18:11:14, PID 134902 , 内存占用: 167241 MB 显存占用: 901 MB
2024-07-25 18:11:16, PID 134902 , 内存占用: 167241 MB 显存占用: 901 MB
2024-07-25 18:11:17, PID 134902 , 内存占用: 167241 MB 显存占用: 901 MB
2024-07-25 18:11:18, PID 134902 , 内存占用: 167241 MB 显存占用: 901 MB
2024-07-25 18:11:19, PID 134902 , 内存占用: 167241 MB 显存占用: 901 MB
2024-07-25 18:11:20, PID 134902 , 内存占用: 167241 MB 显存占用: 901 MB
2024-07-25 18:11:22, PID 134902 , 内存占用: 167241 MB 显存占用: 901 MB
2024-07-25 18:11:23, PID 134902 , 内存占用: 167241 MB 显存占用: 901 MB
2024-07-25 18:11:24, PID 134902 , 内存占用: 167241 MB 显存占用: 901 MB
2024-07-25 18:11:25, PID 134902 , 内存占用: 167241 MB 显存占用: 901 MB
2024-07-25 18:11:26, PID 134902 , 内存占用: 167241 MB 显存占用: 901 MB
2024-07-25 18:11:28, PID 134902 , 内存占用: 167241 MB 显存占用: 901 MB
2024-07-25 18:11:29, PID 134902 , 内存占用: 167241 MB 显存占用: 901 MB
2024-07-25 18:11:30, PID 134902 , 内存占用: 167241 MB 显存占用: 901 MB
2024-07-25 18:11:31, PID 134902 , 内存占用: 167241 MB 显存占用: 901 MB
2024-07-25 18:11:33, PID 134902 , 内存占用: 167241 MB 显存占用: 901 MB
2024-07-25 18:11:34, PID 134902 , 内存占用: 167241 MB 显存占用: 901 MB
2024-07-25 18:11:35, PID 134902 , 内存占用: 167241 MB 显存占用: 901 MB
2024-07-25 18:11:36, PID 134902 , 内存占用: 167241 MB 显存占用: 901 MB
2024-07-25 18:11:37, PID 134902 , 内存占用: 167241 MB 显存占用: 901 MB
2024-07-25 18:11:39, PID 134902 , 内存占用: 167241 MB 显存占用: 901 MB
2024-07-25 18:11:40, PID 134902 , 内存占用: 167241 MB 显存占用: 901 MB
2024-07-25 18:11:41, PID 134902 , 内存占用: 167241 MB 显存占用: 901 MB
2024-07-25 18:11:42, PID 134902 , 内存占用: 167241 MB 显存占用: 901 MB
2024-07-25 18:11:44, PID 134902 , 内存占用: 167241 MB 显存占用: 901 MB
2024-07-25 18:11:45, PID 134902 , 内存占用: 167241 MB 显存占用: 901 MB
2024-07-25 18:11:46, PID 134902 , 内存占用: 167241 MB 显存占用: 901 MB
2024-07-25 18:11:47, PID 134902 , 内存占用: 167241 MB 显存占用: 901 MB
2024-07-25 18:11:48, PID 134902 , 内存占用: 167241 MB 显存占用: 901 MB
2024-07-25 18:11:50, PID 134902 , 内存占用: 167239 MB 显存占用: 901 MB
2024-07-25 18:11:51, PID 134902 , 内存占用: 167239 MB 显存占用: 901 MB
2024-07-25 18:11:52, PID 134902 , 内存占用: 167239 MB 显存占用: 901 MB
2024-07-25 18:11:53, PID 134902 , 内存占用: 167239 MB 显存占用: 901 MB
2024-07-25 18:11:54, PID 134902 , 内存占用: 167238 MB 显存占用: 901 MB
2024-07-25 18:11:56, PID 134902 , 内存占用: 167238 MB 显存占用: 901 MB
2024-07-25 18:11:57, PID 134902 , 内存占用: 167238 MB 显存占用: 901 MB
2024-07-25 18:11:58, PID 134902 , 内存占用: 167238 MB 显存占用: 901 MB
2024-07-25 18:11:59, PID 134902 , 内存占用: 167238 MB 显存占用: 901 MB
2024-07-25 18:12:00, PID 134902 , 内存占用: 167238 MB 显存占用: 901 MB
2024-07-25 18:12:02, PID 134902 , 内存占用: 167238 MB 显存占用: 901 MB
2024-07-25 18:12:03, PID 134902 , 内存占用: 167238 MB 显存占用: 901 MB
2024-07-25 18:12:04, PID 134902 , 内存占用: 167238 MB 显存占用: 901 MB
2024-07-25 18:12:05, PID 134902 , 内存占用: 167238 MB 显存占用: 901 MB
2024-07-25 18:12:07, PID 134902 , 内存占用: 167238 MB 显存占用: 901 MB
2024-07-25 18:12:08, PID 134902 , 内存占用: 167238 MB 显存占用: 901 MB
2024-07-25 18:12:09, PID 134902 , 内存占用: 167238 MB 显存占用: 901 MB
2024-07-25 18:12:10, PID 134902 , 内存占用: 167238 MB 显存占用: 901 MB
2024-07-25 18:12:11, PID 134902 , 内存占用: 167238 MB 显存占用: 901 MB
2024-07-25 18:12:13, PID 134902 , 内存占用: 167238 MB 显存占用: 901 MB
2024-07-25 18:12:14, PID 134902 , 内存占用: 167238 MB 显存占用: 901 MB
2024-07-25 18:12:15, PID 134902 , 内存占用: 167238 MB 显存占用: 901 MB
2024-07-25 18:12:16, PID 134902 , 内存占用: 167238 MB 显存占用: 901 MB
2024-07-25 18:12:17, PID 134902 , 内存占用: 167237 MB 显存占用: 901 MB
2024-07-25 18:12:19, PID 134902 , 内存占用: 167237 MB 显存占用: 901 MB
2024-07-25 18:12:20, PID 134902 , 内存占用: 167237 MB 显存占用: 901 MB
2024-07-25 18:12:21, PID 134902 , 内存占用: 167237 MB 显存占用: 901 MB
2024-07-25 18:12:22, PID 134902 , 内存占用: 167237 MB 显存占用: 901 MB
2024-07-25 18:12:23, PID 134902 , 内存占用: 167237 MB 显存占用: 901 MB
2024-07-25 18:12:25, PID 134902 , 内存占用: 167237 MB 显存占用: 901 MB
2024-07-25 18:12:26, PID 134902 , 内存占用: 167237 MB 显存占用: 901 MB
2024-07-25 18:12:27, PID 134902 , 内存占用: 167237 MB 显存占用: 901 MB
2024-07-25 18:12:28, PID 134902 , 内存占用: 167237 MB 显存占用: 901 MB
2024-07-25 18:12:30, PID 134902 , 内存占用: 167238 MB 显存占用: 901 MB
2024-07-25 18:12:31, PID 134902 , 内存占用: 167238 MB 显存占用: 901 MB
2024-07-25 18:12:32, PID 134902 , 内存占用: 167237 MB 显存占用: 901 MB
2024-07-25 18:12:33, PID 134902 , 内存占用: 167237 MB 显存占用: 901 MB
2024-07-25 18:12:34, PID 134902 , 内存占用: 167237 MB 显存占用: 901 MB
2024-07-25 18:12:36, PID 134902 , 内存占用: 167236 MB 显存占用: 901 MB
2024-07-25 18:12:37, PID 134902 , 内存占用: 167236 MB 显存占用: 901 MB
2024-07-25 18:12:38, PID 134902 , 内存占用: 167235 MB 显存占用: 901 MB
2024-07-25 18:12:39, PID 134902 , 内存占用: 167234 MB 显存占用: 901 MB
2024-07-25 18:12:40, PID 134902 , 内存占用: 167232 MB 显存占用: 901 MB
2024-07-25 18:12:42, PID 134902 , 内存占用: 167232 MB 显存占用: 901 MB
2024-07-25 18:12:43, PID 134902 , 内存占用: 167232 MB 显存占用: 901 MB
2024-07-25 18:12:44, PID 134902 , 内存占用: 167232 MB 显存占用: 901 MB
2024-07-25 18:12:45, PID 134902 , 内存占用: 167232 MB 显存占用: 901 MB
2024-07-25 18:12:46, PID 134902 , 内存占用: 167232 MB 显存占用: 901 MB
2024-07-25 18:12:48, PID 134902 , 内存占用: 167232 MB 显存占用: 901 MB
2024-07-25 18:12:49, PID 134902 , 内存占用: 167232 MB 显存占用: 901 MB
2024-07-25 18:12:50, PID 134902 , 内存占用: 167232 MB 显存占用: 901 MB
2024-07-25 18:12:51, PID 134902 , 内存占用: 167194 MB 显存占用: 901 MB
2024-07-25 18:12:52, PID 134902 , 内存占用: 167131 MB 显存占用: 901 MB
2024-07-25 18:12:54, PID 134902 , 内存占用: 167130 MB 显存占用: 901 MB
2024-07-25 18:12:55, PID 134902 , 内存占用: 167130 MB 显存占用: 901 MB
2024-07-25 18:12:56, PID 134902 , 内存占用: 167130 MB 显存占用: 901 MB
2024-07-25 18:12:57, PID 134902 , 内存占用: 167130 MB 显存占用: 901 MB
2024-07-25 18:12:58, PID 134902 , 内存占用: 167130 MB 显存占用: 901 MB
2024-07-25 18:13:00, PID 134902 , 内存占用: 167130 MB 显存占用: 901 MB
2024-07-25 18:13:01, PID 134902 , 内存占用: 167130 MB 显存占用: 901 MB
2024-07-25 18:13:02, PID 134902 , 内存占用: 167130 MB 显存占用: 901 MB
2024-07-25 18:13:03, PID 134902 , 内存占用: 167130 MB 显存占用: 901 MB
2024-07-25 18:13:04, PID 134902 , 内存占用: 167129 MB 显存占用: 901 MB
2024-07-25 18:13:06, PID 134902 , 内存占用: 167128 MB 显存占用: 901 MB
2024-07-25 18:13:07, PID 134902 , 内存占用: 167128 MB 显存占用: 901 MB
2024-07-25 18:13:08, PID 134902 , 内存占用: 167127 MB 显存占用: 901 MB
2024-07-25 18:13:09, PID 134902 , 内存占用: 167126 MB 显存占用: 901 MB
2024-07-25 18:13:10, PID 134902 , 内存占用: 167126 MB 显存占用: 901 MB
2024-07-25 18:13:12, PID 134902 , 内存占用: 167126 MB 显存占用: 901 MB
2024-07-25 18:13:13, PID 134902 , 内存占用: 167125 MB 显存占用: 901 MB
2024-07-25 18:13:14, PID 134902 , 内存占用: 167124 MB 显存占用: 901 MB
2024-07-25 18:13:15, PID 134902 , 内存占用: 167124 MB 显存占用: 901 MB
2024-07-25 18:13:17, PID 134902 , 内存占用: 167124 MB 显存占用: 901 MB
2024-07-25 18:13:18, PID 134902 , 内存占用: 167123 MB 显存占用: 901 MB
2024-07-25 18:13:19, PID 134902 , 内存占用: 167123 MB 显存占用: 901 MB
2024-07-25 18:13:20, PID 134902 , 内存占用: 167123 MB 显存占用: 901 MB
2024-07-25 18:13:21, PID 134902 , 内存占用: 167122 MB 显存占用: 901 MB
2024-07-25 18:13:23, PID 134902 , 内存占用: 167121 MB 显存占用: 901 MB
2024-07-25 18:13:24, PID 134902 , 内存占用: 167121 MB 显存占用: 901 MB
2024-07-25 18:13:25, PID 134902 , 内存占用: 167121 MB 显存占用: 901 MB
2024-07-25 18:13:26, PID 134902 , 内存占用: 167121 MB 显存占用: 901 MB
2024-07-25 18:13:27, PID 134902 , 内存占用: 167121 MB 显存占用: 901 MB
2024-07-25 18:13:29, PID 134902 , 内存占用: 167121 MB 显存占用: 901 MB
2024-07-25 18:13:30, PID 134902 , 内存占用: 167121 MB 显存占用: 901 MB
2024-07-25 18:13:31, PID 134902 , 内存占用: 167121 MB 显存占用: 901 MB
2024-07-25 18:13:32, PID 134902 , 内存占用: 167121 MB 显存占用: 901 MB
2024-07-25 18:13:33, PID 134902 , 内存占用: 167121 MB 显存占用: 901 MB
2024-07-25 18:13:35, PID 134902 , 内存占用: 167121 MB 显存占用: 901 MB
2024-07-25 18:13:36, PID 134902 , 内存占用: 167121 MB 显存占用: 901 MB
2024-07-25 18:13:37, PID 134902 , 内存占用: 167121 MB 显存占用: 901 MB
2024-07-25 18:13:38, PID 134902 , 内存占用: 167121 MB 显存占用: 901 MB
2024-07-25 18:13:40, PID 134902 , 内存占用: 167121 MB 显存占用: 901 MB
2024-07-25 18:13:41, PID 134902 , 内存占用: 167121 MB 显存占用: 901 MB
2024-07-25 18:13:42, PID 134902 , 内存占用: 167120 MB 显存占用: 901 MB
2024-07-25 18:13:43, PID 134902 , 内存占用: 167120 MB 显存占用: 901 MB
2024-07-25 18:13:44, PID 134902 , 内存占用: 167120 MB 显存占用: 901 MB
2024-07-25 18:13:46, PID 134902 , 内存占用: 167120 MB 显存占用: 901 MB
2024-07-25 18:13:47, PID 134902 , 内存占用: 167119 MB 显存占用: 901 MB
2024-07-25 18:13:48, PID 134902 , 内存占用: 167119 MB 显存占用: 901 MB
2024-07-25 18:13:49, PID 134902 , 内存占用: 167119 MB 显存占用: 901 MB
2024-07-25 18:13:50, PID 134902 , 内存占用: 167119 MB 显存占用: 901 MB
2024-07-25 18:13:52, PID 134902 , 内存占用: 167119 MB 显存占用: 901 MB
2024-07-25 18:13:53, PID 134902 , 内存占用: 167119 MB 显存占用: 901 MB
2024-07-25 18:13:54, PID 134902 , 内存占用: 167119 MB 显存占用: 901 MB
2024-07-25 18:13:55, PID 134902 , 内存占用: 167119 MB 显存占用: 901 MB
2024-07-25 18:13:57, PID 134902 , 内存占用: 167119 MB 显存占用: 901 MB
2024-07-25 18:13:58, PID 134902 , 内存占用: 167119 MB 显存占用: 901 MB
2024-07-25 18:13:59, PID 134902 , 内存占用: 167119 MB 显存占用: 901 MB
2024-07-25 18:14:00, PID 134902 , 内存占用: 167119 MB 显存占用: 901 MB
2024-07-25 18:14:01, PID 134902 , 内存占用: 167119 MB 显存占用: 901 MB
2024-07-25 18:14:03, PID 134902 , 内存占用: 167119 MB 显存占用: 901 MB
2024-07-25 18:14:04, PID 134902 , 内存占用: 167119 MB 显存占用: 901 MB
2024-07-25 18:14:05, PID 134902 , 内存占用: 167119 MB 显存占用: 901 MB
2024-07-25 18:14:06, PID 134902 , 内存占用: 167118 MB 显存占用: 901 MB
2024-07-25 18:14:07, PID 134902 , 内存占用: 167118 MB 显存占用: 901 MB
2024-07-25 18:14:09, PID 134902 , 内存占用: 167118 MB 显存占用: 901 MB
2024-07-25 18:14:10, PID 134902 , 内存占用: 167118 MB 显存占用: 901 MB
2024-07-25 18:14:11, PID 134902 , 内存占用: 167118 MB 显存占用: 901 MB
2024-07-25 18:14:12, PID 134902 , 内存占用: 167118 MB 显存占用: 901 MB
2024-07-25 18:14:13, PID 134902 , 内存占用: 167118 MB 显存占用: 901 MB
2024-07-25 18:14:15, PID 134902 , 内存占用: 167118 MB 显存占用: 901 MB
2024-07-25 18:14:16, PID 134902 , 内存占用: 167118 MB 显存占用: 901 MB
2024-07-25 18:14:17, PID 134902 , 内存占用: 167118 MB 显存占用: 901 MB
2024-07-25 18:14:18, PID 134902 , 内存占用: 167118 MB 显存占用: 901 MB
2024-07-25 18:14:19, PID 134902 , 内存占用: 167118 MB 显存占用: 901 MB
2024-07-25 18:14:21, PID 134902 , 内存占用: 167118 MB 显存占用: 901 MB
2024-07-25 18:14:22, PID 134902 , 内存占用: 167118 MB 显存占用: 901 MB
2024-07-25 18:14:23, PID 134902 , 内存占用: 167118 MB 显存占用: 901 MB
2024-07-25 18:14:24, PID 134902 , 内存占用: 167117 MB 显存占用: 901 MB
2024-07-25 18:14:25, PID 134902 , 内存占用: 167117 MB 显存占用: 901 MB
2024-07-25 18:14:27, PID 134902 , 内存占用: 167117 MB 显存占用: 901 MB
2024-07-25 18:14:28, PID 134902 , 内存占用: 167117 MB 显存占用: 901 MB
2024-07-25 18:14:29, PID 134902 , 内存占用: 167117 MB 显存占用: 901 MB
2024-07-25 18:14:30, PID 134902 , 内存占用: 167117 MB 显存占用: 901 MB
2024-07-25 18:14:31, PID 134902 , 内存占用: 167117 MB 显存占用: 901 MB
2024-07-25 18:14:33, PID 134902 , 内存占用: 167117 MB 显存占用: 901 MB
2024-07-25 18:14:34, PID 134902 , 内存占用: 167117 MB 显存占用: 901 MB
2024-07-25 18:14:35, PID 134902 , 内存占用: 167117 MB 显存占用: 901 MB
2024-07-25 18:14:36, PID 134902 , 内存占用: 167117 MB 显存占用: 901 MB
2024-07-25 18:14:38, PID 134902 , 内存占用: 167117 MB 显存占用: 901 MB
2024-07-25 18:14:39, PID 134902 , 内存占用: 167117 MB 显存占用: 901 MB
2024-07-25 18:14:40, PID 134902 , 内存占用: 167117 MB 显存占用: 901 MB
2024-07-25 18:14:41, PID 134902 , 内存占用: 167117 MB 显存占用: 901 MB
2024-07-25 18:14:42, PID 134902 , 内存占用: 167117 MB 显存占用: 901 MB
2024-07-25 18:14:44, PID 134902 , 内存占用: 167117 MB 显存占用: 901 MB
2024-07-25 18:14:45, PID 134902 , 内存占用: 167117 MB 显存占用: 901 MB
2024-07-25 18:14:46, PID 134902 , 内存占用: 167117 MB 显存占用: 901 MB
2024-07-25 18:14:47, PID 134902 , 内存占用: 167117 MB 显存占用: 901 MB
2024-07-25 18:14:48, PID 134902 , 内存占用: 167117 MB 显存占用: 901 MB
2024-07-25 18:14:50, PID 134902 , 内存占用: 167117 MB 显存占用: 901 MB
2024-07-25 18:14:51, PID 134902 , 内存占用: 167117 MB 显存占用: 901 MB
2024-07-25 18:14:52, PID 134902 , 内存占用: 167117 MB 显存占用: 901 MB
2024-07-25 18:14:53, PID 134902 , 内存占用: 167117 MB 显存占用: 901 MB
2024-07-25 18:14:54, PID 134902 , 内存占用: 167117 MB 显存占用: 901 MB
2024-07-25 18:14:56, PID 134902 , 内存占用: 167117 MB 显存占用: 901 MB
2024-07-25 18:14:57, PID 134902 , 内存占用: 167117 MB 显存占用: 901 MB
2024-07-25 18:14:58, PID 134902 , 内存占用: 167117 MB 显存占用: 901 MB
2024-07-25 18:14:59, PID 134902 , 内存占用: 167116 MB 显存占用: 901 MB
2024-07-25 18:15:00, PID 134902 , 内存占用: 167116 MB 显存占用: 901 MB
2024-07-25 18:15:02, PID 134902 , 内存占用: 167115 MB 显存占用: 901 MB
2024-07-25 18:15:03, PID 134902 , 内存占用: 167115 MB 显存占用: 901 MB
2024-07-25 18:15:04, PID 134902 , 内存占用: 167115 MB 显存占用: 901 MB
2024-07-25 18:15:05, PID 134902 , 内存占用: 167114 MB 显存占用: 901 MB
2024-07-25 18:15:06, PID 134902 , 内存占用: 167114 MB 显存占用: 901 MB
2024-07-25 18:15:08, PID 134902 , 内存占用: 167113 MB 显存占用: 901 MB
2024-07-25 18:15:09, PID 134902 , 内存占用: 167113 MB 显存占用: 901 MB
2024-07-25 18:15:10, PID 134902 , 内存占用: 167112 MB 显存占用: 901 MB
2024-07-25 18:15:11, PID 134902 , 内存占用: 167112 MB 显存占用: 901 MB
2024-07-25 18:15:13, PID 134902 , 内存占用: 167112 MB 显存占用: 901 MB
2024-07-25 18:15:14, PID 134902 , 内存占用: 167112 MB 显存占用: 901 MB
2024-07-25 18:15:15, PID 134902 , 内存占用: 167112 MB 显存占用: 901 MB
2024-07-25 18:15:16, PID 134902 , 内存占用: 167112 MB 显存占用: 901 MB
2024-07-25 18:15:17, PID 134902 , 内存占用: 167112 MB 显存占用: 901 MB
2024-07-25 18:15:19, PID 134902 , 内存占用: 167112 MB 显存占用: 901 MB
2024-07-25 18:15:20, PID 134902 , 内存占用: 167112 MB 显存占用: 901 MB
2024-07-25 18:15:21, PID 134902 , 内存占用: 167112 MB 显存占用: 901 MB
2024-07-25 18:15:22, PID 134902 , 内存占用: 167112 MB 显存占用: 901 MB
2024-07-25 18:15:23, PID 134902 , 内存占用: 167112 MB 显存占用: 901 MB
2024-07-25 18:15:25, PID 134902 , 内存占用: 167112 MB 显存占用: 901 MB
2024-07-25 18:15:26, PID 134902 , 内存占用: 167106 MB 显存占用: 901 MB
2024-07-25 18:15:27, PID 134902 , 内存占用: 167082 MB 显存占用: 901 MB
2024-07-25 18:15:28, PID 134902 , 内存占用: 167082 MB 显存占用: 901 MB
2024-07-25 18:15:29, PID 134902 , 内存占用: 167082 MB 显存占用: 901 MB
2024-07-25 18:15:31, PID 134902 , 内存占用: 167081 MB 显存占用: 901 MB
2024-07-25 18:15:32, PID 134902 , 内存占用: 167081 MB 显存占用: 901 MB
2024-07-25 18:15:33, PID 134902 , 内存占用: 167081 MB 显存占用: 901 MB
2024-07-25 18:15:34, PID 134902 , 内存占用: 167081 MB 显存占用: 901 MB
2024-07-25 18:15:35, PID 134902 , 内存占用: 167081 MB 显存占用: 901 MB
2024-07-25 18:15:37, PID 134902 , 内存占用: 167080 MB 显存占用: 901 MB
2024-07-25 18:15:38, PID 134902 , 内存占用: 167079 MB 显存占用: 901 MB
2024-07-25 18:15:39, PID 134902 , 内存占用: 167078 MB 显存占用: 901 MB
2024-07-25 18:15:40, PID 134902 , 内存占用: 167078 MB 显存占用: 901 MB
2024-07-25 18:15:42, PID 134902 , 内存占用: 167078 MB 显存占用: 901 MB
2024-07-25 18:15:43, PID 134902 , 内存占用: 167078 MB 显存占用: 901 MB
2024-07-25 18:15:44, PID 134902 , 内存占用: 167077 MB 显存占用: 901 MB
2024-07-25 18:15:45, PID 134902 , 内存占用: 167076 MB 显存占用: 901 MB
2024-07-25 18:15:46, PID 134902 , 内存占用: 167076 MB 显存占用: 901 MB
2024-07-25 18:15:48, PID 134902 , 内存占用: 167076 MB 显存占用: 901 MB
2024-07-25 18:15:49, PID 134902 , 内存占用: 167076 MB 显存占用: 901 MB
2024-07-25 18:15:50, PID 134902 , 内存占用: 167076 MB 显存占用: 901 MB
2024-07-25 18:15:51, PID 134902 , 内存占用: 167076 MB 显存占用: 901 MB
2024-07-25 18:15:52, PID 134902 , 内存占用: 167076 MB 显存占用: 901 MB
2024-07-25 18:15:54, PID 134902 , 内存占用: 167076 MB 显存占用: 901 MB
2024-07-25 18:15:55, PID 134902 , 内存占用: 167076 MB 显存占用: 901 MB
2024-07-25 18:15:56, PID 134902 , 内存占用: 167076 MB 显存占用: 901 MB
2024-07-25 18:15:57, PID 134902 , 内存占用: 167076 MB 显存占用: 901 MB
2024-07-25 18:15:58, PID 134902 , 内存占用: 167076 MB 显存占用: 901 MB
2024-07-25 18:16:00, PID 134902 , 内存占用: 167075 MB 显存占用: 901 MB
2024-07-25 18:16:01, PID 134902 , 内存占用: 167075 MB 显存占用: 901 MB
2024-07-25 18:16:02, PID 134902 , 内存占用: 167075 MB 显存占用: 901 MB
2024-07-25 18:16:03, PID 134902 , 内存占用: 167075 MB 显存占用: 901 MB
2024-07-25 18:16:04, PID 134902 , 内存占用: 167074 MB 显存占用: 901 MB
2024-07-25 18:16:06, PID 134902 , 内存占用: 167074 MB 显存占用: 901 MB
2024-07-25 18:16:07, PID 134902 , 内存占用: 167074 MB 显存占用: 901 MB
2024-07-25 18:16:08, PID 134902 , 内存占用: 167074 MB 显存占用: 901 MB
2024-07-25 18:16:09, PID 134902 , 内存占用: 167074 MB 显存占用: 901 MB
2024-07-25 18:16:11, PID 134902 , 内存占用: 167074 MB 显存占用: 901 MB
2024-07-25 18:16:12, PID 134902 , 内存占用: 167074 MB 显存占用: 901 MB
2024-07-25 18:16:13, PID 134902 , 内存占用: 167074 MB 显存占用: 901 MB
2024-07-25 18:16:14, PID 134902 , 内存占用: 167074 MB 显存占用: 901 MB
2024-07-25 18:16:15, PID 134902 , 内存占用: 167074 MB 显存占用: 901 MB
2024-07-25 18:16:17, PID 134902 , 内存占用: 167074 MB 显存占用: 901 MB
2024-07-25 18:16:18, PID 134902 , 内存占用: 167074 MB 显存占用: 901 MB
2024-07-25 18:16:19, PID 134902 , 内存占用: 167074 MB 显存占用: 901 MB
2024-07-25 18:16:20, PID 134902 , 内存占用: 167074 MB 显存占用: 901 MB
2024-07-25 18:16:21, PID 134902 , 内存占用: 167074 MB 显存占用: 901 MB
2024-07-25 18:16:23, PID 134902 , 内存占用: 167074 MB 显存占用: 901 MB
2024-07-25 18:16:24, PID 134902 , 内存占用: 167074 MB 显存占用: 901 MB
2024-07-25 18:16:25, PID 134902 , 内存占用: 167073 MB 显存占用: 901 MB
2024-07-25 18:16:26, PID 134902 , 内存占用: 167073 MB 显存占用: 901 MB
2024-07-25 18:16:27, PID 134902 , 内存占用: 167073 MB 显存占用: 901 MB
2024-07-25 18:16:29, PID 134902 , 内存占用: 167073 MB 显存占用: 901 MB
2024-07-25 18:16:30, PID 134902 , 内存占用: 167072 MB 显存占用: 901 MB
2024-07-25 18:16:31, PID 134902 , 内存占用: 167072 MB 显存占用: 901 MB
2024-07-25 18:16:32, PID 134902 , 内存占用: 167072 MB 显存占用: 901 MB
2024-07-25 18:16:33, PID 134902 , 内存占用: 167072 MB 显存占用: 901 MB
2024-07-25 18:16:35, PID 134902 , 内存占用: 167072 MB 显存占用: 901 MB
2024-07-25 18:16:36, PID 134902 , 内存占用: 167072 MB 显存占用: 901 MB
2024-07-25 18:16:37, PID 134902 , 内存占用: 167072 MB 显存占用: 901 MB
2024-07-25 18:16:38, PID 134902 , 内存占用: 167072 MB 显存占用: 901 MB
2024-07-25 18:16:39, PID 134902 , 内存占用: 167072 MB 显存占用: 901 MB
2024-07-25 18:16:41, PID 134902 , 内存占用: 167072 MB 显存占用: 901 MB
2024-07-25 18:16:42, PID 134902 , 内存占用: 145907 MB 显存占用: 901 MB
2024-07-25 18:16:43, PID 134902 , 内存占用: 127216 MB 显存占用: 901 MB
2024-07-25 18:16:44, PID 134902 , 内存占用: 107986 MB 显存占用: 901 MB
2024-07-25 18:16:46, PID 134902 , 内存占用: 89688 MB 显存占用: 901 MB
2024-07-25 18:16:47, PID 134902 , 内存占用: 70785 MB 显存占用: 901 MB
2024-07-25 18:16:48, PID 134902 , 内存占用: 51957 MB 显存占用: 901 MB
2024-07-25 18:16:49, PID 134902 , 内存占用: 33319 MB 显存占用: 901 MB
2024-07-25 18:16:50, PID 134902 , 内存占用: 0 MB 显存占用: 901 MB
2024-07-25 18:16:52, PID 134902 , 内存占用: 0 MB 显存占用: 901 MB
134902
平均内存占用: 123686.92 MB
峰值内存占用: 186245 MB, 181 GB
峰值显存占用 901 MB
