start
=============================================
=============================================
=============================================

2024-07-30 22:40:51, PID 1800069 , 内存占用: 62 MB 显存占用: 9 MB
2024-07-30 22:40:52, PID 1800069 , 内存占用: 243 MB 显存占用: 9 MB
2024-07-30 22:40:54, PID 1800069 , 内存占用: 765 MB 显存占用: 9 MB
2024-07-30 22:40:55, PID 1800069 , 内存占用: 2254 MB 显存占用: 9 MB
2024-07-30 22:40:56, PID 1800069 , 内存占用: 3831 MB 显存占用: 9 MB
2024-07-30 22:40:57, PID 1800069 , 内存占用: 5490 MB 显存占用: 9 MB
2024-07-30 22:40:58, PID 1800069 , 内存占用: 7126 MB 显存占用: 9 MB
2024-07-30 22:41:00, PID 1800069 , 内存占用: 8687 MB 显存占用: 9 MB
2024-07-30 22:41:01, PID 1800069 , 内存占用: 10349 MB 显存占用: 9 MB
2024-07-30 22:41:02, PID 1800069 , 内存占用: 12043 MB 显存占用: 9 MB
2024-07-30 22:41:03, PID 1800069 , 内存占用: 13734 MB 显存占用: 9 MB
2024-07-30 22:41:04, PID 1800069 , 内存占用: 15401 MB 显存占用: 9 MB
2024-07-30 22:41:06, PID 1800069 , 内存占用: 17016 MB 显存占用: 9 MB
2024-07-30 22:41:07, PID 1800069 , 内存占用: 18700 MB 显存占用: 9 MB
2024-07-30 22:41:08, PID 1800069 , 内存占用: 20352 MB 显存占用: 9 MB
2024-07-30 22:41:09, PID 1800069 , 内存占用: 22054 MB 显存占用: 9 MB
2024-07-30 22:41:10, PID 1800069 , 内存占用: 23750 MB 显存占用: 9 MB
2024-07-30 22:41:12, PID 1800069 , 内存占用: 25469 MB 显存占用: 9 MB
2024-07-30 22:41:13, PID 1800069 , 内存占用: 27147 MB 显存占用: 9 MB
2024-07-30 22:41:14, PID 1800069 , 内存占用: 28719 MB 显存占用: 9 MB
2024-07-30 22:41:15, PID 1800069 , 内存占用: 30222 MB 显存占用: 9 MB
2024-07-30 22:41:17, PID 1800069 , 内存占用: 31839 MB 显存占用: 9 MB
2024-07-30 22:41:18, PID 1800069 , 内存占用: 33448 MB 显存占用: 9 MB
2024-07-30 22:41:19, PID 1800069 , 内存占用: 40559 MB 显存占用: 9 MB
2024-07-30 22:41:21, PID 1800069 , 内存占用: 49935 MB 显存占用: 9 MB
2024-07-30 22:41:22, PID 1800069 , 内存占用: 58123 MB 显存占用: 9 MB
2024-07-30 22:41:24, PID 1800069 , 内存占用: 66365 MB 显存占用: 9 MB
2024-07-30 22:41:25, PID 1800069 , 内存占用: 73811 MB 显存占用: 9 MB
2024-07-30 22:41:26, PID 1800069 , 内存占用: 81422 MB 显存占用: 9 MB
2024-07-30 22:41:28, PID 1800069 , 内存占用: 89639 MB 显存占用: 9 MB
2024-07-30 22:41:29, PID 1800069 , 内存占用: 98075 MB 显存占用: 9 MB
2024-07-30 22:41:30, PID 1800069 , 内存占用: 106817 MB 显存占用: 9 MB
2024-07-30 22:41:31, PID 1800069 , 内存占用: 114894 MB 显存占用: 9 MB
2024-07-30 22:41:33, PID 1800069 , 内存占用: 123643 MB 显存占用: 9 MB
2024-07-30 22:41:34, PID 1800069 , 内存占用: 131306 MB 显存占用: 9 MB
2024-07-30 22:41:35, PID 1800069 , 内存占用: 140551 MB 显存占用: 9 MB
2024-07-30 22:41:37, PID 1800069 , 内存占用: 148534 MB 显存占用: 9 MB
2024-07-30 22:41:38, PID 1800069 , 内存占用: 156425 MB 显存占用: 9 MB
2024-07-30 22:41:39, PID 1800069 , 内存占用: 164916 MB 显存占用: 9 MB
2024-07-30 22:41:40, PID 1800069 , 内存占用: 154173 MB 显存占用: 9 MB
2024-07-30 22:41:41, PID 1800069 , 内存占用: 134285 MB 显存占用: 9 MB
2024-07-30 22:41:43, PID 1800069 , 内存占用: 133265 MB 显存占用: 9 MB
2024-07-30 22:41:44, PID 1800069 , 内存占用: 133398 MB 显存占用: 9 MB
2024-07-30 22:41:45, PID 1800069 , 内存占用: 133528 MB 显存占用: 9 MB
2024-07-30 22:41:46, PID 1800069 , 内存占用: 133655 MB 显存占用: 9 MB
2024-07-30 22:41:48, PID 1800069 , 内存占用: 133772 MB 显存占用: 9 MB
2024-07-30 22:41:49, PID 1800069 , 内存占用: 133881 MB 显存占用: 9 MB
2024-07-30 22:41:50, PID 1800069 , 内存占用: 133987 MB 显存占用: 9 MB
2024-07-30 22:41:51, PID 1800069 , 内存占用: 134092 MB 显存占用: 9 MB
2024-07-30 22:41:52, PID 1800069 , 内存占用: 134260 MB 显存占用: 9 MB
2024-07-30 22:41:54, PID 1800069 , 内存占用: 134437 MB 显存占用: 9 MB
2024-07-30 22:41:55, PID 1800069 , 内存占用: 134610 MB 显存占用: 9 MB
2024-07-30 22:41:56, PID 1800069 , 内存占用: 134806 MB 显存占用: 9 MB
2024-07-30 22:41:57, PID 1800069 , 内存占用: 134984 MB 显存占用: 9 MB
2024-07-30 22:41:59, PID 1800069 , 内存占用: 135163 MB 显存占用: 9 MB
2024-07-30 22:42:00, PID 1800069 , 内存占用: 135345 MB 显存占用: 9 MB
2024-07-30 22:42:01, PID 1800069 , 内存占用: 135530 MB 显存占用: 9 MB
2024-07-30 22:42:02, PID 1800069 , 内存占用: 135711 MB 显存占用: 9 MB
2024-07-30 22:42:03, PID 1800069 , 内存占用: 135898 MB 显存占用: 9 MB
2024-07-30 22:42:05, PID 1800069 , 内存占用: 136080 MB 显存占用: 9 MB
2024-07-30 22:42:06, PID 1800069 , 内存占用: 136262 MB 显存占用: 9 MB
2024-07-30 22:42:07, PID 1800069 , 内存占用: 136452 MB 显存占用: 9 MB
2024-07-30 22:42:08, PID 1800069 , 内存占用: 136615 MB 显存占用: 9 MB
2024-07-30 22:42:09, PID 1800069 , 内存占用: 136798 MB 显存占用: 9 MB
2024-07-30 22:42:11, PID 1800069 , 内存占用: 136981 MB 显存占用: 9 MB
2024-07-30 22:42:12, PID 1800069 , 内存占用: 137170 MB 显存占用: 9 MB
2024-07-30 22:42:13, PID 1800069 , 内存占用: 137352 MB 显存占用: 9 MB
2024-07-30 22:42:14, PID 1800069 , 内存占用: 137534 MB 显存占用: 9 MB
2024-07-30 22:42:16, PID 1800069 , 内存占用: 137720 MB 显存占用: 9 MB
2024-07-30 22:42:17, PID 1800069 , 内存占用: 137898 MB 显存占用: 9 MB
2024-07-30 22:42:18, PID 1800069 , 内存占用: 138080 MB 显存占用: 9 MB
2024-07-30 22:42:19, PID 1800069 , 内存占用: 138262 MB 显存占用: 9 MB
2024-07-30 22:42:20, PID 1800069 , 内存占用: 138447 MB 显存占用: 9 MB
2024-07-30 22:42:22, PID 1800069 , 内存占用: 138619 MB 显存占用: 9 MB
2024-07-30 22:42:23, PID 1800069 , 内存占用: 138787 MB 显存占用: 9 MB
2024-07-30 22:42:24, PID 1800069 , 内存占用: 138955 MB 显存占用: 9 MB
2024-07-30 22:42:25, PID 1800069 , 内存占用: 139123 MB 显存占用: 9 MB
2024-07-30 22:42:26, PID 1800069 , 内存占用: 139278 MB 显存占用: 9 MB
2024-07-30 22:42:28, PID 1800069 , 内存占用: 139445 MB 显存占用: 9 MB
2024-07-30 22:42:29, PID 1800069 , 内存占用: 139611 MB 显存占用: 9 MB
2024-07-30 22:42:30, PID 1800069 , 内存占用: 139771 MB 显存占用: 9 MB
2024-07-30 22:42:31, PID 1800069 , 内存占用: 139922 MB 显存占用: 9 MB
2024-07-30 22:42:32, PID 1800069 , 内存占用: 140076 MB 显存占用: 9 MB
2024-07-30 22:42:34, PID 1800069 , 内存占用: 140232 MB 显存占用: 9 MB
2024-07-30 22:42:35, PID 1800069 , 内存占用: 140391 MB 显存占用: 9 MB
2024-07-30 22:42:36, PID 1800069 , 内存占用: 140545 MB 显存占用: 9 MB
2024-07-30 22:42:37, PID 1800069 , 内存占用: 140706 MB 显存占用: 9 MB
2024-07-30 22:42:39, PID 1800069 , 内存占用: 140863 MB 显存占用: 9 MB
2024-07-30 22:42:40, PID 1800069 , 内存占用: 141021 MB 显存占用: 9 MB
2024-07-30 22:42:41, PID 1800069 , 内存占用: 141178 MB 显存占用: 9 MB
2024-07-30 22:42:42, PID 1800069 , 内存占用: 141337 MB 显存占用: 9 MB
2024-07-30 22:42:43, PID 1800069 , 内存占用: 141492 MB 显存占用: 9 MB
2024-07-30 22:42:45, PID 1800069 , 内存占用: 141647 MB 显存占用: 9 MB
2024-07-30 22:42:46, PID 1800069 , 内存占用: 141802 MB 显存占用: 9 MB
2024-07-30 22:42:47, PID 1800069 , 内存占用: 141965 MB 显存占用: 9 MB
2024-07-30 22:42:48, PID 1800069 , 内存占用: 142127 MB 显存占用: 9 MB
2024-07-30 22:42:50, PID 1800069 , 内存占用: 142289 MB 显存占用: 9 MB
2024-07-30 22:42:51, PID 1800069 , 内存占用: 142451 MB 显存占用: 9 MB
2024-07-30 22:42:52, PID 1800069 , 内存占用: 142614 MB 显存占用: 9 MB
2024-07-30 22:42:53, PID 1800069 , 内存占用: 142762 MB 显存占用: 9 MB
2024-07-30 22:42:54, PID 1800069 , 内存占用: 142921 MB 显存占用: 9 MB
2024-07-30 22:42:56, PID 1800069 , 内存占用: 143072 MB 显存占用: 9 MB
2024-07-30 22:42:57, PID 1800069 , 内存占用: 143228 MB 显存占用: 9 MB
2024-07-30 22:42:58, PID 1800069 , 内存占用: 143383 MB 显存占用: 9 MB
2024-07-30 22:42:59, PID 1800069 , 内存占用: 146994 MB 显存占用: 9 MB
2024-07-30 22:43:01, PID 1800069 , 内存占用: 150200 MB 显存占用: 9 MB
2024-07-30 22:43:02, PID 1800069 , 内存占用: 151755 MB 显存占用: 9 MB
2024-07-30 22:43:03, PID 1800069 , 内存占用: 153092 MB 显存占用: 9 MB
2024-07-30 22:43:04, PID 1800069 , 内存占用: 154578 MB 显存占用: 9 MB
2024-07-30 22:43:05, PID 1800069 , 内存占用: 156094 MB 显存占用: 9 MB
2024-07-30 22:43:07, PID 1800069 , 内存占用: 157375 MB 显存占用: 9 MB
2024-07-30 22:43:08, PID 1800069 , 内存占用: 158380 MB 显存占用: 9 MB
2024-07-30 22:43:09, PID 1800069 , 内存占用: 159392 MB 显存占用: 9 MB
2024-07-30 22:43:10, PID 1800069 , 内存占用: 160270 MB 显存占用: 9 MB
2024-07-30 22:43:12, PID 1800069 , 内存占用: 161054 MB 显存占用: 9 MB
2024-07-30 22:43:13, PID 1800069 , 内存占用: 161572 MB 显存占用: 9 MB
2024-07-30 22:43:14, PID 1800069 , 内存占用: 162431 MB 显存占用: 9 MB
2024-07-30 22:43:15, PID 1800069 , 内存占用: 162747 MB 显存占用: 9 MB
2024-07-30 22:43:17, PID 1800069 , 内存占用: 163363 MB 显存占用: 9 MB
2024-07-30 22:43:18, PID 1800069 , 内存占用: 163615 MB 显存占用: 9 MB
2024-07-30 22:43:19, PID 1800069 , 内存占用: 164091 MB 显存占用: 9 MB
2024-07-30 22:43:20, PID 1800069 , 内存占用: 165081 MB 显存占用: 9 MB
2024-07-30 22:43:21, PID 1800069 , 内存占用: 165849 MB 显存占用: 9 MB
2024-07-30 22:43:23, PID 1800069 , 内存占用: 166313 MB 显存占用: 9 MB
2024-07-30 22:43:24, PID 1800069 , 内存占用: 166775 MB 显存占用: 9 MB
2024-07-30 22:43:25, PID 1800069 , 内存占用: 167511 MB 显存占用: 9 MB
2024-07-30 22:43:26, PID 1800069 , 内存占用: 168013 MB 显存占用: 9 MB
2024-07-30 22:43:27, PID 1800069 , 内存占用: 168531 MB 显存占用: 9 MB
2024-07-30 22:43:29, PID 1800069 , 内存占用: 169115 MB 显存占用: 9 MB
2024-07-30 22:43:30, PID 1800069 , 内存占用: 169715 MB 显存占用: 9 MB
2024-07-30 22:43:31, PID 1800069 , 内存占用: 170195 MB 显存占用: 9 MB
2024-07-30 22:43:33, PID 1800069 , 内存占用: 170547 MB 显存占用: 9 MB
2024-07-30 22:43:34, PID 1800069 , 内存占用: 171386 MB 显存占用: 9 MB
2024-07-30 22:43:35, PID 1800069 , 内存占用: 171818 MB 显存占用: 9 MB
2024-07-30 22:43:36, PID 1800069 , 内存占用: 172400 MB 显存占用: 9 MB
2024-07-30 22:43:37, PID 1800069 , 内存占用: 172742 MB 显存占用: 9 MB
2024-07-30 22:43:39, PID 1800069 , 内存占用: 173104 MB 显存占用: 9 MB
2024-07-30 22:43:40, PID 1800069 , 内存占用: 174170 MB 显存占用: 9 MB
2024-07-30 22:43:41, PID 1800069 , 内存占用: 175134 MB 显存占用: 9 MB
2024-07-30 22:43:42, PID 1800069 , 内存占用: 175560 MB 显存占用: 9 MB
2024-07-30 22:43:44, PID 1800069 , 内存占用: 176282 MB 显存占用: 9 MB
2024-07-30 22:43:45, PID 1800069 , 内存占用: 176666 MB 显存占用: 9 MB
2024-07-30 22:43:46, PID 1800069 , 内存占用: 177022 MB 显存占用: 9 MB
2024-07-30 22:43:47, PID 1800069 , 内存占用: 177546 MB 显存占用: 9 MB
2024-07-30 22:43:48, PID 1800069 , 内存占用: 178056 MB 显存占用: 9 MB
2024-07-30 22:43:50, PID 1800069 , 内存占用: 178534 MB 显存占用: 9 MB
2024-07-30 22:43:51, PID 1800069 , 内存占用: 178958 MB 显存占用: 9 MB
2024-07-30 22:43:52, PID 1800069 , 内存占用: 179206 MB 显存占用: 9 MB
2024-07-30 22:43:53, PID 1800069 , 内存占用: 152129 MB 显存占用: 9 MB
2024-07-30 22:43:54, PID 1800069 , 内存占用: 152136 MB 显存占用: 9 MB
2024-07-30 22:43:56, PID 1800069 , 内存占用: 152136 MB 显存占用: 9 MB
2024-07-30 22:43:57, PID 1800069 , 内存占用: 152369 MB 显存占用: 635 MB
2024-07-30 22:43:58, PID 1800069 , 内存占用: 152432 MB 显存占用: 735 MB
2024-07-30 22:43:59, PID 1800069 , 内存占用: 153457 MB 显存占用: 737 MB
2024-07-30 22:44:01, PID 1800069 , 内存占用: 154481 MB 显存占用: 739 MB
2024-07-30 22:44:02, PID 1800069 , 内存占用: 154761 MB 显存占用: 739 MB
2024-07-30 22:44:03, PID 1800069 , 内存占用: 155577 MB 显存占用: 741 MB
2024-07-30 22:44:04, PID 1800069 , 内存占用: 155932 MB 显存占用: 741 MB
2024-07-30 22:44:05, PID 1800069 , 内存占用: 156488 MB 显存占用: 741 MB
2024-07-30 22:44:07, PID 1800069 , 内存占用: 157468 MB 显存占用: 741 MB
2024-07-30 22:44:08, PID 1800069 , 内存占用: 160213 MB 显存占用: 741 MB
2024-07-30 22:44:09, PID 1800069 , 内存占用: 162715 MB 显存占用: 741 MB
2024-07-30 22:44:10, PID 1800069 , 内存占用: 165693 MB 显存占用: 741 MB
2024-07-30 22:44:12, PID 1800069 , 内存占用: 167318 MB 显存占用: 1185 MB
2024-07-30 22:44:13, PID 1800069 , 内存占用: 167320 MB 显存占用: 1369 MB
2024-07-30 22:44:14, PID 1800069 , 内存占用: 167320 MB 显存占用: 1301 MB
2024-07-30 22:44:15, PID 1800069 , 内存占用: 167320 MB 显存占用: 1301 MB
2024-07-30 22:44:16, PID 1800069 , 内存占用: 167320 MB 显存占用: 1301 MB
2024-07-30 22:44:18, PID 1800069 , 内存占用: 167320 MB 显存占用: 1301 MB
2024-07-30 22:44:19, PID 1800069 , 内存占用: 167320 MB 显存占用: 1301 MB
2024-07-30 22:44:20, PID 1800069 , 内存占用: 167320 MB 显存占用: 1301 MB
2024-07-30 22:44:21, PID 1800069 , 内存占用: 167320 MB 显存占用: 1013 MB
2024-07-30 22:44:22, PID 1800069 , 内存占用: 167320 MB 显存占用: 1243 MB
2024-07-30 22:44:24, PID 1800069 , 内存占用: 167320 MB 显存占用: 1243 MB
2024-07-30 22:44:25, PID 1800069 , 内存占用: 167320 MB 显存占用: 1301 MB
2024-07-30 22:44:26, PID 1800069 , 内存占用: 167320 MB 显存占用: 1301 MB
2024-07-30 22:44:27, PID 1800069 , 内存占用: 167320 MB 显存占用: 1301 MB
2024-07-30 22:44:29, PID 1800069 , 内存占用: 167320 MB 显存占用: 1301 MB
2024-07-30 22:44:30, PID 1800069 , 内存占用: 167320 MB 显存占用: 1301 MB
2024-07-30 22:44:31, PID 1800069 , 内存占用: 167320 MB 显存占用: 1301 MB
2024-07-30 22:44:32, PID 1800069 , 内存占用: 167320 MB 显存占用: 1301 MB
2024-07-30 22:44:34, PID 1800069 , 内存占用: 167320 MB 显存占用: 1301 MB
2024-07-30 22:44:35, PID 1800069 , 内存占用: 167320 MB 显存占用: 1301 MB
2024-07-30 22:44:36, PID 1800069 , 内存占用: 167320 MB 显存占用: 1301 MB
2024-07-30 22:44:37, PID 1800069 , 内存占用: 167320 MB 显存占用: 1243 MB
2024-07-30 22:44:38, PID 1800069 , 内存占用: 167320 MB 显存占用: 1243 MB
2024-07-30 22:44:40, PID 1800069 , 内存占用: 167320 MB 显存占用: 1243 MB
2024-07-30 22:44:41, PID 1800069 , 内存占用: 167320 MB 显存占用: 1301 MB
2024-07-30 22:44:42, PID 1800069 , 内存占用: 167320 MB 显存占用: 1301 MB
2024-07-30 22:44:43, PID 1800069 , 内存占用: 167320 MB 显存占用: 1301 MB
2024-07-30 22:44:44, PID 1800069 , 内存占用: 167320 MB 显存占用: 1301 MB
2024-07-30 22:44:46, PID 1800069 , 内存占用: 167320 MB 显存占用: 1301 MB
2024-07-30 22:44:47, PID 1800069 , 内存占用: 167320 MB 显存占用: 1301 MB
2024-07-30 22:44:48, PID 1800069 , 内存占用: 167320 MB 显存占用: 1301 MB
2024-07-30 22:44:49, PID 1800069 , 内存占用: 167320 MB 显存占用: 1243 MB
2024-07-30 22:44:51, PID 1800069 , 内存占用: 167320 MB 显存占用: 1243 MB
2024-07-30 22:44:52, PID 1800069 , 内存占用: 167320 MB 显存占用: 1243 MB
2024-07-30 22:44:53, PID 1800069 , 内存占用: 167320 MB 显存占用: 1059 MB
2024-07-30 22:44:54, PID 1800069 , 内存占用: 167320 MB 显存占用: 1301 MB
2024-07-30 22:44:55, PID 1800069 , 内存占用: 167320 MB 显存占用: 1301 MB
2024-07-30 22:44:57, PID 1800069 , 内存占用: 167320 MB 显存占用: 1301 MB
2024-07-30 22:44:58, PID 1800069 , 内存占用: 167320 MB 显存占用: 1301 MB
2024-07-30 22:44:59, PID 1800069 , 内存占用: 167320 MB 显存占用: 1301 MB
2024-07-30 22:45:00, PID 1800069 , 内存占用: 167320 MB 显存占用: 1301 MB
2024-07-30 22:45:02, PID 1800069 , 内存占用: 167320 MB 显存占用: 1301 MB
2024-07-30 22:45:03, PID 1800069 , 内存占用: 167320 MB 显存占用: 1301 MB
2024-07-30 22:45:04, PID 1800069 , 内存占用: 167320 MB 显存占用: 1013 MB
2024-07-30 22:45:05, PID 1800069 , 内存占用: 167320 MB 显存占用: 1243 MB
2024-07-30 22:45:06, PID 1800069 , 内存占用: 167320 MB 显存占用: 1243 MB
2024-07-30 22:45:08, PID 1800069 , 内存占用: 167320 MB 显存占用: 1243 MB
2024-07-30 22:45:09, PID 1800069 , 内存占用: 167320 MB 显存占用: 1243 MB
2024-07-30 22:45:10, PID 1800069 , 内存占用: 167320 MB 显存占用: 1301 MB
2024-07-30 22:45:11, PID 1800069 , 内存占用: 167320 MB 显存占用: 1301 MB
2024-07-30 22:45:13, PID 1800069 , 内存占用: 167320 MB 显存占用: 1301 MB
2024-07-30 22:45:14, PID 1800069 , 内存占用: 167320 MB 显存占用: 1301 MB
2024-07-30 22:45:15, PID 1800069 , 内存占用: 167320 MB 显存占用: 1301 MB
2024-07-30 22:45:16, PID 1800069 , 内存占用: 167320 MB 显存占用: 1301 MB
2024-07-30 22:45:17, PID 1800069 , 内存占用: 167320 MB 显存占用: 1301 MB
2024-07-30 22:45:19, PID 1800069 , 内存占用: 167320 MB 显存占用: 1301 MB
2024-07-30 22:45:20, PID 1800069 , 内存占用: 167320 MB 显存占用: 1301 MB
2024-07-30 22:45:21, PID 1800069 , 内存占用: 167320 MB 显存占用: 1243 MB
2024-07-30 22:45:22, PID 1800069 , 内存占用: 167320 MB 显存占用: 1243 MB
2024-07-30 22:45:23, PID 1800069 , 内存占用: 167320 MB 显存占用: 1243 MB
2024-07-30 22:45:25, PID 1800069 , 内存占用: 167320 MB 显存占用: 1243 MB
2024-07-30 22:45:26, PID 1800069 , 内存占用: 167320 MB 显存占用: 1243 MB
2024-07-30 22:45:27, PID 1800069 , 内存占用: 167320 MB 显存占用: 1071 MB
2024-07-30 22:45:28, PID 1800069 , 内存占用: 167320 MB 显存占用: 1301 MB
2024-07-30 22:45:29, PID 1800069 , 内存占用: 167320 MB 显存占用: 1301 MB
2024-07-30 22:45:31, PID 1800069 , 内存占用: 167319 MB 显存占用: 1301 MB
2024-07-30 22:45:32, PID 1800069 , 内存占用: 167319 MB 显存占用: 1301 MB
2024-07-30 22:45:33, PID 1800069 , 内存占用: 167319 MB 显存占用: 1301 MB
2024-07-30 22:45:34, PID 1800069 , 内存占用: 167319 MB 显存占用: 1301 MB
2024-07-30 22:45:36, PID 1800069 , 内存占用: 167319 MB 显存占用: 1301 MB
2024-07-30 22:45:37, PID 1800069 , 内存占用: 167319 MB 显存占用: 1301 MB
2024-07-30 22:45:38, PID 1800069 , 内存占用: 167319 MB 显存占用: 1013 MB
2024-07-30 22:45:39, PID 1800069 , 内存占用: 167319 MB 显存占用: 1013 MB
2024-07-30 22:45:40, PID 1800069 , 内存占用: 167319 MB 显存占用: 1243 MB
2024-07-30 22:45:42, PID 1800069 , 内存占用: 167319 MB 显存占用: 1243 MB
2024-07-30 22:45:43, PID 1800069 , 内存占用: 167319 MB 显存占用: 1243 MB
2024-07-30 22:45:44, PID 1800069 , 内存占用: 167319 MB 显存占用: 1059 MB
2024-07-30 22:45:45, PID 1800069 , 内存占用: 167319 MB 显存占用: 1301 MB
2024-07-30 22:45:47, PID 1800069 , 内存占用: 167319 MB 显存占用: 1301 MB
2024-07-30 22:45:48, PID 1800069 , 内存占用: 167319 MB 显存占用: 1301 MB
2024-07-30 22:45:49, PID 1800069 , 内存占用: 167318 MB 显存占用: 1243 MB
2024-07-30 22:45:50, PID 1800069 , 内存占用: 167318 MB 显存占用: 1243 MB
2024-07-30 22:45:51, PID 1800069 , 内存占用: 167318 MB 显存占用: 1243 MB
2024-07-30 22:45:53, PID 1800069 , 内存占用: 167318 MB 显存占用: 1301 MB
2024-07-30 22:45:54, PID 1800069 , 内存占用: 167318 MB 显存占用: 1301 MB
2024-07-30 22:45:55, PID 1800069 , 内存占用: 167317 MB 显存占用: 1301 MB
2024-07-30 22:45:56, PID 1800069 , 内存占用: 167317 MB 显存占用: 1301 MB
2024-07-30 22:45:57, PID 1800069 , 内存占用: 167317 MB 显存占用: 1301 MB
2024-07-30 22:45:59, PID 1800069 , 内存占用: 167317 MB 显存占用: 1301 MB
2024-07-30 22:46:00, PID 1800069 , 内存占用: 167316 MB 显存占用: 1301 MB
2024-07-30 22:46:01, PID 1800069 , 内存占用: 167316 MB 显存占用: 1301 MB
2024-07-30 22:46:02, PID 1800069 , 内存占用: 167315 MB 显存占用: 1301 MB
2024-07-30 22:46:04, PID 1800069 , 内存占用: 167315 MB 显存占用: 1301 MB
2024-07-30 22:46:05, PID 1800069 , 内存占用: 167315 MB 显存占用: 1301 MB
2024-07-30 22:46:06, PID 1800069 , 内存占用: 167314 MB 显存占用: 1301 MB
2024-07-30 22:46:07, PID 1800069 , 内存占用: 167314 MB 显存占用: 1243 MB
2024-07-30 22:46:08, PID 1800069 , 内存占用: 167314 MB 显存占用: 1243 MB
2024-07-30 22:46:10, PID 1800069 , 内存占用: 167314 MB 显存占用: 1301 MB
2024-07-30 22:46:11, PID 1800069 , 内存占用: 167313 MB 显存占用: 1301 MB
2024-07-30 22:46:12, PID 1800069 , 内存占用: 167313 MB 显存占用: 1301 MB
2024-07-30 22:46:13, PID 1800069 , 内存占用: 167313 MB 显存占用: 1301 MB
2024-07-30 22:46:15, PID 1800069 , 内存占用: 167313 MB 显存占用: 1013 MB
2024-07-30 22:46:16, PID 1800069 , 内存占用: 167313 MB 显存占用: 1243 MB
2024-07-30 22:46:17, PID 1800069 , 内存占用: 167312 MB 显存占用: 1243 MB
2024-07-30 22:46:18, PID 1800069 , 内存占用: 167312 MB 显存占用: 1301 MB
2024-07-30 22:46:19, PID 1800069 , 内存占用: 167311 MB 显存占用: 1301 MB
2024-07-30 22:46:21, PID 1800069 , 内存占用: 167311 MB 显存占用: 1301 MB
2024-07-30 22:46:22, PID 1800069 , 内存占用: 167310 MB 显存占用: 1301 MB
2024-07-30 22:46:23, PID 1800069 , 内存占用: 167310 MB 显存占用: 1301 MB
2024-07-30 22:46:24, PID 1800069 , 内存占用: 167310 MB 显存占用: 1301 MB
2024-07-30 22:46:26, PID 1800069 , 内存占用: 167310 MB 显存占用: 1301 MB
2024-07-30 22:46:27, PID 1800069 , 内存占用: 167310 MB 显存占用: 1243 MB
2024-07-30 22:46:28, PID 1800069 , 内存占用: 167310 MB 显存占用: 1243 MB
2024-07-30 22:46:29, PID 1800069 , 内存占用: 167310 MB 显存占用: 1059 MB
2024-07-30 22:46:31, PID 1800069 , 内存占用: 167309 MB 显存占用: 1243 MB
2024-07-30 22:46:32, PID 1800069 , 内存占用: 167309 MB 显存占用: 1243 MB
2024-07-30 22:46:33, PID 1800069 , 内存占用: 167309 MB 显存占用: 1243 MB
2024-07-30 22:46:34, PID 1800069 , 内存占用: 167309 MB 显存占用: 1243 MB
2024-07-30 22:46:35, PID 1800069 , 内存占用: 167309 MB 显存占用: 1243 MB
2024-07-30 22:46:37, PID 1800069 , 内存占用: 167309 MB 显存占用: 1013 MB
2024-07-30 22:46:38, PID 1800069 , 内存占用: 167309 MB 显存占用: 1301 MB
2024-07-30 22:46:39, PID 1800069 , 内存占用: 167309 MB 显存占用: 1243 MB
2024-07-30 22:46:40, PID 1800069 , 内存占用: 167309 MB 显存占用: 1301 MB
2024-07-30 22:46:41, PID 1800069 , 内存占用: 167308 MB 显存占用: 1301 MB
2024-07-30 22:46:43, PID 1800069 , 内存占用: 167308 MB 显存占用: 1301 MB
2024-07-30 22:46:44, PID 1800069 , 内存占用: 167308 MB 显存占用: 1301 MB
2024-07-30 22:46:45, PID 1800069 , 内存占用: 167307 MB 显存占用: 1301 MB
2024-07-30 22:46:46, PID 1800069 , 内存占用: 167307 MB 显存占用: 1301 MB
2024-07-30 22:46:48, PID 1800069 , 内存占用: 167307 MB 显存占用: 1301 MB
2024-07-30 22:46:49, PID 1800069 , 内存占用: 167307 MB 显存占用: 1301 MB
2024-07-30 22:46:50, PID 1800069 , 内存占用: 167307 MB 显存占用: 1301 MB
2024-07-30 22:46:51, PID 1800069 , 内存占用: 167307 MB 显存占用: 1301 MB
2024-07-30 22:46:52, PID 1800069 , 内存占用: 167307 MB 显存占用: 1301 MB
2024-07-30 22:46:54, PID 1800069 , 内存占用: 167307 MB 显存占用: 1301 MB
2024-07-30 22:46:55, PID 1800069 , 内存占用: 167307 MB 显存占用: 1301 MB
2024-07-30 22:46:56, PID 1800069 , 内存占用: 167307 MB 显存占用: 1301 MB
2024-07-30 22:46:57, PID 1800069 , 内存占用: 167306 MB 显存占用: 1301 MB
2024-07-30 22:46:59, PID 1800069 , 内存占用: 167306 MB 显存占用: 1301 MB
2024-07-30 22:47:00, PID 1800069 , 内存占用: 167306 MB 显存占用: 1059 MB
2024-07-30 22:47:01, PID 1800069 , 内存占用: 167306 MB 显存占用: 1243 MB
2024-07-30 22:47:02, PID 1800069 , 内存占用: 167306 MB 显存占用: 1243 MB
2024-07-30 22:47:03, PID 1800069 , 内存占用: 167306 MB 显存占用: 1301 MB
2024-07-30 22:47:05, PID 1800069 , 内存占用: 167306 MB 显存占用: 1301 MB
2024-07-30 22:47:06, PID 1800069 , 内存占用: 167306 MB 显存占用: 1301 MB
2024-07-30 22:47:07, PID 1800069 , 内存占用: 167306 MB 显存占用: 1301 MB
2024-07-30 22:47:08, PID 1800069 , 内存占用: 167306 MB 显存占用: 1301 MB
2024-07-30 22:47:10, PID 1800069 , 内存占用: 167306 MB 显存占用: 1301 MB
2024-07-30 22:47:11, PID 1800069 , 内存占用: 167306 MB 显存占用: 1243 MB
2024-07-30 22:47:12, PID 1800069 , 内存占用: 167306 MB 显存占用: 1013 MB
2024-07-30 22:47:13, PID 1800069 , 内存占用: 167306 MB 显存占用: 1301 MB
2024-07-30 22:47:14, PID 1800069 , 内存占用: 167306 MB 显存占用: 1301 MB
2024-07-30 22:47:16, PID 1800069 , 内存占用: 167305 MB 显存占用: 1301 MB
2024-07-30 22:47:17, PID 1800069 , 内存占用: 167305 MB 显存占用: 1301 MB
2024-07-30 22:47:18, PID 1800069 , 内存占用: 167305 MB 显存占用: 1301 MB
2024-07-30 22:47:19, PID 1800069 , 内存占用: 167305 MB 显存占用: 1301 MB
2024-07-30 22:47:21, PID 1800069 , 内存占用: 167305 MB 显存占用: 1301 MB
2024-07-30 22:47:22, PID 1800069 , 内存占用: 167305 MB 显存占用: 1301 MB
2024-07-30 22:47:23, PID 1800069 , 内存占用: 167305 MB 显存占用: 1301 MB
2024-07-30 22:47:24, PID 1800069 , 内存占用: 167305 MB 显存占用: 1059 MB
2024-07-30 22:47:25, PID 1800069 , 内存占用: 167305 MB 显存占用: 1243 MB
2024-07-30 22:47:27, PID 1800069 , 内存占用: 167305 MB 显存占用: 1059 MB
2024-07-30 22:47:28, PID 1800069 , 内存占用: 167305 MB 显存占用: 1059 MB
2024-07-30 22:47:29, PID 1800069 , 内存占用: 167305 MB 显存占用: 1243 MB
2024-07-30 22:47:30, PID 1800069 , 内存占用: 167305 MB 显存占用: 1301 MB
2024-07-30 22:47:32, PID 1800069 , 内存占用: 167305 MB 显存占用: 1301 MB
2024-07-30 22:47:33, PID 1800069 , 内存占用: 167305 MB 显存占用: 1301 MB
2024-07-30 22:47:34, PID 1800069 , 内存占用: 167305 MB 显存占用: 1301 MB
2024-07-30 22:47:35, PID 1800069 , 内存占用: 167305 MB 显存占用: 1301 MB
2024-07-30 22:47:36, PID 1800069 , 内存占用: 167305 MB 显存占用: 1243 MB
2024-07-30 22:47:38, PID 1800069 , 内存占用: 167305 MB 显存占用: 1013 MB
2024-07-30 22:47:39, PID 1800069 , 内存占用: 167305 MB 显存占用: 1301 MB
2024-07-30 22:47:40, PID 1800069 , 内存占用: 167305 MB 显存占用: 1301 MB
2024-07-30 22:47:41, PID 1800069 , 内存占用: 167305 MB 显存占用: 1301 MB
2024-07-30 22:47:43, PID 1800069 , 内存占用: 167304 MB 显存占用: 1301 MB
2024-07-30 22:47:44, PID 1800069 , 内存占用: 167304 MB 显存占用: 1301 MB
2024-07-30 22:47:45, PID 1800069 , 内存占用: 167304 MB 显存占用: 1301 MB
2024-07-30 22:47:46, PID 1800069 , 内存占用: 167304 MB 显存占用: 1301 MB
2024-07-30 22:47:47, PID 1800069 , 内存占用: 167304 MB 显存占用: 1013 MB
2024-07-30 22:47:49, PID 1800069 , 内存占用: 167304 MB 显存占用: 1243 MB
2024-07-30 22:47:50, PID 1800069 , 内存占用: 167304 MB 显存占用: 1243 MB
2024-07-30 22:47:51, PID 1800069 , 内存占用: 167303 MB 显存占用: 1301 MB
2024-07-30 22:47:52, PID 1800069 , 内存占用: 167303 MB 显存占用: 1301 MB
2024-07-30 22:47:53, PID 1800069 , 内存占用: 167303 MB 显存占用: 1301 MB
2024-07-30 22:47:55, PID 1800069 , 内存占用: 167303 MB 显存占用: 1301 MB
2024-07-30 22:47:56, PID 1800069 , 内存占用: 167303 MB 显存占用: 1301 MB
2024-07-30 22:47:57, PID 1800069 , 内存占用: 167302 MB 显存占用: 1301 MB
2024-07-30 22:47:58, PID 1800069 , 内存占用: 167302 MB 显存占用: 1301 MB
2024-07-30 22:47:59, PID 1800069 , 内存占用: 167302 MB 显存占用: 1301 MB
2024-07-30 22:48:01, PID 1800069 , 内存占用: 167302 MB 显存占用: 1243 MB
2024-07-30 22:48:02, PID 1800069 , 内存占用: 167302 MB 显存占用: 1243 MB
2024-07-30 22:48:03, PID 1800069 , 内存占用: 167301 MB 显存占用: 1059 MB
2024-07-30 22:48:04, PID 1800069 , 内存占用: 167301 MB 显存占用: 1243 MB
2024-07-30 22:48:06, PID 1800069 , 内存占用: 167301 MB 显存占用: 1301 MB
2024-07-30 22:48:07, PID 1800069 , 内存占用: 167301 MB 显存占用: 1301 MB
2024-07-30 22:48:08, PID 1800069 , 内存占用: 167300 MB 显存占用: 1301 MB
2024-07-30 22:48:09, PID 1800069 , 内存占用: 167300 MB 显存占用: 1301 MB
2024-07-30 22:48:10, PID 1800069 , 内存占用: 167300 MB 显存占用: 1301 MB
2024-07-30 22:48:12, PID 1800069 , 内存占用: 167300 MB 显存占用: 1301 MB
2024-07-30 22:48:13, PID 1800069 , 内存占用: 167299 MB 显存占用: 1013 MB
2024-07-30 22:48:14, PID 1800069 , 内存占用: 167299 MB 显存占用: 1243 MB
2024-07-30 22:48:15, PID 1800069 , 内存占用: 167299 MB 显存占用: 1243 MB
2024-07-30 22:48:17, PID 1800069 , 内存占用: 167299 MB 显存占用: 1243 MB
2024-07-30 22:48:18, PID 1800069 , 内存占用: 167299 MB 显存占用: 1301 MB
2024-07-30 22:48:19, PID 1800069 , 内存占用: 167299 MB 显存占用: 1301 MB
2024-07-30 22:48:20, PID 1800069 , 内存占用: 167299 MB 显存占用: 1301 MB
2024-07-30 22:48:21, PID 1800069 , 内存占用: 167299 MB 显存占用: 1301 MB
2024-07-30 22:48:23, PID 1800069 , 内存占用: 155530 MB 显存占用: 937 MB
2024-07-30 22:48:24, PID 1800069 , 内存占用: 130154 MB 显存占用: 937 MB
2024-07-30 22:48:25, PID 1800069 , 内存占用: 109849 MB 显存占用: 937 MB
2024-07-30 22:48:26, PID 1800069 , 内存占用: 90182 MB 显存占用: 937 MB
2024-07-30 22:48:27, PID 1800069 , 内存占用: 69834 MB 显存占用: 937 MB
2024-07-30 22:48:29, PID 1800069 , 内存占用: 49464 MB 显存占用: 937 MB
2024-07-30 22:48:30, PID 1800069 , 内存占用: 29499 MB 显存占用: 937 MB
2024-07-30 22:48:31, PID 1800069 , 内存占用: 0 MB 显存占用: 915 MB
2024-07-30 22:48:32, PID 1800069 , 内存占用: 0 MB 显存占用: 9 MB
1800069
平均内存占用: 147587.12 MB
峰值内存占用: 179206 MB, 175 GB
峰值显存占用 1369 MB
