start
=============================================
=============================================
=============================================

2024-07-30 22:20:36, PID 1778437 , 内存占用: 54 MB 显存占用: 9 MB
2024-07-30 22:20:37, PID 1778437 , 内存占用: 264 MB 显存占用: 9 MB
2024-07-30 22:20:39, PID 1778437 , 内存占用: 465 MB 显存占用: 9 MB
2024-07-30 22:20:40, PID 1778437 , 内存占用: 654 MB 显存占用: 9 MB
2024-07-30 22:20:41, PID 1778437 , 内存占用: 843 MB 显存占用: 9 MB
2024-07-30 22:20:42, PID 1778437 , 内存占用: 1018 MB 显存占用: 9 MB
2024-07-30 22:20:44, PID 1778437 , 内存占用: 1186 MB 显存占用: 9 MB
2024-07-30 22:20:45, PID 1778437 , 内存占用: 1347 MB 显存占用: 9 MB
2024-07-30 22:20:46, PID 1778437 , 内存占用: 1526 MB 显存占用: 9 MB
2024-07-30 22:20:47, PID 1778437 , 内存占用: 1705 MB 显存占用: 9 MB
2024-07-30 22:20:48, PID 1778437 , 内存占用: 1887 MB 显存占用: 9 MB
2024-07-30 22:20:50, PID 1778437 , 内存占用: 2062 MB 显存占用: 9 MB
2024-07-30 22:20:51, PID 1778437 , 内存占用: 2244 MB 显存占用: 9 MB
2024-07-30 22:20:52, PID 1778437 , 内存占用: 2426 MB 显存占用: 9 MB
2024-07-30 22:20:53, PID 1778437 , 内存占用: 2608 MB 显存占用: 9 MB
2024-07-30 22:20:55, PID 1778437 , 内存占用: 2790 MB 显存占用: 9 MB
2024-07-30 22:20:56, PID 1778437 , 内存占用: 2999 MB 显存占用: 9 MB
2024-07-30 22:20:57, PID 1778437 , 内存占用: 3182 MB 显存占用: 9 MB
2024-07-30 22:20:58, PID 1778437 , 内存占用: 3367 MB 显存占用: 9 MB
2024-07-30 22:20:59, PID 1778437 , 内存占用: 3553 MB 显存占用: 9 MB
2024-07-30 22:21:01, PID 1778437 , 内存占用: 3738 MB 显存占用: 9 MB
2024-07-30 22:21:02, PID 1778437 , 内存占用: 3917 MB 显存占用: 9 MB
2024-07-30 22:21:03, PID 1778437 , 内存占用: 4089 MB 显存占用: 9 MB
2024-07-30 22:21:04, PID 1778437 , 内存占用: 4274 MB 显存占用: 9 MB
2024-07-30 22:21:06, PID 1778437 , 内存占用: 4460 MB 显存占用: 9 MB
2024-07-30 22:21:07, PID 1778437 , 内存占用: 4648 MB 显存占用: 9 MB
2024-07-30 22:21:08, PID 1778437 , 内存占用: 4834 MB 显存占用: 9 MB
2024-07-30 22:21:09, PID 1778437 , 内存占用: 5016 MB 显存占用: 9 MB
2024-07-30 22:21:10, PID 1778437 , 内存占用: 5191 MB 显存占用: 9 MB
2024-07-30 22:21:12, PID 1778437 , 内存占用: 5370 MB 显存占用: 9 MB
2024-07-30 22:21:13, PID 1778437 , 内存占用: 5537 MB 显存占用: 9 MB
2024-07-30 22:21:14, PID 1778437 , 内存占用: 5705 MB 显存占用: 9 MB
2024-07-30 22:21:15, PID 1778437 , 内存占用: 5870 MB 显存占用: 9 MB
2024-07-30 22:21:16, PID 1778437 , 内存占用: 6032 MB 显存占用: 9 MB
2024-07-30 22:21:18, PID 1778437 , 内存占用: 6200 MB 显存占用: 9 MB
2024-07-30 22:21:19, PID 1778437 , 内存占用: 6361 MB 显存占用: 9 MB
2024-07-30 22:21:20, PID 1778437 , 内存占用: 6529 MB 显存占用: 9 MB
2024-07-30 22:21:21, PID 1778437 , 内存占用: 6694 MB 显存占用: 9 MB
2024-07-30 22:21:23, PID 1778437 , 内存占用: 6858 MB 显存占用: 9 MB
2024-07-30 22:21:24, PID 1778437 , 内存占用: 7018 MB 显存占用: 9 MB
2024-07-30 22:21:25, PID 1778437 , 内存占用: 7172 MB 显存占用: 9 MB
2024-07-30 22:21:26, PID 1778437 , 内存占用: 7320 MB 显存占用: 9 MB
2024-07-30 22:21:27, PID 1778437 , 内存占用: 7474 MB 显存占用: 9 MB
2024-07-30 22:21:29, PID 1778437 , 内存占用: 7635 MB 显存占用: 9 MB
2024-07-30 22:21:30, PID 1778437 , 内存占用: 7784 MB 显存占用: 9 MB
2024-07-30 22:21:31, PID 1778437 , 内存占用: 7943 MB 显存占用: 9 MB
2024-07-30 22:21:32, PID 1778437 , 内存占用: 8125 MB 显存占用: 9 MB
2024-07-30 22:21:34, PID 1778437 , 内存占用: 8283 MB 显存占用: 9 MB
2024-07-30 22:21:35, PID 1778437 , 内存占用: 8440 MB 显存占用: 9 MB
2024-07-30 22:21:36, PID 1778437 , 内存占用: 8603 MB 显存占用: 9 MB
2024-07-30 22:21:37, PID 1778437 , 内存占用: 8755 MB 显存占用: 9 MB
2024-07-30 22:21:38, PID 1778437 , 内存占用: 8899 MB 显存占用: 9 MB
2024-07-30 22:21:40, PID 1778437 , 内存占用: 9054 MB 显存占用: 9 MB
2024-07-30 22:21:41, PID 1778437 , 内存占用: 9213 MB 显存占用: 9 MB
2024-07-30 22:21:42, PID 1778437 , 内存占用: 9372 MB 显存占用: 9 MB
2024-07-30 22:21:43, PID 1778437 , 内存占用: 9534 MB 显存占用: 9 MB
2024-07-30 22:21:44, PID 1778437 , 内存占用: 9697 MB 显存占用: 9 MB
2024-07-30 22:21:46, PID 1778437 , 内存占用: 9852 MB 显存占用: 9 MB
2024-07-30 22:21:47, PID 1778437 , 内存占用: 10014 MB 显存占用: 9 MB
2024-07-30 22:21:48, PID 1778437 , 内存占用: 10177 MB 显存占用: 9 MB
2024-07-30 22:21:49, PID 1778437 , 内存占用: 10342 MB 显存占用: 9 MB
2024-07-30 22:21:50, PID 1778437 , 内存占用: 10501 MB 显存占用: 9 MB
2024-07-30 22:21:52, PID 1778437 , 内存占用: 13706 MB 显存占用: 9 MB
2024-07-30 22:21:53, PID 1778437 , 内存占用: 17420 MB 显存占用: 9 MB
2024-07-30 22:21:54, PID 1778437 , 内存占用: 19123 MB 显存占用: 9 MB
2024-07-30 22:21:55, PID 1778437 , 内存占用: 20720 MB 显存占用: 9 MB
2024-07-30 22:21:57, PID 1778437 , 内存占用: 22922 MB 显存占用: 9 MB
2024-07-30 22:21:58, PID 1778437 , 内存占用: 25152 MB 显存占用: 9 MB
2024-07-30 22:21:59, PID 1778437 , 内存占用: 27106 MB 显存占用: 9 MB
2024-07-30 22:22:00, PID 1778437 , 内存占用: 29306 MB 显存占用: 9 MB
2024-07-30 22:22:01, PID 1778437 , 内存占用: 31201 MB 显存占用: 9 MB
2024-07-30 22:22:03, PID 1778437 , 内存占用: 32849 MB 显存占用: 9 MB
2024-07-30 22:22:04, PID 1778437 , 内存占用: 33793 MB 显存占用: 9 MB
2024-07-30 22:22:05, PID 1778437 , 内存占用: 35014 MB 显存占用: 9 MB
2024-07-30 22:22:06, PID 1778437 , 内存占用: 36240 MB 显存占用: 9 MB
2024-07-30 22:22:08, PID 1778437 , 内存占用: 37400 MB 显存占用: 9 MB
2024-07-30 22:22:09, PID 1778437 , 内存占用: 38674 MB 显存占用: 9 MB
2024-07-30 22:22:10, PID 1778437 , 内存占用: 39770 MB 显存占用: 9 MB
2024-07-30 22:22:11, PID 1778437 , 内存占用: 40414 MB 显存占用: 9 MB
2024-07-30 22:22:13, PID 1778437 , 内存占用: 41474 MB 显存占用: 9 MB
2024-07-30 22:22:14, PID 1778437 , 内存占用: 42324 MB 显存占用: 9 MB
2024-07-30 22:22:15, PID 1778437 , 内存占用: 19260 MB 显存占用: 9 MB
2024-07-30 22:22:16, PID 1778437 , 内存占用: 19260 MB 显存占用: 9 MB
2024-07-30 22:22:17, PID 1778437 , 内存占用: 19260 MB 显存占用: 9 MB
2024-07-30 22:22:19, PID 1778437 , 内存占用: 19417 MB 显存占用: 499 MB
2024-07-30 22:22:20, PID 1778437 , 内存占用: 19548 MB 显存占用: 725 MB
2024-07-30 22:22:21, PID 1778437 , 内存占用: 20105 MB 显存占用: 725 MB
2024-07-30 22:22:22, PID 1778437 , 内存占用: 20573 MB 显存占用: 727 MB
2024-07-30 22:22:23, PID 1778437 , 内存占用: 21597 MB 显存占用: 729 MB
2024-07-30 22:22:25, PID 1778437 , 内存占用: 22358 MB 显存占用: 729 MB
2024-07-30 22:22:26, PID 1778437 , 内存占用: 22773 MB 显存占用: 11779 MB
2024-07-30 22:22:27, PID 1778437 , 内存占用: 24511 MB 显存占用: 11779 MB
2024-07-30 22:22:28, PID 1778437 , 内存占用: 26258 MB 显存占用: 11779 MB
2024-07-30 22:22:30, PID 1778437 , 内存占用: 27853 MB 显存占用: 11779 MB
2024-07-30 22:22:31, PID 1778437 , 内存占用: 29608 MB 显存占用: 11779 MB
2024-07-30 22:22:32, PID 1778437 , 内存占用: 31282 MB 显存占用: 11779 MB
2024-07-30 22:22:33, PID 1778437 , 内存占用: 33016 MB 显存占用: 11779 MB
2024-07-30 22:22:34, PID 1778437 , 内存占用: 34733 MB 显存占用: 11779 MB
2024-07-30 22:22:36, PID 1778437 , 内存占用: 36465 MB 显存占用: 11779 MB
2024-07-30 22:22:37, PID 1778437 , 内存占用: 38191 MB 显存占用: 11779 MB
2024-07-30 22:22:38, PID 1778437 , 内存占用: 39921 MB 显存占用: 11779 MB
2024-07-30 22:22:39, PID 1778437 , 内存占用: 41591 MB 显存占用: 11779 MB
2024-07-30 22:22:41, PID 1778437 , 内存占用: 43244 MB 显存占用: 11779 MB
2024-07-30 22:22:42, PID 1778437 , 内存占用: 44906 MB 显存占用: 11779 MB
2024-07-30 22:22:43, PID 1778437 , 内存占用: 46583 MB 显存占用: 11779 MB
2024-07-30 22:22:44, PID 1778437 , 内存占用: 48073 MB 显存占用: 11779 MB
2024-07-30 22:22:45, PID 1778437 , 内存占用: 49810 MB 显存占用: 11779 MB
2024-07-30 22:22:47, PID 1778437 , 内存占用: 51439 MB 显存占用: 11779 MB
2024-07-30 22:22:48, PID 1778437 , 内存占用: 53079 MB 显存占用: 11779 MB
2024-07-30 22:22:49, PID 1778437 , 内存占用: 54683 MB 显存占用: 11779 MB
2024-07-30 22:22:50, PID 1778437 , 内存占用: 58135 MB 显存占用: 11779 MB
2024-07-30 22:22:52, PID 1778437 , 内存占用: 67386 MB 显存占用: 11779 MB
2024-07-30 22:22:53, PID 1778437 , 内存占用: 75830 MB 显存占用: 11779 MB
2024-07-30 22:22:54, PID 1778437 , 内存占用: 85532 MB 显存占用: 11779 MB
2024-07-30 22:22:55, PID 1778437 , 内存占用: 101406 MB 显存占用: 11779 MB
2024-07-30 22:22:57, PID 1778437 , 内存占用: 109778 MB 显存占用: 11779 MB
2024-07-30 22:22:58, PID 1778437 , 内存占用: 119616 MB 显存占用: 11779 MB
2024-07-30 22:22:59, PID 1778437 , 内存占用: 128869 MB 显存占用: 11779 MB
2024-07-30 22:23:01, PID 1778437 , 内存占用: 138199 MB 显存占用: 11779 MB
2024-07-30 22:23:02, PID 1778437 , 内存占用: 145888 MB 显存占用: 11779 MB
2024-07-30 22:23:03, PID 1778437 , 内存占用: 152371 MB 显存占用: 11779 MB
2024-07-30 22:23:04, PID 1778437 , 内存占用: 160571 MB 显存占用: 11779 MB
2024-07-30 22:23:06, PID 1778437 , 内存占用: 169579 MB 显存占用: 11779 MB
2024-07-30 22:23:07, PID 1778437 , 内存占用: 179392 MB 显存占用: 11779 MB
2024-07-30 22:23:08, PID 1778437 , 内存占用: 187685 MB 显存占用: 11779 MB
2024-07-30 22:23:09, PID 1778437 , 内存占用: 172312 MB 显存占用: 11779 MB
2024-07-30 22:23:10, PID 1778437 , 内存占用: 155272 MB 显存占用: 11779 MB
2024-07-30 22:23:12, PID 1778437 , 内存占用: 156620 MB 显存占用: 11779 MB
2024-07-30 22:23:13, PID 1778437 , 内存占用: 156741 MB 显存占用: 11779 MB
2024-07-30 22:23:14, PID 1778437 , 内存占用: 158817 MB 显存占用: 11779 MB
2024-07-30 22:23:15, PID 1778437 , 内存占用: 159635 MB 显存占用: 11779 MB
2024-07-30 22:23:17, PID 1778437 , 内存占用: 160442 MB 显存占用: 11779 MB
2024-07-30 22:23:18, PID 1778437 , 内存占用: 160967 MB 显存占用: 11779 MB
2024-07-30 22:23:19, PID 1778437 , 内存占用: 161759 MB 显存占用: 11779 MB
2024-07-30 22:23:20, PID 1778437 , 内存占用: 162293 MB 显存占用: 11779 MB
2024-07-30 22:23:22, PID 1778437 , 内存占用: 162897 MB 显存占用: 11779 MB
2024-07-30 22:23:23, PID 1778437 , 内存占用: 163527 MB 显存占用: 11779 MB
2024-07-30 22:23:24, PID 1778437 , 内存占用: 164351 MB 显存占用: 11779 MB
2024-07-30 22:23:25, PID 1778437 , 内存占用: 165211 MB 显存占用: 11779 MB
2024-07-30 22:23:26, PID 1778437 , 内存占用: 165911 MB 显存占用: 11779 MB
2024-07-30 22:23:28, PID 1778437 , 内存占用: 166851 MB 显存占用: 11779 MB
2024-07-30 22:23:29, PID 1778437 , 内存占用: 166944 MB 显存占用: 11779 MB
2024-07-30 22:23:30, PID 1778437 , 内存占用: 167031 MB 显存占用: 12467 MB
2024-07-30 22:23:31, PID 1778437 , 内存占用: 167032 MB 显存占用: 12467 MB
2024-07-30 22:23:33, PID 1778437 , 内存占用: 167032 MB 显存占用: 12467 MB
2024-07-30 22:23:34, PID 1778437 , 内存占用: 167032 MB 显存占用: 12467 MB
2024-07-30 22:23:35, PID 1778437 , 内存占用: 167032 MB 显存占用: 12467 MB
2024-07-30 22:23:36, PID 1778437 , 内存占用: 167032 MB 显存占用: 12467 MB
2024-07-30 22:23:37, PID 1778437 , 内存占用: 167032 MB 显存占用: 12467 MB
2024-07-30 22:23:39, PID 1778437 , 内存占用: 167032 MB 显存占用: 12467 MB
2024-07-30 22:23:40, PID 1778437 , 内存占用: 167032 MB 显存占用: 12467 MB
2024-07-30 22:23:41, PID 1778437 , 内存占用: 167032 MB 显存占用: 12467 MB
2024-07-30 22:23:42, PID 1778437 , 内存占用: 167032 MB 显存占用: 12467 MB
2024-07-30 22:23:43, PID 1778437 , 内存占用: 167032 MB 显存占用: 12467 MB
2024-07-30 22:23:45, PID 1778437 , 内存占用: 167032 MB 显存占用: 12467 MB
2024-07-30 22:23:46, PID 1778437 , 内存占用: 167032 MB 显存占用: 12467 MB
2024-07-30 22:23:47, PID 1778437 , 内存占用: 167032 MB 显存占用: 12467 MB
2024-07-30 22:23:48, PID 1778437 , 内存占用: 167032 MB 显存占用: 12467 MB
2024-07-30 22:23:50, PID 1778437 , 内存占用: 167032 MB 显存占用: 12467 MB
2024-07-30 22:23:51, PID 1778437 , 内存占用: 167032 MB 显存占用: 12467 MB
2024-07-30 22:23:52, PID 1778437 , 内存占用: 167032 MB 显存占用: 12467 MB
2024-07-30 22:23:53, PID 1778437 , 内存占用: 167032 MB 显存占用: 12467 MB
2024-07-30 22:23:54, PID 1778437 , 内存占用: 167032 MB 显存占用: 12467 MB
2024-07-30 22:23:56, PID 1778437 , 内存占用: 167032 MB 显存占用: 12467 MB
2024-07-30 22:23:57, PID 1778437 , 内存占用: 167032 MB 显存占用: 12467 MB
2024-07-30 22:23:58, PID 1778437 , 内存占用: 167033 MB 显存占用: 12467 MB
2024-07-30 22:23:59, PID 1778437 , 内存占用: 167033 MB 显存占用: 12467 MB
2024-07-30 22:24:00, PID 1778437 , 内存占用: 167034 MB 显存占用: 12467 MB
2024-07-30 22:24:02, PID 1778437 , 内存占用: 167034 MB 显存占用: 12467 MB
2024-07-30 22:24:03, PID 1778437 , 内存占用: 167034 MB 显存占用: 12467 MB
2024-07-30 22:24:04, PID 1778437 , 内存占用: 167034 MB 显存占用: 12467 MB
2024-07-30 22:24:05, PID 1778437 , 内存占用: 167034 MB 显存占用: 12467 MB
2024-07-30 22:24:07, PID 1778437 , 内存占用: 167034 MB 显存占用: 12467 MB
2024-07-30 22:24:08, PID 1778437 , 内存占用: 167034 MB 显存占用: 12467 MB
2024-07-30 22:24:09, PID 1778437 , 内存占用: 167034 MB 显存占用: 12467 MB
2024-07-30 22:24:10, PID 1778437 , 内存占用: 167034 MB 显存占用: 11007 MB
2024-07-30 22:24:11, PID 1778437 , 内存占用: 167034 MB 显存占用: 12467 MB
2024-07-30 22:24:13, PID 1778437 , 内存占用: 167034 MB 显存占用: 12467 MB
2024-07-30 22:24:14, PID 1778437 , 内存占用: 167034 MB 显存占用: 12467 MB
2024-07-30 22:24:15, PID 1778437 , 内存占用: 167450 MB 显存占用: 12467 MB
2024-07-30 22:24:16, PID 1778437 , 内存占用: 167447 MB 显存占用: 12467 MB
2024-07-30 22:24:17, PID 1778437 , 内存占用: 167031 MB 显存占用: 12467 MB
2024-07-30 22:24:19, PID 1778437 , 内存占用: 167031 MB 显存占用: 12467 MB
2024-07-30 22:24:20, PID 1778437 , 内存占用: 167031 MB 显存占用: 12467 MB
2024-07-30 22:24:21, PID 1778437 , 内存占用: 167031 MB 显存占用: 12467 MB
2024-07-30 22:24:22, PID 1778437 , 内存占用: 167031 MB 显存占用: 12467 MB
2024-07-30 22:24:24, PID 1778437 , 内存占用: 167031 MB 显存占用: 12467 MB
2024-07-30 22:24:25, PID 1778437 , 内存占用: 167031 MB 显存占用: 12467 MB
2024-07-30 22:24:26, PID 1778437 , 内存占用: 167448 MB 显存占用: 12467 MB
2024-07-30 22:24:27, PID 1778437 , 内存占用: 167032 MB 显存占用: 12467 MB
2024-07-30 22:24:28, PID 1778437 , 内存占用: 167032 MB 显存占用: 11007 MB
2024-07-30 22:24:30, PID 1778437 , 内存占用: 167032 MB 显存占用: 12467 MB
2024-07-30 22:24:31, PID 1778437 , 内存占用: 167032 MB 显存占用: 12467 MB
2024-07-30 22:24:32, PID 1778437 , 内存占用: 167032 MB 显存占用: 12467 MB
2024-07-30 22:24:33, PID 1778437 , 内存占用: 167032 MB 显存占用: 12467 MB
2024-07-30 22:24:35, PID 1778437 , 内存占用: 167032 MB 显存占用: 12467 MB
2024-07-30 22:24:36, PID 1778437 , 内存占用: 167032 MB 显存占用: 12467 MB
2024-07-30 22:24:37, PID 1778437 , 内存占用: 167032 MB 显存占用: 12467 MB
2024-07-30 22:24:38, PID 1778437 , 内存占用: 167032 MB 显存占用: 12467 MB
2024-07-30 22:24:40, PID 1778437 , 内存占用: 167449 MB 显存占用: 12467 MB
2024-07-30 22:24:41, PID 1778437 , 内存占用: 167033 MB 显存占用: 12467 MB
2024-07-30 22:24:42, PID 1778437 , 内存占用: 167033 MB 显存占用: 12467 MB
2024-07-30 22:24:43, PID 1778437 , 内存占用: 167034 MB 显存占用: 12467 MB
2024-07-30 22:24:44, PID 1778437 , 内存占用: 167034 MB 显存占用: 12467 MB
2024-07-30 22:24:46, PID 1778437 , 内存占用: 167034 MB 显存占用: 12467 MB
2024-07-30 22:24:47, PID 1778437 , 内存占用: 167031 MB 显存占用: 12467 MB
2024-07-30 22:24:48, PID 1778437 , 内存占用: 167031 MB 显存占用: 12467 MB
2024-07-30 22:24:49, PID 1778437 , 内存占用: 167031 MB 显存占用: 12467 MB
2024-07-30 22:24:50, PID 1778437 , 内存占用: 167031 MB 显存占用: 12467 MB
2024-07-30 22:24:52, PID 1778437 , 内存占用: 167447 MB 显存占用: 12467 MB
2024-07-30 22:24:53, PID 1778437 , 内存占用: 167031 MB 显存占用: 12467 MB
2024-07-30 22:24:54, PID 1778437 , 内存占用: 167031 MB 显存占用: 12467 MB
2024-07-30 22:24:55, PID 1778437 , 内存占用: 167031 MB 显存占用: 12467 MB
2024-07-30 22:24:56, PID 1778437 , 内存占用: 167031 MB 显存占用: 12467 MB
2024-07-30 22:24:58, PID 1778437 , 内存占用: 167031 MB 显存占用: 12467 MB
2024-07-30 22:24:59, PID 1778437 , 内存占用: 167031 MB 显存占用: 12467 MB
2024-07-30 22:25:00, PID 1778437 , 内存占用: 167032 MB 显存占用: 12467 MB
2024-07-30 22:25:01, PID 1778437 , 内存占用: 167032 MB 显存占用: 12467 MB
2024-07-30 22:25:03, PID 1778437 , 内存占用: 167033 MB 显存占用: 12467 MB
2024-07-30 22:25:04, PID 1778437 , 内存占用: 167033 MB 显存占用: 12467 MB
2024-07-30 22:25:05, PID 1778437 , 内存占用: 167033 MB 显存占用: 12467 MB
2024-07-30 22:25:06, PID 1778437 , 内存占用: 167033 MB 显存占用: 12467 MB
2024-07-30 22:25:07, PID 1778437 , 内存占用: 167033 MB 显存占用: 11007 MB
2024-07-30 22:25:09, PID 1778437 , 内存占用: 167033 MB 显存占用: 12467 MB
2024-07-30 22:25:10, PID 1778437 , 内存占用: 167033 MB 显存占用: 12467 MB
2024-07-30 22:25:11, PID 1778437 , 内存占用: 167033 MB 显存占用: 12467 MB
2024-07-30 22:25:12, PID 1778437 , 内存占用: 167033 MB 显存占用: 12467 MB
2024-07-30 22:25:13, PID 1778437 , 内存占用: 167033 MB 显存占用: 12467 MB
2024-07-30 22:25:15, PID 1778437 , 内存占用: 166969 MB 显存占用: 12467 MB
2024-07-30 22:25:16, PID 1778437 , 内存占用: 166969 MB 显存占用: 12467 MB
2024-07-30 22:25:17, PID 1778437 , 内存占用: 166969 MB 显存占用: 12467 MB
2024-07-30 22:25:18, PID 1778437 , 内存占用: 166969 MB 显存占用: 12467 MB
2024-07-30 22:25:20, PID 1778437 , 内存占用: 166969 MB 显存占用: 12467 MB
2024-07-30 22:25:21, PID 1778437 , 内存占用: 166970 MB 显存占用: 12467 MB
2024-07-30 22:25:22, PID 1778437 , 内存占用: 166970 MB 显存占用: 12467 MB
2024-07-30 22:25:23, PID 1778437 , 内存占用: 166970 MB 显存占用: 12467 MB
2024-07-30 22:25:24, PID 1778437 , 内存占用: 166969 MB 显存占用: 12467 MB
2024-07-30 22:25:26, PID 1778437 , 内存占用: 166968 MB 显存占用: 12467 MB
2024-07-30 22:25:27, PID 1778437 , 内存占用: 166968 MB 显存占用: 12467 MB
2024-07-30 22:25:28, PID 1778437 , 内存占用: 166967 MB 显存占用: 12467 MB
2024-07-30 22:25:29, PID 1778437 , 内存占用: 166967 MB 显存占用: 12467 MB
2024-07-30 22:25:31, PID 1778437 , 内存占用: 166966 MB 显存占用: 12467 MB
2024-07-30 22:25:32, PID 1778437 , 内存占用: 166937 MB 显存占用: 12467 MB
2024-07-30 22:25:33, PID 1778437 , 内存占用: 166937 MB 显存占用: 12467 MB
2024-07-30 22:25:34, PID 1778437 , 内存占用: 166936 MB 显存占用: 12467 MB
2024-07-30 22:25:36, PID 1778437 , 内存占用: 166935 MB 显存占用: 12467 MB
2024-07-30 22:25:37, PID 1778437 , 内存占用: 167345 MB 显存占用: 12467 MB
2024-07-30 22:25:38, PID 1778437 , 内存占用: 166928 MB 显存占用: 12467 MB
2024-07-30 22:25:39, PID 1778437 , 内存占用: 166927 MB 显存占用: 12467 MB
2024-07-30 22:25:40, PID 1778437 , 内存占用: 166926 MB 显存占用: 12467 MB
2024-07-30 22:25:42, PID 1778437 , 内存占用: 166925 MB 显存占用: 12467 MB
2024-07-30 22:25:43, PID 1778437 , 内存占用: 166924 MB 显存占用: 12467 MB
2024-07-30 22:25:44, PID 1778437 , 内存占用: 166923 MB 显存占用: 12467 MB
2024-07-30 22:25:45, PID 1778437 , 内存占用: 166922 MB 显存占用: 12467 MB
2024-07-30 22:25:46, PID 1778437 , 内存占用: 166922 MB 显存占用: 12467 MB
2024-07-30 22:25:48, PID 1778437 , 内存占用: 167337 MB 显存占用: 12467 MB
2024-07-30 22:25:49, PID 1778437 , 内存占用: 166920 MB 显存占用: 12467 MB
2024-07-30 22:25:50, PID 1778437 , 内存占用: 166920 MB 显存占用: 12467 MB
2024-07-30 22:25:51, PID 1778437 , 内存占用: 167336 MB 显存占用: 12467 MB
2024-07-30 22:25:53, PID 1778437 , 内存占用: 166920 MB 显存占用: 12467 MB
2024-07-30 22:25:54, PID 1778437 , 内存占用: 166919 MB 显存占用: 11007 MB
2024-07-30 22:25:55, PID 1778437 , 内存占用: 166918 MB 显存占用: 12467 MB
2024-07-30 22:25:56, PID 1778437 , 内存占用: 167334 MB 显存占用: 12467 MB
2024-07-30 22:25:57, PID 1778437 , 内存占用: 166917 MB 显存占用: 12467 MB
2024-07-30 22:25:59, PID 1778437 , 内存占用: 166917 MB 显存占用: 12467 MB
2024-07-30 22:26:00, PID 1778437 , 内存占用: 144464 MB 显存占用: 12469 MB
2024-07-30 22:26:01, PID 1778437 , 内存占用: 126096 MB 显存占用: 12469 MB
2024-07-30 22:26:02, PID 1778437 , 内存占用: 107717 MB 显存占用: 12469 MB
2024-07-30 22:26:04, PID 1778437 , 内存占用: 90064 MB 显存占用: 12469 MB
2024-07-30 22:26:05, PID 1778437 , 内存占用: 72789 MB 显存占用: 12469 MB
2024-07-30 22:26:06, PID 1778437 , 内存占用: 55477 MB 显存占用: 12469 MB
2024-07-30 22:26:07, PID 1778437 , 内存占用: 38580 MB 显存占用: 12469 MB
2024-07-30 22:26:08, PID 1778437 , 内存占用: 21794 MB 显存占用: 12469 MB
2024-07-30 22:26:10, PID 1778437 , 内存占用: 0 MB 显存占用: 12445 MB
2024-07-30 22:26:11, PID 1778437 , 内存占用: 0 MB 显存占用: 9 MB
1778437
平均内存占用: 100821.64 MB
峰值内存占用: 187685 MB, 183 GB
峰值显存占用 12469 MB
