start
=============================================
=============================================
=============================================

2024-08-01 22:27:19, PID 2442817 , 内存占用: 93 MB 显存占用: 17 MB
2024-08-01 22:27:20, PID 2442817 , 内存占用: 350 MB 显存占用: 20 MB
2024-08-01 22:27:21, PID 2442817 , 内存占用: 2826 MB 显存占用: 20 MB
2024-08-01 22:27:22, PID 2442817 , 内存占用: 5233 MB 显存占用: 20 MB
2024-08-01 22:27:23, PID 2442817 , 内存占用: 7106 MB 显存占用: 20 MB
2024-08-01 22:27:25, PID 2442817 , 内存占用: 9307 MB 显存占用: 20 MB
2024-08-01 22:27:26, PID 2442817 , 内存占用: 11721 MB 显存占用: 20 MB
2024-08-01 22:27:27, PID 2442817 , 内存占用: 14075 MB 显存占用: 20 MB
2024-08-01 22:27:28, PID 2442817 , 内存占用: 16513 MB 显存占用: 20 MB
2024-08-01 22:27:29, PID 2442817 , 内存占用: 18701 MB 显存占用: 20 MB
2024-08-01 22:27:31, PID 2442817 , 内存占用: 20475 MB 显存占用: 20 MB
2024-08-01 22:27:32, PID 2442817 , 内存占用: 22995 MB 显存占用: 20 MB
2024-08-01 22:27:33, PID 2442817 , 内存占用: 25538 MB 显存占用: 20 MB
2024-08-01 22:27:34, PID 2442817 , 内存占用: 28075 MB 显存占用: 20 MB
2024-08-01 22:27:35, PID 2442817 , 内存占用: 30627 MB 显存占用: 20 MB
2024-08-01 22:27:37, PID 2442817 , 内存占用: 33186 MB 显存占用: 20 MB
2024-08-01 22:27:38, PID 2442817 , 内存占用: 35775 MB 显存占用: 20 MB
2024-08-01 22:27:39, PID 2442817 , 内存占用: 38353 MB 显存占用: 20 MB
2024-08-01 22:27:40, PID 2442817 , 内存占用: 40928 MB 显存占用: 20 MB
2024-08-01 22:27:41, PID 2442817 , 内存占用: 43515 MB 显存占用: 20 MB
2024-08-01 22:27:42, PID 2442817 , 内存占用: 43927 MB 显存占用: 20 MB
2024-08-01 22:27:44, PID 2442817 , 内存占用: 44172 MB 显存占用: 20 MB
2024-08-01 22:27:45, PID 2442817 , 内存占用: 44401 MB 显存占用: 20 MB
2024-08-01 22:27:46, PID 2442817 , 内存占用: 44637 MB 显存占用: 20 MB
2024-08-01 22:27:47, PID 2442817 , 内存占用: 44862 MB 显存占用: 20 MB
2024-08-01 22:27:48, PID 2442817 , 内存占用: 45082 MB 显存占用: 20 MB
2024-08-01 22:27:49, PID 2442817 , 内存占用: 45301 MB 显存占用: 20 MB
2024-08-01 22:27:51, PID 2442817 , 内存占用: 45517 MB 显存占用: 20 MB
2024-08-01 22:27:52, PID 2442817 , 内存占用: 45742 MB 显存占用: 20 MB
2024-08-01 22:27:53, PID 2442817 , 内存占用: 45968 MB 显存占用: 20 MB
2024-08-01 22:27:54, PID 2442817 , 内存占用: 47509 MB 显存占用: 20 MB
2024-08-01 22:27:55, PID 2442817 , 内存占用: 46142 MB 显存占用: 20 MB
2024-08-01 22:27:57, PID 2442817 , 内存占用: 46968 MB 显存占用: 404 MB
2024-08-01 22:27:58, PID 2442817 , 内存占用: 48031 MB 显存占用: 676 MB
2024-08-01 22:27:59, PID 2442817 , 内存占用: 53679 MB 显存占用: 678 MB
2024-08-01 22:28:00, PID 2442817 , 内存占用: 54477 MB 显存占用: 678 MB
2024-08-01 22:28:01, PID 2442817 , 内存占用: 56134 MB 显存占用: 678 MB
2024-08-01 22:28:02, PID 2442817 , 内存占用: 57670 MB 显存占用: 1150 MB
2024-08-01 22:28:04, PID 2442817 , 内存占用: 57898 MB 显存占用: 1204 MB
2024-08-01 22:28:05, PID 2442817 , 内存占用: 58330 MB 显存占用: 1198 MB
2024-08-01 22:28:06, PID 2442817 , 内存占用: 58403 MB 显存占用: 1200 MB
2024-08-01 22:28:07, PID 2442817 , 内存占用: 58289 MB 显存占用: 1198 MB
2024-08-01 22:28:08, PID 2442817 , 内存占用: 57959 MB 显存占用: 1200 MB
2024-08-01 22:28:10, PID 2442817 , 内存占用: 57962 MB 显存占用: 1200 MB
2024-08-01 22:28:11, PID 2442817 , 内存占用: 58005 MB 显存占用: 1202 MB
2024-08-01 22:28:12, PID 2442817 , 内存占用: 58561 MB 显存占用: 1200 MB
2024-08-01 22:28:13, PID 2442817 , 内存占用: 58600 MB 显存占用: 1198 MB
2024-08-01 22:28:14, PID 2442817 , 内存占用: 58620 MB 显存占用: 1198 MB
2024-08-01 22:28:15, PID 2442817 , 内存占用: 58662 MB 显存占用: 1198 MB
2024-08-01 22:28:17, PID 2442817 , 内存占用: 58136 MB 显存占用: 1198 MB
2024-08-01 22:28:18, PID 2442817 , 内存占用: 58048 MB 显存占用: 1198 MB
2024-08-01 22:28:19, PID 2442817 , 内存占用: 58001 MB 显存占用: 1200 MB
2024-08-01 22:28:20, PID 2442817 , 内存占用: 58130 MB 显存占用: 954 MB
2024-08-01 22:28:21, PID 2442817 , 内存占用: 58741 MB 显存占用: 1198 MB
2024-08-01 22:28:23, PID 2442817 , 内存占用: 58772 MB 显存占用: 1198 MB
2024-08-01 22:28:24, PID 2442817 , 内存占用: 58384 MB 显存占用: 1198 MB
2024-08-01 22:28:25, PID 2442817 , 内存占用: 58073 MB 显存占用: 1200 MB
2024-08-01 22:28:26, PID 2442817 , 内存占用: 58070 MB 显存占用: 1184 MB
2024-08-01 22:28:27, PID 2442817 , 内存占用: 58870 MB 显存占用: 1200 MB
2024-08-01 22:28:28, PID 2442817 , 内存占用: 58821 MB 显存占用: 1200 MB
2024-08-01 22:28:30, PID 2442817 , 内存占用: 58172 MB 显存占用: 1200 MB
2024-08-01 22:28:31, PID 2442817 , 内存占用: 58137 MB 显存占用: 1198 MB
2024-08-01 22:28:32, PID 2442817 , 内存占用: 58171 MB 显存占用: 1198 MB
2024-08-01 22:28:33, PID 2442817 , 内存占用: 58947 MB 显存占用: 1200 MB
2024-08-01 22:28:34, PID 2442817 , 内存占用: 58382 MB 显存占用: 1198 MB
2024-08-01 22:28:36, PID 2442817 , 内存占用: 58783 MB 显存占用: 1198 MB
2024-08-01 22:28:37, PID 2442817 , 内存占用: 58269 MB 显存占用: 1198 MB
2024-08-01 22:28:38, PID 2442817 , 内存占用: 59003 MB 显存占用: 1200 MB
2024-08-01 22:28:39, PID 2442817 , 内存占用: 58467 MB 显存占用: 1200 MB
2024-08-01 22:28:40, PID 2442817 , 内存占用: 58823 MB 显存占用: 1200 MB
2024-08-01 22:28:41, PID 2442817 , 内存占用: 58212 MB 显存占用: 1202 MB
2024-08-01 22:28:43, PID 2442817 , 内存占用: 59015 MB 显存占用: 1198 MB
2024-08-01 22:28:44, PID 2442817 , 内存占用: 58218 MB 显存占用: 1200 MB
2024-08-01 22:28:45, PID 2442817 , 内存占用: 58191 MB 显存占用: 1184 MB
2024-08-01 22:28:46, PID 2442817 , 内存占用: 59080 MB 显存占用: 1200 MB
2024-08-01 22:28:47, PID 2442817 , 内存占用: 58568 MB 显存占用: 1198 MB
2024-08-01 22:28:49, PID 2442817 , 内存占用: 58263 MB 显存占用: 1198 MB
2024-08-01 22:28:50, PID 2442817 , 内存占用: 59076 MB 显存占用: 1198 MB
2024-08-01 22:28:51, PID 2442817 , 内存占用: 58844 MB 显存占用: 1198 MB
2024-08-01 22:28:52, PID 2442817 , 内存占用: 58802 MB 显存占用: 1198 MB
2024-08-01 22:28:53, PID 2442817 , 内存占用: 58323 MB 显存占用: 1200 MB
2024-08-01 22:28:54, PID 2442817 , 内存占用: 58969 MB 显存占用: 1198 MB
2024-08-01 22:28:56, PID 2442817 , 内存占用: 58265 MB 显存占用: 1198 MB
2024-08-01 22:28:57, PID 2442817 , 内存占用: 58269 MB 显存占用: 1200 MB
2024-08-01 22:28:58, PID 2442817 , 内存占用: 59135 MB 显存占用: 1198 MB
2024-08-01 22:28:59, PID 2442817 , 内存占用: 58300 MB 显存占用: 1198 MB
2024-08-01 22:29:00, PID 2442817 , 内存占用: 58302 MB 显存占用: 1200 MB
2024-08-01 22:29:02, PID 2442817 , 内存占用: 59154 MB 显存占用: 1198 MB
2024-08-01 22:29:03, PID 2442817 , 内存占用: 58302 MB 显存占用: 1196 MB
2024-08-01 22:29:04, PID 2442817 , 内存占用: 58326 MB 显存占用: 1198 MB
2024-08-01 22:29:05, PID 2442817 , 内存占用: 59126 MB 显存占用: 1196 MB
2024-08-01 22:29:06, PID 2442817 , 内存占用: 58327 MB 显存占用: 1196 MB
2024-08-01 22:29:08, PID 2442817 , 内存占用: 58404 MB 显存占用: 1198 MB
2024-08-01 22:29:09, PID 2442817 , 内存占用: 59047 MB 显存占用: 1196 MB
2024-08-01 22:29:10, PID 2442817 , 内存占用: 58870 MB 显存占用: 1196 MB
2024-08-01 22:29:11, PID 2442817 , 内存占用: 59214 MB 显存占用: 1196 MB
2024-08-01 22:29:12, PID 2442817 , 内存占用: 58900 MB 显存占用: 1196 MB
2024-08-01 22:29:13, PID 2442817 , 内存占用: 58352 MB 显存占用: 1000 MB
2024-08-01 22:29:15, PID 2442817 , 内存占用: 59199 MB 显存占用: 1196 MB
2024-08-01 22:29:16, PID 2442817 , 内存占用: 58564 MB 显存占用: 1196 MB
2024-08-01 22:29:17, PID 2442817 , 内存占用: 58354 MB 显存占用: 1184 MB
2024-08-01 22:29:18, PID 2442817 , 内存占用: 59255 MB 显存占用: 1198 MB
2024-08-01 22:29:19, PID 2442817 , 内存占用: 58376 MB 显存占用: 1198 MB
2024-08-01 22:29:21, PID 2442817 , 内存占用: 58374 MB 显存占用: 1198 MB
2024-08-01 22:29:22, PID 2442817 , 内存占用: 59011 MB 显存占用: 1196 MB
2024-08-01 22:29:23, PID 2442817 , 内存占用: 58380 MB 显存占用: 1000 MB
2024-08-01 22:29:24, PID 2442817 , 内存占用: 59330 MB 显存占用: 1196 MB
2024-08-01 22:29:25, PID 2442817 , 内存占用: 58395 MB 显存占用: 1196 MB
2024-08-01 22:29:26, PID 2442817 , 内存占用: 58521 MB 显存占用: 1196 MB
2024-08-01 22:29:28, PID 2442817 , 内存占用: 58698 MB 显存占用: 1196 MB
2024-08-01 22:29:29, PID 2442817 , 内存占用: 58388 MB 显存占用: 1184 MB
2024-08-01 22:29:30, PID 2442817 , 内存占用: 59341 MB 显存占用: 1196 MB
2024-08-01 22:29:31, PID 2442817 , 内存占用: 58412 MB 显存占用: 1196 MB
2024-08-01 22:29:32, PID 2442817 , 内存占用: 59347 MB 显存占用: 1196 MB
2024-08-01 22:29:34, PID 2442817 , 内存占用: 58660 MB 显存占用: 1196 MB
2024-08-01 22:29:35, PID 2442817 , 内存占用: 58388 MB 显存占用: 1184 MB
2024-08-01 22:29:36, PID 2442817 , 内存占用: 59307 MB 显存占用: 1196 MB
2024-08-01 22:29:37, PID 2442817 , 内存占用: 58433 MB 显存占用: 1196 MB
2024-08-01 22:29:38, PID 2442817 , 内存占用: 59383 MB 显存占用: 1196 MB
2024-08-01 22:29:39, PID 2442817 , 内存占用: 58693 MB 显存占用: 1196 MB
2024-08-01 22:29:41, PID 2442817 , 内存占用: 58604 MB 显存占用: 954 MB
2024-08-01 22:29:42, PID 2442817 , 内存占用: 59390 MB 显存占用: 1196 MB
2024-08-01 22:29:43, PID 2442817 , 内存占用: 58579 MB 显存占用: 1196 MB
2024-08-01 22:29:44, PID 2442817 , 内存占用: 59364 MB 显存占用: 1196 MB
2024-08-01 22:29:45, PID 2442817 , 内存占用: 58431 MB 显存占用: 1196 MB
2024-08-01 22:29:47, PID 2442817 , 内存占用: 58502 MB 显存占用: 1196 MB
2024-08-01 22:29:48, PID 2442817 , 内存占用: 59133 MB 显存占用: 1196 MB
2024-08-01 22:29:49, PID 2442817 , 内存占用: 58453 MB 显存占用: 1184 MB
2024-08-01 22:29:50, PID 2442817 , 内存占用: 59376 MB 显存占用: 1196 MB
2024-08-01 22:29:51, PID 2442817 , 内存占用: 58444 MB 显存占用: 1196 MB
2024-08-01 22:29:52, PID 2442817 , 内存占用: 59419 MB 显存占用: 1196 MB
2024-08-01 22:29:54, PID 2442817 , 内存占用: 58675 MB 显存占用: 1196 MB
2024-08-01 22:29:55, PID 2442817 , 内存占用: 58663 MB 显存占用: 1196 MB
2024-08-01 22:29:56, PID 2442817 , 内存占用: 59303 MB 显存占用: 1196 MB
2024-08-01 22:29:57, PID 2442817 , 内存占用: 58456 MB 显存占用: 1184 MB
2024-08-01 22:29:58, PID 2442817 , 内存占用: 59448 MB 显存占用: 1194 MB
2024-08-01 22:30:00, PID 2442817 , 内存占用: 58473 MB 显存占用: 1194 MB
2024-08-01 22:30:01, PID 2442817 , 内存占用: 59446 MB 显存占用: 1194 MB
2024-08-01 22:30:02, PID 2442817 , 内存占用: 58551 MB 显存占用: 1194 MB
2024-08-01 22:30:03, PID 2442817 , 内存占用: 58588 MB 显存占用: 1194 MB
2024-08-01 22:30:04, PID 2442817 , 内存占用: 59095 MB 显存占用: 1194 MB
2024-08-01 22:30:05, PID 2442817 , 内存占用: 58475 MB 显存占用: 772 MB
2024-08-01 22:30:07, PID 2442817 , 内存占用: 37538 MB 显存占用: 776 MB
2024-08-01 22:30:08, PID 2442817 , 内存占用: 15512 MB 显存占用: 776 MB
2024-08-01 22:30:09, PID 2442817 , 内存占用: 0 MB 显存占用: 17 MB
2442817
平均内存占用: 51149.97 MB
峰值内存占用: 59448 MB, 58 GB
峰值显存占用 1204 MB
