start
=============================================
=============================================
=============================================

2024-08-01 22:25:05, PID 2441207 , 内存占用: 92 MB 显存占用: 17 MB
2024-08-01 22:25:06, PID 2441207 , 内存占用: 376 MB 显存占用: 20 MB
2024-08-01 22:25:07, PID 2441207 , 内存占用: 626 MB 显存占用: 20 MB
2024-08-01 22:25:08, PID 2441207 , 内存占用: 856 MB 显存占用: 20 MB
2024-08-01 22:25:09, PID 2441207 , 内存占用: 1091 MB 显存占用: 20 MB
2024-08-01 22:25:11, PID 2441207 , 内存占用: 1321 MB 显存占用: 20 MB
2024-08-01 22:25:12, PID 2441207 , 内存占用: 1543 MB 显存占用: 20 MB
2024-08-01 22:25:13, PID 2441207 , 内存占用: 1766 MB 显存占用: 20 MB
2024-08-01 22:25:14, PID 2441207 , 内存占用: 1986 MB 显存占用: 20 MB
2024-08-01 22:25:15, PID 2441207 , 内存占用: 2206 MB 显存占用: 20 MB
2024-08-01 22:25:17, PID 2441207 , 内存占用: 2435 MB 显存占用: 20 MB
2024-08-01 22:25:18, PID 2441207 , 内存占用: 2665 MB 显存占用: 20 MB
2024-08-01 22:25:19, PID 2441207 , 内存占用: 4485 MB 显存占用: 20 MB
2024-08-01 22:25:20, PID 2441207 , 内存占用: 5006 MB 显存占用: 20 MB
2024-08-01 22:25:21, PID 2441207 , 内存占用: 4014 MB 显存占用: 20 MB
2024-08-01 22:25:22, PID 2441207 , 内存占用: 4611 MB 显存占用: 668 MB
2024-08-01 22:25:24, PID 2441207 , 内存占用: 4768 MB 显存占用: 668 MB
2024-08-01 22:25:25, PID 2441207 , 内存占用: 4778 MB 显存占用: 668 MB
2024-08-01 22:25:26, PID 2441207 , 内存占用: 4778 MB 显存占用: 668 MB
2024-08-01 22:25:27, PID 2441207 , 内存占用: 4782 MB 显存占用: 668 MB
2024-08-01 22:25:28, PID 2441207 , 内存占用: 4796 MB 显存占用: 668 MB
2024-08-01 22:25:29, PID 2441207 , 内存占用: 4796 MB 显存占用: 668 MB
2024-08-01 22:25:31, PID 2441207 , 内存占用: 4814 MB 显存占用: 668 MB
2024-08-01 22:25:32, PID 2441207 , 内存占用: 4816 MB 显存占用: 668 MB
2024-08-01 22:25:33, PID 2441207 , 内存占用: 4834 MB 显存占用: 668 MB
2024-08-01 22:25:34, PID 2441207 , 内存占用: 4840 MB 显存占用: 668 MB
2024-08-01 22:25:35, PID 2441207 , 内存占用: 4860 MB 显存占用: 668 MB
2024-08-01 22:25:37, PID 2441207 , 内存占用: 4860 MB 显存占用: 668 MB
2024-08-01 22:25:38, PID 2441207 , 内存占用: 4870 MB 显存占用: 668 MB
2024-08-01 22:25:39, PID 2441207 , 内存占用: 4872 MB 显存占用: 668 MB
2024-08-01 22:25:40, PID 2441207 , 内存占用: 4876 MB 显存占用: 668 MB
2024-08-01 22:25:42, PID 2441207 , 内存占用: 4878 MB 显存占用: 668 MB
2024-08-01 22:25:43, PID 2441207 , 内存占用: 4880 MB 显存占用: 668 MB
2024-08-01 22:25:44, PID 2441207 , 内存占用: 4880 MB 显存占用: 668 MB
2024-08-01 22:25:45, PID 2441207 , 内存占用: 4888 MB 显存占用: 668 MB
2024-08-01 22:25:46, PID 2441207 , 内存占用: 4890 MB 显存占用: 668 MB
2024-08-01 22:25:48, PID 2441207 , 内存占用: 4950 MB 显存占用: 668 MB
2024-08-01 22:25:49, PID 2441207 , 内存占用: 4933 MB 显存占用: 668 MB
2024-08-01 22:25:50, PID 2441207 , 内存占用: 5208 MB 显存占用: 668 MB
2024-08-01 22:25:51, PID 2441207 , 内存占用: 5198 MB 显存占用: 668 MB
2024-08-01 22:25:53, PID 2441207 , 内存占用: 5504 MB 显存占用: 668 MB
2024-08-01 22:25:54, PID 2441207 , 内存占用: 6250 MB 显存占用: 4382 MB
2024-08-01 22:25:55, PID 2441207 , 内存占用: 7937 MB 显存占用: 4382 MB
2024-08-01 22:25:56, PID 2441207 , 内存占用: 10415 MB 显存占用: 4382 MB
2024-08-01 22:25:57, PID 2441207 , 内存占用: 12880 MB 显存占用: 4382 MB
2024-08-01 22:25:58, PID 2441207 , 内存占用: 15298 MB 显存占用: 4382 MB
2024-08-01 22:26:00, PID 2441207 , 内存占用: 17605 MB 显存占用: 4382 MB
2024-08-01 22:26:01, PID 2441207 , 内存占用: 19861 MB 显存占用: 4382 MB
2024-08-01 22:26:02, PID 2441207 , 内存占用: 22171 MB 显存占用: 4382 MB
2024-08-01 22:26:03, PID 2441207 , 内存占用: 24680 MB 显存占用: 4382 MB
2024-08-01 22:26:04, PID 2441207 , 内存占用: 27247 MB 显存占用: 4382 MB
2024-08-01 22:26:05, PID 2441207 , 内存占用: 29806 MB 显存占用: 4382 MB
2024-08-01 22:26:07, PID 2441207 , 内存占用: 32382 MB 显存占用: 4382 MB
2024-08-01 22:26:08, PID 2441207 , 内存占用: 34982 MB 显存占用: 4382 MB
2024-08-01 22:26:09, PID 2441207 , 内存占用: 37556 MB 显存占用: 4382 MB
2024-08-01 22:26:10, PID 2441207 , 内存占用: 40157 MB 显存占用: 4382 MB
2024-08-01 22:26:11, PID 2441207 , 内存占用: 42757 MB 显存占用: 4382 MB
2024-08-01 22:26:13, PID 2441207 , 内存占用: 45335 MB 显存占用: 4382 MB
2024-08-01 22:26:14, PID 2441207 , 内存占用: 47937 MB 显存占用: 4382 MB
2024-08-01 22:26:15, PID 2441207 , 内存占用: 49466 MB 显存占用: 4382 MB
2024-08-01 22:26:16, PID 2441207 , 内存占用: 52624 MB 显存占用: 4382 MB
2024-08-01 22:26:17, PID 2441207 , 内存占用: 52597 MB 显存占用: 4590 MB
2024-08-01 22:26:18, PID 2441207 , 内存占用: 52710 MB 显存占用: 5056 MB
2024-08-01 22:26:20, PID 2441207 , 内存占用: 52491 MB 显存占用: 5056 MB
2024-08-01 22:26:21, PID 2441207 , 内存占用: 52880 MB 显存占用: 5056 MB
2024-08-01 22:26:22, PID 2441207 , 内存占用: 52510 MB 显存占用: 5542 MB
2024-08-01 22:26:23, PID 2441207 , 内存占用: 52915 MB 显存占用: 5542 MB
2024-08-01 22:26:24, PID 2441207 , 内存占用: 52535 MB 显存占用: 5542 MB
2024-08-01 22:26:25, PID 2441207 , 内存占用: 52938 MB 显存占用: 5542 MB
2024-08-01 22:26:27, PID 2441207 , 内存占用: 52556 MB 显存占用: 5542 MB
2024-08-01 22:26:28, PID 2441207 , 内存占用: 52750 MB 显存占用: 5542 MB
2024-08-01 22:26:29, PID 2441207 , 内存占用: 52756 MB 显存占用: 5542 MB
2024-08-01 22:26:30, PID 2441207 , 内存占用: 52487 MB 显存占用: 5056 MB
2024-08-01 22:26:31, PID 2441207 , 内存占用: 52889 MB 显存占用: 5542 MB
2024-08-01 22:26:33, PID 2441207 , 内存占用: 52509 MB 显存占用: 5542 MB
2024-08-01 22:26:34, PID 2441207 , 内存占用: 52907 MB 显存占用: 5056 MB
2024-08-01 22:26:35, PID 2441207 , 内存占用: 52527 MB 显存占用: 5542 MB
2024-08-01 22:26:36, PID 2441207 , 内存占用: 52924 MB 显存占用: 5542 MB
2024-08-01 22:26:37, PID 2441207 , 内存占用: 52683 MB 显存占用: 5056 MB
2024-08-01 22:26:38, PID 2441207 , 内存占用: 52620 MB 显存占用: 5542 MB
2024-08-01 22:26:40, PID 2441207 , 内存占用: 52830 MB 显存占用: 5056 MB
2024-08-01 22:26:41, PID 2441207 , 内存占用: 52552 MB 显存占用: 5056 MB
2024-08-01 22:26:42, PID 2441207 , 内存占用: 52883 MB 显存占用: 5542 MB
2024-08-01 22:26:43, PID 2441207 , 内存占用: 52694 MB 显存占用: 5542 MB
2024-08-01 22:26:44, PID 2441207 , 内存占用: 52898 MB 显存占用: 5542 MB
2024-08-01 22:26:45, PID 2441207 , 内存占用: 52517 MB 显存占用: 5542 MB
2024-08-01 22:26:47, PID 2441207 , 内存占用: 52918 MB 显存占用: 5056 MB
2024-08-01 22:26:48, PID 2441207 , 内存占用: 52536 MB 显存占用: 5056 MB
2024-08-01 22:26:49, PID 2441207 , 内存占用: 52943 MB 显存占用: 5542 MB
2024-08-01 22:26:50, PID 2441207 , 内存占用: 52675 MB 显存占用: 5542 MB
2024-08-01 22:26:51, PID 2441207 , 内存占用: 52652 MB 显存占用: 5542 MB
2024-08-01 22:26:53, PID 2441207 , 内存占用: 52685 MB 显存占用: 5056 MB
2024-08-01 22:26:54, PID 2441207 , 内存占用: 52653 MB 显存占用: 5056 MB
2024-08-01 22:26:55, PID 2441207 , 内存占用: 52596 MB 显存占用: 5542 MB
2024-08-01 22:26:56, PID 2441207 , 内存占用: 52903 MB 显存占用: 5542 MB
2024-08-01 22:26:57, PID 2441207 , 内存占用: 52521 MB 显存占用: 4632 MB
2024-08-01 22:26:58, PID 2441207 , 内存占用: 52918 MB 显存占用: 5118 MB
2024-08-01 22:27:00, PID 2441207 , 内存占用: 52638 MB 显存占用: 5604 MB
2024-08-01 22:27:01, PID 2441207 , 内存占用: 52621 MB 显存占用: 5604 MB
2024-08-01 22:27:02, PID 2441207 , 内存占用: 52679 MB 显存占用: 5604 MB
2024-08-01 22:27:03, PID 2441207 , 内存占用: 52689 MB 显存占用: 5118 MB
2024-08-01 22:27:04, PID 2441207 , 内存占用: 52747 MB 显存占用: 5604 MB
2024-08-01 22:27:06, PID 2441207 , 内存占用: 52767 MB 显存占用: 5118 MB
2024-08-01 22:27:07, PID 2441207 , 内存占用: 52948 MB 显存占用: 5118 MB
2024-08-01 22:27:08, PID 2441207 , 内存占用: 52596 MB 显存占用: 5118 MB
2024-08-01 22:27:09, PID 2441207 , 内存占用: 52538 MB 显存占用: 5118 MB
2024-08-01 22:27:10, PID 2441207 , 内存占用: 52739 MB 显存占用: 5118 MB
2024-08-01 22:27:11, PID 2441207 , 内存占用: 52614 MB 显存占用: 5056 MB
2024-08-01 22:27:13, PID 2441207 , 内存占用: 52882 MB 显存占用: 5056 MB
2024-08-01 22:27:14, PID 2441207 , 内存占用: 52540 MB 显存占用: 5542 MB
2024-08-01 22:27:15, PID 2441207 , 内存占用: 43536 MB 显存占用: 5058 MB
2024-08-01 22:27:16, PID 2441207 , 内存占用: 18913 MB 显存占用: 5058 MB
2024-08-01 22:27:17, PID 2441207 , 内存占用: 0 MB 显存占用: 17 MB
2441207
平均内存占用: 29911.66 MB
峰值内存占用: 52948 MB, 51 GB
峰值显存占用 5604 MB
