start
=============================================
=============================================
=============================================

2024-07-25 21:55:13, PID 455824 , 内存占用: 52 MB 显存占用: 901 MB
2024-07-25 21:55:14, PID 455824 , 内存占用: 265 MB 显存占用: 901 MB
2024-07-25 21:55:15, PID 455824 , 内存占用: 1696 MB 显存占用: 901 MB
2024-07-25 21:55:16, PID 455824 , 内存占用: 3375 MB 显存占用: 901 MB
2024-07-25 21:55:17, PID 455824 , 内存占用: 4995 MB 显存占用: 901 MB
2024-07-25 21:55:19, PID 455824 , 内存占用: 6654 MB 显存占用: 901 MB
2024-07-25 21:55:20, PID 455824 , 内存占用: 8383 MB 显存占用: 901 MB
2024-07-25 21:55:21, PID 455824 , 内存占用: 9261 MB 显存占用: 901 MB
2024-07-25 21:55:22, PID 455824 , 内存占用: 9945 MB 显存占用: 901 MB
2024-07-25 21:55:23, PID 455824 , 内存占用: 10596 MB 显存占用: 901 MB
2024-07-25 21:55:25, PID 455824 , 内存占用: 12076 MB 显存占用: 901 MB
2024-07-25 21:55:26, PID 455824 , 内存占用: 12750 MB 显存占用: 901 MB
2024-07-25 21:55:27, PID 455824 , 内存占用: 13359 MB 显存占用: 901 MB
2024-07-25 21:55:28, PID 455824 , 内存占用: 14006 MB 显存占用: 901 MB
2024-07-25 21:55:30, PID 455824 , 内存占用: 14628 MB 显存占用: 901 MB
2024-07-25 21:55:31, PID 455824 , 内存占用: 15273 MB 显存占用: 901 MB
2024-07-25 21:55:32, PID 455824 , 内存占用: 15888 MB 显存占用: 901 MB
2024-07-25 21:55:33, PID 455824 , 内存占用: 16518 MB 显存占用: 901 MB
2024-07-25 21:55:34, PID 455824 , 内存占用: 17142 MB 显存占用: 901 MB
2024-07-25 21:55:36, PID 455824 , 内存占用: 17853 MB 显存占用: 901 MB
2024-07-25 21:55:37, PID 455824 , 内存占用: 18504 MB 显存占用: 901 MB
2024-07-25 21:55:38, PID 455824 , 内存占用: 19684 MB 显存占用: 901 MB
2024-07-25 21:55:39, PID 455824 , 内存占用: 21228 MB 显存占用: 901 MB
2024-07-25 21:55:40, PID 455824 , 内存占用: 22773 MB 显存占用: 901 MB
2024-07-25 21:55:42, PID 455824 , 内存占用: 24306 MB 显存占用: 901 MB
2024-07-25 21:55:43, PID 455824 , 内存占用: 25835 MB 显存占用: 901 MB
2024-07-25 21:55:44, PID 455824 , 内存占用: 27273 MB 显存占用: 901 MB
2024-07-25 21:55:45, PID 455824 , 内存占用: 28782 MB 显存占用: 901 MB
2024-07-25 21:55:46, PID 455824 , 内存占用: 30364 MB 显存占用: 901 MB
2024-07-25 21:55:48, PID 455824 , 内存占用: 32000 MB 显存占用: 901 MB
2024-07-25 21:55:49, PID 455824 , 内存占用: 33560 MB 显存占用: 901 MB
2024-07-25 21:55:50, PID 455824 , 内存占用: 35160 MB 显存占用: 901 MB
2024-07-25 21:55:51, PID 455824 , 内存占用: 36678 MB 显存占用: 901 MB
2024-07-25 21:55:52, PID 455824 , 内存占用: 38247 MB 显存占用: 901 MB
2024-07-25 21:55:54, PID 455824 , 内存占用: 39843 MB 显存占用: 901 MB
2024-07-25 21:55:55, PID 455824 , 内存占用: 41419 MB 显存占用: 901 MB
2024-07-25 21:55:56, PID 455824 , 内存占用: 42958 MB 显存占用: 901 MB
2024-07-25 21:55:57, PID 455824 , 内存占用: 43761 MB 显存占用: 901 MB
2024-07-25 21:55:58, PID 455824 , 内存占用: 43922 MB 显存占用: 901 MB
2024-07-25 21:56:00, PID 455824 , 内存占用: 44080 MB 显存占用: 901 MB
2024-07-25 21:56:01, PID 455824 , 内存占用: 44240 MB 显存占用: 901 MB
2024-07-25 21:56:02, PID 455824 , 内存占用: 44380 MB 显存占用: 901 MB
2024-07-25 21:56:03, PID 455824 , 内存占用: 44535 MB 显存占用: 901 MB
2024-07-25 21:56:04, PID 455824 , 内存占用: 44680 MB 显存占用: 901 MB
2024-07-25 21:56:06, PID 455824 , 内存占用: 44830 MB 显存占用: 901 MB
2024-07-25 21:56:07, PID 455824 , 内存占用: 44975 MB 显存占用: 901 MB
2024-07-25 21:56:08, PID 455824 , 内存占用: 45120 MB 显存占用: 901 MB
2024-07-25 21:56:09, PID 455824 , 内存占用: 45262 MB 显存占用: 901 MB
2024-07-25 21:56:10, PID 455824 , 内存占用: 45393 MB 显存占用: 901 MB
2024-07-25 21:56:12, PID 455824 , 内存占用: 45520 MB 显存占用: 901 MB
2024-07-25 21:56:13, PID 455824 , 内存占用: 45661 MB 显存占用: 901 MB
2024-07-25 21:56:14, PID 455824 , 内存占用: 45811 MB 显存占用: 901 MB
2024-07-25 21:56:15, PID 455824 , 内存占用: 45951 MB 显存占用: 901 MB
2024-07-25 21:56:16, PID 455824 , 内存占用: 46101 MB 显存占用: 901 MB
2024-07-25 21:56:18, PID 455824 , 内存占用: 46432 MB 显存占用: 901 MB
2024-07-25 21:56:19, PID 455824 , 内存占用: 47202 MB 显存占用: 901 MB
2024-07-25 21:56:20, PID 455824 , 内存占用: 47759 MB 显存占用: 901 MB
2024-07-25 21:56:21, PID 455824 , 内存占用: 48494 MB 显存占用: 901 MB
2024-07-25 21:56:22, PID 455824 , 内存占用: 47110 MB 显存占用: 901 MB
2024-07-25 21:56:24, PID 455824 , 内存占用: 47574 MB 显存占用: 901 MB
2024-07-25 21:56:25, PID 455824 , 内存占用: 47634 MB 显存占用: 901 MB
2024-07-25 21:56:26, PID 455824 , 内存占用: 46122 MB 显存占用: 901 MB
2024-07-25 21:56:27, PID 455824 , 内存占用: 46707 MB 显存占用: 901 MB
2024-07-25 21:56:28, PID 455824 , 内存占用: 47550 MB 显存占用: 901 MB
2024-07-25 21:56:30, PID 455824 , 内存占用: 48199 MB 显存占用: 901 MB
2024-07-25 21:56:31, PID 455824 , 内存占用: 50777 MB 显存占用: 901 MB
2024-07-25 21:56:32, PID 455824 , 内存占用: 53789 MB 显存占用: 901 MB
2024-07-25 21:56:33, PID 455824 , 内存占用: 53793 MB 显存占用: 901 MB
2024-07-25 21:56:34, PID 455824 , 内存占用: 54192 MB 显存占用: 901 MB
2024-07-25 21:56:36, PID 455824 , 内存占用: 55196 MB 显存占用: 901 MB
2024-07-25 21:56:37, PID 455824 , 内存占用: 55595 MB 显存占用: 901 MB
2024-07-25 21:56:38, PID 455824 , 内存占用: 56355 MB 显存占用: 901 MB
2024-07-25 21:56:39, PID 455824 , 内存占用: 56723 MB 显存占用: 901 MB
2024-07-25 21:56:40, PID 455824 , 内存占用: 56907 MB 显存占用: 901 MB
2024-07-25 21:56:42, PID 455824 , 内存占用: 57520 MB 显存占用: 901 MB
2024-07-25 21:56:43, PID 455824 , 内存占用: 57613 MB 显存占用: 901 MB
2024-07-25 21:56:44, PID 455824 , 内存占用: 57570 MB 显存占用: 901 MB
2024-07-25 21:56:45, PID 455824 , 内存占用: 57596 MB 显存占用: 901 MB
2024-07-25 21:56:47, PID 455824 , 内存占用: 57611 MB 显存占用: 901 MB
2024-07-25 21:56:48, PID 455824 , 内存占用: 57616 MB 显存占用: 493 MB
2024-07-25 21:56:49, PID 455824 , 内存占用: 57703 MB 显存占用: 493 MB
2024-07-25 21:56:50, PID 455824 , 内存占用: 57664 MB 显存占用: 493 MB
2024-07-25 21:56:51, PID 455824 , 内存占用: 57687 MB 显存占用: 9 MB
2024-07-25 21:56:53, PID 455824 , 内存占用: 57617 MB 显存占用: 9 MB
2024-07-25 21:56:54, PID 455824 , 内存占用: 57622 MB 显存占用: 9 MB
2024-07-25 21:56:55, PID 455824 , 内存占用: 57626 MB 显存占用: 9 MB
2024-07-25 21:56:56, PID 455824 , 内存占用: 57730 MB 显存占用: 9 MB
2024-07-25 21:56:57, PID 455824 , 内存占用: 57634 MB 显存占用: 9 MB
2024-07-25 21:56:58, PID 455824 , 内存占用: 57630 MB 显存占用: 9 MB
2024-07-25 21:57:00, PID 455824 , 内存占用: 57733 MB 显存占用: 9 MB
2024-07-25 21:57:01, PID 455824 , 内存占用: 57642 MB 显存占用: 9 MB
2024-07-25 21:57:02, PID 455824 , 内存占用: 57728 MB 显存占用: 9 MB
2024-07-25 21:57:03, PID 455824 , 内存占用: 57645 MB 显存占用: 9 MB
2024-07-25 21:57:04, PID 455824 , 内存占用: 57696 MB 显存占用: 9 MB
2024-07-25 21:57:06, PID 455824 , 内存占用: 57700 MB 显存占用: 9 MB
2024-07-25 21:57:07, PID 455824 , 内存占用: 57700 MB 显存占用: 9 MB
2024-07-25 21:57:08, PID 455824 , 内存占用: 57627 MB 显存占用: 9 MB
2024-07-25 21:57:09, PID 455824 , 内存占用: 57600 MB 显存占用: 9 MB
2024-07-25 21:57:10, PID 455824 , 内存占用: 57743 MB 显存占用: 9 MB
2024-07-25 21:57:12, PID 455824 , 内存占用: 57663 MB 显存占用: 9 MB
2024-07-25 21:57:13, PID 455824 , 内存占用: 57663 MB 显存占用: 9 MB
2024-07-25 21:57:14, PID 455824 , 内存占用: 57665 MB 显存占用: 9 MB
2024-07-25 21:57:15, PID 455824 , 内存占用: 57783 MB 显存占用: 9 MB
2024-07-25 21:57:16, PID 455824 , 内存占用: 57637 MB 显存占用: 9 MB
2024-07-25 21:57:18, PID 455824 , 内存占用: 57674 MB 显存占用: 9 MB
2024-07-25 21:57:19, PID 455824 , 内存占用: 57647 MB 显存占用: 9 MB
2024-07-25 21:57:20, PID 455824 , 内存占用: 57676 MB 显存占用: 9 MB
2024-07-25 21:57:21, PID 455824 , 内存占用: 57731 MB 显存占用: 9 MB
2024-07-25 21:57:22, PID 455824 , 内存占用: 57673 MB 显存占用: 9 MB
2024-07-25 21:57:23, PID 455824 , 内存占用: 57707 MB 显存占用: 9 MB
2024-07-25 21:57:25, PID 455824 , 内存占用: 57651 MB 显存占用: 9 MB
2024-07-25 21:57:26, PID 455824 , 内存占用: 57682 MB 显存占用: 9 MB
2024-07-25 21:57:27, PID 455824 , 内存占用: 57647 MB 显存占用: 9 MB
2024-07-25 21:57:28, PID 455824 , 内存占用: 57648 MB 显存占用: 9 MB
2024-07-25 21:57:29, PID 455824 , 内存占用: 57688 MB 显存占用: 9 MB
2024-07-25 21:57:31, PID 455824 , 内存占用: 57804 MB 显存占用: 9 MB
2024-07-25 21:57:32, PID 455824 , 内存占用: 57811 MB 显存占用: 9 MB
2024-07-25 21:57:33, PID 455824 , 内存占用: 57652 MB 显存占用: 9 MB
2024-07-25 21:57:34, PID 455824 , 内存占用: 57689 MB 显存占用: 9 MB
2024-07-25 21:57:35, PID 455824 , 内存占用: 57687 MB 显存占用: 9 MB
2024-07-25 21:57:37, PID 455824 , 内存占用: 57756 MB 显存占用: 9 MB
2024-07-25 21:57:38, PID 455824 , 内存占用: 57655 MB 显存占用: 9 MB
2024-07-25 21:57:39, PID 455824 , 内存占用: 57655 MB 显存占用: 9 MB
2024-07-25 21:57:40, PID 455824 , 内存占用: 57685 MB 显存占用: 9 MB
2024-07-25 21:57:41, PID 455824 , 内存占用: 57781 MB 显存占用: 9 MB
2024-07-25 21:57:43, PID 455824 , 内存占用: 57821 MB 显存占用: 9 MB
2024-07-25 21:57:44, PID 455824 , 内存占用: 57822 MB 显存占用: 9 MB
2024-07-25 21:57:45, PID 455824 , 内存占用: 57653 MB 显存占用: 9 MB
2024-07-25 21:57:46, PID 455824 , 内存占用: 57815 MB 显存占用: 9 MB
2024-07-25 21:57:47, PID 455824 , 内存占用: 57710 MB 显存占用: 9 MB
2024-07-25 21:57:49, PID 455824 , 内存占用: 57657 MB 显存占用: 9 MB
2024-07-25 21:57:50, PID 455824 , 内存占用: 57659 MB 显存占用: 9 MB
2024-07-25 21:57:51, PID 455824 , 内存占用: 57724 MB 显存占用: 9 MB
2024-07-25 21:57:52, PID 455824 , 内存占用: 57797 MB 显存占用: 9 MB
2024-07-25 21:57:53, PID 455824 , 内存占用: 57697 MB 显存占用: 9 MB
2024-07-25 21:57:54, PID 455824 , 内存占用: 57658 MB 显存占用: 9 MB
2024-07-25 21:57:56, PID 455824 , 内存占用: 57700 MB 显存占用: 9 MB
2024-07-25 21:57:57, PID 455824 , 内存占用: 57702 MB 显存占用: 9 MB
2024-07-25 21:57:58, PID 455824 , 内存占用: 57688 MB 显存占用: 9 MB
2024-07-25 21:57:59, PID 455824 , 内存占用: 57659 MB 显存占用: 9 MB
2024-07-25 21:58:00, PID 455824 , 内存占用: 57759 MB 显存占用: 9 MB
2024-07-25 21:58:02, PID 455824 , 内存占用: 57617 MB 显存占用: 9 MB
2024-07-25 21:58:03, PID 455824 , 内存占用: 57644 MB 显存占用: 9 MB
2024-07-25 21:58:04, PID 455824 , 内存占用: 57752 MB 显存占用: 9 MB
2024-07-25 21:58:05, PID 455824 , 内存占用: 57619 MB 显存占用: 9 MB
2024-07-25 21:58:06, PID 455824 , 内存占用: 57755 MB 显存占用: 9 MB
2024-07-25 21:58:08, PID 455824 , 内存占用: 57621 MB 显存占用: 9 MB
2024-07-25 21:58:09, PID 455824 , 内存占用: 57624 MB 显存占用: 9 MB
2024-07-25 21:58:10, PID 455824 , 内存占用: 57758 MB 显存占用: 9 MB
2024-07-25 21:58:11, PID 455824 , 内存占用: 57626 MB 显存占用: 9 MB
2024-07-25 21:58:12, PID 455824 , 内存占用: 57640 MB 显存占用: 9 MB
2024-07-25 21:58:14, PID 455824 , 内存占用: 57675 MB 显存占用: 9 MB
2024-07-25 21:58:15, PID 455824 , 内存占用: 57632 MB 显存占用: 9 MB
2024-07-25 21:58:16, PID 455824 , 内存占用: 57630 MB 显存占用: 9 MB
2024-07-25 21:58:17, PID 455824 , 内存占用: 57630 MB 显存占用: 9 MB
2024-07-25 21:58:18, PID 455824 , 内存占用: 57640 MB 显存占用: 9 MB
2024-07-25 21:58:20, PID 455824 , 内存占用: 57675 MB 显存占用: 9 MB
2024-07-25 21:58:21, PID 455824 , 内存占用: 57737 MB 显存占用: 9 MB
2024-07-25 21:58:22, PID 455824 , 内存占用: 57678 MB 显存占用: 9 MB
2024-07-25 21:58:23, PID 455824 , 内存占用: 57649 MB 显存占用: 9 MB
2024-07-25 21:58:24, PID 455824 , 内存占用: 57640 MB 显存占用: 9 MB
2024-07-25 21:58:26, PID 455824 , 内存占用: 57632 MB 显存占用: 9 MB
2024-07-25 21:58:27, PID 455824 , 内存占用: 57706 MB 显存占用: 9 MB
2024-07-25 21:58:28, PID 455824 , 内存占用: 57634 MB 显存占用: 9 MB
2024-07-25 21:58:29, PID 455824 , 内存占用: 57637 MB 显存占用: 9 MB
2024-07-25 21:58:30, PID 455824 , 内存占用: 57633 MB 显存占用: 9 MB
2024-07-25 21:58:31, PID 455824 , 内存占用: 57627 MB 显存占用: 9 MB
2024-07-25 21:58:33, PID 455824 , 内存占用: 57630 MB 显存占用: 9 MB
2024-07-25 21:58:34, PID 455824 , 内存占用: 57676 MB 显存占用: 9 MB
2024-07-25 21:58:35, PID 455824 , 内存占用: 57692 MB 显存占用: 9 MB
2024-07-25 21:58:36, PID 455824 , 内存占用: 57684 MB 显存占用: 9 MB
2024-07-25 21:58:37, PID 455824 , 内存占用: 57636 MB 显存占用: 9 MB
2024-07-25 21:58:39, PID 455824 , 内存占用: 57655 MB 显存占用: 9 MB
2024-07-25 21:58:40, PID 455824 , 内存占用: 57633 MB 显存占用: 9 MB
2024-07-25 21:58:41, PID 455824 , 内存占用: 57656 MB 显存占用: 9 MB
2024-07-25 21:58:42, PID 455824 , 内存占用: 57638 MB 显存占用: 9 MB
2024-07-25 21:58:43, PID 455824 , 内存占用: 57785 MB 显存占用: 9 MB
2024-07-25 21:58:45, PID 455824 , 内存占用: 57630 MB 显存占用: 9 MB
2024-07-25 21:58:46, PID 455824 , 内存占用: 57779 MB 显存占用: 9 MB
2024-07-25 21:58:47, PID 455824 , 内存占用: 57635 MB 显存占用: 9 MB
2024-07-25 21:58:48, PID 455824 , 内存占用: 57789 MB 显存占用: 9 MB
2024-07-25 21:58:49, PID 455824 , 内存占用: 57637 MB 显存占用: 9 MB
2024-07-25 21:58:51, PID 455824 , 内存占用: 57711 MB 显存占用: 9 MB
2024-07-25 21:58:52, PID 455824 , 内存占用: 57636 MB 显存占用: 9 MB
2024-07-25 21:58:53, PID 455824 , 内存占用: 57715 MB 显存占用: 9 MB
2024-07-25 21:58:54, PID 455824 , 内存占用: 57784 MB 显存占用: 9 MB
2024-07-25 21:58:55, PID 455824 , 内存占用: 57789 MB 显存占用: 9 MB
2024-07-25 21:58:57, PID 455824 , 内存占用: 57794 MB 显存占用: 9 MB
2024-07-25 21:58:58, PID 455824 , 内存占用: 57645 MB 显存占用: 9 MB
2024-07-25 21:58:59, PID 455824 , 内存占用: 57720 MB 显存占用: 9 MB
2024-07-25 21:59:00, PID 455824 , 内存占用: 57642 MB 显存占用: 9 MB
2024-07-25 21:59:01, PID 455824 , 内存占用: 57644 MB 显存占用: 9 MB
2024-07-25 21:59:03, PID 455824 , 内存占用: 57801 MB 显存占用: 9 MB
2024-07-25 21:59:04, PID 455824 , 内存占用: 57795 MB 显存占用: 9 MB
2024-07-25 21:59:05, PID 455824 , 内存占用: 57646 MB 显存占用: 9 MB
2024-07-25 21:59:06, PID 455824 , 内存占用: 57688 MB 显存占用: 9 MB
2024-07-25 21:59:07, PID 455824 , 内存占用: 57727 MB 显存占用: 9 MB
2024-07-25 21:59:09, PID 455824 , 内存占用: 57642 MB 显存占用: 9 MB
2024-07-25 21:59:10, PID 455824 , 内存占用: 57787 MB 显存占用: 9 MB
2024-07-25 21:59:11, PID 455824 , 内存占用: 57807 MB 显存占用: 9 MB
2024-07-25 21:59:12, PID 455824 , 内存占用: 57689 MB 显存占用: 9 MB
2024-07-25 21:59:13, PID 455824 , 内存占用: 57649 MB 显存占用: 9 MB
2024-07-25 21:59:14, PID 455824 , 内存占用: 57648 MB 显存占用: 9 MB
2024-07-25 21:59:16, PID 455824 , 内存占用: 57733 MB 显存占用: 9 MB
2024-07-25 21:59:17, PID 455824 , 内存占用: 57652 MB 显存占用: 9 MB
2024-07-25 21:59:18, PID 455824 , 内存占用: 57808 MB 显存占用: 9 MB
2024-07-25 21:59:19, PID 455824 , 内存占用: 57649 MB 显存占用: 9 MB
2024-07-25 21:59:20, PID 455824 , 内存占用: 57805 MB 显存占用: 9 MB
2024-07-25 21:59:22, PID 455824 , 内存占用: 57639 MB 显存占用: 9 MB
2024-07-25 21:59:23, PID 455824 , 内存占用: 57647 MB 显存占用: 9 MB
2024-07-25 21:59:24, PID 455824 , 内存占用: 57652 MB 显存占用: 9 MB
2024-07-25 21:59:25, PID 455824 , 内存占用: 57646 MB 显存占用: 9 MB
2024-07-25 21:59:26, PID 455824 , 内存占用: 57652 MB 显存占用: 9 MB
2024-07-25 21:59:28, PID 455824 , 内存占用: 57802 MB 显存占用: 9 MB
2024-07-25 21:59:29, PID 455824 , 内存占用: 57651 MB 显存占用: 9 MB
2024-07-25 21:59:30, PID 455824 , 内存占用: 57646 MB 显存占用: 9 MB
2024-07-25 21:59:31, PID 455824 , 内存占用: 57629 MB 显存占用: 9 MB
2024-07-25 21:59:32, PID 455824 , 内存占用: 57798 MB 显存占用: 9 MB
2024-07-25 21:59:34, PID 455824 , 内存占用: 57700 MB 显存占用: 9 MB
2024-07-25 21:59:35, PID 455824 , 内存占用: 57654 MB 显存占用: 9 MB
2024-07-25 21:59:36, PID 455824 , 内存占用: 57653 MB 显存占用: 9 MB
2024-07-25 21:59:37, PID 455824 , 内存占用: 57701 MB 显存占用: 9 MB
2024-07-25 21:59:38, PID 455824 , 内存占用: 57713 MB 显存占用: 9 MB
2024-07-25 21:59:40, PID 455824 , 内存占用: 57655 MB 显存占用: 9 MB
2024-07-25 21:59:41, PID 455824 , 内存占用: 57749 MB 显存占用: 9 MB
2024-07-25 21:59:42, PID 455824 , 内存占用: 57746 MB 显存占用: 9 MB
2024-07-25 21:59:43, PID 455824 , 内存占用: 57816 MB 显存占用: 9 MB
2024-07-25 21:59:44, PID 455824 , 内存占用: 57646 MB 显存占用: 9 MB
2024-07-25 21:59:46, PID 455824 , 内存占用: 57657 MB 显存占用: 9 MB
2024-07-25 21:59:47, PID 455824 , 内存占用: 57664 MB 显存占用: 9 MB
2024-07-25 21:59:48, PID 455824 , 内存占用: 57812 MB 显存占用: 9 MB
2024-07-25 21:59:49, PID 455824 , 内存占用: 57708 MB 显存占用: 9 MB
2024-07-25 21:59:50, PID 455824 , 内存占用: 57813 MB 显存占用: 9 MB
2024-07-25 21:59:52, PID 455824 , 内存占用: 57652 MB 显存占用: 9 MB
2024-07-25 21:59:53, PID 455824 , 内存占用: 57657 MB 显存占用: 9 MB
2024-07-25 21:59:54, PID 455824 , 内存占用: 57653 MB 显存占用: 9 MB
2024-07-25 21:59:55, PID 455824 , 内存占用: 57800 MB 显存占用: 9 MB
2024-07-25 21:59:56, PID 455824 , 内存占用: 57812 MB 显存占用: 9 MB
2024-07-25 21:59:58, PID 455824 , 内存占用: 57799 MB 显存占用: 9 MB
2024-07-25 21:59:59, PID 455824 , 内存占用: 57812 MB 显存占用: 9 MB
2024-07-25 22:00:00, PID 455824 , 内存占用: 57683 MB 显存占用: 9 MB
2024-07-25 22:00:01, PID 455824 , 内存占用: 57817 MB 显存占用: 9 MB
2024-07-25 22:00:02, PID 455824 , 内存占用: 57659 MB 显存占用: 9 MB
2024-07-25 22:00:03, PID 455824 , 内存占用: 57715 MB 显存占用: 9 MB
2024-07-25 22:00:05, PID 455824 , 内存占用: 57661 MB 显存占用: 9 MB
2024-07-25 22:00:06, PID 455824 , 内存占用: 57658 MB 显存占用: 9 MB
2024-07-25 22:00:07, PID 455824 , 内存占用: 57691 MB 显存占用: 9 MB
2024-07-25 22:00:08, PID 455824 , 内存占用: 57815 MB 显存占用: 9 MB
2024-07-25 22:00:09, PID 455824 , 内存占用: 57652 MB 显存占用: 9 MB
2024-07-25 22:00:11, PID 455824 , 内存占用: 57658 MB 显存占用: 9 MB
2024-07-25 22:00:12, PID 455824 , 内存占用: 57655 MB 显存占用: 9 MB
2024-07-25 22:00:13, PID 455824 , 内存占用: 57659 MB 显存占用: 9 MB
2024-07-25 22:00:14, PID 455824 , 内存占用: 57654 MB 显存占用: 9 MB
2024-07-25 22:00:15, PID 455824 , 内存占用: 57661 MB 显存占用: 9 MB
2024-07-25 22:00:17, PID 455824 , 内存占用: 57661 MB 显存占用: 9 MB
2024-07-25 22:00:18, PID 455824 , 内存占用: 57655 MB 显存占用: 9 MB
2024-07-25 22:00:19, PID 455824 , 内存占用: 57739 MB 显存占用: 9 MB
2024-07-25 22:00:20, PID 455824 , 内存占用: 57806 MB 显存占用: 9 MB
2024-07-25 22:00:21, PID 455824 , 内存占用: 57664 MB 显存占用: 9 MB
2024-07-25 22:00:23, PID 455824 , 内存占用: 57813 MB 显存占用: 9 MB
2024-07-25 22:00:24, PID 455824 , 内存占用: 57821 MB 显存占用: 9 MB
2024-07-25 22:00:25, PID 455824 , 内存占用: 57659 MB 显存占用: 9 MB
2024-07-25 22:00:26, PID 455824 , 内存占用: 57662 MB 显存占用: 9 MB
2024-07-25 22:00:27, PID 455824 , 内存占用: 57657 MB 显存占用: 9 MB
2024-07-25 22:00:29, PID 455824 , 内存占用: 57654 MB 显存占用: 9 MB
2024-07-25 22:00:30, PID 455824 , 内存占用: 57816 MB 显存占用: 9 MB
2024-07-25 22:00:31, PID 455824 , 内存占用: 57811 MB 显存占用: 9 MB
2024-07-25 22:00:32, PID 455824 , 内存占用: 57716 MB 显存占用: 9 MB
2024-07-25 22:00:33, PID 455824 , 内存占用: 57652 MB 显存占用: 9 MB
2024-07-25 22:00:35, PID 455824 , 内存占用: 57662 MB 显存占用: 9 MB
2024-07-25 22:00:36, PID 455824 , 内存占用: 57815 MB 显存占用: 9 MB
2024-07-25 22:00:37, PID 455824 , 内存占用: 57822 MB 显存占用: 9 MB
2024-07-25 22:00:38, PID 455824 , 内存占用: 57710 MB 显存占用: 9 MB
2024-07-25 22:00:39, PID 455824 , 内存占用: 57822 MB 显存占用: 9 MB
2024-07-25 22:00:40, PID 455824 , 内存占用: 57660 MB 显存占用: 9 MB
2024-07-25 22:00:42, PID 455824 , 内存占用: 57710 MB 显存占用: 9 MB
2024-07-25 22:00:43, PID 455824 , 内存占用: 57663 MB 显存占用: 9 MB
2024-07-25 22:00:44, PID 455824 , 内存占用: 57656 MB 显存占用: 9 MB
2024-07-25 22:00:45, PID 455824 , 内存占用: 57779 MB 显存占用: 9 MB
2024-07-25 22:00:46, PID 455824 , 内存占用: 57656 MB 显存占用: 9 MB
2024-07-25 22:00:48, PID 455824 , 内存占用: 57711 MB 显存占用: 9 MB
2024-07-25 22:00:49, PID 455824 , 内存占用: 57672 MB 显存占用: 9 MB
2024-07-25 22:00:50, PID 455824 , 内存占用: 57708 MB 显存占用: 9 MB
2024-07-25 22:00:51, PID 455824 , 内存占用: 57653 MB 显存占用: 9 MB
2024-07-25 22:00:52, PID 455824 , 内存占用: 57670 MB 显存占用: 9 MB
2024-07-25 22:00:54, PID 455824 , 内存占用: 57743 MB 显存占用: 9 MB
2024-07-25 22:00:55, PID 455824 , 内存占用: 57833 MB 显存占用: 9 MB
2024-07-25 22:00:56, PID 455824 , 内存占用: 57835 MB 显存占用: 9 MB
2024-07-25 22:00:57, PID 455824 , 内存占用: 57798 MB 显存占用: 9 MB
2024-07-25 22:00:58, PID 455824 , 内存占用: 57734 MB 显存占用: 9 MB
2024-07-25 22:01:00, PID 455824 , 内存占用: 57732 MB 显存占用: 9 MB
2024-07-25 22:01:01, PID 455824 , 内存占用: 57674 MB 显存占用: 9 MB
2024-07-25 22:01:02, PID 455824 , 内存占用: 57673 MB 显存占用: 9 MB
2024-07-25 22:01:03, PID 455824 , 内存占用: 57674 MB 显存占用: 9 MB
2024-07-25 22:01:04, PID 455824 , 内存占用: 57671 MB 显存占用: 9 MB
2024-07-25 22:01:06, PID 455824 , 内存占用: 57674 MB 显存占用: 9 MB
2024-07-25 22:01:07, PID 455824 , 内存占用: 57665 MB 显存占用: 9 MB
2024-07-25 22:01:08, PID 455824 , 内存占用: 57706 MB 显存占用: 9 MB
2024-07-25 22:01:09, PID 455824 , 内存占用: 57674 MB 显存占用: 9 MB
2024-07-25 22:01:10, PID 455824 , 内存占用: 57673 MB 显存占用: 9 MB
2024-07-25 22:01:11, PID 455824 , 内存占用: 57692 MB 显存占用: 9 MB
2024-07-25 22:01:13, PID 455824 , 内存占用: 57812 MB 显存占用: 9 MB
2024-07-25 22:01:14, PID 455824 , 内存占用: 57832 MB 显存占用: 9 MB
2024-07-25 22:01:15, PID 455824 , 内存占用: 57749 MB 显存占用: 9 MB
2024-07-25 22:01:16, PID 455824 , 内存占用: 57822 MB 显存占用: 9 MB
2024-07-25 22:01:17, PID 455824 , 内存占用: 57705 MB 显存占用: 9 MB
2024-07-25 22:01:19, PID 455824 , 内存占用: 57736 MB 显存占用: 9 MB
2024-07-25 22:01:20, PID 455824 , 内存占用: 57675 MB 显存占用: 9 MB
2024-07-25 22:01:21, PID 455824 , 内存占用: 57663 MB 显存占用: 9 MB
2024-07-25 22:01:22, PID 455824 , 内存占用: 57819 MB 显存占用: 9 MB
2024-07-25 22:01:23, PID 455824 , 内存占用: 57818 MB 显存占用: 9 MB
2024-07-25 22:01:25, PID 455824 , 内存占用: 57652 MB 显存占用: 9 MB
2024-07-25 22:01:26, PID 455824 , 内存占用: 57655 MB 显存占用: 9 MB
2024-07-25 22:01:27, PID 455824 , 内存占用: 57708 MB 显存占用: 9 MB
2024-07-25 22:01:28, PID 455824 , 内存占用: 57680 MB 显存占用: 9 MB
2024-07-25 22:01:29, PID 455824 , 内存占用: 57778 MB 显存占用: 9 MB
2024-07-25 22:01:31, PID 455824 , 内存占用: 57673 MB 显存占用: 9 MB
2024-07-25 22:01:32, PID 455824 , 内存占用: 57677 MB 显存占用: 9 MB
2024-07-25 22:01:33, PID 455824 , 内存占用: 57674 MB 显存占用: 9 MB
2024-07-25 22:01:34, PID 455824 , 内存占用: 57681 MB 显存占用: 9 MB
2024-07-25 22:01:35, PID 455824 , 内存占用: 57799 MB 显存占用: 9 MB
2024-07-25 22:01:37, PID 455824 , 内存占用: 57679 MB 显存占用: 9 MB
2024-07-25 22:01:38, PID 455824 , 内存占用: 57668 MB 显存占用: 9 MB
2024-07-25 22:01:39, PID 455824 , 内存占用: 57677 MB 显存占用: 9 MB
2024-07-25 22:01:40, PID 455824 , 内存占用: 57672 MB 显存占用: 9 MB
2024-07-25 22:01:41, PID 455824 , 内存占用: 57803 MB 显存占用: 9 MB
2024-07-25 22:01:43, PID 455824 , 内存占用: 57770 MB 显存占用: 9 MB
2024-07-25 22:01:44, PID 455824 , 内存占用: 57762 MB 显存占用: 9 MB
2024-07-25 22:01:45, PID 455824 , 内存占用: 57851 MB 显存占用: 9 MB
2024-07-25 22:01:46, PID 455824 , 内存占用: 57826 MB 显存占用: 9 MB
2024-07-25 22:01:47, PID 455824 , 内存占用: 57855 MB 显存占用: 9 MB
2024-07-25 22:01:48, PID 455824 , 内存占用: 57688 MB 显存占用: 9 MB
2024-07-25 22:01:50, PID 455824 , 内存占用: 57747 MB 显存占用: 9 MB
2024-07-25 22:01:51, PID 455824 , 内存占用: 57790 MB 显存占用: 9 MB
2024-07-25 22:01:52, PID 455824 , 内存占用: 57671 MB 显存占用: 9 MB
2024-07-25 22:01:53, PID 455824 , 内存占用: 57730 MB 显存占用: 9 MB
2024-07-25 22:01:55, PID 455824 , 内存占用: 57668 MB 显存占用: 9 MB
2024-07-25 22:01:56, PID 455824 , 内存占用: 57682 MB 显存占用: 9 MB
2024-07-25 22:01:57, PID 455824 , 内存占用: 57680 MB 显存占用: 9 MB
2024-07-25 22:01:58, PID 455824 , 内存占用: 57681 MB 显存占用: 9 MB
2024-07-25 22:01:59, PID 455824 , 内存占用: 57678 MB 显存占用: 9 MB
2024-07-25 22:02:00, PID 455824 , 内存占用: 57703 MB 显存占用: 9 MB
2024-07-25 22:02:02, PID 455824 , 内存占用: 57679 MB 显存占用: 9 MB
2024-07-25 22:02:03, PID 455824 , 内存占用: 57696 MB 显存占用: 9 MB
2024-07-25 22:02:04, PID 455824 , 内存占用: 57759 MB 显存占用: 9 MB
2024-07-25 22:02:05, PID 455824 , 内存占用: 57819 MB 显存占用: 9 MB
2024-07-25 22:02:06, PID 455824 , 内存占用: 57708 MB 显存占用: 9 MB
2024-07-25 22:02:08, PID 455824 , 内存占用: 57813 MB 显存占用: 9 MB
2024-07-25 22:02:09, PID 455824 , 内存占用: 57680 MB 显存占用: 9 MB
2024-07-25 22:02:10, PID 455824 , 内存占用: 57733 MB 显存占用: 9 MB
2024-07-25 22:02:11, PID 455824 , 内存占用: 57684 MB 显存占用: 9 MB
2024-07-25 22:02:12, PID 455824 , 内存占用: 57673 MB 显存占用: 9 MB
2024-07-25 22:02:13, PID 455824 , 内存占用: 57740 MB 显存占用: 9 MB
2024-07-25 22:02:15, PID 455824 , 内存占用: 57681 MB 显存占用: 9 MB
2024-07-25 22:02:16, PID 455824 , 内存占用: 57684 MB 显存占用: 9 MB
2024-07-25 22:02:17, PID 455824 , 内存占用: 57682 MB 显存占用: 9 MB
2024-07-25 22:02:18, PID 455824 , 内存占用: 57748 MB 显存占用: 9 MB
2024-07-25 22:02:19, PID 455824 , 内存占用: 57714 MB 显存占用: 9 MB
2024-07-25 22:02:21, PID 455824 , 内存占用: 57746 MB 显存占用: 9 MB
2024-07-25 22:02:22, PID 455824 , 内存占用: 57742 MB 显存占用: 9 MB
2024-07-25 22:02:23, PID 455824 , 内存占用: 57850 MB 显存占用: 9 MB
2024-07-25 22:02:24, PID 455824 , 内存占用: 57850 MB 显存占用: 9 MB
2024-07-25 22:02:25, PID 455824 , 内存占用: 57686 MB 显存占用: 9 MB
2024-07-25 22:02:27, PID 455824 , 内存占用: 57708 MB 显存占用: 9 MB
2024-07-25 22:02:28, PID 455824 , 内存占用: 57683 MB 显存占用: 9 MB
2024-07-25 22:02:29, PID 455824 , 内存占用: 57672 MB 显存占用: 9 MB
2024-07-25 22:02:30, PID 455824 , 内存占用: 57747 MB 显存占用: 9 MB
2024-07-25 22:02:31, PID 455824 , 内存占用: 57674 MB 显存占用: 9 MB
2024-07-25 22:02:33, PID 455824 , 内存占用: 57682 MB 显存占用: 9 MB
2024-07-25 22:02:34, PID 455824 , 内存占用: 57779 MB 显存占用: 9 MB
2024-07-25 22:02:35, PID 455824 , 内存占用: 57798 MB 显存占用: 9 MB
2024-07-25 22:02:36, PID 455824 , 内存占用: 57854 MB 显存占用: 9 MB
2024-07-25 22:02:38, PID 455824 , 内存占用: 57834 MB 显存占用: 9 MB
2024-07-25 22:02:39, PID 455824 , 内存占用: 57846 MB 显存占用: 9 MB
2024-07-25 22:02:40, PID 455824 , 内存占用: 57839 MB 显存占用: 9 MB
2024-07-25 22:02:41, PID 455824 , 内存占用: 57735 MB 显存占用: 9 MB
2024-07-25 22:02:42, PID 455824 , 内存占用: 57728 MB 显存占用: 9 MB
2024-07-25 22:02:43, PID 455824 , 内存占用: 57752 MB 显存占用: 9 MB
2024-07-25 22:02:45, PID 455824 , 内存占用: 57670 MB 显存占用: 9 MB
2024-07-25 22:02:46, PID 455824 , 内存占用: 57683 MB 显存占用: 9 MB
2024-07-25 22:02:47, PID 455824 , 内存占用: 57678 MB 显存占用: 9 MB
2024-07-25 22:02:48, PID 455824 , 内存占用: 57740 MB 显存占用: 9 MB
2024-07-25 22:02:49, PID 455824 , 内存占用: 57685 MB 显存占用: 9 MB
2024-07-25 22:02:51, PID 455824 , 内存占用: 57705 MB 显存占用: 9 MB
2024-07-25 22:02:52, PID 455824 , 内存占用: 57715 MB 显存占用: 9 MB
2024-07-25 22:02:53, PID 455824 , 内存占用: 57711 MB 显存占用: 9 MB
2024-07-25 22:02:54, PID 455824 , 内存占用: 49808 MB 显存占用: 9 MB
2024-07-25 22:02:55, PID 455824 , 内存占用: 26466 MB 显存占用: 9 MB
2024-07-25 22:02:56, PID 455824 , 内存占用: 7178 MB 显存占用: 9 MB
455824
平均内存占用: 52928.04 MB
峰值内存占用: 57855 MB, 56 GB
峰值显存占用 901 MB
