start
=============================================
=============================================
=============================================

2024-07-25 17:37:58, PID 85848 , 内存占用: 51 MB 显存占用: 901 MB
2024-07-25 17:37:59, PID 85848 , 内存占用: 267 MB 显存占用: 901 MB
2024-07-25 17:38:01, PID 85848 , 内存占用: 416 MB 显存占用: 901 MB
2024-07-25 17:38:02, PID 85848 , 内存占用: 576 MB 显存占用: 901 MB
2024-07-25 17:38:03, PID 85848 , 内存占用: 732 MB 显存占用: 901 MB
2024-07-25 17:38:04, PID 85848 , 内存占用: 876 MB 显存占用: 901 MB
2024-07-25 17:38:05, PID 85848 , 内存占用: 1017 MB 显存占用: 901 MB
2024-07-25 17:38:07, PID 85848 , 内存占用: 1167 MB 显存占用: 901 MB
2024-07-25 17:38:08, PID 85848 , 内存占用: 1310 MB 显存占用: 901 MB
2024-07-25 17:38:09, PID 85848 , 内存占用: 1452 MB 显存占用: 901 MB
2024-07-25 17:38:10, PID 85848 , 内存占用: 1592 MB 显存占用: 901 MB
2024-07-25 17:38:11, PID 85848 , 内存占用: 1729 MB 显存占用: 901 MB
2024-07-25 17:38:13, PID 85848 , 内存占用: 1868 MB 显存占用: 901 MB
2024-07-25 17:38:14, PID 85848 , 内存占用: 2008 MB 显存占用: 901 MB
2024-07-25 17:38:15, PID 85848 , 内存占用: 2148 MB 显存占用: 901 MB
2024-07-25 17:38:16, PID 85848 , 内存占用: 2290 MB 显存占用: 901 MB
2024-07-25 17:38:17, PID 85848 , 内存占用: 2436 MB 显存占用: 901 MB
2024-07-25 17:38:19, PID 85848 , 内存占用: 2578 MB 显存占用: 901 MB
2024-07-25 17:38:20, PID 85848 , 内存占用: 3020 MB 显存占用: 901 MB
2024-07-25 17:38:21, PID 85848 , 内存占用: 3797 MB 显存占用: 901 MB
2024-07-25 17:38:22, PID 85848 , 内存占用: 3284 MB 显存占用: 901 MB
2024-07-25 17:38:23, PID 85848 , 内存占用: 3949 MB 显存占用: 901 MB
2024-07-25 17:38:25, PID 85848 , 内存占用: 4814 MB 显存占用: 901 MB
2024-07-25 17:38:26, PID 85848 , 内存占用: 5364 MB 显存占用: 901 MB
2024-07-25 17:38:27, PID 85848 , 内存占用: 5432 MB 显存占用: 901 MB
2024-07-25 17:38:28, PID 85848 , 内存占用: 6024 MB 显存占用: 901 MB
2024-07-25 17:38:30, PID 85848 , 内存占用: 6803 MB 显存占用: 901 MB
2024-07-25 17:38:31, PID 85848 , 内存占用: 8423 MB 显存占用: 901 MB
2024-07-25 17:38:32, PID 85848 , 内存占用: 10073 MB 显存占用: 901 MB
2024-07-25 17:38:33, PID 85848 , 内存占用: 11726 MB 显存占用: 901 MB
2024-07-25 17:38:34, PID 85848 , 内存占用: 13360 MB 显存占用: 901 MB
2024-07-25 17:38:36, PID 85848 , 内存占用: 15029 MB 显存占用: 901 MB
2024-07-25 17:38:37, PID 85848 , 内存占用: 16696 MB 显存占用: 901 MB
2024-07-25 17:38:38, PID 85848 , 内存占用: 18314 MB 显存占用: 901 MB
2024-07-25 17:38:39, PID 85848 , 内存占用: 19938 MB 显存占用: 901 MB
2024-07-25 17:38:40, PID 85848 , 内存占用: 21609 MB 显存占用: 901 MB
2024-07-25 17:38:42, PID 85848 , 内存占用: 23274 MB 显存占用: 901 MB
2024-07-25 17:38:43, PID 85848 , 内存占用: 24876 MB 显存占用: 901 MB
2024-07-25 17:38:44, PID 85848 , 内存占用: 26610 MB 显存占用: 901 MB
2024-07-25 17:38:45, PID 85848 , 内存占用: 28345 MB 显存占用: 901 MB
2024-07-25 17:38:46, PID 85848 , 内存占用: 30072 MB 显存占用: 901 MB
2024-07-25 17:38:48, PID 85848 , 内存占用: 31815 MB 显存占用: 901 MB
2024-07-25 17:38:49, PID 85848 , 内存占用: 33543 MB 显存占用: 901 MB
2024-07-25 17:38:50, PID 85848 , 内存占用: 35273 MB 显存占用: 901 MB
2024-07-25 17:38:51, PID 85848 , 内存占用: 37003 MB 显存占用: 901 MB
2024-07-25 17:38:52, PID 85848 , 内存占用: 38691 MB 显存占用: 901 MB
2024-07-25 17:38:54, PID 85848 , 内存占用: 40479 MB 显存占用: 901 MB
2024-07-25 17:38:55, PID 85848 , 内存占用: 42232 MB 显存占用: 901 MB
2024-07-25 17:38:56, PID 85848 , 内存占用: 43892 MB 显存占用: 901 MB
2024-07-25 17:38:57, PID 85848 , 内存占用: 45642 MB 显存占用: 901 MB
2024-07-25 17:38:58, PID 85848 , 内存占用: 47395 MB 显存占用: 901 MB
2024-07-25 17:39:00, PID 85848 , 内存占用: 49022 MB 显存占用: 901 MB
2024-07-25 17:39:01, PID 85848 , 内存占用: 50456 MB 显存占用: 901 MB
2024-07-25 17:39:02, PID 85848 , 内存占用: 52408 MB 显存占用: 901 MB
2024-07-25 17:39:03, PID 85848 , 内存占用: 52373 MB 显存占用: 901 MB
2024-07-25 17:39:04, PID 85848 , 内存占用: 52375 MB 显存占用: 901 MB
2024-07-25 17:39:06, PID 85848 , 内存占用: 52375 MB 显存占用: 901 MB
2024-07-25 17:39:07, PID 85848 , 内存占用: 52387 MB 显存占用: 901 MB
2024-07-25 17:39:08, PID 85848 , 内存占用: 52377 MB 显存占用: 901 MB
2024-07-25 17:39:09, PID 85848 , 内存占用: 52458 MB 显存占用: 901 MB
2024-07-25 17:39:11, PID 85848 , 内存占用: 52457 MB 显存占用: 901 MB
2024-07-25 17:39:12, PID 85848 , 内存占用: 52375 MB 显存占用: 901 MB
2024-07-25 17:39:13, PID 85848 , 内存占用: 52377 MB 显存占用: 901 MB
2024-07-25 17:39:14, PID 85848 , 内存占用: 52459 MB 显存占用: 901 MB
2024-07-25 17:39:15, PID 85848 , 内存占用: 52374 MB 显存占用: 901 MB
2024-07-25 17:39:17, PID 85848 , 内存占用: 52399 MB 显存占用: 901 MB
2024-07-25 17:39:18, PID 85848 , 内存占用: 52416 MB 显存占用: 901 MB
2024-07-25 17:39:19, PID 85848 , 内存占用: 52374 MB 显存占用: 901 MB
2024-07-25 17:39:20, PID 85848 , 内存占用: 52389 MB 显存占用: 901 MB
2024-07-25 17:39:21, PID 85848 , 内存占用: 52393 MB 显存占用: 901 MB
2024-07-25 17:39:23, PID 85848 , 内存占用: 52416 MB 显存占用: 901 MB
2024-07-25 17:39:24, PID 85848 , 内存占用: 52417 MB 显存占用: 901 MB
2024-07-25 17:39:25, PID 85848 , 内存占用: 52376 MB 显存占用: 901 MB
2024-07-25 17:39:26, PID 85848 , 内存占用: 52415 MB 显存占用: 901 MB
2024-07-25 17:39:27, PID 85848 , 内存占用: 52417 MB 显存占用: 901 MB
2024-07-25 17:39:29, PID 85848 , 内存占用: 52456 MB 显存占用: 901 MB
2024-07-25 17:39:30, PID 85848 , 内存占用: 52453 MB 显存占用: 901 MB
2024-07-25 17:39:31, PID 85848 , 内存占用: 52459 MB 显存占用: 901 MB
2024-07-25 17:39:32, PID 85848 , 内存占用: 52419 MB 显存占用: 901 MB
2024-07-25 17:39:33, PID 85848 , 内存占用: 52418 MB 显存占用: 901 MB
2024-07-25 17:39:35, PID 85848 , 内存占用: 52378 MB 显存占用: 901 MB
2024-07-25 17:39:36, PID 85848 , 内存占用: 52416 MB 显存占用: 901 MB
2024-07-25 17:39:37, PID 85848 , 内存占用: 52417 MB 显存占用: 901 MB
2024-07-25 17:39:38, PID 85848 , 内存占用: 52381 MB 显存占用: 901 MB
2024-07-25 17:39:39, PID 85848 , 内存占用: 52379 MB 显存占用: 901 MB
2024-07-25 17:39:41, PID 85848 , 内存占用: 52416 MB 显存占用: 901 MB
2024-07-25 17:39:42, PID 85848 , 内存占用: 52387 MB 显存占用: 901 MB
2024-07-25 17:39:43, PID 85848 , 内存占用: 52407 MB 显存占用: 901 MB
2024-07-25 17:39:44, PID 85848 , 内存占用: 52457 MB 显存占用: 901 MB
2024-07-25 17:39:45, PID 85848 , 内存占用: 52380 MB 显存占用: 901 MB
2024-07-25 17:39:47, PID 85848 , 内存占用: 52376 MB 显存占用: 901 MB
2024-07-25 17:39:48, PID 85848 , 内存占用: 52419 MB 显存占用: 901 MB
2024-07-25 17:39:49, PID 85848 , 内存占用: 52433 MB 显存占用: 901 MB
2024-07-25 17:39:50, PID 85848 , 内存占用: 52376 MB 显存占用: 901 MB
2024-07-25 17:39:51, PID 85848 , 内存占用: 52378 MB 显存占用: 901 MB
2024-07-25 17:39:53, PID 85848 , 内存占用: 52379 MB 显存占用: 901 MB
2024-07-25 17:39:54, PID 85848 , 内存占用: 52398 MB 显存占用: 901 MB
2024-07-25 17:39:55, PID 85848 , 内存占用: 52406 MB 显存占用: 901 MB
2024-07-25 17:39:56, PID 85848 , 内存占用: 52419 MB 显存占用: 901 MB
2024-07-25 17:39:57, PID 85848 , 内存占用: 52459 MB 显存占用: 901 MB
2024-07-25 17:39:59, PID 85848 , 内存占用: 52377 MB 显存占用: 901 MB
2024-07-25 17:40:00, PID 85848 , 内存占用: 52376 MB 显存占用: 901 MB
2024-07-25 17:40:01, PID 85848 , 内存占用: 52416 MB 显存占用: 901 MB
2024-07-25 17:40:02, PID 85848 , 内存占用: 52400 MB 显存占用: 901 MB
2024-07-25 17:40:03, PID 85848 , 内存占用: 52461 MB 显存占用: 901 MB
2024-07-25 17:40:05, PID 85848 , 内存占用: 52379 MB 显存占用: 901 MB
2024-07-25 17:40:06, PID 85848 , 内存占用: 52378 MB 显存占用: 901 MB
2024-07-25 17:40:07, PID 85848 , 内存占用: 52383 MB 显存占用: 901 MB
2024-07-25 17:40:08, PID 85848 , 内存占用: 52409 MB 显存占用: 901 MB
2024-07-25 17:40:09, PID 85848 , 内存占用: 52377 MB 显存占用: 901 MB
2024-07-25 17:40:11, PID 85848 , 内存占用: 52377 MB 显存占用: 901 MB
2024-07-25 17:40:12, PID 85848 , 内存占用: 52417 MB 显存占用: 901 MB
2024-07-25 17:40:13, PID 85848 , 内存占用: 52418 MB 显存占用: 901 MB
2024-07-25 17:40:14, PID 85848 , 内存占用: 52447 MB 显存占用: 901 MB
2024-07-25 17:40:16, PID 85848 , 内存占用: 52459 MB 显存占用: 901 MB
2024-07-25 17:40:17, PID 85848 , 内存占用: 52457 MB 显存占用: 901 MB
2024-07-25 17:40:18, PID 85848 , 内存占用: 52376 MB 显存占用: 901 MB
2024-07-25 17:40:19, PID 85848 , 内存占用: 52380 MB 显存占用: 901 MB
2024-07-25 17:40:20, PID 85848 , 内存占用: 52377 MB 显存占用: 901 MB
2024-07-25 17:40:22, PID 85848 , 内存占用: 52437 MB 显存占用: 901 MB
2024-07-25 17:40:23, PID 85848 , 内存占用: 52377 MB 显存占用: 901 MB
2024-07-25 17:40:24, PID 85848 , 内存占用: 52377 MB 显存占用: 901 MB
2024-07-25 17:40:25, PID 85848 , 内存占用: 52377 MB 显存占用: 901 MB
2024-07-25 17:40:26, PID 85848 , 内存占用: 52420 MB 显存占用: 901 MB
2024-07-25 17:40:28, PID 85848 , 内存占用: 52445 MB 显存占用: 901 MB
2024-07-25 17:40:29, PID 85848 , 内存占用: 52378 MB 显存占用: 901 MB
2024-07-25 17:40:30, PID 85848 , 内存占用: 52377 MB 显存占用: 901 MB
2024-07-25 17:40:31, PID 85848 , 内存占用: 52376 MB 显存占用: 901 MB
2024-07-25 17:40:32, PID 85848 , 内存占用: 52423 MB 显存占用: 901 MB
2024-07-25 17:40:34, PID 85848 , 内存占用: 52379 MB 显存占用: 901 MB
2024-07-25 17:40:35, PID 85848 , 内存占用: 52378 MB 显存占用: 901 MB
2024-07-25 17:40:36, PID 85848 , 内存占用: 52418 MB 显存占用: 901 MB
2024-07-25 17:40:37, PID 85848 , 内存占用: 52376 MB 显存占用: 901 MB
2024-07-25 17:40:38, PID 85848 , 内存占用: 52378 MB 显存占用: 901 MB
2024-07-25 17:40:40, PID 85848 , 内存占用: 52378 MB 显存占用: 901 MB
2024-07-25 17:40:41, PID 85848 , 内存占用: 52378 MB 显存占用: 901 MB
2024-07-25 17:40:42, PID 85848 , 内存占用: 52390 MB 显存占用: 901 MB
2024-07-25 17:40:43, PID 85848 , 内存占用: 52382 MB 显存占用: 901 MB
2024-07-25 17:40:44, PID 85848 , 内存占用: 52415 MB 显存占用: 901 MB
2024-07-25 17:40:46, PID 85848 , 内存占用: 52414 MB 显存占用: 901 MB
2024-07-25 17:40:47, PID 85848 , 内存占用: 52377 MB 显存占用: 901 MB
2024-07-25 17:40:48, PID 85848 , 内存占用: 52417 MB 显存占用: 901 MB
2024-07-25 17:40:49, PID 85848 , 内存占用: 52378 MB 显存占用: 901 MB
2024-07-25 17:40:51, PID 85848 , 内存占用: 52378 MB 显存占用: 901 MB
2024-07-25 17:40:52, PID 85848 , 内存占用: 52417 MB 显存占用: 901 MB
2024-07-25 17:40:53, PID 85848 , 内存占用: 52379 MB 显存占用: 901 MB
2024-07-25 17:40:54, PID 85848 , 内存占用: 52418 MB 显存占用: 901 MB
2024-07-25 17:40:55, PID 85848 , 内存占用: 52403 MB 显存占用: 901 MB
2024-07-25 17:40:57, PID 85848 , 内存占用: 52440 MB 显存占用: 901 MB
2024-07-25 17:40:58, PID 85848 , 内存占用: 52376 MB 显存占用: 901 MB
2024-07-25 17:40:59, PID 85848 , 内存占用: 52420 MB 显存占用: 901 MB
2024-07-25 17:41:00, PID 85848 , 内存占用: 52460 MB 显存占用: 901 MB
2024-07-25 17:41:01, PID 85848 , 内存占用: 52378 MB 显存占用: 901 MB
2024-07-25 17:41:03, PID 85848 , 内存占用: 52377 MB 显存占用: 901 MB
2024-07-25 17:41:04, PID 85848 , 内存占用: 52377 MB 显存占用: 901 MB
2024-07-25 17:41:05, PID 85848 , 内存占用: 52381 MB 显存占用: 901 MB
2024-07-25 17:41:06, PID 85848 , 内存占用: 52379 MB 显存占用: 901 MB
2024-07-25 17:41:07, PID 85848 , 内存占用: 52379 MB 显存占用: 901 MB
2024-07-25 17:41:09, PID 85848 , 内存占用: 52459 MB 显存占用: 901 MB
2024-07-25 17:41:10, PID 85848 , 内存占用: 52377 MB 显存占用: 901 MB
2024-07-25 17:41:11, PID 85848 , 内存占用: 52378 MB 显存占用: 901 MB
2024-07-25 17:41:12, PID 85848 , 内存占用: 52380 MB 显存占用: 901 MB
2024-07-25 17:41:13, PID 85848 , 内存占用: 52379 MB 显存占用: 901 MB
2024-07-25 17:41:15, PID 85848 , 内存占用: 52378 MB 显存占用: 901 MB
2024-07-25 17:41:16, PID 85848 , 内存占用: 52391 MB 显存占用: 901 MB
2024-07-25 17:41:17, PID 85848 , 内存占用: 52394 MB 显存占用: 901 MB
2024-07-25 17:41:18, PID 85848 , 内存占用: 52419 MB 显存占用: 901 MB
2024-07-25 17:41:19, PID 85848 , 内存占用: 52377 MB 显存占用: 901 MB
2024-07-25 17:41:21, PID 85848 , 内存占用: 52377 MB 显存占用: 901 MB
2024-07-25 17:41:22, PID 85848 , 内存占用: 52416 MB 显存占用: 901 MB
2024-07-25 17:41:23, PID 85848 , 内存占用: 52408 MB 显存占用: 901 MB
2024-07-25 17:41:24, PID 85848 , 内存占用: 52379 MB 显存占用: 901 MB
2024-07-25 17:41:25, PID 85848 , 内存占用: 52418 MB 显存占用: 901 MB
2024-07-25 17:41:27, PID 85848 , 内存占用: 52431 MB 显存占用: 901 MB
2024-07-25 17:41:28, PID 85848 , 内存占用: 52377 MB 显存占用: 901 MB
2024-07-25 17:41:29, PID 85848 , 内存占用: 52415 MB 显存占用: 901 MB
2024-07-25 17:41:30, PID 85848 , 内存占用: 52420 MB 显存占用: 901 MB
2024-07-25 17:41:31, PID 85848 , 内存占用: 52419 MB 显存占用: 901 MB
2024-07-25 17:41:33, PID 85848 , 内存占用: 52422 MB 显存占用: 901 MB
2024-07-25 17:41:34, PID 85848 , 内存占用: 52377 MB 显存占用: 901 MB
2024-07-25 17:41:35, PID 85848 , 内存占用: 52416 MB 显存占用: 901 MB
2024-07-25 17:41:36, PID 85848 , 内存占用: 52452 MB 显存占用: 901 MB
2024-07-25 17:41:38, PID 85848 , 内存占用: 52379 MB 显存占用: 901 MB
2024-07-25 17:41:39, PID 85848 , 内存占用: 52386 MB 显存占用: 901 MB
2024-07-25 17:41:40, PID 85848 , 内存占用: 52421 MB 显存占用: 901 MB
2024-07-25 17:41:41, PID 85848 , 内存占用: 52377 MB 显存占用: 901 MB
2024-07-25 17:41:42, PID 85848 , 内存占用: 52376 MB 显存占用: 901 MB
2024-07-25 17:41:44, PID 85848 , 内存占用: 52405 MB 显存占用: 901 MB
2024-07-25 17:41:45, PID 85848 , 内存占用: 52376 MB 显存占用: 901 MB
2024-07-25 17:41:46, PID 85848 , 内存占用: 52419 MB 显存占用: 901 MB
2024-07-25 17:41:47, PID 85848 , 内存占用: 52412 MB 显存占用: 901 MB
2024-07-25 17:41:48, PID 85848 , 内存占用: 52417 MB 显存占用: 901 MB
2024-07-25 17:41:50, PID 85848 , 内存占用: 52458 MB 显存占用: 901 MB
2024-07-25 17:41:51, PID 85848 , 内存占用: 52417 MB 显存占用: 901 MB
2024-07-25 17:41:52, PID 85848 , 内存占用: 52414 MB 显存占用: 901 MB
2024-07-25 17:41:53, PID 85848 , 内存占用: 52379 MB 显存占用: 901 MB
2024-07-25 17:41:54, PID 85848 , 内存占用: 52379 MB 显存占用: 901 MB
2024-07-25 17:41:56, PID 85848 , 内存占用: 52376 MB 显存占用: 901 MB
2024-07-25 17:41:57, PID 85848 , 内存占用: 52377 MB 显存占用: 901 MB
2024-07-25 17:41:58, PID 85848 , 内存占用: 52411 MB 显存占用: 901 MB
2024-07-25 17:41:59, PID 85848 , 内存占用: 35061 MB 显存占用: 901 MB
2024-07-25 17:42:00, PID 85848 , 内存占用: 13519 MB 显存占用: 901 MB
85848
平均内存占用: 42487.38 MB
峰值内存占用: 52461 MB, 51 GB
峰值显存占用 901 MB
