start
=============================================
=============================================
=============================================

2024-08-02 12:59:01, PID 2507945 , 内存占用: 86 MB 显存占用: 17 MB
2024-08-02 12:59:03, PID 2507945 , 内存占用: 863 MB 显存占用: 20 MB
2024-08-02 12:59:04, PID 2507945 , 内存占用: 3092 MB 显存占用: 20 MB
2024-08-02 12:59:05, PID 2507945 , 内存占用: 5312 MB 显存占用: 20 MB
2024-08-02 12:59:06, PID 2507945 , 内存占用: 6355 MB 显存占用: 20 MB
2024-08-02 12:59:07, PID 2507945 , 内存占用: 6691 MB 显存占用: 308 MB
2024-08-02 12:59:09, PID 2507945 , 内存占用: 9925 MB 显存占用: 678 MB
2024-08-02 12:59:10, PID 2507945 , 内存占用: 11050 MB 显存占用: 5582 MB
2024-08-02 12:59:11, PID 2507945 , 内存占用: 11401 MB 显存占用: 5718 MB
2024-08-02 12:59:12, PID 2507945 , 内存占用: 11592 MB 显存占用: 5112 MB
2024-08-02 12:59:13, PID 2507945 , 内存占用: 11105 MB 显存占用: 5628 MB
2024-08-02 12:59:15, PID 2507945 , 内存占用: 11096 MB 显存占用: 5238 MB
2024-08-02 12:59:16, PID 2507945 , 内存占用: 11840 MB 显存占用: 5176 MB
2024-08-02 12:59:17, PID 2507945 , 内存占用: 11456 MB 显存占用: 5532 MB
2024-08-02 12:59:18, PID 2507945 , 内存占用: 11239 MB 显存占用: 5200 MB
2024-08-02 12:59:19, PID 2507945 , 内存占用: 12065 MB 显存占用: 5126 MB
2024-08-02 12:59:21, PID 2507945 , 内存占用: 11305 MB 显存占用: 5924 MB
2024-08-02 12:59:22, PID 2507945 , 内存占用: 11307 MB 显存占用: 3992 MB
2024-08-02 12:59:23, PID 2507945 , 内存占用: 12249 MB 显存占用: 5076 MB
2024-08-02 12:59:24, PID 2507945 , 内存占用: 10995 MB 显存占用: 2792 MB
2024-08-02 12:59:25, PID 2507945 , 内存占用: 0 MB 显存占用: 2794 MB
2507945
平均内存占用: 8620.65 MB
峰值内存占用: 12249 MB, 11 GB
峰值显存占用 5924 MB
