start
=============================================
=============================================
=============================================

2024-08-01 22:24:14, PID 2440626 , 内存占用: 85 MB 显存占用: 1354 MB
2024-08-01 22:24:16, PID 2440626 , 内存占用: 325 MB 显存占用: 20 MB
2024-08-01 22:24:17, PID 2440626 , 内存占用: 551 MB 显存占用: 20 MB
2024-08-01 22:24:18, PID 2440626 , 内存占用: 1417 MB 显存占用: 534 MB
2024-08-01 22:24:19, PID 2440626 , 内存占用: 3297 MB 显存占用: 1124 MB
2024-08-01 22:24:20, PID 2440626 , 内存占用: 5708 MB 显存占用: 1124 MB
2024-08-01 22:24:22, PID 2440626 , 内存占用: 8097 MB 显存占用: 1124 MB
2024-08-01 22:24:23, PID 2440626 , 内存占用: 8656 MB 显存占用: 1124 MB
2024-08-01 22:24:24, PID 2440626 , 内存占用: 8658 MB 显存占用: 1336 MB
2024-08-01 22:24:25, PID 2440626 , 内存占用: 8668 MB 显存占用: 1336 MB
2024-08-01 22:24:26, PID 2440626 , 内存占用: 8669 MB 显存占用: 1428 MB
2024-08-01 22:24:28, PID 2440626 , 内存占用: 8671 MB 显存占用: 1428 MB
2024-08-01 22:24:29, PID 2440626 , 内存占用: 8671 MB 显存占用: 1566 MB
2024-08-01 22:24:30, PID 2440626 , 内存占用: 8678 MB 显存占用: 1428 MB
2024-08-01 22:24:31, PID 2440626 , 内存占用: 8678 MB 显存占用: 1428 MB
2024-08-01 22:24:32, PID 2440626 , 内存占用: 8684 MB 显存占用: 1474 MB
2024-08-01 22:24:34, PID 2440626 , 内存占用: 8684 MB 显存占用: 1474 MB
2024-08-01 22:24:35, PID 2440626 , 内存占用: 8690 MB 显存占用: 1488 MB
2024-08-01 22:24:36, PID 2440626 , 内存占用: 8690 MB 显存占用: 1488 MB
2024-08-01 22:24:37, PID 2440626 , 内存占用: 9089 MB 显存占用: 1488 MB
2024-08-01 22:24:38, PID 2440626 , 内存占用: 8697 MB 显存占用: 1488 MB
2024-08-01 22:24:40, PID 2440626 , 内存占用: 9076 MB 显存占用: 1502 MB
2024-08-01 22:24:41, PID 2440626 , 内存占用: 8684 MB 显存占用: 1502 MB
2024-08-01 22:24:42, PID 2440626 , 内存占用: 8908 MB 显存占用: 1548 MB
2024-08-01 22:24:43, PID 2440626 , 内存占用: 8617 MB 显存占用: 1548 MB
2024-08-01 22:24:44, PID 2440626 , 内存占用: 8318 MB 显存占用: 1518 MB
2440626
平均内存占用: 7114.47 MB
峰值内存占用: 9089 MB, 8 GB
峰值显存占用 1566 MB
