start
=============================================
=============================================
=============================================

2024-07-25 17:36:23, PID 82767 , 内存占用: 54 MB 显存占用: 901 MB
2024-07-25 17:36:24, PID 82767 , 内存占用: 266 MB 显存占用: 901 MB
2024-07-25 17:36:25, PID 82767 , 内存占用: 421 MB 显存占用: 901 MB
2024-07-25 17:36:27, PID 82767 , 内存占用: 574 MB 显存占用: 901 MB
2024-07-25 17:36:28, PID 82767 , 内存占用: 1200 MB 显存占用: 901 MB
2024-07-25 17:36:29, PID 82767 , 内存占用: 2089 MB 显存占用: 901 MB
2024-07-25 17:36:30, PID 82767 , 内存占用: 3868 MB 显存占用: 901 MB
2024-07-25 17:36:32, PID 82767 , 内存占用: 5642 MB 显存占用: 901 MB
2024-07-25 17:36:33, PID 82767 , 内存占用: 7517 MB 显存占用: 901 MB
2024-07-25 17:36:34, PID 82767 , 内存占用: 8461 MB 显存占用: 901 MB
2024-07-25 17:36:35, PID 82767 , 内存占用: 8491 MB 显存占用: 901 MB
2024-07-25 17:36:36, PID 82767 , 内存占用: 8464 MB 显存占用: 901 MB
2024-07-25 17:36:38, PID 82767 , 内存占用: 8502 MB 显存占用: 901 MB
2024-07-25 17:36:39, PID 82767 , 内存占用: 8464 MB 显存占用: 901 MB
2024-07-25 17:36:40, PID 82767 , 内存占用: 8502 MB 显存占用: 901 MB
2024-07-25 17:36:41, PID 82767 , 内存占用: 8494 MB 显存占用: 901 MB
2024-07-25 17:36:42, PID 82767 , 内存占用: 8464 MB 显存占用: 901 MB
2024-07-25 17:36:44, PID 82767 , 内存占用: 8465 MB 显存占用: 901 MB
2024-07-25 17:36:45, PID 82767 , 内存占用: 8503 MB 显存占用: 901 MB
2024-07-25 17:36:46, PID 82767 , 内存占用: 0 MB 显存占用: 901 MB
82767
平均内存占用: 5322.45 MB
峰值内存占用: 8503 MB, 8 GB
峰值显存占用 901 MB
