start
=============================================
=============================================
=============================================

2024-07-25 21:54:37, PID 454982 , 内存占用: 51 MB 显存占用: 901 MB
2024-07-25 21:54:38, PID 454982 , 内存占用: 248 MB 显存占用: 901 MB
2024-07-25 21:54:39, PID 454982 , 内存占用: 1690 MB 显存占用: 901 MB
2024-07-25 21:54:40, PID 454982 , 内存占用: 3939 MB 显存占用: 901 MB
2024-07-25 21:54:41, PID 454982 , 内存占用: 6216 MB 显存占用: 901 MB
2024-07-25 21:54:43, PID 454982 , 内存占用: 6370 MB 显存占用: 901 MB
2024-07-25 21:54:44, PID 454982 , 内存占用: 6724 MB 显存占用: 901 MB
2024-07-25 21:54:45, PID 454982 , 内存占用: 7303 MB 显存占用: 901 MB
2024-07-25 21:54:46, PID 454982 , 内存占用: 10237 MB 显存占用: 901 MB
2024-07-25 21:54:47, PID 454982 , 内存占用: 10610 MB 显存占用: 901 MB
2024-07-25 21:54:49, PID 454982 , 内存占用: 10626 MB 显存占用: 901 MB
2024-07-25 21:54:50, PID 454982 , 内存占用: 10729 MB 显存占用: 901 MB
2024-07-25 21:54:51, PID 454982 , 内存占用: 10708 MB 显存占用: 901 MB
2024-07-25 21:54:52, PID 454982 , 内存占用: 10681 MB 显存占用: 901 MB
2024-07-25 21:54:53, PID 454982 , 内存占用: 10765 MB 显存占用: 901 MB
2024-07-25 21:54:55, PID 454982 , 内存占用: 10705 MB 显存占用: 901 MB
2024-07-25 21:54:56, PID 454982 , 内存占用: 10708 MB 显存占用: 901 MB
2024-07-25 21:54:57, PID 454982 , 内存占用: 10710 MB 显存占用: 901 MB
2024-07-25 21:54:58, PID 454982 , 内存占用: 10713 MB 显存占用: 901 MB
2024-07-25 21:54:59, PID 454982 , 内存占用: 10776 MB 显存占用: 901 MB
2024-07-25 21:55:01, PID 454982 , 内存占用: 10642 MB 显存占用: 901 MB
2024-07-25 21:55:02, PID 454982 , 内存占用: 10710 MB 显存占用: 901 MB
2024-07-25 21:55:03, PID 454982 , 内存占用: 10667 MB 显存占用: 901 MB
2024-07-25 21:55:04, PID 454982 , 内存占用: 10721 MB 显存占用: 901 MB
2024-07-25 21:55:05, PID 454982 , 内存占用: 10806 MB 显存占用: 901 MB
2024-07-25 21:55:07, PID 454982 , 内存占用: 10696 MB 显存占用: 901 MB
2024-07-25 21:55:08, PID 454982 , 内存占用: 10764 MB 显存占用: 901 MB
2024-07-25 21:55:09, PID 454982 , 内存占用: 10779 MB 显存占用: 901 MB
2024-07-25 21:55:10, PID 454982 , 内存占用: 10819 MB 显存占用: 901 MB
2024-07-25 21:55:11, PID 454982 , 内存占用: 1791 MB 显存占用: 901 MB
454982
平均内存占用: 8630.69 MB
峰值内存占用: 10819 MB, 10 GB
峰值显存占用 901 MB
