start
=============================================
=============================================
=============================================

2024-07-31 13:59:20, PID 3083342 , 内存占用: 43 MB 显存占用: 9 MB
2024-07-31 13:59:22, PID 3083342 , 内存占用: 240 MB 显存占用: 9 MB
2024-07-31 13:59:23, PID 3083342 , 内存占用: 868 MB 显存占用: 9 MB
2024-07-31 13:59:24, PID 3083342 , 内存占用: 876 MB 显存占用: 9 MB
2024-07-31 13:59:26, PID 3083342 , 内存占用: 1430 MB 显存占用: 513 MB
2024-07-31 13:59:27, PID 3083342 , 内存占用: 2116 MB 显存占用: 857 MB
2024-07-31 13:59:28, PID 3083342 , 内存占用: 2537 MB 显存占用: 981 MB
2024-07-31 13:59:29, PID 3083342 , 内存占用: 3153 MB 显存占用: 2749 MB
2024-07-31 13:59:30, PID 3083342 , 内存占用: 3161 MB 显存占用: 3069 MB
2024-07-31 13:59:32, PID 3083342 , 内存占用: 3161 MB 显存占用: 3291 MB
2024-07-31 13:59:33, PID 3083342 , 内存占用: 3161 MB 显存占用: 3405 MB
2024-07-31 13:59:34, PID 3083342 , 内存占用: 3161 MB 显存占用: 3521 MB
2024-07-31 13:59:35, PID 3083342 , 内存占用: 3161 MB 显存占用: 3639 MB
2024-07-31 13:59:37, PID 3083342 , 内存占用: 3161 MB 显存占用: 3639 MB
2024-07-31 13:59:38, PID 3083342 , 内存占用: 3161 MB 显存占用: 3759 MB
2024-07-31 13:59:39, PID 3083342 , 内存占用: 3162 MB 显存占用: 3761 MB
2024-07-31 13:59:40, PID 3083342 , 内存占用: 3162 MB 显存占用: 3883 MB
2024-07-31 13:59:42, PID 3083342 , 内存占用: 3162 MB 显存占用: 3883 MB
2024-07-31 13:59:43, PID 3083342 , 内存占用: 3177 MB 显存占用: 4007 MB
2024-07-31 13:59:44, PID 3083342 , 内存占用: 3178 MB 显存占用: 4007 MB
2024-07-31 13:59:46, PID 3083342 , 内存占用: 3205 MB 显存占用: 4007 MB
2024-07-31 13:59:47, PID 3083342 , 内存占用: 3205 MB 显存占用: 4007 MB
2024-07-31 13:59:48, PID 3083342 , 内存占用: 3205 MB 显存占用: 4007 MB
2024-07-31 13:59:49, PID 3083342 , 内存占用: 3205 MB 显存占用: 4007 MB
2024-07-31 13:59:50, PID 3083342 , 内存占用: 3205 MB 显存占用: 4007 MB
2024-07-31 13:59:52, PID 3083342 , 内存占用: 3205 MB 显存占用: 4007 MB
2024-07-31 13:59:53, PID 3083342 , 内存占用: 3205 MB 显存占用: 4007 MB
2024-07-31 13:59:54, PID 3083342 , 内存占用: 3205 MB 显存占用: 4007 MB
2024-07-31 13:59:55, PID 3083342 , 内存占用: 3205 MB 显存占用: 4007 MB
2024-07-31 13:59:57, PID 3083342 , 内存占用: 3205 MB 显存占用: 4007 MB
2024-07-31 13:59:58, PID 3083342 , 内存占用: 3205 MB 显存占用: 4007 MB
2024-07-31 13:59:59, PID 3083342 , 内存占用: 3205 MB 显存占用: 4007 MB
2024-07-31 14:00:00, PID 3083342 , 内存占用: 0 MB 显存占用: 9 MB
3083342
平均内存占用: 2657.73 MB
峰值内存占用: 3205 MB, 3 GB
峰值显存占用 4007 MB
