start
=============================================
=============================================
=============================================

2024-07-31 11:13:20, PID 2729544 , 内存占用: 62 MB 显存占用: 9 MB
2024-07-31 11:13:21, PID 2729544 , 内存占用: 303 MB 显存占用: 9 MB
2024-07-31 11:13:23, PID 2729544 , 内存占用: 1842 MB 显存占用: 9 MB
2024-07-31 11:13:24, PID 2729544 , 内存占用: 4214 MB 显存占用: 9 MB
2024-07-31 11:13:25, PID 2729544 , 内存占用: 6289 MB 显存占用: 9 MB
2024-07-31 11:13:27, PID 2729544 , 内存占用: 6465 MB 显存占用: 9 MB
2024-07-31 11:13:28, PID 2729544 , 内存占用: 6751 MB 显存占用: 9 MB
2024-07-31 11:13:29, PID 2729544 , 内存占用: 7631 MB 显存占用: 597 MB
2024-07-31 11:13:31, PID 2729544 , 内存占用: 9937 MB 显存占用: 2007 MB
2024-07-31 11:13:32, PID 2729544 , 内存占用: 9996 MB 显存占用: 2007 MB
2024-07-31 11:13:33, PID 2729544 , 内存占用: 10774 MB 显存占用: 2185 MB
2024-07-31 11:13:34, PID 2729544 , 内存占用: 11297 MB 显存占用: 2703 MB
2024-07-31 11:13:36, PID 2729544 , 内存占用: 11298 MB 显存占用: 2963 MB
2024-07-31 11:13:37, PID 2729544 , 内存占用: 11298 MB 显存占用: 3081 MB
2024-07-31 11:13:38, PID 2729544 , 内存占用: 11299 MB 显存占用: 3145 MB
2024-07-31 11:13:40, PID 2729544 , 内存占用: 11299 MB 显存占用: 3209 MB
2024-07-31 11:13:41, PID 2729544 , 内存占用: 11299 MB 显存占用: 3209 MB
2024-07-31 11:13:42, PID 2729544 , 内存占用: 11299 MB 显存占用: 3209 MB
2024-07-31 11:13:44, PID 2729544 , 内存占用: 11299 MB 显存占用: 3209 MB
2024-07-31 11:13:45, PID 2729544 , 内存占用: 11303 MB 显存占用: 3345 MB
2024-07-31 11:13:46, PID 2729544 , 内存占用: 11303 MB 显存占用: 3561 MB
2024-07-31 11:13:48, PID 2729544 , 内存占用: 11303 MB 显存占用: 3879 MB
2024-07-31 11:13:49, PID 2729544 , 内存占用: 11303 MB 显存占用: 4229 MB
2024-07-31 11:13:50, PID 2729544 , 内存占用: 11303 MB 显存占用: 4609 MB
2024-07-31 11:13:52, PID 2729544 , 内存占用: 11303 MB 显存占用: 5129 MB
2024-07-31 11:13:53, PID 2729544 , 内存占用: 11303 MB 显存占用: 5699 MB
2024-07-31 11:13:54, PID 2729544 , 内存占用: 11307 MB 显存占用: 6191 MB
2024-07-31 11:13:56, PID 2729544 , 内存占用: 11307 MB 显存占用: 6191 MB
2024-07-31 11:13:57, PID 2729544 , 内存占用: 11307 MB 显存占用: 6191 MB
2024-07-31 11:13:58, PID 2729544 , 内存占用: 11307 MB 显存占用: 6191 MB
2024-07-31 11:14:00, PID 2729544 , 内存占用: 11307 MB 显存占用: 6191 MB
2024-07-31 11:14:01, PID 2729544 , 内存占用: 11307 MB 显存占用: 6191 MB
2024-07-31 11:14:02, PID 2729544 , 内存占用: 11307 MB 显存占用: 6449 MB
2024-07-31 11:14:04, PID 2729544 , 内存占用: 11307 MB 显存占用: 6581 MB
2024-07-31 11:14:05, PID 2729544 , 内存占用: 11307 MB 显存占用: 6851 MB
2024-07-31 11:14:06, PID 2729544 , 内存占用: 11307 MB 显存占用: 7129 MB
2024-07-31 11:14:07, PID 2729544 , 内存占用: 11307 MB 显存占用: 7271 MB
2024-07-31 11:14:09, PID 2729544 , 内存占用: 11310 MB 显存占用: 7415 MB
2024-07-31 11:14:10, PID 2729544 , 内存占用: 11310 MB 显存占用: 7415 MB
2024-07-31 11:14:11, PID 2729544 , 内存占用: 11310 MB 显存占用: 7561 MB
2024-07-31 11:14:13, PID 2729544 , 内存占用: 11310 MB 显存占用: 7709 MB
2024-07-31 11:14:14, PID 2729544 , 内存占用: 11312 MB 显存占用: 8011 MB
2024-07-31 11:14:15, PID 2729544 , 内存占用: 11312 MB 显存占用: 8011 MB
2024-07-31 11:14:17, PID 2729544 , 内存占用: 11312 MB 显存占用: 8011 MB
2024-07-31 11:14:18, PID 2729544 , 内存占用: 11312 MB 显存占用: 8165 MB
2024-07-31 11:14:19, PID 2729544 , 内存占用: 11315 MB 显存占用: 8321 MB
2024-07-31 11:14:21, PID 2729544 , 内存占用: 11315 MB 显存占用: 8639 MB
2024-07-31 11:14:22, PID 2729544 , 内存占用: 11315 MB 显存占用: 8801 MB
2024-07-31 11:14:23, PID 2729544 , 内存占用: 11315 MB 显存占用: 8965 MB
2024-07-31 11:14:25, PID 2729544 , 内存占用: 11315 MB 显存占用: 9131 MB
2024-07-31 11:14:26, PID 2729544 , 内存占用: 11315 MB 显存占用: 9469 MB
2024-07-31 11:14:27, PID 2729544 , 内存占用: 11315 MB 显存占用: 9469 MB
2024-07-31 11:14:29, PID 2729544 , 内存占用: 11315 MB 显存占用: 9815 MB
2024-07-31 11:14:30, PID 2729544 , 内存占用: 11315 MB 显存占用: 9815 MB
2024-07-31 11:14:31, PID 2729544 , 内存占用: 11315 MB 显存占用: 9991 MB
2024-07-31 11:14:33, PID 2729544 , 内存占用: 11315 MB 显存占用: 9991 MB
2024-07-31 11:14:34, PID 2729544 , 内存占用: 11315 MB 显存占用: 9991 MB
2024-07-31 11:14:35, PID 2729544 , 内存占用: 11315 MB 显存占用: 9991 MB
2024-07-31 11:14:37, PID 2729544 , 内存占用: 11315 MB 显存占用: 9991 MB
2024-07-31 11:14:38, PID 2729544 , 内存占用: 11315 MB 显存占用: 9991 MB
2024-07-31 11:14:39, PID 2729544 , 内存占用: 11315 MB 显存占用: 9991 MB
2024-07-31 11:14:41, PID 2729544 , 内存占用: 11315 MB 显存占用: 9991 MB
2024-07-31 11:14:42, PID 2729544 , 内存占用: 11315 MB 显存占用: 9991 MB
2024-07-31 11:14:43, PID 2729544 , 内存占用: 11315 MB 显存占用: 9991 MB
2024-07-31 11:14:45, PID 2729544 , 内存占用: 11315 MB 显存占用: 9991 MB
2024-07-31 11:14:46, PID 2729544 , 内存占用: 11315 MB 显存占用: 9991 MB
2024-07-31 11:14:47, PID 2729544 , 内存占用: 11317 MB 显存占用: 9991 MB
2024-07-31 11:14:49, PID 2729544 , 内存占用: 11317 MB 显存占用: 9991 MB
2024-07-31 11:14:50, PID 2729544 , 内存占用: 11317 MB 显存占用: 9991 MB
2024-07-31 11:14:51, PID 2729544 , 内存占用: 11317 MB 显存占用: 9991 MB
2024-07-31 11:14:52, PID 2729544 , 内存占用: 11317 MB 显存占用: 9991 MB
2024-07-31 11:14:54, PID 2729544 , 内存占用: 11317 MB 显存占用: 9991 MB
2024-07-31 11:14:55, PID 2729544 , 内存占用: 11317 MB 显存占用: 9991 MB
2024-07-31 11:14:56, PID 2729544 , 内存占用: 11317 MB 显存占用: 9991 MB
2024-07-31 11:14:58, PID 2729544 , 内存占用: 11317 MB 显存占用: 9991 MB
2024-07-31 11:14:59, PID 2729544 , 内存占用: 11317 MB 显存占用: 9991 MB
2024-07-31 11:15:00, PID 2729544 , 内存占用: 11317 MB 显存占用: 9991 MB
2024-07-31 11:15:02, PID 2729544 , 内存占用: 11317 MB 显存占用: 9991 MB
2024-07-31 11:15:03, PID 2729544 , 内存占用: 11357 MB 显存占用: 9991 MB
2024-07-31 11:15:04, PID 2729544 , 内存占用: 11358 MB 显存占用: 9991 MB
2024-07-31 11:15:06, PID 2729544 , 内存占用: 11369 MB 显存占用: 9991 MB
2024-07-31 11:15:07, PID 2729544 , 内存占用: 11321 MB 显存占用: 9991 MB
2024-07-31 11:15:08, PID 2729544 , 内存占用: 11364 MB 显存占用: 9991 MB
2024-07-31 11:15:10, PID 2729544 , 内存占用: 11300 MB 显存占用: 9991 MB
2024-07-31 11:15:11, PID 2729544 , 内存占用: 11357 MB 显存占用: 9991 MB
2024-07-31 11:15:12, PID 2729544 , 内存占用: 11321 MB 显存占用: 9991 MB
2024-07-31 11:15:14, PID 2729544 , 内存占用: 11335 MB 显存占用: 9991 MB
2024-07-31 11:15:15, PID 2729544 , 内存占用: 11335 MB 显存占用: 9991 MB
2024-07-31 11:15:16, PID 2729544 , 内存占用: 11350 MB 显存占用: 9991 MB
2024-07-31 11:15:17, PID 2729544 , 内存占用: 11328 MB 显存占用: 9991 MB
2024-07-31 11:15:19, PID 2729544 , 内存占用: 11340 MB 显存占用: 9991 MB
2024-07-31 11:15:20, PID 2729544 , 内存占用: 11356 MB 显存占用: 9991 MB
2024-07-31 11:15:21, PID 2729544 , 内存占用: 11362 MB 显存占用: 9991 MB
2024-07-31 11:15:23, PID 2729544 , 内存占用: 11366 MB 显存占用: 9991 MB
2024-07-31 11:15:24, PID 2729544 , 内存占用: 11366 MB 显存占用: 9991 MB
2024-07-31 11:15:25, PID 2729544 , 内存占用: 11366 MB 显存占用: 9991 MB
2024-07-31 11:15:27, PID 2729544 , 内存占用: 11366 MB 显存占用: 9991 MB
2024-07-31 11:15:28, PID 2729544 , 内存占用: 11366 MB 显存占用: 9991 MB
2024-07-31 11:15:29, PID 2729544 , 内存占用: 11366 MB 显存占用: 9991 MB
2024-07-31 11:15:31, PID 2729544 , 内存占用: 11366 MB 显存占用: 9991 MB
2024-07-31 11:15:32, PID 2729544 , 内存占用: 11366 MB 显存占用: 9991 MB
2024-07-31 11:15:33, PID 2729544 , 内存占用: 11366 MB 显存占用: 9991 MB
2024-07-31 11:15:35, PID 2729544 , 内存占用: 11366 MB 显存占用: 9991 MB
2024-07-31 11:15:36, PID 2729544 , 内存占用: 11366 MB 显存占用: 9991 MB
2024-07-31 11:15:37, PID 2729544 , 内存占用: 11366 MB 显存占用: 9991 MB
2024-07-31 11:15:39, PID 2729544 , 内存占用: 11366 MB 显存占用: 9991 MB
2024-07-31 11:15:40, PID 2729544 , 内存占用: 11366 MB 显存占用: 9991 MB
2024-07-31 11:15:41, PID 2729544 , 内存占用: 11366 MB 显存占用: 9991 MB
2024-07-31 11:15:42, PID 2729544 , 内存占用: 11366 MB 显存占用: 9991 MB
2024-07-31 11:15:44, PID 2729544 , 内存占用: 11366 MB 显存占用: 9991 MB
2024-07-31 11:15:45, PID 2729544 , 内存占用: 11366 MB 显存占用: 9991 MB
2024-07-31 11:15:46, PID 2729544 , 内存占用: 11366 MB 显存占用: 9991 MB
2024-07-31 11:15:48, PID 2729544 , 内存占用: 11366 MB 显存占用: 9991 MB
2024-07-31 11:15:49, PID 2729544 , 内存占用: 11366 MB 显存占用: 9991 MB
2024-07-31 11:15:50, PID 2729544 , 内存占用: 11366 MB 显存占用: 9991 MB
2024-07-31 11:15:52, PID 2729544 , 内存占用: 11366 MB 显存占用: 9991 MB
2024-07-31 11:15:53, PID 2729544 , 内存占用: 11366 MB 显存占用: 9991 MB
2024-07-31 11:15:54, PID 2729544 , 内存占用: 11366 MB 显存占用: 9991 MB
2024-07-31 11:15:56, PID 2729544 , 内存占用: 11366 MB 显存占用: 9991 MB
2024-07-31 11:15:57, PID 2729544 , 内存占用: 11366 MB 显存占用: 9991 MB
2024-07-31 11:15:58, PID 2729544 , 内存占用: 11366 MB 显存占用: 9991 MB
2024-07-31 11:16:00, PID 2729544 , 内存占用: 11366 MB 显存占用: 9991 MB
2024-07-31 11:16:01, PID 2729544 , 内存占用: 11366 MB 显存占用: 9991 MB
2024-07-31 11:16:02, PID 2729544 , 内存占用: 11366 MB 显存占用: 9991 MB
2024-07-31 11:16:04, PID 2729544 , 内存占用: 11366 MB 显存占用: 9991 MB
2024-07-31 11:16:05, PID 2729544 , 内存占用: 11366 MB 显存占用: 9991 MB
2024-07-31 11:16:06, PID 2729544 , 内存占用: 11366 MB 显存占用: 9991 MB
2024-07-31 11:16:08, PID 2729544 , 内存占用: 11366 MB 显存占用: 9991 MB
2024-07-31 11:16:09, PID 2729544 , 内存占用: 11366 MB 显存占用: 9991 MB
2024-07-31 11:16:10, PID 2729544 , 内存占用: 11366 MB 显存占用: 9991 MB
2024-07-31 11:16:12, PID 2729544 , 内存占用: 11366 MB 显存占用: 9991 MB
2024-07-31 11:16:13, PID 2729544 , 内存占用: 11366 MB 显存占用: 9991 MB
2024-07-31 11:16:14, PID 2729544 , 内存占用: 11366 MB 显存占用: 9991 MB
2024-07-31 11:16:16, PID 2729544 , 内存占用: 11366 MB 显存占用: 9991 MB
2024-07-31 11:16:17, PID 2729544 , 内存占用: 11366 MB 显存占用: 9991 MB
2024-07-31 11:16:18, PID 2729544 , 内存占用: 11366 MB 显存占用: 9991 MB
2024-07-31 11:16:20, PID 2729544 , 内存占用: 11366 MB 显存占用: 9991 MB
2024-07-31 11:16:21, PID 2729544 , 内存占用: 11366 MB 显存占用: 9991 MB
2024-07-31 11:16:22, PID 2729544 , 内存占用: 11366 MB 显存占用: 9991 MB
2024-07-31 11:16:24, PID 2729544 , 内存占用: 11366 MB 显存占用: 9991 MB
2024-07-31 11:16:25, PID 2729544 , 内存占用: 11366 MB 显存占用: 9991 MB
2024-07-31 11:16:26, PID 2729544 , 内存占用: 11366 MB 显存占用: 9991 MB
2024-07-31 11:16:27, PID 2729544 , 内存占用: 11366 MB 显存占用: 9991 MB
2024-07-31 11:16:29, PID 2729544 , 内存占用: 11366 MB 显存占用: 9991 MB
2024-07-31 11:16:30, PID 2729544 , 内存占用: 11366 MB 显存占用: 9991 MB
2024-07-31 11:16:31, PID 2729544 , 内存占用: 11366 MB 显存占用: 9991 MB
2024-07-31 11:16:33, PID 2729544 , 内存占用: 11366 MB 显存占用: 9991 MB
2024-07-31 11:16:34, PID 2729544 , 内存占用: 11366 MB 显存占用: 9991 MB
2024-07-31 11:16:35, PID 2729544 , 内存占用: 11366 MB 显存占用: 9991 MB
2024-07-31 11:16:37, PID 2729544 , 内存占用: 11366 MB 显存占用: 9991 MB
2024-07-31 11:16:38, PID 2729544 , 内存占用: 11366 MB 显存占用: 9991 MB
2024-07-31 11:16:39, PID 2729544 , 内存占用: 11366 MB 显存占用: 9991 MB
2024-07-31 11:16:41, PID 2729544 , 内存占用: 11366 MB 显存占用: 9991 MB
2024-07-31 11:16:42, PID 2729544 , 内存占用: 11366 MB 显存占用: 9991 MB
2024-07-31 11:16:43, PID 2729544 , 内存占用: 11366 MB 显存占用: 9991 MB
2024-07-31 11:16:45, PID 2729544 , 内存占用: 11366 MB 显存占用: 9991 MB
2024-07-31 11:16:46, PID 2729544 , 内存占用: 11366 MB 显存占用: 9991 MB
2024-07-31 11:16:47, PID 2729544 , 内存占用: 11366 MB 显存占用: 9991 MB
2024-07-31 11:16:48, PID 2729544 , 内存占用: 11366 MB 显存占用: 9991 MB
2024-07-31 11:16:50, PID 2729544 , 内存占用: 11317 MB 显存占用: 9991 MB
2024-07-31 11:16:51, PID 2729544 , 内存占用: 11367 MB 显存占用: 9991 MB
2024-07-31 11:16:52, PID 2729544 , 内存占用: 11323 MB 显存占用: 9991 MB
2024-07-31 11:16:54, PID 2729544 , 内存占用: 11323 MB 显存占用: 9991 MB
2024-07-31 11:16:55, PID 2729544 , 内存占用: 11327 MB 显存占用: 9991 MB
2024-07-31 11:16:56, PID 2729544 , 内存占用: 11306 MB 显存占用: 9991 MB
2024-07-31 11:16:58, PID 2729544 , 内存占用: 11322 MB 显存占用: 9991 MB
2024-07-31 11:16:59, PID 2729544 , 内存占用: 11359 MB 显存占用: 9991 MB
2024-07-31 11:17:00, PID 2729544 , 内存占用: 11342 MB 显存占用: 9991 MB
2024-07-31 11:17:02, PID 2729544 , 内存占用: 11293 MB 显存占用: 9991 MB
2024-07-31 11:17:03, PID 2729544 , 内存占用: 11319 MB 显存占用: 9991 MB
2024-07-31 11:17:04, PID 2729544 , 内存占用: 11304 MB 显存占用: 9991 MB
2024-07-31 11:17:06, PID 2729544 , 内存占用: 11326 MB 显存占用: 9991 MB
2024-07-31 11:17:07, PID 2729544 , 内存占用: 11325 MB 显存占用: 9991 MB
2024-07-31 11:17:08, PID 2729544 , 内存占用: 11301 MB 显存占用: 9991 MB
2024-07-31 11:17:10, PID 2729544 , 内存占用: 6401 MB 显存占用: 9991 MB
2729544
平均内存占用: 10963.98 MB
峰值内存占用: 11369 MB, 11 GB
峰值显存占用 9991 MB
