start
=============================================
=============================================
=============================================

2024-07-31 11:08:10, PID 2718719 , 内存占用: 56 MB 显存占用: 9 MB
2024-07-31 11:08:12, PID 2718719 , 内存占用: 252 MB 显存占用: 9 MB
2024-07-31 11:08:13, PID 2718719 , 内存占用: 1072 MB 显存占用: 9 MB
2024-07-31 11:08:14, PID 2718719 , 内存占用: 934 MB 显存占用: 21 MB
2024-07-31 11:08:16, PID 2718719 , 内存占用: 1801 MB 显存占用: 639 MB
2024-07-31 11:08:17, PID 2718719 , 内存占用: 2149 MB 显存占用: 861 MB
2024-07-31 11:08:18, PID 2718719 , 内存占用: 3063 MB 显存占用: 1877 MB
2024-07-31 11:08:20, PID 2718719 , 内存占用: 3065 MB 显存占用: 2073 MB
2024-07-31 11:08:21, PID 2718719 , 内存占用: 3069 MB 显存占用: 2285 MB
2024-07-31 11:08:22, PID 2718719 , 内存占用: 3071 MB 显存占用: 2435 MB
2024-07-31 11:08:23, PID 2718719 , 内存占用: 3071 MB 显存占用: 2513 MB
2024-07-31 11:08:25, PID 2718719 , 内存占用: 3071 MB 显存占用: 2675 MB
2024-07-31 11:08:26, PID 2718719 , 内存占用: 3071 MB 显存占用: 2759 MB
2024-07-31 11:08:27, PID 2718719 , 内存占用: 3071 MB 显存占用: 2759 MB
2024-07-31 11:08:29, PID 2718719 , 内存占用: 3071 MB 显存占用: 2845 MB
2024-07-31 11:08:30, PID 2718719 , 内存占用: 3103 MB 显存占用: 2933 MB
2024-07-31 11:08:31, PID 2718719 , 内存占用: 3117 MB 显存占用: 2933 MB
2024-07-31 11:08:33, PID 2718719 , 内存占用: 3117 MB 显存占用: 2933 MB
2024-07-31 11:08:34, PID 2718719 , 内存占用: 3117 MB 显存占用: 2933 MB
2024-07-31 11:08:35, PID 2718719 , 内存占用: 3117 MB 显存占用: 2933 MB
2024-07-31 11:08:37, PID 2718719 , 内存占用: 3117 MB 显存占用: 2933 MB
2024-07-31 11:08:38, PID 2718719 , 内存占用: 3117 MB 显存占用: 2933 MB
2024-07-31 11:08:39, PID 2718719 , 内存占用: 3117 MB 显存占用: 2933 MB
2024-07-31 11:08:41, PID 2718719 , 内存占用: 3117 MB 显存占用: 2933 MB
2024-07-31 11:08:42, PID 2718719 , 内存占用: 3117 MB 显存占用: 2933 MB
2024-07-31 11:08:43, PID 2718719 , 内存占用: 0 MB 显存占用: 2911 MB
2718719
平均内存占用: 2501.92 MB
峰值内存占用: 3117 MB, 3 GB
峰值显存占用 2933 MB
