start
=============================================
=============================================
=============================================

2024-07-31 14:00:02, PID 3084621 , 内存占用: 63 MB 显存占用: 9 MB
2024-07-31 14:00:03, PID 3084621 , 内存占用: 252 MB 显存占用: 9 MB
2024-07-31 14:00:04, PID 3084621 , 内存占用: 997 MB 显存占用: 9 MB
2024-07-31 14:00:05, PID 3084621 , 内存占用: 2418 MB 显存占用: 9 MB
2024-07-31 14:00:06, PID 3084621 , 内存占用: 3830 MB 显存占用: 9 MB
2024-07-31 14:00:08, PID 3084621 , 内存占用: 5281 MB 显存占用: 9 MB
2024-07-31 14:00:09, PID 3084621 , 内存占用: 6319 MB 显存占用: 9 MB
2024-07-31 14:00:10, PID 3084621 , 内存占用: 6469 MB 显存占用: 9 MB
2024-07-31 14:00:12, PID 3084621 , 内存占用: 6694 MB 显存占用: 9 MB
2024-07-31 14:00:13, PID 3084621 , 内存占用: 7317 MB 显存占用: 481 MB
2024-07-31 14:00:14, PID 3084621 , 内存占用: 7894 MB 显存占用: 1079 MB
2024-07-31 14:00:15, PID 3084621 , 内存占用: 9951 MB 显存占用: 2009 MB
2024-07-31 14:00:16, PID 3084621 , 内存占用: 10010 MB 显存占用: 2009 MB
2024-07-31 14:00:18, PID 3084621 , 内存占用: 10477 MB 显存占用: 2031 MB
2024-07-31 14:00:19, PID 3084621 , 内存占用: 11593 MB 显存占用: 2031 MB
2024-07-31 14:00:20, PID 3084621 , 内存占用: 12334 MB 显存占用: 2031 MB
2024-07-31 14:00:21, PID 3084621 , 内存占用: 13324 MB 显存占用: 2031 MB
2024-07-31 14:00:23, PID 3084621 , 内存占用: 14385 MB 显存占用: 2031 MB
2024-07-31 14:00:24, PID 3084621 , 内存占用: 15548 MB 显存占用: 2033 MB
2024-07-31 14:00:25, PID 3084621 , 内存占用: 16333 MB 显存占用: 2269 MB
2024-07-31 14:00:27, PID 3084621 , 内存占用: 16515 MB 显存占用: 2845 MB
2024-07-31 14:00:28, PID 3084621 , 内存占用: 16527 MB 显存占用: 2847 MB
2024-07-31 14:00:29, PID 3084621 , 内存占用: 16527 MB 显存占用: 2847 MB
2024-07-31 14:00:31, PID 3084621 , 内存占用: 16527 MB 显存占用: 2847 MB
2024-07-31 14:00:32, PID 3084621 , 内存占用: 16527 MB 显存占用: 2847 MB
2024-07-31 14:00:33, PID 3084621 , 内存占用: 16527 MB 显存占用: 2847 MB
2024-07-31 14:00:34, PID 3084621 , 内存占用: 16527 MB 显存占用: 2847 MB
2024-07-31 14:00:36, PID 3084621 , 内存占用: 16527 MB 显存占用: 2849 MB
2024-07-31 14:00:37, PID 3084621 , 内存占用: 16527 MB 显存占用: 2849 MB
2024-07-31 14:00:38, PID 3084621 , 内存占用: 16527 MB 显存占用: 2849 MB
2024-07-31 14:00:39, PID 3084621 , 内存占用: 16527 MB 显存占用: 2851 MB
2024-07-31 14:00:40, PID 3084621 , 内存占用: 16527 MB 显存占用: 3103 MB
2024-07-31 14:00:42, PID 3084621 , 内存占用: 16527 MB 显存占用: 3373 MB
2024-07-31 14:00:43, PID 3084621 , 内存占用: 16527 MB 显存占用: 3763 MB
2024-07-31 14:00:44, PID 3084621 , 内存占用: 16527 MB 显存占用: 4075 MB
2024-07-31 14:00:46, PID 3084621 , 内存占用: 16527 MB 显存占用: 4635 MB
2024-07-31 14:00:47, PID 3084621 , 内存占用: 16527 MB 显存占用: 5119 MB
2024-07-31 14:00:48, PID 3084621 , 内存占用: 16529 MB 显存占用: 5119 MB
2024-07-31 14:00:50, PID 3084621 , 内存占用: 16530 MB 显存占用: 5119 MB
2024-07-31 14:00:51, PID 3084621 , 内存占用: 16530 MB 显存占用: 5119 MB
2024-07-31 14:00:52, PID 3084621 , 内存占用: 16530 MB 显存占用: 5119 MB
2024-07-31 14:00:53, PID 3084621 , 内存占用: 16534 MB 显存占用: 5119 MB
2024-07-31 14:00:54, PID 3084621 , 内存占用: 16534 MB 显存占用: 5119 MB
2024-07-31 14:00:56, PID 3084621 , 内存占用: 16534 MB 显存占用: 5373 MB
2024-07-31 14:00:57, PID 3084621 , 内存占用: 16534 MB 显存占用: 5635 MB
2024-07-31 14:00:58, PID 3084621 , 内存占用: 16534 MB 显存占用: 5769 MB
2024-07-31 14:00:59, PID 3084621 , 内存占用: 16534 MB 显存占用: 6043 MB
2024-07-31 14:01:01, PID 3084621 , 内存占用: 16534 MB 显存占用: 6183 MB
2024-07-31 14:01:02, PID 3084621 , 内存占用: 16534 MB 显存占用: 6325 MB
2024-07-31 14:01:03, PID 3084621 , 内存占用: 16534 MB 显存占用: 6325 MB
2024-07-31 14:01:05, PID 3084621 , 内存占用: 16534 MB 显存占用: 6469 MB
2024-07-31 14:01:06, PID 3084621 , 内存占用: 16534 MB 显存占用: 6615 MB
2024-07-31 14:01:07, PID 3084621 , 内存占用: 16534 MB 显存占用: 6763 MB
2024-07-31 14:01:09, PID 3084621 , 内存占用: 16534 MB 显存占用: 6913 MB
2024-07-31 14:01:10, PID 3084621 , 内存占用: 16535 MB 显存占用: 7065 MB
2024-07-31 14:01:11, PID 3084621 , 内存占用: 16535 MB 显存占用: 7065 MB
2024-07-31 14:01:12, PID 3084621 , 内存占用: 16535 MB 显存占用: 7219 MB
2024-07-31 14:01:14, PID 3084621 , 内存占用: 16535 MB 显存占用: 7375 MB
2024-07-31 14:01:15, PID 3084621 , 内存占用: 16535 MB 显存占用: 7533 MB
2024-07-31 14:01:16, PID 3084621 , 内存占用: 16538 MB 显存占用: 7693 MB
2024-07-31 14:01:17, PID 3084621 , 内存占用: 16542 MB 显存占用: 7855 MB
2024-07-31 14:01:18, PID 3084621 , 内存占用: 16542 MB 显存占用: 8019 MB
2024-07-31 14:01:20, PID 3084621 , 内存占用: 16542 MB 显存占用: 8185 MB
2024-07-31 14:01:21, PID 3084621 , 内存占用: 16542 MB 显存占用: 8353 MB
2024-07-31 14:01:22, PID 3084621 , 内存占用: 16542 MB 显存占用: 8523 MB
2024-07-31 14:01:24, PID 3084621 , 内存占用: 16542 MB 显存占用: 8695 MB
2024-07-31 14:01:25, PID 3084621 , 内存占用: 16542 MB 显存占用: 8869 MB
2024-07-31 14:01:26, PID 3084621 , 内存占用: 16542 MB 显存占用: 8869 MB
2024-07-31 14:01:27, PID 3084621 , 内存占用: 16542 MB 显存占用: 9045 MB
2024-07-31 14:01:29, PID 3084621 , 内存占用: 16542 MB 显存占用: 9045 MB
2024-07-31 14:01:30, PID 3084621 , 内存占用: 16542 MB 显存占用: 9045 MB
2024-07-31 14:01:31, PID 3084621 , 内存占用: 16542 MB 显存占用: 9045 MB
2024-07-31 14:01:32, PID 3084621 , 内存占用: 16542 MB 显存占用: 9045 MB
2024-07-31 14:01:33, PID 3084621 , 内存占用: 16542 MB 显存占用: 9045 MB
2024-07-31 14:01:35, PID 3084621 , 内存占用: 16542 MB 显存占用: 9045 MB
2024-07-31 14:01:36, PID 3084621 , 内存占用: 16542 MB 显存占用: 9045 MB
2024-07-31 14:01:37, PID 3084621 , 内存占用: 16542 MB 显存占用: 9045 MB
2024-07-31 14:01:38, PID 3084621 , 内存占用: 16542 MB 显存占用: 9045 MB
2024-07-31 14:01:40, PID 3084621 , 内存占用: 16542 MB 显存占用: 9045 MB
2024-07-31 14:01:41, PID 3084621 , 内存占用: 16542 MB 显存占用: 9045 MB
2024-07-31 14:01:42, PID 3084621 , 内存占用: 16542 MB 显存占用: 9045 MB
2024-07-31 14:01:44, PID 3084621 , 内存占用: 16542 MB 显存占用: 9045 MB
2024-07-31 14:01:45, PID 3084621 , 内存占用: 16542 MB 显存占用: 9045 MB
2024-07-31 14:01:46, PID 3084621 , 内存占用: 16542 MB 显存占用: 9045 MB
2024-07-31 14:01:47, PID 3084621 , 内存占用: 16542 MB 显存占用: 9045 MB
2024-07-31 14:01:49, PID 3084621 , 内存占用: 16542 MB 显存占用: 9045 MB
2024-07-31 14:01:50, PID 3084621 , 内存占用: 16542 MB 显存占用: 9045 MB
2024-07-31 14:01:51, PID 3084621 , 内存占用: 16542 MB 显存占用: 9045 MB
2024-07-31 14:01:52, PID 3084621 , 内存占用: 16542 MB 显存占用: 9045 MB
2024-07-31 14:01:54, PID 3084621 , 内存占用: 16542 MB 显存占用: 9045 MB
2024-07-31 14:01:55, PID 3084621 , 内存占用: 16542 MB 显存占用: 9045 MB
2024-07-31 14:01:56, PID 3084621 , 内存占用: 16542 MB 显存占用: 9045 MB
2024-07-31 14:01:58, PID 3084621 , 内存占用: 16542 MB 显存占用: 9045 MB
2024-07-31 14:01:59, PID 3084621 , 内存占用: 16542 MB 显存占用: 9045 MB
2024-07-31 14:02:00, PID 3084621 , 内存占用: 16585 MB 显存占用: 9045 MB
2024-07-31 14:02:01, PID 3084621 , 内存占用: 16604 MB 显存占用: 9045 MB
2024-07-31 14:02:03, PID 3084621 , 内存占用: 16578 MB 显存占用: 9045 MB
2024-07-31 14:02:04, PID 3084621 , 内存占用: 16548 MB 显存占用: 9045 MB
2024-07-31 14:02:05, PID 3084621 , 内存占用: 16575 MB 显存占用: 9045 MB
2024-07-31 14:02:07, PID 3084621 , 内存占用: 16551 MB 显存占用: 9045 MB
2024-07-31 14:02:08, PID 3084621 , 内存占用: 16566 MB 显存占用: 9045 MB
2024-07-31 14:02:09, PID 3084621 , 内存占用: 16549 MB 显存占用: 9045 MB
2024-07-31 14:02:10, PID 3084621 , 内存占用: 16551 MB 显存占用: 9045 MB
2024-07-31 14:02:12, PID 3084621 , 内存占用: 16552 MB 显存占用: 9045 MB
2024-07-31 14:02:13, PID 3084621 , 内存占用: 16527 MB 显存占用: 9045 MB
2024-07-31 14:02:14, PID 3084621 , 内存占用: 16549 MB 显存占用: 9045 MB
2024-07-31 14:02:15, PID 3084621 , 内存占用: 16554 MB 显存占用: 9045 MB
2024-07-31 14:02:16, PID 3084621 , 内存占用: 16551 MB 显存占用: 9045 MB
2024-07-31 14:02:18, PID 3084621 , 内存占用: 16565 MB 显存占用: 9045 MB
2024-07-31 14:02:19, PID 3084621 , 内存占用: 16568 MB 显存占用: 9045 MB
2024-07-31 14:02:20, PID 3084621 , 内存占用: 16551 MB 显存占用: 9045 MB
2024-07-31 14:02:22, PID 3084621 , 内存占用: 16552 MB 显存占用: 9045 MB
2024-07-31 14:02:23, PID 3084621 , 内存占用: 16567 MB 显存占用: 9045 MB
2024-07-31 14:02:24, PID 3084621 , 内存占用: 16551 MB 显存占用: 9045 MB
2024-07-31 14:02:25, PID 3084621 , 内存占用: 16573 MB 显存占用: 9045 MB
2024-07-31 14:02:27, PID 3084621 , 内存占用: 16554 MB 显存占用: 9045 MB
2024-07-31 14:02:28, PID 3084621 , 内存占用: 16554 MB 显存占用: 9045 MB
2024-07-31 14:02:29, PID 3084621 , 内存占用: 16593 MB 显存占用: 9045 MB
2024-07-31 14:02:30, PID 3084621 , 内存占用: 16593 MB 显存占用: 9045 MB
2024-07-31 14:02:31, PID 3084621 , 内存占用: 16593 MB 显存占用: 9045 MB
2024-07-31 14:02:33, PID 3084621 , 内存占用: 16593 MB 显存占用: 9045 MB
2024-07-31 14:02:34, PID 3084621 , 内存占用: 16593 MB 显存占用: 9045 MB
2024-07-31 14:02:35, PID 3084621 , 内存占用: 16593 MB 显存占用: 9045 MB
2024-07-31 14:02:37, PID 3084621 , 内存占用: 16593 MB 显存占用: 9045 MB
2024-07-31 14:02:38, PID 3084621 , 内存占用: 16593 MB 显存占用: 9045 MB
2024-07-31 14:02:39, PID 3084621 , 内存占用: 16593 MB 显存占用: 9045 MB
2024-07-31 14:02:40, PID 3084621 , 内存占用: 16593 MB 显存占用: 9045 MB
2024-07-31 14:02:41, PID 3084621 , 内存占用: 16593 MB 显存占用: 9045 MB
2024-07-31 14:02:43, PID 3084621 , 内存占用: 16593 MB 显存占用: 9045 MB
2024-07-31 14:02:44, PID 3084621 , 内存占用: 16593 MB 显存占用: 9045 MB
2024-07-31 14:02:45, PID 3084621 , 内存占用: 16593 MB 显存占用: 9045 MB
2024-07-31 14:02:46, PID 3084621 , 内存占用: 16593 MB 显存占用: 9045 MB
2024-07-31 14:02:48, PID 3084621 , 内存占用: 16593 MB 显存占用: 9045 MB
2024-07-31 14:02:49, PID 3084621 , 内存占用: 16593 MB 显存占用: 9045 MB
2024-07-31 14:02:50, PID 3084621 , 内存占用: 16593 MB 显存占用: 9045 MB
2024-07-31 14:02:51, PID 3084621 , 内存占用: 16593 MB 显存占用: 9045 MB
2024-07-31 14:02:52, PID 3084621 , 内存占用: 16593 MB 显存占用: 9045 MB
2024-07-31 14:02:54, PID 3084621 , 内存占用: 16593 MB 显存占用: 9045 MB
2024-07-31 14:02:55, PID 3084621 , 内存占用: 16593 MB 显存占用: 9045 MB
2024-07-31 14:02:56, PID 3084621 , 内存占用: 16593 MB 显存占用: 9045 MB
2024-07-31 14:02:57, PID 3084621 , 内存占用: 16593 MB 显存占用: 9045 MB
2024-07-31 14:02:59, PID 3084621 , 内存占用: 16593 MB 显存占用: 9045 MB
2024-07-31 14:03:00, PID 3084621 , 内存占用: 16593 MB 显存占用: 9045 MB
2024-07-31 14:03:01, PID 3084621 , 内存占用: 16593 MB 显存占用: 9045 MB
2024-07-31 14:03:03, PID 3084621 , 内存占用: 16593 MB 显存占用: 9045 MB
2024-07-31 14:03:04, PID 3084621 , 内存占用: 16593 MB 显存占用: 9045 MB
2024-07-31 14:03:05, PID 3084621 , 内存占用: 16593 MB 显存占用: 9045 MB
2024-07-31 14:03:06, PID 3084621 , 内存占用: 16593 MB 显存占用: 9045 MB
2024-07-31 14:03:08, PID 3084621 , 内存占用: 16593 MB 显存占用: 9045 MB
2024-07-31 14:03:09, PID 3084621 , 内存占用: 16593 MB 显存占用: 9045 MB
2024-07-31 14:03:10, PID 3084621 , 内存占用: 16593 MB 显存占用: 9045 MB
2024-07-31 14:03:11, PID 3084621 , 内存占用: 16593 MB 显存占用: 9045 MB
2024-07-31 14:03:12, PID 3084621 , 内存占用: 16593 MB 显存占用: 9045 MB
2024-07-31 14:03:14, PID 3084621 , 内存占用: 16593 MB 显存占用: 9045 MB
2024-07-31 14:03:15, PID 3084621 , 内存占用: 16593 MB 显存占用: 9045 MB
2024-07-31 14:03:16, PID 3084621 , 内存占用: 16593 MB 显存占用: 9045 MB
2024-07-31 14:03:17, PID 3084621 , 内存占用: 16593 MB 显存占用: 9045 MB
2024-07-31 14:03:19, PID 3084621 , 内存占用: 16593 MB 显存占用: 9045 MB
2024-07-31 14:03:20, PID 3084621 , 内存占用: 16593 MB 显存占用: 9045 MB
2024-07-31 14:03:21, PID 3084621 , 内存占用: 16593 MB 显存占用: 9045 MB
2024-07-31 14:03:23, PID 3084621 , 内存占用: 16593 MB 显存占用: 9045 MB
2024-07-31 14:03:24, PID 3084621 , 内存占用: 16593 MB 显存占用: 9045 MB
2024-07-31 14:03:25, PID 3084621 , 内存占用: 16593 MB 显存占用: 9045 MB
2024-07-31 14:03:26, PID 3084621 , 内存占用: 16593 MB 显存占用: 9045 MB
2024-07-31 14:03:27, PID 3084621 , 内存占用: 16593 MB 显存占用: 9045 MB
2024-07-31 14:03:29, PID 3084621 , 内存占用: 16593 MB 显存占用: 9045 MB
2024-07-31 14:03:30, PID 3084621 , 内存占用: 16593 MB 显存占用: 9045 MB
2024-07-31 14:03:31, PID 3084621 , 内存占用: 16593 MB 显存占用: 9045 MB
2024-07-31 14:03:33, PID 3084621 , 内存占用: 16593 MB 显存占用: 9045 MB
2024-07-31 14:03:34, PID 3084621 , 内存占用: 16593 MB 显存占用: 9045 MB
2024-07-31 14:03:35, PID 3084621 , 内存占用: 16593 MB 显存占用: 9045 MB
2024-07-31 14:03:36, PID 3084621 , 内存占用: 16593 MB 显存占用: 9045 MB
2024-07-31 14:03:38, PID 3084621 , 内存占用: 16593 MB 显存占用: 9045 MB
2024-07-31 14:03:39, PID 3084621 , 内存占用: 16593 MB 显存占用: 9045 MB
2024-07-31 14:03:40, PID 3084621 , 内存占用: 16593 MB 显存占用: 9045 MB
2024-07-31 14:03:41, PID 3084621 , 内存占用: 16593 MB 显存占用: 9045 MB
2024-07-31 14:03:43, PID 3084621 , 内存占用: 16593 MB 显存占用: 9045 MB
2024-07-31 14:03:44, PID 3084621 , 内存占用: 16593 MB 显存占用: 9045 MB
2024-07-31 14:03:45, PID 3084621 , 内存占用: 16593 MB 显存占用: 9045 MB
2024-07-31 14:03:46, PID 3084621 , 内存占用: 16593 MB 显存占用: 9045 MB
2024-07-31 14:03:47, PID 3084621 , 内存占用: 16593 MB 显存占用: 9045 MB
2024-07-31 14:03:49, PID 3084621 , 内存占用: 16593 MB 显存占用: 9045 MB
2024-07-31 14:03:50, PID 3084621 , 内存占用: 16593 MB 显存占用: 9045 MB
2024-07-31 14:03:51, PID 3084621 , 内存占用: 16593 MB 显存占用: 9045 MB
2024-07-31 14:03:53, PID 3084621 , 内存占用: 16593 MB 显存占用: 9045 MB
2024-07-31 14:03:54, PID 3084621 , 内存占用: 16593 MB 显存占用: 9045 MB
2024-07-31 14:03:55, PID 3084621 , 内存占用: 16593 MB 显存占用: 9045 MB
2024-07-31 14:03:57, PID 3084621 , 内存占用: 16593 MB 显存占用: 9045 MB
2024-07-31 14:03:58, PID 3084621 , 内存占用: 16593 MB 显存占用: 9045 MB
2024-07-31 14:03:59, PID 3084621 , 内存占用: 16593 MB 显存占用: 9045 MB
2024-07-31 14:04:00, PID 3084621 , 内存占用: 16593 MB 显存占用: 9045 MB
2024-07-31 14:04:01, PID 3084621 , 内存占用: 16593 MB 显存占用: 9045 MB
2024-07-31 14:04:03, PID 3084621 , 内存占用: 16549 MB 显存占用: 9045 MB
2024-07-31 14:04:04, PID 3084621 , 内存占用: 16643 MB 显存占用: 9045 MB
2024-07-31 14:04:05, PID 3084621 , 内存占用: 16538 MB 显存占用: 9045 MB
2024-07-31 14:04:06, PID 3084621 , 内存占用: 16610 MB 显存占用: 9045 MB
2024-07-31 14:04:08, PID 3084621 , 内存占用: 16643 MB 显存占用: 9045 MB
2024-07-31 14:04:09, PID 3084621 , 内存占用: 16564 MB 显存占用: 9045 MB
2024-07-31 14:04:10, PID 3084621 , 内存占用: 16560 MB 显存占用: 9045 MB
2024-07-31 14:04:11, PID 3084621 , 内存占用: 16524 MB 显存占用: 9045 MB
2024-07-31 14:04:13, PID 3084621 , 内存占用: 16593 MB 显存占用: 9045 MB
2024-07-31 14:04:14, PID 3084621 , 内存占用: 16570 MB 显存占用: 9045 MB
2024-07-31 14:04:15, PID 3084621 , 内存占用: 16572 MB 显存占用: 9045 MB
2024-07-31 14:04:17, PID 3084621 , 内存占用: 16565 MB 显存占用: 9045 MB
2024-07-31 14:04:18, PID 3084621 , 内存占用: 16587 MB 显存占用: 9045 MB
2024-07-31 14:04:20, PID 3084621 , 内存占用: 16565 MB 显存占用: 9045 MB
2024-07-31 14:04:21, PID 3084621 , 内存占用: 16635 MB 显存占用: 9045 MB
2024-07-31 14:04:22, PID 3084621 , 内存占用: 16588 MB 显存占用: 9045 MB
2024-07-31 14:04:23, PID 3084621 , 内存占用: 16565 MB 显存占用: 9045 MB
2024-07-31 14:04:24, PID 3084621 , 内存占用: 16592 MB 显存占用: 9045 MB
2024-07-31 14:04:26, PID 3084621 , 内存占用: 16592 MB 显存占用: 9045 MB
2024-07-31 14:04:27, PID 3084621 , 内存占用: 16625 MB 显存占用: 9045 MB
2024-07-31 14:04:28, PID 3084621 , 内存占用: 16592 MB 显存占用: 9045 MB
2024-07-31 14:04:29, PID 3084621 , 内存占用: 16641 MB 显存占用: 9045 MB
2024-07-31 14:04:31, PID 3084621 , 内存占用: 16592 MB 显存占用: 9045 MB
2024-07-31 14:04:32, PID 3084621 , 内存占用: 0 MB 显存占用: 9025 MB
3084621
平均内存占用: 15704.20 MB
峰值内存占用: 16643 MB, 16 GB
峰值显存占用 9045 MB
