start
=============================================
=============================================
=============================================

2024-07-31 14:04:33, PID 3092409 , 内存占用: 62 MB 显存占用: 9 MB
2024-07-31 14:04:35, PID 3092409 , 内存占用: 249 MB 显存占用: 9 MB
2024-07-31 14:04:36, PID 3092409 , 内存占用: 1045 MB 显存占用: 9 MB
2024-07-31 14:04:37, PID 3092409 , 内存占用: 2503 MB 显存占用: 9 MB
2024-07-31 14:04:38, PID 3092409 , 内存占用: 4060 MB 显存占用: 9 MB
2024-07-31 14:04:39, PID 3092409 , 内存占用: 5575 MB 显存占用: 9 MB
2024-07-31 14:04:41, PID 3092409 , 内存占用: 7051 MB 显存占用: 9 MB
2024-07-31 14:04:42, PID 3092409 , 内存占用: 8582 MB 显存占用: 9 MB
2024-07-31 14:04:43, PID 3092409 , 内存占用: 10137 MB 显存占用: 9 MB
2024-07-31 14:04:44, PID 3092409 , 内存占用: 11609 MB 显存占用: 9 MB
2024-07-31 14:04:46, PID 3092409 , 内存占用: 13345 MB 显存占用: 9 MB
2024-07-31 14:04:47, PID 3092409 , 内存占用: 15118 MB 显存占用: 9 MB
2024-07-31 14:04:48, PID 3092409 , 内存占用: 16701 MB 显存占用: 9 MB
2024-07-31 14:04:49, PID 3092409 , 内存占用: 18327 MB 显存占用: 9 MB
2024-07-31 14:04:51, PID 3092409 , 内存占用: 19921 MB 显存占用: 9 MB
2024-07-31 14:04:52, PID 3092409 , 内存占用: 21556 MB 显存占用: 9 MB
2024-07-31 14:04:53, PID 3092409 , 内存占用: 23134 MB 显存占用: 9 MB
2024-07-31 14:04:54, PID 3092409 , 内存占用: 24606 MB 显存占用: 9 MB
2024-07-31 14:04:56, PID 3092409 , 内存占用: 26257 MB 显存占用: 9 MB
2024-07-31 14:04:57, PID 3092409 , 内存占用: 27961 MB 显存占用: 9 MB
2024-07-31 14:04:58, PID 3092409 , 内存占用: 29697 MB 显存占用: 9 MB
2024-07-31 14:05:00, PID 3092409 , 内存占用: 31435 MB 显存占用: 9 MB
2024-07-31 14:05:01, PID 3092409 , 内存占用: 33229 MB 显存占用: 9 MB
2024-07-31 14:05:02, PID 3092409 , 内存占用: 34907 MB 显存占用: 9 MB
2024-07-31 14:05:03, PID 3092409 , 内存占用: 36541 MB 显存占用: 9 MB
2024-07-31 14:05:05, PID 3092409 , 内存占用: 38125 MB 显存占用: 9 MB
2024-07-31 14:05:06, PID 3092409 , 内存占用: 39669 MB 显存占用: 9 MB
2024-07-31 14:05:07, PID 3092409 , 内存占用: 41290 MB 显存占用: 9 MB
2024-07-31 14:05:08, PID 3092409 , 内存占用: 42946 MB 显存占用: 9 MB
2024-07-31 14:05:09, PID 3092409 , 内存占用: 43824 MB 显存占用: 9 MB
2024-07-31 14:05:11, PID 3092409 , 内存占用: 43985 MB 显存占用: 9 MB
2024-07-31 14:05:12, PID 3092409 , 内存占用: 44160 MB 显存占用: 9 MB
2024-07-31 14:05:13, PID 3092409 , 内存占用: 44325 MB 显存占用: 9 MB
2024-07-31 14:05:15, PID 3092409 , 内存占用: 44470 MB 显存占用: 9 MB
2024-07-31 14:05:16, PID 3092409 , 内存占用: 44623 MB 显存占用: 9 MB
2024-07-31 14:05:17, PID 3092409 , 内存占用: 44766 MB 显存占用: 9 MB
2024-07-31 14:05:18, PID 3092409 , 内存占用: 44910 MB 显存占用: 9 MB
2024-07-31 14:05:19, PID 3092409 , 内存占用: 45039 MB 显存占用: 9 MB
2024-07-31 14:05:21, PID 3092409 , 内存占用: 45175 MB 显存占用: 9 MB
2024-07-31 14:05:22, PID 3092409 , 内存占用: 45315 MB 显存占用: 9 MB
2024-07-31 14:05:23, PID 3092409 , 内存占用: 45470 MB 显存占用: 9 MB
2024-07-31 14:05:25, PID 3092409 , 内存占用: 45620 MB 显存占用: 9 MB
2024-07-31 14:05:26, PID 3092409 , 内存占用: 45775 MB 显存占用: 9 MB
2024-07-31 14:05:27, PID 3092409 , 内存占用: 45940 MB 显存占用: 9 MB
2024-07-31 14:05:28, PID 3092409 , 内存占用: 46084 MB 显存占用: 9 MB
2024-07-31 14:05:30, PID 3092409 , 内存占用: 47708 MB 显存占用: 9 MB
2024-07-31 14:05:31, PID 3092409 , 内存占用: 48554 MB 显存占用: 9 MB
2024-07-31 14:05:32, PID 3092409 , 内存占用: 46737 MB 显存占用: 9 MB
2024-07-31 14:05:33, PID 3092409 , 内存占用: 47344 MB 显存占用: 9 MB
2024-07-31 14:05:35, PID 3092409 , 内存占用: 47965 MB 显存占用: 9 MB
2024-07-31 14:05:36, PID 3092409 , 内存占用: 48604 MB 显存占用: 9 MB
2024-07-31 14:05:37, PID 3092409 , 内存占用: 49238 MB 显存占用: 9 MB
2024-07-31 14:05:39, PID 3092409 , 内存占用: 49903 MB 显存占用: 9 MB
2024-07-31 14:05:40, PID 3092409 , 内存占用: 50705 MB 显存占用: 9 MB
2024-07-31 14:05:41, PID 3092409 , 内存占用: 51315 MB 显存占用: 9 MB
2024-07-31 14:05:43, PID 3092409 , 内存占用: 52159 MB 显存占用: 567 MB
2024-07-31 14:05:44, PID 3092409 , 内存占用: 50523 MB 显存占用: 4989 MB
2024-07-31 14:05:45, PID 3092409 , 内存占用: 47861 MB 显存占用: 6077 MB
2024-07-31 14:05:46, PID 3092409 , 内存占用: 53031 MB 显存占用: 8693 MB
2024-07-31 14:05:47, PID 3092409 , 内存占用: 53454 MB 显存占用: 11565 MB
2024-07-31 14:05:49, PID 3092409 , 内存占用: 53713 MB 显存占用: 11565 MB
2024-07-31 14:05:50, PID 3092409 , 内存占用: 53770 MB 显存占用: 11565 MB
2024-07-31 14:05:51, PID 3092409 , 内存占用: 53827 MB 显存占用: 11565 MB
2024-07-31 14:05:53, PID 3092409 , 内存占用: 53886 MB 显存占用: 11565 MB
2024-07-31 14:05:54, PID 3092409 , 内存占用: 53949 MB 显存占用: 11565 MB
2024-07-31 14:05:55, PID 3092409 , 内存占用: 54010 MB 显存占用: 11565 MB
2024-07-31 14:05:56, PID 3092409 , 内存占用: 54072 MB 显存占用: 11565 MB
2024-07-31 14:05:58, PID 3092409 , 内存占用: 54133 MB 显存占用: 11565 MB
2024-07-31 14:05:59, PID 3092409 , 内存占用: 54198 MB 显存占用: 11565 MB
2024-07-31 14:06:00, PID 3092409 , 内存占用: 54278 MB 显存占用: 11565 MB
2024-07-31 14:06:02, PID 3092409 , 内存占用: 54350 MB 显存占用: 11565 MB
2024-07-31 14:06:03, PID 3092409 , 内存占用: 54422 MB 显存占用: 11565 MB
2024-07-31 14:06:04, PID 3092409 , 内存占用: 53597 MB 显存占用: 12087 MB
2024-07-31 14:06:05, PID 3092409 , 内存占用: 53599 MB 显存占用: 12087 MB
2024-07-31 14:06:06, PID 3092409 , 内存占用: 53654 MB 显存占用: 12087 MB
2024-07-31 14:06:08, PID 3092409 , 内存占用: 53729 MB 显存占用: 12087 MB
2024-07-31 14:06:09, PID 3092409 , 内存占用: 53823 MB 显存占用: 12087 MB
2024-07-31 14:06:10, PID 3092409 , 内存占用: 53942 MB 显存占用: 12089 MB
2024-07-31 14:06:11, PID 3092409 , 内存占用: 54080 MB 显存占用: 12089 MB
2024-07-31 14:06:13, PID 3092409 , 内存占用: 54248 MB 显存占用: 12089 MB
2024-07-31 14:06:14, PID 3092409 , 内存占用: 54441 MB 显存占用: 12089 MB
2024-07-31 14:06:15, PID 3092409 , 内存占用: 54667 MB 显存占用: 12089 MB
2024-07-31 14:06:17, PID 3092409 , 内存占用: 54903 MB 显存占用: 12089 MB
2024-07-31 14:06:18, PID 3092409 , 内存占用: 55166 MB 显存占用: 12089 MB
2024-07-31 14:06:19, PID 3092409 , 内存占用: 55444 MB 显存占用: 12089 MB
2024-07-31 14:06:20, PID 3092409 , 内存占用: 55713 MB 显存占用: 12089 MB
2024-07-31 14:06:22, PID 3092409 , 内存占用: 55996 MB 显存占用: 12089 MB
2024-07-31 14:06:23, PID 3092409 , 内存占用: 56290 MB 显存占用: 12089 MB
2024-07-31 14:06:24, PID 3092409 , 内存占用: 56602 MB 显存占用: 12089 MB
2024-07-31 14:06:25, PID 3092409 , 内存占用: 56920 MB 显存占用: 12089 MB
2024-07-31 14:06:26, PID 3092409 , 内存占用: 57256 MB 显存占用: 12089 MB
2024-07-31 14:06:28, PID 3092409 , 内存占用: 57621 MB 显存占用: 12089 MB
2024-07-31 14:06:29, PID 3092409 , 内存占用: 57975 MB 显存占用: 12089 MB
2024-07-31 14:06:30, PID 3092409 , 内存占用: 58349 MB 显存占用: 12089 MB
2024-07-31 14:06:31, PID 3092409 , 内存占用: 58728 MB 显存占用: 12089 MB
2024-07-31 14:06:32, PID 3092409 , 内存占用: 59112 MB 显存占用: 12089 MB
2024-07-31 14:06:34, PID 3092409 , 内存占用: 59513 MB 显存占用: 12089 MB
2024-07-31 14:06:35, PID 3092409 , 内存占用: 59926 MB 显存占用: 12089 MB
2024-07-31 14:06:36, PID 3092409 , 内存占用: 60347 MB 显存占用: 12089 MB
2024-07-31 14:06:37, PID 3092409 , 内存占用: 60784 MB 显存占用: 12089 MB
2024-07-31 14:06:39, PID 3092409 , 内存占用: 61230 MB 显存占用: 12089 MB
2024-07-31 14:06:40, PID 3092409 , 内存占用: 61686 MB 显存占用: 12089 MB
2024-07-31 14:06:41, PID 3092409 , 内存占用: 62143 MB 显存占用: 12089 MB
2024-07-31 14:06:42, PID 3092409 , 内存占用: 62658 MB 显存占用: 12089 MB
2024-07-31 14:06:44, PID 3092409 , 内存占用: 63174 MB 显存占用: 12089 MB
2024-07-31 14:06:45, PID 3092409 , 内存占用: 63700 MB 显存占用: 12089 MB
2024-07-31 14:06:46, PID 3092409 , 内存占用: 64239 MB 显存占用: 12089 MB
2024-07-31 14:06:48, PID 3092409 , 内存占用: 64779 MB 显存占用: 12089 MB
2024-07-31 14:06:49, PID 3092409 , 内存占用: 65320 MB 显存占用: 12089 MB
2024-07-31 14:06:50, PID 3092409 , 内存占用: 65818 MB 显存占用: 12089 MB
2024-07-31 14:06:51, PID 3092409 , 内存占用: 66339 MB 显存占用: 12089 MB
2024-07-31 14:06:53, PID 3092409 , 内存占用: 66869 MB 显存占用: 12089 MB
2024-07-31 14:06:54, PID 3092409 , 内存占用: 67465 MB 显存占用: 12089 MB
2024-07-31 14:06:55, PID 3092409 , 内存占用: 68014 MB 显存占用: 12089 MB
2024-07-31 14:06:56, PID 3092409 , 内存占用: 68568 MB 显存占用: 12089 MB
2024-07-31 14:06:57, PID 3092409 , 内存占用: 69128 MB 显存占用: 12089 MB
2024-07-31 14:06:59, PID 3092409 , 内存占用: 69699 MB 显存占用: 12089 MB
2024-07-31 14:07:00, PID 3092409 , 内存占用: 70321 MB 显存占用: 12089 MB
2024-07-31 14:07:01, PID 3092409 , 内存占用: 70954 MB 显存占用: 12089 MB
2024-07-31 14:07:03, PID 3092409 , 内存占用: 71609 MB 显存占用: 12089 MB
2024-07-31 14:07:04, PID 3092409 , 内存占用: 72243 MB 显存占用: 12089 MB
2024-07-31 14:07:05, PID 3092409 , 内存占用: 72908 MB 显存占用: 12089 MB
2024-07-31 14:07:06, PID 3092409 , 内存占用: 73512 MB 显存占用: 12089 MB
2024-07-31 14:07:08, PID 3092409 , 内存占用: 74120 MB 显存占用: 12089 MB
2024-07-31 14:07:09, PID 3092409 , 内存占用: 74726 MB 显存占用: 12089 MB
2024-07-31 14:07:10, PID 3092409 , 内存占用: 75328 MB 显存占用: 12089 MB
2024-07-31 14:07:11, PID 3092409 , 内存占用: 75949 MB 显存占用: 12089 MB
2024-07-31 14:07:13, PID 3092409 , 内存占用: 76570 MB 显存占用: 12089 MB
2024-07-31 14:07:14, PID 3092409 , 内存占用: 77202 MB 显存占用: 12089 MB
2024-07-31 14:07:15, PID 3092409 , 内存占用: 77888 MB 显存占用: 12089 MB
2024-07-31 14:07:16, PID 3092409 , 内存占用: 78581 MB 显存占用: 12089 MB
2024-07-31 14:07:18, PID 3092409 , 内存占用: 79276 MB 显存占用: 12089 MB
2024-07-31 14:07:19, PID 3092409 , 内存占用: 79996 MB 显存占用: 12089 MB
2024-07-31 14:07:20, PID 3092409 , 内存占用: 80709 MB 显存占用: 12089 MB
2024-07-31 14:07:22, PID 3092409 , 内存占用: 81380 MB 显存占用: 12089 MB
2024-07-31 14:07:23, PID 3092409 , 内存占用: 82029 MB 显存占用: 12089 MB
2024-07-31 14:07:24, PID 3092409 , 内存占用: 82679 MB 显存占用: 12089 MB
2024-07-31 14:07:25, PID 3092409 , 内存占用: 83411 MB 显存占用: 12089 MB
2024-07-31 14:07:27, PID 3092409 , 内存占用: 84095 MB 显存占用: 12089 MB
2024-07-31 14:07:28, PID 3092409 , 内存占用: 84774 MB 显存占用: 12089 MB
2024-07-31 14:07:29, PID 3092409 , 内存占用: 85456 MB 显存占用: 12089 MB
2024-07-31 14:07:30, PID 3092409 , 内存占用: 86129 MB 显存占用: 12089 MB
2024-07-31 14:07:31, PID 3092409 , 内存占用: 86800 MB 显存占用: 12089 MB
2024-07-31 14:07:33, PID 3092409 , 内存占用: 87496 MB 显存占用: 12089 MB
2024-07-31 14:07:34, PID 3092409 , 内存占用: 88196 MB 显存占用: 12089 MB
2024-07-31 14:07:35, PID 3092409 , 内存占用: 88944 MB 显存占用: 12089 MB
2024-07-31 14:07:37, PID 3092409 , 内存占用: 89720 MB 显存占用: 12089 MB
2024-07-31 14:07:38, PID 3092409 , 内存占用: 90474 MB 显存占用: 12089 MB
2024-07-31 14:07:39, PID 3092409 , 内存占用: 91265 MB 显存占用: 12089 MB
2024-07-31 14:07:40, PID 3092409 , 内存占用: 91963 MB 显存占用: 12089 MB
2024-07-31 14:07:42, PID 3092409 , 内存占用: 92683 MB 显存占用: 12089 MB
2024-07-31 14:07:43, PID 3092409 , 内存占用: 93402 MB 显存占用: 12089 MB
2024-07-31 14:07:44, PID 3092409 , 内存占用: 94078 MB 显存占用: 12089 MB
2024-07-31 14:07:45, PID 3092409 , 内存占用: 94762 MB 显存占用: 12089 MB
2024-07-31 14:07:46, PID 3092409 , 内存占用: 95482 MB 显存占用: 12089 MB
2024-07-31 14:07:48, PID 3092409 , 内存占用: 96211 MB 显存占用: 12089 MB
2024-07-31 14:07:49, PID 3092409 , 内存占用: 96927 MB 显存占用: 12089 MB
2024-07-31 14:07:50, PID 3092409 , 内存占用: 97646 MB 显存占用: 12089 MB
2024-07-31 14:07:52, PID 3092409 , 内存占用: 98461 MB 显存占用: 12089 MB
2024-07-31 14:07:53, PID 3092409 , 内存占用: 99248 MB 显存占用: 12089 MB
2024-07-31 14:07:54, PID 3092409 , 内存占用: 100038 MB 显存占用: 12089 MB
2024-07-31 14:07:56, PID 3092409 , 内存占用: 100856 MB 显存占用: 12089 MB
2024-07-31 14:07:57, PID 3092409 , 内存占用: 101696 MB 显存占用: 12089 MB
2024-07-31 14:07:58, PID 3092409 , 内存占用: 102495 MB 显存占用: 12089 MB
2024-07-31 14:07:59, PID 3092409 , 内存占用: 103223 MB 显存占用: 12089 MB
2024-07-31 14:08:01, PID 3092409 , 内存占用: 103943 MB 显存占用: 12089 MB
2024-07-31 14:08:02, PID 3092409 , 内存占用: 104676 MB 显存占用: 12089 MB
2024-07-31 14:08:03, PID 3092409 , 内存占用: 105387 MB 显存占用: 12089 MB
2024-07-31 14:08:04, PID 3092409 , 内存占用: 106128 MB 显存占用: 12089 MB
2024-07-31 14:08:05, PID 3092409 , 内存占用: 106871 MB 显存占用: 12089 MB
2024-07-31 14:08:07, PID 3092409 , 内存占用: 107574 MB 显存占用: 12089 MB
2024-07-31 14:08:08, PID 3092409 , 内存占用: 108334 MB 显存占用: 12089 MB
2024-07-31 14:08:09, PID 3092409 , 内存占用: 109069 MB 显存占用: 12089 MB
2024-07-31 14:08:11, PID 3092409 , 内存占用: 109873 MB 显存占用: 12089 MB
2024-07-31 14:08:12, PID 3092409 , 内存占用: 110664 MB 显存占用: 12089 MB
2024-07-31 14:08:13, PID 3092409 , 内存占用: 111475 MB 显存占用: 12089 MB
2024-07-31 14:08:15, PID 3092409 , 内存占用: 112262 MB 显存占用: 12089 MB
2024-07-31 14:08:16, PID 3092409 , 内存占用: 113082 MB 显存占用: 12089 MB
2024-07-31 14:08:17, PID 3092409 , 内存占用: 113880 MB 显存占用: 12089 MB
2024-07-31 14:08:18, PID 3092409 , 内存占用: 114613 MB 显存占用: 12089 MB
2024-07-31 14:08:20, PID 3092409 , 内存占用: 115338 MB 显存占用: 12089 MB
2024-07-31 14:08:21, PID 3092409 , 内存占用: 116069 MB 显存占用: 12089 MB
2024-07-31 14:08:22, PID 3092409 , 内存占用: 116774 MB 显存占用: 12089 MB
2024-07-31 14:08:23, PID 3092409 , 内存占用: 117471 MB 显存占用: 12089 MB
2024-07-31 14:08:24, PID 3092409 , 内存占用: 118144 MB 显存占用: 12089 MB
2024-07-31 14:08:26, PID 3092409 , 内存占用: 118785 MB 显存占用: 12089 MB
2024-07-31 14:08:27, PID 3092409 , 内存占用: 119444 MB 显存占用: 12089 MB
2024-07-31 14:08:28, PID 3092409 , 内存占用: 120096 MB 显存占用: 12089 MB
2024-07-31 14:08:29, PID 3092409 , 内存占用: 120838 MB 显存占用: 12089 MB
2024-07-31 14:08:31, PID 3092409 , 内存占用: 121576 MB 显存占用: 12089 MB
2024-07-31 14:08:32, PID 3092409 , 内存占用: 122296 MB 显存占用: 12089 MB
2024-07-31 14:08:33, PID 3092409 , 内存占用: 123004 MB 显存占用: 12089 MB
2024-07-31 14:08:35, PID 3092409 , 内存占用: 123743 MB 显存占用: 12089 MB
2024-07-31 14:08:36, PID 3092409 , 内存占用: 124419 MB 显存占用: 12089 MB
2024-07-31 14:08:38, PID 3092409 , 内存占用: 125065 MB 显存占用: 12089 MB
2024-07-31 14:08:39, PID 3092409 , 内存占用: 125705 MB 显存占用: 12089 MB
2024-07-31 14:08:40, PID 3092409 , 内存占用: 126293 MB 显存占用: 12089 MB
2024-07-31 14:08:41, PID 3092409 , 内存占用: 126799 MB 显存占用: 12089 MB
2024-07-31 14:08:43, PID 3092409 , 内存占用: 127196 MB 显存占用: 12089 MB
2024-07-31 14:08:44, PID 3092409 , 内存占用: 127294 MB 显存占用: 12089 MB
2024-07-31 14:08:45, PID 3092409 , 内存占用: 127390 MB 显存占用: 12089 MB
2024-07-31 14:08:46, PID 3092409 , 内存占用: 127529 MB 显存占用: 12089 MB
2024-07-31 14:08:47, PID 3092409 , 内存占用: 127711 MB 显存占用: 12089 MB
2024-07-31 14:08:49, PID 3092409 , 内存占用: 127925 MB 显存占用: 12089 MB
2024-07-31 14:08:50, PID 3092409 , 内存占用: 128168 MB 显存占用: 12089 MB
2024-07-31 14:08:51, PID 3092409 , 内存占用: 128453 MB 显存占用: 12089 MB
2024-07-31 14:08:52, PID 3092409 , 内存占用: 128755 MB 显存占用: 12089 MB
2024-07-31 14:08:54, PID 3092409 , 内存占用: 129091 MB 显存占用: 12089 MB
2024-07-31 14:08:55, PID 3092409 , 内存占用: 129444 MB 显存占用: 12089 MB
2024-07-31 14:08:56, PID 3092409 , 内存占用: 129919 MB 显存占用: 12089 MB
2024-07-31 14:08:58, PID 3092409 , 内存占用: 130350 MB 显存占用: 12089 MB
2024-07-31 14:08:59, PID 3092409 , 内存占用: 130798 MB 显存占用: 12089 MB
2024-07-31 14:09:01, PID 3092409 , 内存占用: 131273 MB 显存占用: 12089 MB
2024-07-31 14:09:02, PID 3092409 , 内存占用: 131774 MB 显存占用: 12089 MB
2024-07-31 14:09:03, PID 3092409 , 内存占用: 132237 MB 显存占用: 12089 MB
2024-07-31 14:09:04, PID 3092409 , 内存占用: 132725 MB 显存占用: 12089 MB
2024-07-31 14:09:05, PID 3092409 , 内存占用: 133218 MB 显存占用: 12089 MB
2024-07-31 14:09:07, PID 3092409 , 内存占用: 133787 MB 显存占用: 12089 MB
2024-07-31 14:09:08, PID 3092409 , 内存占用: 134301 MB 显存占用: 12089 MB
2024-07-31 14:09:09, PID 3092409 , 内存占用: 134824 MB 显存占用: 12089 MB
2024-07-31 14:09:10, PID 3092409 , 内存占用: 135364 MB 显存占用: 12089 MB
2024-07-31 14:09:12, PID 3092409 , 内存占用: 135907 MB 显存占用: 12089 MB
2024-07-31 14:09:13, PID 3092409 , 内存占用: 136457 MB 显存占用: 12089 MB
2024-07-31 14:09:14, PID 3092409 , 内存占用: 137043 MB 显存占用: 12089 MB
2024-07-31 14:09:15, PID 3092409 , 内存占用: 137696 MB 显存占用: 12089 MB
2024-07-31 14:09:17, PID 3092409 , 内存占用: 138357 MB 显存占用: 12089 MB
2024-07-31 14:09:18, PID 3092409 , 内存占用: 138999 MB 显存占用: 12089 MB
2024-07-31 14:09:19, PID 3092409 , 内存占用: 139682 MB 显存占用: 12089 MB
2024-07-31 14:09:21, PID 3092409 , 内存占用: 140357 MB 显存占用: 12089 MB
2024-07-31 14:09:22, PID 3092409 , 内存占用: 141033 MB 显存占用: 12089 MB
2024-07-31 14:09:23, PID 3092409 , 内存占用: 141684 MB 显存占用: 12089 MB
2024-07-31 14:09:24, PID 3092409 , 内存占用: 142337 MB 显存占用: 12089 MB
2024-07-31 14:09:25, PID 3092409 , 内存占用: 142988 MB 显存占用: 12089 MB
2024-07-31 14:09:27, PID 3092409 , 内存占用: 143644 MB 显存占用: 12089 MB
2024-07-31 14:09:28, PID 3092409 , 内存占用: 144332 MB 显存占用: 12089 MB
2024-07-31 14:09:29, PID 3092409 , 内存占用: 145024 MB 显存占用: 12089 MB
2024-07-31 14:09:30, PID 3092409 , 内存占用: 145719 MB 显存占用: 12089 MB
2024-07-31 14:09:32, PID 3092409 , 内存占用: 146468 MB 显存占用: 12089 MB
2024-07-31 14:09:33, PID 3092409 , 内存占用: 147246 MB 显存占用: 12089 MB
2024-07-31 14:09:34, PID 3092409 , 内存占用: 148022 MB 显存占用: 12089 MB
2024-07-31 14:09:36, PID 3092409 , 内存占用: 148811 MB 显存占用: 12089 MB
2024-07-31 14:09:37, PID 3092409 , 内存占用: 149585 MB 显存占用: 12089 MB
2024-07-31 14:09:38, PID 3092409 , 内存占用: 150510 MB 显存占用: 12089 MB
2024-07-31 14:09:40, PID 3092409 , 内存占用: 151245 MB 显存占用: 12089 MB
2024-07-31 14:09:41, PID 3092409 , 内存占用: 151989 MB 显存占用: 12089 MB
2024-07-31 14:09:42, PID 3092409 , 内存占用: 152737 MB 显存占用: 12089 MB
2024-07-31 14:09:43, PID 3092409 , 内存占用: 153498 MB 显存占用: 12089 MB
2024-07-31 14:09:44, PID 3092409 , 内存占用: 154271 MB 显存占用: 12089 MB
2024-07-31 14:09:46, PID 3092409 , 内存占用: 155024 MB 显存占用: 12089 MB
2024-07-31 14:09:47, PID 3092409 , 内存占用: 155799 MB 显存占用: 12089 MB
2024-07-31 14:09:48, PID 3092409 , 内存占用: 156562 MB 显存占用: 12089 MB
2024-07-31 14:09:49, PID 3092409 , 内存占用: 157359 MB 显存占用: 12089 MB
2024-07-31 14:09:51, PID 3092409 , 内存占用: 158148 MB 显存占用: 12089 MB
2024-07-31 14:09:52, PID 3092409 , 内存占用: 159006 MB 显存占用: 12089 MB
2024-07-31 14:09:53, PID 3092409 , 内存占用: 159872 MB 显存占用: 12089 MB
2024-07-31 14:09:54, PID 3092409 , 内存占用: 160730 MB 显存占用: 12089 MB
2024-07-31 14:09:56, PID 3092409 , 内存占用: 161535 MB 显存占用: 12089 MB
2024-07-31 14:09:57, PID 3092409 , 内存占用: 162341 MB 显存占用: 12089 MB
2024-07-31 14:09:58, PID 3092409 , 内存占用: 163160 MB 显存占用: 12089 MB
2024-07-31 14:09:59, PID 3092409 , 内存占用: 163910 MB 显存占用: 12089 MB
2024-07-31 14:10:01, PID 3092409 , 内存占用: 164728 MB 显存占用: 12089 MB
2024-07-31 14:10:02, PID 3092409 , 内存占用: 165632 MB 显存占用: 12089 MB
2024-07-31 14:10:03, PID 3092409 , 内存占用: 166446 MB 显存占用: 12089 MB
2024-07-31 14:10:04, PID 3092409 , 内存占用: 167297 MB 显存占用: 12089 MB
2024-07-31 14:10:06, PID 3092409 , 内存占用: 168095 MB 显存占用: 12089 MB
2024-07-31 14:10:07, PID 3092409 , 内存占用: 169026 MB 显存占用: 12089 MB
2024-07-31 14:10:08, PID 3092409 , 内存占用: 169921 MB 显存占用: 12089 MB
2024-07-31 14:10:10, PID 3092409 , 内存占用: 170817 MB 显存占用: 12089 MB
2024-07-31 14:10:11, PID 3092409 , 内存占用: 171718 MB 显存占用: 12089 MB
2024-07-31 14:10:12, PID 3092409 , 内存占用: 172626 MB 显存占用: 12089 MB
2024-07-31 14:10:14, PID 3092409 , 内存占用: 173570 MB 显存占用: 12089 MB
2024-07-31 14:10:15, PID 3092409 , 内存占用: 174469 MB 显存占用: 12089 MB
2024-07-31 14:10:16, PID 3092409 , 内存占用: 175328 MB 显存占用: 12089 MB
2024-07-31 14:10:17, PID 3092409 , 内存占用: 176153 MB 显存占用: 12089 MB
2024-07-31 14:10:18, PID 3092409 , 内存占用: 176990 MB 显存占用: 12089 MB
2024-07-31 14:10:20, PID 3092409 , 内存占用: 177821 MB 显存占用: 12089 MB
2024-07-31 14:10:21, PID 3092409 , 内存占用: 178645 MB 显存占用: 12089 MB
2024-07-31 14:10:22, PID 3092409 , 内存占用: 179483 MB 显存占用: 12089 MB
2024-07-31 14:10:23, PID 3092409 , 内存占用: 180318 MB 显存占用: 12089 MB
2024-07-31 14:10:25, PID 3092409 , 内存占用: 181151 MB 显存占用: 12089 MB
2024-07-31 14:10:26, PID 3092409 , 内存占用: 182022 MB 显存占用: 12089 MB
2024-07-31 14:10:27, PID 3092409 , 内存占用: 182867 MB 显存占用: 12089 MB
2024-07-31 14:10:28, PID 3092409 , 内存占用: 183830 MB 显存占用: 12089 MB
2024-07-31 14:10:30, PID 3092409 , 内存占用: 184720 MB 显存占用: 12089 MB
2024-07-31 14:10:31, PID 3092409 , 内存占用: 185643 MB 显存占用: 12089 MB
2024-07-31 14:10:32, PID 3092409 , 内存占用: 186592 MB 显存占用: 12089 MB
2024-07-31 14:10:34, PID 3092409 , 内存占用: 187492 MB 显存占用: 12089 MB
2024-07-31 14:10:35, PID 3092409 , 内存占用: 188408 MB 显存占用: 12089 MB
2024-07-31 14:10:36, PID 3092409 , 内存占用: 189326 MB 显存占用: 12089 MB
2024-07-31 14:10:37, PID 3092409 , 内存占用: 190165 MB 显存占用: 12089 MB
2024-07-31 14:10:39, PID 3092409 , 内存占用: 190974 MB 显存占用: 12089 MB
2024-07-31 14:10:40, PID 3092409 , 内存占用: 191813 MB 显存占用: 12089 MB
2024-07-31 14:10:41, PID 3092409 , 内存占用: 192659 MB 显存占用: 12089 MB
2024-07-31 14:10:42, PID 3092409 , 内存占用: 193490 MB 显存占用: 12089 MB
2024-07-31 14:10:43, PID 3092409 , 内存占用: 194320 MB 显存占用: 12089 MB
2024-07-31 14:10:45, PID 3092409 , 内存占用: 195126 MB 显存占用: 12089 MB
2024-07-31 14:10:46, PID 3092409 , 内存占用: 195960 MB 显存占用: 12089 MB
2024-07-31 14:10:47, PID 3092409 , 内存占用: 196807 MB 显存占用: 12089 MB
2024-07-31 14:10:49, PID 3092409 , 内存占用: 197714 MB 显存占用: 12089 MB
2024-07-31 14:10:50, PID 3092409 , 内存占用: 198631 MB 显存占用: 12089 MB
2024-07-31 14:10:51, PID 3092409 , 内存占用: 199586 MB 显存占用: 12089 MB
2024-07-31 14:10:53, PID 3092409 , 内存占用: 200464 MB 显存占用: 12089 MB
2024-07-31 14:10:54, PID 3092409 , 内存占用: 201409 MB 显存占用: 12089 MB
2024-07-31 14:10:55, PID 3092409 , 内存占用: 202345 MB 显存占用: 12089 MB
2024-07-31 14:10:56, PID 3092409 , 内存占用: 203203 MB 显存占用: 12089 MB
2024-07-31 14:10:58, PID 3092409 , 内存占用: 204041 MB 显存占用: 12089 MB
2024-07-31 14:10:59, PID 3092409 , 内存占用: 204850 MB 显存占用: 12089 MB
2024-07-31 14:11:00, PID 3092409 , 内存占用: 205683 MB 显存占用: 12089 MB
2024-07-31 14:11:01, PID 3092409 , 内存占用: 206488 MB 显存占用: 12089 MB
2024-07-31 14:11:02, PID 3092409 , 内存占用: 207316 MB 显存占用: 12089 MB
2024-07-31 14:11:04, PID 3092409 , 内存占用: 208155 MB 显存占用: 12089 MB
2024-07-31 14:11:05, PID 3092409 , 内存占用: 209042 MB 显存占用: 12089 MB
2024-07-31 14:11:06, PID 3092409 , 内存占用: 209973 MB 显存占用: 12089 MB
2024-07-31 14:11:08, PID 3092409 , 内存占用: 210884 MB 显存占用: 12089 MB
2024-07-31 14:11:09, PID 3092409 , 内存占用: 211804 MB 显存占用: 12089 MB
2024-07-31 14:11:10, PID 3092409 , 内存占用: 212716 MB 显存占用: 12089 MB
2024-07-31 14:11:11, PID 3092409 , 内存占用: 213560 MB 显存占用: 12089 MB
2024-07-31 14:11:13, PID 3092409 , 内存占用: 214407 MB 显存占用: 12089 MB
2024-07-31 14:11:14, PID 3092409 , 内存占用: 215238 MB 显存占用: 12089 MB
2024-07-31 14:11:15, PID 3092409 , 内存占用: 216073 MB 显存占用: 12089 MB
2024-07-31 14:11:16, PID 3092409 , 内存占用: 216902 MB 显存占用: 12089 MB
2024-07-31 14:11:18, PID 3092409 , 内存占用: 217684 MB 显存占用: 12089 MB
2024-07-31 14:11:19, PID 3092409 , 内存占用: 218504 MB 显存占用: 12089 MB
2024-07-31 14:11:20, PID 3092409 , 内存占用: 219340 MB 显存占用: 12089 MB
2024-07-31 14:11:21, PID 3092409 , 内存占用: 220165 MB 显存占用: 12089 MB
2024-07-31 14:11:22, PID 3092409 , 内存占用: 221012 MB 显存占用: 12089 MB
2024-07-31 14:11:24, PID 3092409 , 内存占用: 221819 MB 显存占用: 12089 MB
2024-07-31 14:11:25, PID 3092409 , 内存占用: 222724 MB 显存占用: 12089 MB
2024-07-31 14:11:26, PID 3092409 , 内存占用: 223610 MB 显存占用: 12089 MB
2024-07-31 14:11:28, PID 3092409 , 内存占用: 224517 MB 显存占用: 12089 MB
2024-07-31 14:11:29, PID 3092409 , 内存占用: 225462 MB 显存占用: 12089 MB
2024-07-31 14:11:30, PID 3092409 , 内存占用: 226358 MB 显存占用: 12089 MB
2024-07-31 14:11:32, PID 3092409 , 内存占用: 227264 MB 显存占用: 12089 MB
2024-07-31 14:11:33, PID 3092409 , 内存占用: 228160 MB 显存占用: 12089 MB
2024-07-31 14:11:34, PID 3092409 , 内存占用: 229033 MB 显存占用: 12089 MB
2024-07-31 14:11:35, PID 3092409 , 内存占用: 229861 MB 显存占用: 12089 MB
2024-07-31 14:11:37, PID 3092409 , 内存占用: 230706 MB 显存占用: 12089 MB
2024-07-31 14:11:38, PID 3092409 , 内存占用: 231514 MB 显存占用: 12089 MB
2024-07-31 14:11:39, PID 3092409 , 内存占用: 232196 MB 显存占用: 12089 MB
2024-07-31 14:11:40, PID 3092409 , 内存占用: 233028 MB 显存占用: 12089 MB
2024-07-31 14:11:42, PID 3092409 , 内存占用: 233684 MB 显存占用: 12089 MB
2024-07-31 14:11:43, PID 3092409 , 内存占用: 233793 MB 显存占用: 12089 MB
2024-07-31 14:11:48, PID 3092409 , 内存占用: 233925 MB 显存占用: 12089 MB
2024-07-31 14:12:06, PID 3092409 , 内存占用: 0 MB 显存占用: 12089 MB
2024-07-31 14:12:08, PID 3092409 , 内存占用: 0 MB 显存占用: 12089 MB
2024-07-31 14:12:09, PID 3092409 , 内存占用: 0 MB 显存占用: 12089 MB
2024-07-31 14:12:10, PID 3092409 , 内存占用: 0 MB 显存占用: 12089 MB
2024-07-31 14:12:11, PID 3092409 , 内存占用: 0 MB 显存占用: 12089 MB
2024-07-31 14:12:13, PID 3092409 , 内存占用: 0 MB 显存占用: 12089 MB
2024-07-31 14:12:14, PID 3092409 , 内存占用: 0 MB 显存占用: 12089 MB
3092409
平均内存占用: 110816.46 MB
峰值内存占用: 233925 MB, 228 GB
峰值显存占用 12089 MB
