yes here.
Epoch 0:
平均每个batch用时0.00000s, 预计epoch时间: 0.000s
平均每个batch用时0.04674s, 预计epoch时间: 1038.654s
平均每个batch用时0.04832s, 预计epoch时间: 1073.935s
平均每个batch用时0.05151s, 预计epoch时间: 1144.829s
平均每个batch用时0.05346s, 预计epoch时间: 1188.169s
平均每个batch用时0.05505s, 预计epoch时间: 1223.393s
平均每个batch用时0.05562s, 预计epoch时间: 1236.048s
平均每个batch用时0.05692s, 预计epoch时间: 1264.887s
平均每个batch用时0.05824s, 预计epoch时间: 1294.378s
平均每个batch用时0.05806s, 预计epoch时间: 1290.259s
平均每个batch用时0.05831s, 预计epoch时间: 1295.785s
平均每个batch用时0.05883s, 预计epoch时间: 1307.454s
平均每个batch用时0.05968s, 预计epoch时间: 1326.370s
平均每个batch用时0.06028s, 预计epoch时间: 1339.550s
平均每个batch用时0.06097s, 预计epoch时间: 1354.963s
平均每个batch用时0.06249s, 预计epoch时间: 1388.786s
平均每个batch用时0.06220s, 预计epoch时间: 1382.437s
平均每个batch用时0.06213s, 预计epoch时间: 1380.868s
平均每个batch用时0.06252s, 预计epoch时间: 1389.474s
平均每个batch用时0.06188s, 预计epoch时间: 1375.259s
平均每个batch用时0.06225s, 预计epoch时间: 1383.387s
平均每个batch用时0.06136s, 预计epoch时间: 1363.630s
平均每个batch用时0.05849s, 预计epoch时间: 1299.888s
	total time:1287.10s prep time:756.60s sample time:57.84s mfgs time:34.76s gen_flags time:15.89s load_data time:93.90s gen_plan time:219.36s up_indicators time:252.62s up_buffs time:13.26s up_mail time:61.55s
model time: 313.14897322654724, loss time: 210.4577841758728
	train loss:32710260.6419  val ap:0.860714  val auc:0.840405 val time:218.00s
Epoch 1:
平均每个batch用时0.00000s, 预计epoch时间: 0.000s
平均每个batch用时0.04566s, 预计epoch时间: 1014.695s
平均每个batch用时0.04782s, 预计epoch时间: 1062.853s
平均每个batch用时0.04946s, 预计epoch时间: 1099.305s
平均每个batch用时0.05146s, 预计epoch时间: 1143.746s
平均每个batch用时0.05291s, 预计epoch时间: 1175.883s
平均每个batch用时0.05515s, 预计epoch时间: 1225.732s
平均每个batch用时0.05684s, 预计epoch时间: 1263.224s
平均每个batch用时0.05705s, 预计epoch时间: 1267.875s
平均每个batch用时0.05768s, 预计epoch时间: 1281.981s
平均每个batch用时0.05857s, 预计epoch时间: 1301.679s
平均每个batch用时0.05961s, 预计epoch时间: 1324.778s
平均每个batch用时0.06027s, 预计epoch时间: 1339.432s
平均每个batch用时0.06062s, 预计epoch时间: 1347.221s
平均每个batch用时0.06097s, 预计epoch时间: 1354.991s
平均每个batch用时0.06198s, 预计epoch时间: 1377.391s
平均每个batch用时0.06226s, 预计epoch时间: 1383.706s
平均每个batch用时0.06245s, 预计epoch时间: 1387.944s
平均每个batch用时0.06297s, 预计epoch时间: 1399.409s
平均每个batch用时0.06321s, 预计epoch时间: 1404.766s
平均每个batch用时0.06276s, 预计epoch时间: 1394.740s
平均每个batch用时0.06160s, 预计epoch时间: 1368.954s
平均每个batch用时0.05761s, 预计epoch时间: 1280.349s
	total time:1280.40s prep time:750.22s sample time:58.46s mfgs time:35.05s gen_flags time:15.93s load_data time:94.73s gen_plan time:219.00s up_indicators time:252.70s up_buffs time:6.72s up_mail time:62.03s
model time: 311.84024953842163, loss time: 211.42157793045044
	train loss:31850372.9605  val ap:0.868021  val auc:0.844465 val time:220.36s
Loading model at epoch 0...
