start
=============================================
=============================================
=============================================

2024-07-31 14:12:15, PID 3105201 , 内存占用: 13 MB 显存占用: 9 MB
2024-07-31 14:12:16, PID 3105201 , 内存占用: 187 MB 显存占用: 9 MB
2024-07-31 14:12:18, PID 3105201 , 内存占用: 250 MB 显存占用: 9 MB
2024-07-31 14:12:19, PID 3105201 , 内存占用: 534 MB 显存占用: 9 MB
2024-07-31 14:12:20, PID 3105201 , 内存占用: 2102 MB 显存占用: 9 MB
2024-07-31 14:12:22, PID 3105201 , 内存占用: 3703 MB 显存占用: 9 MB
2024-07-31 14:12:23, PID 3105201 , 内存占用: 5330 MB 显存占用: 9 MB
2024-07-31 14:12:24, PID 3105201 , 内存占用: 6873 MB 显存占用: 9 MB
2024-07-31 14:12:25, PID 3105201 , 内存占用: 8404 MB 显存占用: 9 MB
2024-07-31 14:12:27, PID 3105201 , 内存占用: 9907 MB 显存占用: 9 MB
2024-07-31 14:12:28, PID 3105201 , 内存占用: 11477 MB 显存占用: 9 MB
2024-07-31 14:12:29, PID 3105201 , 内存占用: 13076 MB 显存占用: 9 MB
2024-07-31 14:12:30, PID 3105201 , 内存占用: 14675 MB 显存占用: 9 MB
2024-07-31 14:12:31, PID 3105201 , 内存占用: 16090 MB 显存占用: 9 MB
2024-07-31 14:12:33, PID 3105201 , 内存占用: 17631 MB 显存占用: 9 MB
2024-07-31 14:12:34, PID 3105201 , 内存占用: 19280 MB 显存占用: 9 MB
2024-07-31 14:12:35, PID 3105201 , 内存占用: 20849 MB 显存占用: 9 MB
2024-07-31 14:12:36, PID 3105201 , 内存占用: 22334 MB 显存占用: 9 MB
2024-07-31 14:12:38, PID 3105201 , 内存占用: 23905 MB 显存占用: 9 MB
2024-07-31 14:12:39, PID 3105201 , 内存占用: 25424 MB 显存占用: 9 MB
2024-07-31 14:12:40, PID 3105201 , 内存占用: 26945 MB 显存占用: 9 MB
2024-07-31 14:12:41, PID 3105201 , 内存占用: 28571 MB 显存占用: 9 MB
2024-07-31 14:12:42, PID 3105201 , 内存占用: 30131 MB 显存占用: 9 MB
2024-07-31 14:12:44, PID 3105201 , 内存占用: 31797 MB 显存占用: 9 MB
2024-07-31 14:12:45, PID 3105201 , 内存占用: 33560 MB 显存占用: 9 MB
2024-07-31 14:12:46, PID 3105201 , 内存占用: 60980 MB 显存占用: 9 MB
2024-07-31 14:12:48, PID 3105201 , 内存占用: 88353 MB 显存占用: 9 MB
2024-07-31 14:12:49, PID 3105201 , 内存占用: 116675 MB 显存占用: 9 MB
2024-07-31 14:12:50, PID 3105201 , 内存占用: 141483 MB 显存占用: 9 MB
2024-07-31 14:12:52, PID 3105201 , 内存占用: 161824 MB 显存占用: 9 MB
2024-07-31 14:12:53, PID 3105201 , 内存占用: 157026 MB 显存占用: 9 MB
2024-07-31 14:12:54, PID 3105201 , 内存占用: 136926 MB 显存占用: 9 MB
2024-07-31 14:12:55, PID 3105201 , 内存占用: 133365 MB 显存占用: 9 MB
2024-07-31 14:12:57, PID 3105201 , 内存占用: 133550 MB 显存占用: 9 MB
2024-07-31 14:12:58, PID 3105201 , 内存占用: 133743 MB 显存占用: 9 MB
2024-07-31 14:12:59, PID 3105201 , 内存占用: 133914 MB 显存占用: 9 MB
2024-07-31 14:13:00, PID 3105201 , 内存占用: 134074 MB 显存占用: 9 MB
2024-07-31 14:13:01, PID 3105201 , 内存占用: 134233 MB 显存占用: 9 MB
2024-07-31 14:13:03, PID 3105201 , 内存占用: 134397 MB 显存占用: 9 MB
2024-07-31 14:13:04, PID 3105201 , 内存占用: 134570 MB 显存占用: 9 MB
2024-07-31 14:13:05, PID 3105201 , 内存占用: 134739 MB 显存占用: 9 MB
2024-07-31 14:13:06, PID 3105201 , 内存占用: 134916 MB 显存占用: 9 MB
2024-07-31 14:13:08, PID 3105201 , 内存占用: 135088 MB 显存占用: 9 MB
2024-07-31 14:13:09, PID 3105201 , 内存占用: 135272 MB 显存占用: 9 MB
2024-07-31 14:13:10, PID 3105201 , 内存占用: 135452 MB 显存占用: 9 MB
2024-07-31 14:13:11, PID 3105201 , 内存占用: 135648 MB 显存占用: 9 MB
2024-07-31 14:13:13, PID 3105201 , 内存占用: 135823 MB 显存占用: 9 MB
2024-07-31 14:13:14, PID 3105201 , 内存占用: 136002 MB 显存占用: 9 MB
2024-07-31 14:13:15, PID 3105201 , 内存占用: 136173 MB 显存占用: 9 MB
2024-07-31 14:13:16, PID 3105201 , 内存占用: 136341 MB 显存占用: 9 MB
2024-07-31 14:13:17, PID 3105201 , 内存占用: 136516 MB 显存占用: 9 MB
2024-07-31 14:13:19, PID 3105201 , 内存占用: 136698 MB 显存占用: 9 MB
2024-07-31 14:13:20, PID 3105201 , 内存占用: 136874 MB 显存占用: 9 MB
2024-07-31 14:13:22, PID 3105201 , 内存占用: 137107 MB 显存占用: 9 MB
2024-07-31 14:13:23, PID 3105201 , 内存占用: 137311 MB 显存占用: 9 MB
2024-07-31 14:13:24, PID 3105201 , 内存占用: 137486 MB 显存占用: 9 MB
2024-07-31 14:13:26, PID 3105201 , 内存占用: 137683 MB 显存占用: 9 MB
2024-07-31 14:13:27, PID 3105201 , 内存占用: 137871 MB 显存占用: 9 MB
2024-07-31 14:13:28, PID 3105201 , 内存占用: 138068 MB 显存占用: 9 MB
2024-07-31 14:13:30, PID 3105201 , 内存占用: 138269 MB 显存占用: 9 MB
2024-07-31 14:13:31, PID 3105201 , 内存占用: 138457 MB 显存占用: 9 MB
2024-07-31 14:13:32, PID 3105201 , 内存占用: 138628 MB 显存占用: 9 MB
2024-07-31 14:13:33, PID 3105201 , 内存占用: 138782 MB 显存占用: 9 MB
2024-07-31 14:13:34, PID 3105201 , 内存占用: 138936 MB 显存占用: 9 MB
2024-07-31 14:13:36, PID 3105201 , 内存占用: 139090 MB 显存占用: 9 MB
2024-07-31 14:13:37, PID 3105201 , 内存占用: 139251 MB 显存占用: 9 MB
2024-07-31 14:13:38, PID 3105201 , 内存占用: 139454 MB 显存占用: 9 MB
2024-07-31 14:13:40, PID 3105201 , 内存占用: 139615 MB 显存占用: 9 MB
2024-07-31 14:13:41, PID 3105201 , 内存占用: 139783 MB 显存占用: 9 MB
2024-07-31 14:13:42, PID 3105201 , 内存占用: 139938 MB 显存占用: 9 MB
2024-07-31 14:13:43, PID 3105201 , 内存占用: 140086 MB 显存占用: 9 MB
2024-07-31 14:13:44, PID 3105201 , 内存占用: 140231 MB 显存占用: 9 MB
2024-07-31 14:13:46, PID 3105201 , 内存占用: 140390 MB 显存占用: 9 MB
2024-07-31 14:13:47, PID 3105201 , 内存占用: 140547 MB 显存占用: 9 MB
2024-07-31 14:13:48, PID 3105201 , 内存占用: 140701 MB 显存占用: 9 MB
2024-07-31 14:13:49, PID 3105201 , 内存占用: 140855 MB 显存占用: 9 MB
2024-07-31 14:13:50, PID 3105201 , 内存占用: 141002 MB 显存占用: 9 MB
2024-07-31 14:13:52, PID 3105201 , 内存占用: 141142 MB 显存占用: 9 MB
2024-07-31 14:13:53, PID 3105201 , 内存占用: 141311 MB 显存占用: 9 MB
2024-07-31 14:13:54, PID 3105201 , 内存占用: 141476 MB 显存占用: 9 MB
2024-07-31 14:13:56, PID 3105201 , 内存占用: 141634 MB 显存占用: 9 MB
2024-07-31 14:13:57, PID 3105201 , 内存占用: 141790 MB 显存占用: 9 MB
2024-07-31 14:13:58, PID 3105201 , 内存占用: 141950 MB 显存占用: 9 MB
2024-07-31 14:13:59, PID 3105201 , 内存占用: 142111 MB 显存占用: 9 MB
2024-07-31 14:14:00, PID 3105201 , 内存占用: 142269 MB 显存占用: 9 MB
2024-07-31 14:14:02, PID 3105201 , 内存占用: 142425 MB 显存占用: 9 MB
2024-07-31 14:14:03, PID 3105201 , 内存占用: 142601 MB 显存占用: 9 MB
2024-07-31 14:14:04, PID 3105201 , 内存占用: 142787 MB 显存占用: 9 MB
2024-07-31 14:14:06, PID 3105201 , 内存占用: 142961 MB 显存占用: 9 MB
2024-07-31 14:14:07, PID 3105201 , 内存占用: 143138 MB 显存占用: 9 MB
2024-07-31 14:14:08, PID 3105201 , 内存占用: 143300 MB 显存占用: 9 MB
2024-07-31 14:14:09, PID 3105201 , 内存占用: 143457 MB 显存占用: 9 MB
2024-07-31 14:14:11, PID 3105201 , 内存占用: 147266 MB 显存占用: 9 MB
2024-07-31 14:14:12, PID 3105201 , 内存占用: 150945 MB 显存占用: 9 MB
2024-07-31 14:14:13, PID 3105201 , 内存占用: 154878 MB 显存占用: 9 MB
2024-07-31 14:14:14, PID 3105201 , 内存占用: 158402 MB 显存占用: 9 MB
2024-07-31 14:14:16, PID 3105201 , 内存占用: 162194 MB 显存占用: 9 MB
2024-07-31 14:14:17, PID 3105201 , 内存占用: 166163 MB 显存占用: 9 MB
2024-07-31 14:14:18, PID 3105201 , 内存占用: 170379 MB 显存占用: 9 MB
2024-07-31 14:14:20, PID 3105201 , 内存占用: 173867 MB 显存占用: 9 MB
2024-07-31 14:14:21, PID 3105201 , 内存占用: 174095 MB 显存占用: 9 MB
2024-07-31 14:14:22, PID 3105201 , 内存占用: 174755 MB 显存占用: 9 MB
2024-07-31 14:14:23, PID 3105201 , 内存占用: 175453 MB 显存占用: 9 MB
2024-07-31 14:14:24, PID 3105201 , 内存占用: 176182 MB 显存占用: 9 MB
2024-07-31 14:14:26, PID 3105201 , 内存占用: 176982 MB 显存占用: 9 MB
2024-07-31 14:14:27, PID 3105201 , 内存占用: 177580 MB 显存占用: 9 MB
2024-07-31 14:14:28, PID 3105201 , 内存占用: 178176 MB 显存占用: 9 MB
2024-07-31 14:14:29, PID 3105201 , 内存占用: 178680 MB 显存占用: 9 MB
2024-07-31 14:14:31, PID 3105201 , 内存占用: 179226 MB 显存占用: 9 MB
2024-07-31 14:14:32, PID 3105201 , 内存占用: 179767 MB 显存占用: 9 MB
2024-07-31 14:14:33, PID 3105201 , 内存占用: 152192 MB 显存占用: 9 MB
2024-07-31 14:14:34, PID 3105201 , 内存占用: 152192 MB 显存占用: 9 MB
2024-07-31 14:14:36, PID 3105201 , 内存占用: 152192 MB 显存占用: 9 MB
2024-07-31 14:14:37, PID 3105201 , 内存占用: 152192 MB 显存占用: 9 MB
2024-07-31 14:14:38, PID 3105201 , 内存占用: 152198 MB 显存占用: 9 MB
2024-07-31 14:14:39, PID 3105201 , 内存占用: 152198 MB 显存占用: 9 MB
2024-07-31 14:14:40, PID 3105201 , 内存占用: 152382 MB 显存占用: 509 MB
2024-07-31 14:14:42, PID 3105201 , 内存占用: 152480 MB 显存占用: 709 MB
2024-07-31 14:14:43, PID 3105201 , 内存占用: 152488 MB 显存占用: 4383 MB
2024-07-31 14:14:44, PID 3105201 , 内存占用: 154115 MB 显存占用: 4383 MB
2024-07-31 14:14:46, PID 3105201 , 内存占用: 152490 MB 显存占用: 4383 MB
2024-07-31 14:14:47, PID 3105201 , 内存占用: 138264 MB 显存占用: 15353 MB
2024-07-31 14:14:48, PID 3105201 , 内存占用: 112579 MB 显存占用: 15353 MB
2024-07-31 14:14:50, PID 3105201 , 内存占用: 86516 MB 显存占用: 15353 MB
2024-07-31 14:14:51, PID 3105201 , 内存占用: 60627 MB 显存占用: 15353 MB
2024-07-31 14:14:52, PID 3105201 , 内存占用: 35601 MB 显存占用: 15353 MB
2024-07-31 14:14:53, PID 3105201 , 内存占用: 10930 MB 显存占用: 15353 MB
3105201
平均内存占用: 115939.26 MB
峰值内存占用: 179767 MB, 175 GB
峰值显存占用 15353 MB
