start
=============================================
=============================================
=============================================

2024-07-31 11:07:16, PID 2716630 , 内存占用: 66 MB 显存占用: 9 MB
2024-07-31 11:07:18, PID 2716630 , 内存占用: 251 MB 显存占用: 9 MB
2024-07-31 11:07:19, PID 2716630 , 内存占用: 860 MB 显存占用: 9 MB
2024-07-31 11:07:20, PID 2716630 , 内存占用: 1504 MB 显存占用: 559 MB
2024-07-31 11:07:21, PID 2716630 , 内存占用: 2092 MB 显存占用: 735 MB
2024-07-31 11:07:23, PID 2716630 , 内存占用: 3112 MB 显存占用: 1311 MB
2024-07-31 11:07:24, PID 2716630 , 内存占用: 3183 MB 显存占用: 1893 MB
2024-07-31 11:07:25, PID 2716630 , 内存占用: 3166 MB 显存占用: 2025 MB
2024-07-31 11:07:27, PID 2716630 , 内存占用: 3166 MB 显存占用: 2235 MB
2024-07-31 11:07:28, PID 2716630 , 内存占用: 3167 MB 显存占用: 2309 MB
2024-07-31 11:07:29, PID 2716630 , 内存占用: 3200 MB 显存占用: 2309 MB
2024-07-31 11:07:31, PID 2716630 , 内存占用: 3170 MB 显存占用: 2463 MB
2024-07-31 11:07:32, PID 2716630 , 内存占用: 3124 MB 显存占用: 2463 MB
2024-07-31 11:07:33, PID 2716630 , 内存占用: 3203 MB 显存占用: 2545 MB
2024-07-31 11:07:35, PID 2716630 , 内存占用: 3181 MB 显存占用: 2545 MB
2024-07-31 11:07:36, PID 2716630 , 内存占用: 3173 MB 显存占用: 2627 MB
2024-07-31 11:07:37, PID 2716630 , 内存占用: 3173 MB 显存占用: 2627 MB
2024-07-31 11:07:39, PID 2716630 , 内存占用: 3174 MB 显存占用: 2627 MB
2024-07-31 11:07:40, PID 2716630 , 内存占用: 3208 MB 显存占用: 2711 MB
2024-07-31 11:07:41, PID 2716630 , 内存占用: 3208 MB 显存占用: 2711 MB
2024-07-31 11:07:42, PID 2716630 , 内存占用: 3226 MB 显存占用: 2797 MB
2024-07-31 11:07:44, PID 2716630 , 内存占用: 3225 MB 显存占用: 2797 MB
2024-07-31 11:07:45, PID 2716630 , 内存占用: 3275 MB 显存占用: 2885 MB
2024-07-31 11:07:46, PID 2716630 , 内存占用: 3225 MB 显存占用: 2885 MB
2024-07-31 11:07:48, PID 2716630 , 内存占用: 3226 MB 显存占用: 2885 MB
2024-07-31 11:07:49, PID 2716630 , 内存占用: 3226 MB 显存占用: 2885 MB
2024-07-31 11:07:50, PID 2716630 , 内存占用: 3226 MB 显存占用: 2885 MB
2024-07-31 11:07:52, PID 2716630 , 内存占用: 3226 MB 显存占用: 2885 MB
2024-07-31 11:07:53, PID 2716630 , 内存占用: 3226 MB 显存占用: 2885 MB
2024-07-31 11:07:54, PID 2716630 , 内存占用: 3226 MB 显存占用: 2885 MB
2024-07-31 11:07:56, PID 2716630 , 内存占用: 3226 MB 显存占用: 2885 MB
2024-07-31 11:07:57, PID 2716630 , 内存占用: 3226 MB 显存占用: 2885 MB
2024-07-31 11:07:58, PID 2716630 , 内存占用: 3226 MB 显存占用: 2885 MB
2024-07-31 11:08:00, PID 2716630 , 内存占用: 3225 MB 显存占用: 2885 MB
2024-07-31 11:08:01, PID 2716630 , 内存占用: 3226 MB 显存占用: 2885 MB
2024-07-31 11:08:02, PID 2716630 , 内存占用: 3226 MB 显存占用: 2885 MB
2024-07-31 11:08:04, PID 2716630 , 内存占用: 3274 MB 显存占用: 2885 MB
2024-07-31 11:08:05, PID 2716630 , 内存占用: 3226 MB 显存占用: 2885 MB
2024-07-31 11:08:06, PID 2716630 , 内存占用: 3226 MB 显存占用: 2885 MB
2024-07-31 11:08:08, PID 2716630 , 内存占用: 3226 MB 显存占用: 2885 MB
2024-07-31 11:08:09, PID 2716630 , 内存占用: 3227 MB 显存占用: 2885 MB
2716630
平均内存占用: 2932.75 MB
峰值内存占用: 3275 MB, 3 GB
峰值显存占用 2885 MB
