start
=============================================
=============================================
=============================================

2024-07-31 11:08:45, PID 2719917 , 内存占用: 66 MB 显存占用: 9 MB
2024-07-31 11:08:46, PID 2719917 , 内存占用: 273 MB 显存占用: 9 MB
2024-07-31 11:08:47, PID 2719917 , 内存占用: 1757 MB 显存占用: 9 MB
2024-07-31 11:08:49, PID 2719917 , 内存占用: 3627 MB 显存占用: 9 MB
2024-07-31 11:08:50, PID 2719917 , 内存占用: 5201 MB 显存占用: 9 MB
2024-07-31 11:08:51, PID 2719917 , 内存占用: 6281 MB 显存占用: 9 MB
2024-07-31 11:08:53, PID 2719917 , 内存占用: 6442 MB 显存占用: 9 MB
2024-07-31 11:08:54, PID 2719917 , 内存占用: 6962 MB 显存占用: 467 MB
2024-07-31 11:08:55, PID 2719917 , 内存占用: 9819 MB 显存占用: 735 MB
2024-07-31 11:08:57, PID 2719917 , 内存占用: 9980 MB 显存占用: 735 MB
2024-07-31 11:08:58, PID 2719917 , 内存占用: 10574 MB 显存占用: 819 MB
2024-07-31 11:08:59, PID 2719917 , 内存占用: 11313 MB 显存占用: 1385 MB
2024-07-31 11:09:01, PID 2719917 , 内存占用: 11349 MB 显存占用: 1619 MB
2024-07-31 11:09:02, PID 2719917 , 内存占用: 11327 MB 显存占用: 1729 MB
2024-07-31 11:09:03, PID 2719917 , 内存占用: 11349 MB 显存占用: 1847 MB
2024-07-31 11:09:04, PID 2719917 , 内存占用: 11328 MB 显存占用: 1911 MB
2024-07-31 11:09:06, PID 2719917 , 内存占用: 11336 MB 显存占用: 1911 MB
2024-07-31 11:09:07, PID 2719917 , 内存占用: 11335 MB 显存占用: 1975 MB
2024-07-31 11:09:08, PID 2719917 , 内存占用: 11331 MB 显存占用: 1975 MB
2024-07-31 11:09:10, PID 2719917 , 内存占用: 11354 MB 显存占用: 1975 MB
2024-07-31 11:09:11, PID 2719917 , 内存占用: 11339 MB 显存占用: 1975 MB
2024-07-31 11:09:12, PID 2719917 , 内存占用: 11342 MB 显存占用: 1975 MB
2024-07-31 11:09:14, PID 2719917 , 内存占用: 11349 MB 显存占用: 1975 MB
2024-07-31 11:09:15, PID 2719917 , 内存占用: 11342 MB 显存占用: 1975 MB
2024-07-31 11:09:16, PID 2719917 , 内存占用: 11377 MB 显存占用: 1975 MB
2024-07-31 11:09:18, PID 2719917 , 内存占用: 11346 MB 显存占用: 1975 MB
2024-07-31 11:09:19, PID 2719917 , 内存占用: 11350 MB 显存占用: 1975 MB
2024-07-31 11:09:20, PID 2719917 , 内存占用: 11343 MB 显存占用: 1975 MB
2024-07-31 11:09:22, PID 2719917 , 内存占用: 11340 MB 显存占用: 1975 MB
2024-07-31 11:09:23, PID 2719917 , 内存占用: 11334 MB 显存占用: 1975 MB
2024-07-31 11:09:24, PID 2719917 , 内存占用: 11351 MB 显存占用: 1975 MB
2024-07-31 11:09:25, PID 2719917 , 内存占用: 11388 MB 显存占用: 1975 MB
2024-07-31 11:09:27, PID 2719917 , 内存占用: 11361 MB 显存占用: 1975 MB
2024-07-31 11:09:28, PID 2719917 , 内存占用: 11355 MB 显存占用: 1975 MB
2024-07-31 11:09:29, PID 2719917 , 内存占用: 11327 MB 显存占用: 1975 MB
2024-07-31 11:09:31, PID 2719917 , 内存占用: 11341 MB 显存占用: 1975 MB
2024-07-31 11:09:32, PID 2719917 , 内存占用: 11340 MB 显存占用: 1975 MB
2024-07-31 11:09:33, PID 2719917 , 内存占用: 11349 MB 显存占用: 1975 MB
2024-07-31 11:09:35, PID 2719917 , 内存占用: 11334 MB 显存占用: 1975 MB
2024-07-31 11:09:36, PID 2719917 , 内存占用: 11366 MB 显存占用: 1975 MB
2024-07-31 11:09:37, PID 2719917 , 内存占用: 11340 MB 显存占用: 1975 MB
2024-07-31 11:09:39, PID 2719917 , 内存占用: 11328 MB 显存占用: 1975 MB
2024-07-31 11:09:40, PID 2719917 , 内存占用: 11335 MB 显存占用: 1975 MB
2024-07-31 11:09:41, PID 2719917 , 内存占用: 11379 MB 显存占用: 1975 MB
2024-07-31 11:09:43, PID 2719917 , 内存占用: 11341 MB 显存占用: 1975 MB
2024-07-31 11:09:44, PID 2719917 , 内存占用: 11357 MB 显存占用: 1975 MB
2024-07-31 11:09:45, PID 2719917 , 内存占用: 11337 MB 显存占用: 1975 MB
2024-07-31 11:09:47, PID 2719917 , 内存占用: 11338 MB 显存占用: 1975 MB
2024-07-31 11:09:48, PID 2719917 , 内存占用: 11339 MB 显存占用: 1975 MB
2024-07-31 11:09:49, PID 2719917 , 内存占用: 11338 MB 显存占用: 1975 MB
2024-07-31 11:09:51, PID 2719917 , 内存占用: 11342 MB 显存占用: 1975 MB
2024-07-31 11:09:52, PID 2719917 , 内存占用: 11329 MB 显存占用: 1975 MB
2024-07-31 11:09:53, PID 2719917 , 内存占用: 11373 MB 显存占用: 1975 MB
2024-07-31 11:09:54, PID 2719917 , 内存占用: 11345 MB 显存占用: 1975 MB
2024-07-31 11:09:56, PID 2719917 , 内存占用: 11312 MB 显存占用: 1975 MB
2024-07-31 11:09:57, PID 2719917 , 内存占用: 11335 MB 显存占用: 1975 MB
2024-07-31 11:09:58, PID 2719917 , 内存占用: 11336 MB 显存占用: 1975 MB
2024-07-31 11:10:00, PID 2719917 , 内存占用: 11375 MB 显存占用: 1975 MB
2024-07-31 11:10:01, PID 2719917 , 内存占用: 11338 MB 显存占用: 1975 MB
2024-07-31 11:10:02, PID 2719917 , 内存占用: 11337 MB 显存占用: 1975 MB
2024-07-31 11:10:04, PID 2719917 , 内存占用: 11376 MB 显存占用: 1975 MB
2024-07-31 11:10:05, PID 2719917 , 内存占用: 11336 MB 显存占用: 1975 MB
2024-07-31 11:10:06, PID 2719917 , 内存占用: 11337 MB 显存占用: 1975 MB
2024-07-31 11:10:08, PID 2719917 , 内存占用: 11338 MB 显存占用: 1975 MB
2024-07-31 11:10:09, PID 2719917 , 内存占用: 11338 MB 显存占用: 1975 MB
2024-07-31 11:10:10, PID 2719917 , 内存占用: 11339 MB 显存占用: 1975 MB
2024-07-31 11:10:12, PID 2719917 , 内存占用: 11379 MB 显存占用: 1975 MB
2024-07-31 11:10:13, PID 2719917 , 内存占用: 11339 MB 显存占用: 1975 MB
2024-07-31 11:10:14, PID 2719917 , 内存占用: 11345 MB 显存占用: 1975 MB
2024-07-31 11:10:16, PID 2719917 , 内存占用: 11340 MB 显存占用: 1975 MB
2024-07-31 11:10:17, PID 2719917 , 内存占用: 11343 MB 显存占用: 1975 MB
2024-07-31 11:10:18, PID 2719917 , 内存占用: 11384 MB 显存占用: 1975 MB
2024-07-31 11:10:20, PID 2719917 , 内存占用: 11312 MB 显存占用: 1975 MB
2024-07-31 11:10:21, PID 2719917 , 内存占用: 11344 MB 显存占用: 1975 MB
2024-07-31 11:10:22, PID 2719917 , 内存占用: 11372 MB 显存占用: 1975 MB
2024-07-31 11:10:24, PID 2719917 , 内存占用: 11332 MB 显存占用: 1975 MB
2024-07-31 11:10:25, PID 2719917 , 内存占用: 11336 MB 显存占用: 1975 MB
2024-07-31 11:10:26, PID 2719917 , 内存占用: 11350 MB 显存占用: 1975 MB
2024-07-31 11:10:27, PID 2719917 , 内存占用: 11339 MB 显存占用: 1975 MB
2024-07-31 11:10:29, PID 2719917 , 内存占用: 11340 MB 显存占用: 1975 MB
2024-07-31 11:10:30, PID 2719917 , 内存占用: 11339 MB 显存占用: 1975 MB
2024-07-31 11:10:31, PID 2719917 , 内存占用: 11339 MB 显存占用: 1975 MB
2024-07-31 11:10:33, PID 2719917 , 内存占用: 11342 MB 显存占用: 1975 MB
2024-07-31 11:10:34, PID 2719917 , 内存占用: 11366 MB 显存占用: 1975 MB
2024-07-31 11:10:35, PID 2719917 , 内存占用: 11334 MB 显存占用: 1975 MB
2024-07-31 11:10:37, PID 2719917 , 内存占用: 11337 MB 显存占用: 1975 MB
2024-07-31 11:10:38, PID 2719917 , 内存占用: 11349 MB 显存占用: 1975 MB
2024-07-31 11:10:39, PID 2719917 , 内存占用: 11338 MB 显存占用: 1975 MB
2024-07-31 11:10:41, PID 2719917 , 内存占用: 11347 MB 显存占用: 1975 MB
2024-07-31 11:10:42, PID 2719917 , 内存占用: 11333 MB 显存占用: 1975 MB
2024-07-31 11:10:43, PID 2719917 , 内存占用: 11367 MB 显存占用: 1975 MB
2024-07-31 11:10:45, PID 2719917 , 内存占用: 11340 MB 显存占用: 1975 MB
2024-07-31 11:10:46, PID 2719917 , 内存占用: 11380 MB 显存占用: 1975 MB
2024-07-31 11:10:47, PID 2719917 , 内存占用: 11341 MB 显存占用: 1975 MB
2024-07-31 11:10:48, PID 2719917 , 内存占用: 11324 MB 显存占用: 1975 MB
2024-07-31 11:10:50, PID 2719917 , 内存占用: 11333 MB 显存占用: 1975 MB
2024-07-31 11:10:51, PID 2719917 , 内存占用: 11354 MB 显存占用: 1975 MB
2024-07-31 11:10:52, PID 2719917 , 内存占用: 11246 MB 显存占用: 1975 MB
2024-07-31 11:10:54, PID 2719917 , 内存占用: 11288 MB 显存占用: 1975 MB
2024-07-31 11:10:55, PID 2719917 , 内存占用: 11334 MB 显存占用: 1975 MB
2024-07-31 11:10:56, PID 2719917 , 内存占用: 11295 MB 显存占用: 1975 MB
2024-07-31 11:10:58, PID 2719917 , 内存占用: 11295 MB 显存占用: 1975 MB
2024-07-31 11:10:59, PID 2719917 , 内存占用: 11307 MB 显存占用: 1975 MB
2024-07-31 11:11:00, PID 2719917 , 内存占用: 11294 MB 显存占用: 1975 MB
2024-07-31 11:11:02, PID 2719917 , 内存占用: 11295 MB 显存占用: 1975 MB
2024-07-31 11:11:03, PID 2719917 , 内存占用: 11309 MB 显存占用: 1975 MB
2024-07-31 11:11:04, PID 2719917 , 内存占用: 11312 MB 显存占用: 1975 MB
2024-07-31 11:11:06, PID 2719917 , 内存占用: 11312 MB 显存占用: 1975 MB
2024-07-31 11:11:07, PID 2719917 , 内存占用: 11331 MB 显存占用: 1975 MB
2024-07-31 11:11:08, PID 2719917 , 内存占用: 11312 MB 显存占用: 1975 MB
2024-07-31 11:11:09, PID 2719917 , 内存占用: 11311 MB 显存占用: 1975 MB
2024-07-31 11:11:11, PID 2719917 , 内存占用: 11311 MB 显存占用: 1975 MB
2024-07-31 11:11:12, PID 2719917 , 内存占用: 11312 MB 显存占用: 1975 MB
2024-07-31 11:11:13, PID 2719917 , 内存占用: 11537 MB 显存占用: 1975 MB
2024-07-31 11:11:15, PID 2719917 , 内存占用: 11387 MB 显存占用: 1975 MB
2024-07-31 11:11:16, PID 2719917 , 内存占用: 11403 MB 显存占用: 1975 MB
2024-07-31 11:11:17, PID 2719917 , 内存占用: 11403 MB 显存占用: 1975 MB
2024-07-31 11:11:19, PID 2719917 , 内存占用: 11403 MB 显存占用: 1975 MB
2024-07-31 11:11:20, PID 2719917 , 内存占用: 11403 MB 显存占用: 1975 MB
2024-07-31 11:11:21, PID 2719917 , 内存占用: 11403 MB 显存占用: 1975 MB
2024-07-31 11:11:23, PID 2719917 , 内存占用: 11403 MB 显存占用: 1975 MB
2024-07-31 11:11:24, PID 2719917 , 内存占用: 11403 MB 显存占用: 1975 MB
2024-07-31 11:11:25, PID 2719917 , 内存占用: 11403 MB 显存占用: 1975 MB
2024-07-31 11:11:27, PID 2719917 , 内存占用: 11403 MB 显存占用: 1975 MB
2024-07-31 11:11:28, PID 2719917 , 内存占用: 11403 MB 显存占用: 1975 MB
2024-07-31 11:11:29, PID 2719917 , 内存占用: 11402 MB 显存占用: 1975 MB
2024-07-31 11:11:31, PID 2719917 , 内存占用: 11402 MB 显存占用: 1975 MB
2024-07-31 11:11:32, PID 2719917 , 内存占用: 11403 MB 显存占用: 1975 MB
2024-07-31 11:11:33, PID 2719917 , 内存占用: 11403 MB 显存占用: 1975 MB
2024-07-31 11:11:34, PID 2719917 , 内存占用: 11402 MB 显存占用: 1975 MB
2024-07-31 11:11:36, PID 2719917 , 内存占用: 11403 MB 显存占用: 1975 MB
2024-07-31 11:11:37, PID 2719917 , 内存占用: 11403 MB 显存占用: 1975 MB
2024-07-31 11:11:38, PID 2719917 , 内存占用: 11403 MB 显存占用: 1975 MB
2024-07-31 11:11:40, PID 2719917 , 内存占用: 11402 MB 显存占用: 1975 MB
2024-07-31 11:11:41, PID 2719917 , 内存占用: 11403 MB 显存占用: 1975 MB
2024-07-31 11:11:42, PID 2719917 , 内存占用: 11403 MB 显存占用: 1975 MB
2024-07-31 11:11:44, PID 2719917 , 内存占用: 11403 MB 显存占用: 1975 MB
2024-07-31 11:11:45, PID 2719917 , 内存占用: 11403 MB 显存占用: 1975 MB
2024-07-31 11:11:46, PID 2719917 , 内存占用: 11403 MB 显存占用: 1975 MB
2024-07-31 11:11:48, PID 2719917 , 内存占用: 11403 MB 显存占用: 1975 MB
2024-07-31 11:11:49, PID 2719917 , 内存占用: 11403 MB 显存占用: 1975 MB
2024-07-31 11:11:50, PID 2719917 , 内存占用: 11403 MB 显存占用: 1975 MB
2024-07-31 11:11:52, PID 2719917 , 内存占用: 11403 MB 显存占用: 1975 MB
2024-07-31 11:11:53, PID 2719917 , 内存占用: 11403 MB 显存占用: 1975 MB
2024-07-31 11:11:54, PID 2719917 , 内存占用: 11403 MB 显存占用: 1975 MB
2024-07-31 11:11:56, PID 2719917 , 内存占用: 11403 MB 显存占用: 1975 MB
2024-07-31 11:11:57, PID 2719917 , 内存占用: 11403 MB 显存占用: 1975 MB
2024-07-31 11:11:58, PID 2719917 , 内存占用: 11403 MB 显存占用: 1975 MB
2024-07-31 11:11:59, PID 2719917 , 内存占用: 11403 MB 显存占用: 1975 MB
2024-07-31 11:12:01, PID 2719917 , 内存占用: 11403 MB 显存占用: 1975 MB
2024-07-31 11:12:02, PID 2719917 , 内存占用: 11403 MB 显存占用: 1975 MB
2024-07-31 11:12:03, PID 2719917 , 内存占用: 11403 MB 显存占用: 1975 MB
2024-07-31 11:12:05, PID 2719917 , 内存占用: 11402 MB 显存占用: 1975 MB
2024-07-31 11:12:06, PID 2719917 , 内存占用: 11403 MB 显存占用: 1975 MB
2024-07-31 11:12:07, PID 2719917 , 内存占用: 11403 MB 显存占用: 1975 MB
2024-07-31 11:12:09, PID 2719917 , 内存占用: 11403 MB 显存占用: 1975 MB
2024-07-31 11:12:10, PID 2719917 , 内存占用: 11403 MB 显存占用: 1975 MB
2024-07-31 11:12:11, PID 2719917 , 内存占用: 11404 MB 显存占用: 1975 MB
2024-07-31 11:12:13, PID 2719917 , 内存占用: 11403 MB 显存占用: 1975 MB
2024-07-31 11:12:14, PID 2719917 , 内存占用: 11403 MB 显存占用: 1975 MB
2024-07-31 11:12:15, PID 2719917 , 内存占用: 11402 MB 显存占用: 1975 MB
2024-07-31 11:12:17, PID 2719917 , 内存占用: 11402 MB 显存占用: 1975 MB
2024-07-31 11:12:18, PID 2719917 , 内存占用: 11403 MB 显存占用: 1975 MB
2024-07-31 11:12:19, PID 2719917 , 内存占用: 11403 MB 显存占用: 1975 MB
2024-07-31 11:12:21, PID 2719917 , 内存占用: 11403 MB 显存占用: 1975 MB
2024-07-31 11:12:22, PID 2719917 , 内存占用: 11403 MB 显存占用: 1975 MB
2024-07-31 11:12:23, PID 2719917 , 内存占用: 11403 MB 显存占用: 1975 MB
2024-07-31 11:12:25, PID 2719917 , 内存占用: 11443 MB 显存占用: 1975 MB
2024-07-31 11:12:26, PID 2719917 , 内存占用: 11403 MB 显存占用: 1975 MB
2024-07-31 11:12:27, PID 2719917 , 内存占用: 11402 MB 显存占用: 1975 MB
2024-07-31 11:12:28, PID 2719917 , 内存占用: 11402 MB 显存占用: 1975 MB
2024-07-31 11:12:30, PID 2719917 , 内存占用: 11403 MB 显存占用: 1975 MB
2024-07-31 11:12:31, PID 2719917 , 内存占用: 11403 MB 显存占用: 1975 MB
2024-07-31 11:12:32, PID 2719917 , 内存占用: 11403 MB 显存占用: 1975 MB
2024-07-31 11:12:34, PID 2719917 , 内存占用: 11403 MB 显存占用: 1975 MB
2024-07-31 11:12:35, PID 2719917 , 内存占用: 11403 MB 显存占用: 1975 MB
2024-07-31 11:12:36, PID 2719917 , 内存占用: 11441 MB 显存占用: 1975 MB
2024-07-31 11:12:38, PID 2719917 , 内存占用: 11403 MB 显存占用: 1975 MB
2024-07-31 11:12:39, PID 2719917 , 内存占用: 11402 MB 显存占用: 1975 MB
2024-07-31 11:12:40, PID 2719917 , 内存占用: 11403 MB 显存占用: 1975 MB
2024-07-31 11:12:42, PID 2719917 , 内存占用: 11403 MB 显存占用: 1975 MB
2024-07-31 11:12:43, PID 2719917 , 内存占用: 11402 MB 显存占用: 1975 MB
2024-07-31 11:12:44, PID 2719917 , 内存占用: 11403 MB 显存占用: 1975 MB
2024-07-31 11:12:46, PID 2719917 , 内存占用: 11403 MB 显存占用: 1975 MB
2024-07-31 11:12:47, PID 2719917 , 内存占用: 11403 MB 显存占用: 1975 MB
2024-07-31 11:12:48, PID 2719917 , 内存占用: 11403 MB 显存占用: 1975 MB
2024-07-31 11:12:50, PID 2719917 , 内存占用: 11403 MB 显存占用: 1975 MB
2024-07-31 11:12:51, PID 2719917 , 内存占用: 11403 MB 显存占用: 1975 MB
2024-07-31 11:12:52, PID 2719917 , 内存占用: 11402 MB 显存占用: 1975 MB
2024-07-31 11:12:53, PID 2719917 , 内存占用: 11403 MB 显存占用: 1975 MB
2024-07-31 11:12:55, PID 2719917 , 内存占用: 11403 MB 显存占用: 1975 MB
2024-07-31 11:12:56, PID 2719917 , 内存占用: 11403 MB 显存占用: 1975 MB
2024-07-31 11:12:57, PID 2719917 , 内存占用: 11274 MB 显存占用: 1975 MB
2024-07-31 11:12:59, PID 2719917 , 内存占用: 11311 MB 显存占用: 1975 MB
2024-07-31 11:13:00, PID 2719917 , 内存占用: 11342 MB 显存占用: 1975 MB
2024-07-31 11:13:01, PID 2719917 , 内存占用: 11305 MB 显存占用: 1975 MB
2024-07-31 11:13:03, PID 2719917 , 内存占用: 11312 MB 显存占用: 1975 MB
2024-07-31 11:13:04, PID 2719917 , 内存占用: 11312 MB 显存占用: 1975 MB
2024-07-31 11:13:05, PID 2719917 , 内存占用: 11301 MB 显存占用: 1975 MB
2024-07-31 11:13:07, PID 2719917 , 内存占用: 11300 MB 显存占用: 1975 MB
2024-07-31 11:13:08, PID 2719917 , 内存占用: 11313 MB 显存占用: 1975 MB
2024-07-31 11:13:09, PID 2719917 , 内存占用: 11312 MB 显存占用: 1975 MB
2024-07-31 11:13:11, PID 2719917 , 内存占用: 11275 MB 显存占用: 1975 MB
2024-07-31 11:13:12, PID 2719917 , 内存占用: 11297 MB 显存占用: 1975 MB
2024-07-31 11:13:13, PID 2719917 , 内存占用: 11311 MB 显存占用: 1975 MB
2024-07-31 11:13:15, PID 2719917 , 内存占用: 11310 MB 显存占用: 1975 MB
2024-07-31 11:13:16, PID 2719917 , 内存占用: 11311 MB 显存占用: 1975 MB
2024-07-31 11:13:17, PID 2719917 , 内存占用: 11310 MB 显存占用: 1975 MB
2024-07-31 11:13:19, PID 2719917 , 内存占用: 9881 MB 显存占用: 1975 MB
2719917
平均内存占用: 11049.66 MB
峰值内存占用: 11537 MB, 11 GB
峰值显存占用 1975 MB
