Sent: init_feats
Received: None
already part feat
Epoch 0:
IO load: 0.000s presample and analyze: 0.000s 预采样: 0.000s, 预采样负采样:0.000s
cur batch: 0, start pre sample and analyze...
第一个块的加载时间: 2.510s
平均每个batch用时0.00000s, 预计epoch时间: 0.000s
run batch0total time: 0.00s,presample: 0.00s, sample: 0.00s, gen block: 0.00s, feat input: 0.00s, model run: 0.00s, loss and opt: 0.00s, update mem: 0.00s
feat_buffer time: IO load: 0.277s presample and analyze: 2.325s 预采样: 0.000s, 预采样负采样:0.440s              记忆刷入和更新:0.012s 纯刷入时间:0.000s 负采样分析: 1.873s
cur batch: 300, start pre sample and analyze...
cur batch: 600, start pre sample and analyze...
cur batch: 900, start pre sample and analyze...
平均每个batch用时0.02690s, 预计epoch时间: 1729.066s
run batch1000total time: 26.90s,presample: 3.03s, sample: 0.56s, gen block: 2.25s, feat input: 1.38s, model run: 5.84s, loss and opt: 10.14s, update mem: 3.02s
feat_buffer time: IO load: 0.441s presample and analyze: 2.585s 预采样: 0.000s, 预采样负采样:0.698s              记忆刷入和更新:0.012s 纯刷入时间:0.000s 负采样分析: 1.873s
cur batch: 1200, start pre sample and analyze...
cur batch: 1500, start pre sample and analyze...
cur batch: 1800, start pre sample and analyze...
平均每个batch用时0.02312s, 预计epoch时间: 1486.416s
run batch2000total time: 50.02s,presample: 3.47s, sample: 1.13s, gen block: 4.50s, feat input: 2.78s, model run: 9.91s, loss and opt: 20.67s, update mem: 6.23s
feat_buffer time: IO load: 0.607s presample and analyze: 2.850s 预采样: 0.000s, 预采样负采样:0.962s              记忆刷入和更新:0.012s 纯刷入时间:0.000s 负采样分析: 1.873s
cur batch: 2100, start pre sample and analyze...
cur batch: 2400, start pre sample and analyze...
cur batch: 2700, start pre sample and analyze...
cur batch: 3000, start pre sample and analyze...
平均每个batch用时0.02297s, 预计epoch时间: 1476.582s
run batch3000total time: 72.99s,presample: 3.91s, sample: 1.68s, gen block: 6.70s, feat input: 4.14s, model run: 13.88s, loss and opt: 31.01s, update mem: 9.69s
feat_buffer time: IO load: 0.830s presample and analyze: 3.219s 预采样: 0.000s, 预采样负采样:1.329s              记忆刷入和更新:0.012s 纯刷入时间:0.000s 负采样分析: 1.873s
cur batch: 3300, start pre sample and analyze...
cur batch: 3600, start pre sample and analyze...
cur batch: 3900, start pre sample and analyze...
平均每个batch用时0.02362s, 预计epoch时间: 1518.620s
run batch4000total time: 96.62s,presample: 4.53s, sample: 2.24s, gen block: 8.95s, feat input: 5.54s, model run: 17.98s, loss and opt: 41.60s, update mem: 13.14s
feat_buffer time: IO load: 1.005s presample and analyze: 3.502s 预采样: 0.000s, 预采样负采样:1.611s              记忆刷入和更新:0.012s 纯刷入时间:0.000s 负采样分析: 1.873s
cur batch: 4200, start pre sample and analyze...
cur batch: 4500, start pre sample and analyze...
cur batch: 4800, start pre sample and analyze...
平均每个batch用时0.02365s, 预计epoch时间: 1520.178s
run batch5000total time: 120.26s,presample: 5.00s, sample: 2.81s, gen block: 11.22s, feat input: 6.95s, model run: 22.04s, loss and opt: 52.36s, update mem: 16.59s
feat_buffer time: IO load: 1.185s presample and analyze: 3.792s 预采样: 0.000s, 预采样负采样:1.900s              记忆刷入和更新:0.012s 纯刷入时间:0.000s 负采样分析: 1.873s
cur batch: 5100, start pre sample and analyze...
cur batch: 5400, start pre sample and analyze...
cur batch: 5700, start pre sample and analyze...
cur batch: 6000, start pre sample and analyze...
平均每个batch用时0.02353s, 预计epoch时间: 1512.358s
run batch6000total time: 143.79s,presample: 5.47s, sample: 3.37s, gen block: 13.46s, feat input: 8.35s, model run: 26.05s, loss and opt: 62.93s, update mem: 20.21s
feat_buffer time: IO load: 1.411s presample and analyze: 4.178s 预采样: 0.000s, 预采样负采样:2.283s              记忆刷入和更新:0.012s 纯刷入时间:0.000s 负采样分析: 1.873s
cur batch: 6300, start pre sample and analyze...
cur batch: 6600, start pre sample and analyze...
cur batch: 6900, start pre sample and analyze...
平均每个batch用时0.02398s, 预计epoch时间: 1541.203s
run batch7000total time: 167.77s,presample: 6.10s, sample: 3.94s, gen block: 15.72s, feat input: 9.75s, model run: 30.10s, loss and opt: 73.77s, update mem: 23.76s
feat_buffer time: IO load: 1.594s presample and analyze: 4.478s 预采样: 0.000s, 预采样负采样:2.582s              记忆刷入和更新:0.012s 纯刷入时间:0.000s 负采样分析: 1.873s
cur batch: 7200, start pre sample and analyze...
cur batch: 7500, start pre sample and analyze...
cur batch: 7800, start pre sample and analyze...
平均每个batch用时0.02394s, 预计epoch时间: 1538.911s
run batch8000total time: 191.70s,presample: 6.59s, sample: 4.51s, gen block: 17.99s, feat input: 11.16s, model run: 34.15s, loss and opt: 84.73s, update mem: 27.29s
feat_buffer time: IO load: 1.772s presample and analyze: 4.778s 预采样: 0.000s, 预采样负采样:2.881s              记忆刷入和更新:0.012s 纯刷入时间:0.000s 负采样分析: 1.873s
cur batch: 8100, start pre sample and analyze...
cur batch: 8400, start pre sample and analyze...
cur batch: 8700, start pre sample and analyze...
cur batch: 9000, start pre sample and analyze...
平均每个batch用时0.02392s, 预计epoch时间: 1537.840s
run batch9000total time: 215.63s,presample: 7.08s, sample: 5.08s, gen block: 20.25s, feat input: 12.56s, model run: 38.15s, loss and opt: 95.65s, update mem: 30.92s
feat_buffer time: IO load: 2.010s presample and analyze: 5.186s 预采样: 0.000s, 预采样负采样:3.287s              记忆刷入和更新:0.012s 纯刷入时间:0.000s 负采样分析: 1.873s
cur batch: 9300, start pre sample and analyze...
cur batch: 9600, start pre sample and analyze...
cur batch: 9900, start pre sample and analyze...
平均每个batch用时0.02406s, 预计epoch时间: 1546.847s
run batch10000total time: 239.69s,presample: 7.74s, sample: 5.64s, gen block: 22.51s, feat input: 13.94s, model run: 42.16s, loss and opt: 106.45s, update mem: 34.66s
feat_buffer time: IO load: 2.192s presample and analyze: 5.497s 预采样: 0.000s, 预采样负采样:3.597s              记忆刷入和更新:0.012s 纯刷入时间:0.000s 负采样分析: 1.873s
cur batch: 10200, start pre sample and analyze...
cur batch: 10500, start pre sample and analyze...
cur batch: 10800, start pre sample and analyze...
平均每个batch用时0.02392s, 预计epoch时间: 1537.799s
run batch11000total time: 263.61s,presample: 8.22s, sample: 6.20s, gen block: 24.73s, feat input: 15.31s, model run: 46.10s, loss and opt: 117.36s, update mem: 38.47s
feat_buffer time: IO load: 2.364s presample and analyze: 5.806s 预采样: 0.000s, 预采样负采样:3.905s              记忆刷入和更新:0.012s 纯刷入时间:0.000s 负采样分析: 1.873s
cur batch: 11100, start pre sample and analyze...
cur batch: 11400, start pre sample and analyze...
cur batch: 11700, start pre sample and analyze...
cur batch: 12000, start pre sample and analyze...
平均每个batch用时0.02409s, 预计epoch时间: 1548.725s
run batch12000total time: 287.71s,presample: 8.72s, sample: 6.76s, gen block: 26.99s, feat input: 16.70s, model run: 50.09s, loss and opt: 128.32s, update mem: 42.23s
feat_buffer time: IO load: 2.600s presample and analyze: 6.225s 预采样: 0.000s, 预采样负采样:4.322s              记忆刷入和更新:0.012s 纯刷入时间:0.000s 负采样分析: 1.873s
cur batch: 12300, start pre sample and analyze...
cur batch: 12600, start pre sample and analyze...
cur batch: 12900, start pre sample and analyze...
平均每个batch用时0.02447s, 预计epoch时间: 1573.139s
run batch13000total time: 312.18s,presample: 9.38s, sample: 7.34s, gen block: 29.28s, feat input: 18.11s, model run: 54.15s, loss and opt: 139.42s, update mem: 45.96s
feat_buffer time: IO load: 2.776s presample and analyze: 6.544s 预采样: 0.000s, 预采样负采样:4.640s              记忆刷入和更新:0.012s 纯刷入时间:0.000s 负采样分析: 1.873s
cur batch: 13200, start pre sample and analyze...
cur batch: 13500, start pre sample and analyze...
cur batch: 13800, start pre sample and analyze...
平均每个batch用时0.02408s, 预计epoch时间: 1547.827s
run batch14000total time: 336.26s,presample: 9.88s, sample: 7.88s, gen block: 31.50s, feat input: 19.47s, model run: 58.07s, loss and opt: 150.48s, update mem: 49.79s
feat_buffer time: IO load: 2.949s presample and analyze: 6.864s 预采样: 0.000s, 预采样负采样:4.959s              记忆刷入和更新:0.012s 纯刷入时间:0.000s 负采样分析: 1.873s
cur batch: 14100, start pre sample and analyze...
cur batch: 14400, start pre sample and analyze...
cur batch: 14700, start pre sample and analyze...
cur batch: 15000, start pre sample and analyze...
平均每个batch用时0.02440s, 预计epoch时间: 1568.338s
run batch15000total time: 360.65s,presample: 10.38s, sample: 8.46s, gen block: 33.78s, feat input: 20.87s, model run: 62.13s, loss and opt: 161.61s, update mem: 53.57s
feat_buffer time: IO load: 3.190s presample and analyze: 7.297s 预采样: 0.000s, 预采样负采样:5.390s              记忆刷入和更新:0.012s 纯刷入时间:0.000s 负采样分析: 1.873s
cur batch: 15300, start pre sample and analyze...
cur batch: 15600, start pre sample and analyze...
cur batch: 15900, start pre sample and analyze...
平均每个batch用时0.02453s, 预计epoch时间: 1576.869s
run batch16000total time: 385.18s,presample: 11.07s, sample: 9.02s, gen block: 36.06s, feat input: 22.26s, model run: 66.15s, loss and opt: 172.65s, update mem: 57.45s
feat_buffer time: IO load: 3.370s presample and analyze: 7.627s 预采样: 0.000s, 预采样负采样:5.719s              记忆刷入和更新:0.012s 纯刷入时间:0.000s 负采样分析: 1.873s
cur batch: 16200, start pre sample and analyze...
cur batch: 16500, start pre sample and analyze...
cur batch: 16800, start pre sample and analyze...
平均每个batch用时0.02464s, 预计epoch时间: 1583.645s
run batch17000total time: 409.82s,presample: 11.57s, sample: 9.60s, gen block: 38.37s, feat input: 23.67s, model run: 70.24s, loss and opt: 183.84s, update mem: 61.33s
feat_buffer time: IO load: 3.541s presample and analyze: 7.954s 预采样: 0.000s, 预采样负采样:6.044s              记忆刷入和更新:0.012s 纯刷入时间:0.000s 负采样分析: 1.873s
cur batch: 17100, start pre sample and analyze...
cur batch: 17400, start pre sample and analyze...
cur batch: 17700, start pre sample and analyze...
cur batch: 18000, start pre sample and analyze...
平均每个batch用时0.02441s, 预计epoch时间: 1569.138s
run batch18000total time: 434.23s,presample: 12.09s, sample: 10.17s, gen block: 40.66s, feat input: 25.08s, model run: 74.28s, loss and opt: 194.86s, update mem: 65.24s
feat_buffer time: IO load: 3.773s presample and analyze: 8.397s 预采样: 0.000s, 预采样负采样:6.486s              记忆刷入和更新:0.012s 纯刷入时间:0.000s 负采样分析: 1.873s
cur batch: 18300, start pre sample and analyze...
cur batch: 18600, start pre sample and analyze...
cur batch: 18900, start pre sample and analyze...
平均每个batch用时0.02471s, 预计epoch时间: 1588.164s
run batch19000total time: 458.94s,presample: 12.78s, sample: 10.74s, gen block: 42.94s, feat input: 26.48s, model run: 78.34s, loss and opt: 206.02s, update mem: 69.11s
feat_buffer time: IO load: 3.956s presample and analyze: 8.739s 预采样: 0.000s, 预采样负采样:6.827s              记忆刷入和更新:0.012s 纯刷入时间:0.000s 负采样分析: 1.873s
cur batch: 19200, start pre sample and analyze...
cur batch: 19500, start pre sample and analyze...
cur batch: 19800, start pre sample and analyze...
平均每个batch用时0.02432s, 预计epoch时间: 1563.350s
run batch20000total time: 483.26s,presample: 13.31s, sample: 11.30s, gen block: 45.20s, feat input: 27.87s, model run: 82.36s, loss and opt: 216.93s, update mem: 73.12s
feat_buffer time: IO load: 4.139s presample and analyze: 9.082s 预采样: 0.000s, 预采样负采样:7.168s              记忆刷入和更新:0.012s 纯刷入时间:0.000s 负采样分析: 1.873s
cur batch: 20100, start pre sample and analyze...
cur batch: 20400, start pre sample and analyze...
cur batch: 20700, start pre sample and analyze...
cur batch: 21000, start pre sample and analyze...
平均每个batch用时0.02450s, 预计epoch时间: 1574.889s
run batch21000total time: 507.75s,presample: 13.84s, sample: 11.87s, gen block: 47.48s, feat input: 29.27s, model run: 86.37s, loss and opt: 228.05s, update mem: 77.05s
feat_buffer time: IO load: 4.378s presample and analyze: 9.544s 预采样: 0.000s, 预采样负采样:7.628s              记忆刷入和更新:0.012s 纯刷入时间:0.000s 负采样分析: 1.873s
cur batch: 21300, start pre sample and analyze...
cur batch: 21600, start pre sample and analyze...
cur batch: 21900, start pre sample and analyze...
平均每个batch用时0.02489s, 预计epoch时间: 1599.969s
run batch22000total time: 532.64s,presample: 14.55s, sample: 12.44s, gen block: 49.77s, feat input: 30.67s, model run: 90.42s, loss and opt: 239.34s, update mem: 80.95s
feat_buffer time: IO load: 4.558s presample and analyze: 9.889s 预采样: 0.000s, 预采样负采样:7.972s              记忆刷入和更新:0.012s 纯刷入时间:0.000s 负采样分析: 1.873s
cur batch: 22200, start pre sample and analyze...
cur batch: 22500, start pre sample and analyze...
cur batch: 22800, start pre sample and analyze...
平均每个batch用时0.02470s, 预计epoch时间: 1587.512s
run batch23000total time: 557.34s,presample: 15.09s, sample: 13.01s, gen block: 52.09s, feat input: 32.08s, model run: 94.45s, loss and opt: 250.57s, update mem: 84.91s
feat_buffer time: IO load: 4.739s presample and analyze: 10.240s 预采样: 0.000s, 预采样负采样:8.322s              记忆刷入和更新:0.012s 纯刷入时间:0.000s 负采样分析: 1.873s
cur batch: 23100, start pre sample and analyze...
cur batch: 23400, start pre sample and analyze...
cur batch: 23700, start pre sample and analyze...
cur batch: 24000, start pre sample and analyze...
平均每个batch用时0.02454s, 预计epoch时间: 1577.223s
run batch24000total time: 581.88s,presample: 15.63s, sample: 13.58s, gen block: 54.35s, feat input: 33.46s, model run: 98.42s, loss and opt: 261.68s, update mem: 88.95s
feat_buffer time: IO load: 4.986s presample and analyze: 10.708s 预采样: 0.000s, 预采样负采样:8.789s              记忆刷入和更新:0.012s 纯刷入时间:0.000s 负采样分析: 1.873s
cur batch: 24300, start pre sample and analyze...
cur batch: 24600, start pre sample and analyze...
cur batch: 24900, start pre sample and analyze...
平均每个batch用时0.02488s, 预计epoch时间: 1599.382s
run batch25000total time: 606.76s,presample: 16.34s, sample: 14.14s, gen block: 56.63s, feat input: 34.85s, model run: 102.43s, loss and opt: 272.98s, update mem: 92.93s
feat_buffer time: IO load: 5.162s presample and analyze: 11.061s 预采样: 0.000s, 预采样负采样:9.140s              记忆刷入和更新:0.012s 纯刷入时间:0.000s 负采样分析: 1.873s
cur batch: 25200, start pre sample and analyze...
cur batch: 25500, start pre sample and analyze...
cur batch: 25800, start pre sample and analyze...
平均每个batch用时0.02469s, 预计epoch时间: 1587.203s
run batch26000total time: 631.45s,presample: 16.87s, sample: 14.71s, gen block: 58.90s, feat input: 36.25s, model run: 106.45s, loss and opt: 284.27s, update mem: 96.88s
feat_buffer time: IO load: 5.335s presample and analyze: 11.417s 预采样: 0.000s, 预采样负采样:9.495s              记忆刷入和更新:0.012s 纯刷入时间:0.000s 负采样分析: 1.873s
cur batch: 26100, start pre sample and analyze...
cur batch: 26400, start pre sample and analyze...
cur batch: 26700, start pre sample and analyze...
cur batch: 27000, start pre sample and analyze...
平均每个batch用时0.02466s, 预计epoch时间: 1584.942s
run batch27000total time: 656.10s,presample: 17.41s, sample: 15.27s, gen block: 61.17s, feat input: 37.64s, model run: 110.44s, loss and opt: 295.50s, update mem: 100.89s
feat_buffer time: IO load: 5.570s presample and analyze: 11.895s 预采样: 0.000s, 预采样负采样:9.971s              记忆刷入和更新:0.012s 纯刷入时间:0.000s 负采样分析: 1.873s
cur batch: 27300, start pre sample and analyze...
cur batch: 27600, start pre sample and analyze...
cur batch: 27900, start pre sample and analyze...
平均每个batch用时0.02491s, 预计epoch时间: 1601.248s
run batch28000total time: 681.01s,presample: 18.14s, sample: 15.85s, gen block: 63.47s, feat input: 39.05s, model run: 114.50s, loss and opt: 306.63s, update mem: 104.94s
feat_buffer time: IO load: 5.751s presample and analyze: 12.256s 预采样: 0.000s, 预采样负采样:10.331s              记忆刷入和更新:0.012s 纯刷入时

间:0.000s 负采样分析: 1.873s
cur batch: 28200, start pre sample and analyze...
cur batch: 28500, start pre sample and analyze...
cur batch: 28800, start pre sample and analyze...
平均每个batch用时0.02464s, 预计epoch时间: 1583.726s
run batch29000total time: 705.65s,presample: 18.67s, sample: 16.41s, gen block: 65.73s, feat input: 40.43s, model run: 118.50s, loss and opt: 317.80s, update mem: 109.02s
feat_buffer time: IO load: 5.921s presample and analyze: 12.611s 预采样: 0.000s, 预采样负采样:10.685s              记忆刷入和更新:0.012s 纯刷入时间:0.000s 负采样分析: 1.873s
cur batch: 29100, start pre sample and analyze...
cur batch: 29400, start pre sample and analyze...
cur batch: 29700, start pre sample and analyze...
cur batch: 30000, start pre sample and analyze...
平均每个batch用时0.02486s, 预计epoch时间: 1597.886s
run batch30000total time: 730.51s,presample: 19.22s, sample: 16.98s, gen block: 68.03s, feat input: 41.83s, model run: 122.53s, loss and opt: 329.10s, update mem: 113.06s
feat_buffer time: IO load: 6.162s presample and analyze: 13.099s 预采样: 0.000s, 预采样负采样:11.171s              记忆刷入和更新:0.012s 纯刷入时间:0.000s 负采样分析: 1.873s
cur batch: 30300, start pre sample and analyze...
cur batch: 30600, start pre sample and analyze...
cur batch: 30900, start pre sample and analyze...
平均每个batch用时0.02523s, 预计epoch时间: 1621.811s
run batch31000total time: 755.74s,presample: 19.94s, sample: 17.56s, gen block: 70.34s, feat input: 43.24s, model run: 126.81s, loss and opt: 340.32s, update mem: 117.11s
feat_buffer time: IO load: 6.332s presample and analyze: 13.460s 预采样: 0.000s, 预采样负采样:11.531s              记忆刷入和更新:0.012s 纯刷入时间:0.000s 负采样分析: 1.873s
cur batch: 31200, start pre sample and analyze...
cur batch: 31500, start pre sample and analyze...
cur batch: 31800, start pre sample and analyze...
平均每个batch用时0.02484s, 预计epoch时间: 1596.735s
run batch32000total time: 780.57s,presample: 20.50s, sample: 18.13s, gen block: 72.63s, feat input: 44.62s, model run: 130.75s, loss and opt: 351.69s, update mem: 121.18s
feat_buffer time: IO load: 6.517s presample and analyze: 13.837s 预采样: 0.000s, 预采样负采样:11.907s              记忆刷入和更新:0.012s 纯刷入时间:0.000s 负采样分析: 1.873s
cur batch: 32100, start pre sample and analyze...
cur batch: 32400, start pre sample and analyze...
cur batch: 32700, start pre sample and analyze...
cur batch: 33000, start pre sample and analyze...
平均每个batch用时0.02465s, 预计epoch时间: 1584.645s
run batch33000total time: 805.23s,presample: 21.06s, sample: 18.70s, gen block: 74.89s, feat input: 46.00s, model run: 134.72s, loss and opt: 362.82s, update mem: 125.31s
feat_buffer time: IO load: 6.758s presample and analyze: 14.332s 预采样: 0.000s, 预采样负采样:12.400s              记忆刷入和更新:0.012s 纯刷入时间:0.000s 负采样分析: 1.873s
cur batch: 33300, start pre sample and analyze...
cur batch: 33600, start pre sample and analyze...
cur batch: 33900, start pre sample and analyze...
平均每个batch用时0.02488s, 预计epoch时间: 1599.010s
run batch34000total time: 830.10s,presample: 21.79s, sample: 19.26s, gen block: 77.16s, feat input: 47.39s, model run: 138.72s, loss and opt: 373.97s, update mem: 129.43s
feat_buffer time: IO load: 6.934s presample and analyze: 14.700s 预采样: 0.000s, 预采样负采样:12.767s              记忆刷入和更新:0.012s 纯刷入时间:0.000s 负采样分析: 1.873s
cur batch: 34200, start pre sample and analyze..cur batch: 34500, start pre sample and analyze...
cur batch: 34800, start pre sample and analyze...
平均每个batch用时0.02489s, 预计epoch时间: 1600.009s
run batch35000total time: 854.99s,presample: 22.35s, sample: 19.83s, gen block: 79.46s, feat input: 48.81s, model run: 142.79s, loss and opt: 385.21s, update mem: 133.48s
feat_buffer time: IO load: 7.115s presample and analyze: 15.074s 预采样: 0.000s, 预采样负采样:13.139s              记忆刷入和更新:0.012s 纯刷入时间:0.000s 负采样分析: 1.873s
cur batch: 35100, start pre sample and analyze...
cur batch: 35400, start pre sample and analyze...
cur batch: 35700, start pre sample and analyze...
cur batch: 36000, start pre sample and analyze...
平均每个batch用时0.02494s, 预计epoch时间: 1603.173s
run batch36000total time: 879.93s,presample: 22.91s, sample: 20.41s, gen block: 81.78s, feat input: 50.23s, model run: 146.89s, loss and opt: 396.39s, update mem: 137.61s
feat_buffer time: IO load: 7.359s presample and analyze: 15.576s 预采样: 0.000s, 预采样负采样:13.640s              记忆刷入和更新:0.012s 纯刷入时间:0.000s 负采样分析: 1.873s
cur batch: 36300, start pre sample and analyze...
cur batch: 36600, start pre sample and analyze...
cur batch: 36900, start pre sample and analyze...
平均每个batch用时0.02521s, 预计epoch时间: 1620.768s
run batch37000total time: 905.14s,presample: 23.67s, sample: 20.99s, gen block: 84.11s, feat input: 51.66s, model run: 151.00s, loss and opt: 407.65s, update mem: 141.67s
feat_buffer time: IO load: 7.545s presample and analyze: 15.956s 预采样: 0.000s, 预采样负采样:14.019s              记忆刷入和更新:0.012s 纯刷入时间:0.000s 负采样分析: 1.873s
cur batch: 37200, start pre sample and analyze...
cur batch: 37500, start pre sample and analyze...
cur batch: 37800, start pre sample and analyze...
平均每个batch用时0.02529s, 预计epoch时间: 1625.758s
run batch38000total time: 930.43s,presample: 24.24s, sample: 21.58s, gen block: 86.47s, feat input: 53.09s, model run: 155.15s, loss and opt: 419.08s, update mem: 145.73s
feat_buffer time: IO load: 7.730s presample and analyze: 16.335s 预采样: 0.000s, 预采样负采样:14.397s              记忆刷入和更新:0.012s 纯刷入时间:0.000s 负采样分析: 1.873s
cur batch: 38100, start pre sample and analyze...
cur batch: 38400, start pre sample and analyze...
cur batch: 38700, start pre sample and analyze...
cur batch: 39000, start pre sample and analyze...
平均每个batch用时0.02499s, 预计epoch时间: 1606.292s
run batch39000total time: 955.42s,presample: 24.80s, sample: 22.15s, gen block: 88.77s, feat input: 54.49s, model run: 159.15s, loss and opt: 430.49s, update mem: 149.81s
feat_buffer time: IO load: 7.971s presample and analyze: 16.841s 预采样: 0.000s, 预采样负采样:14.901s              记忆刷入和更新:0.012s 纯刷入时间:0.000s 负采样分析: 1.873s
cur batch: 39300, start pre sample and analyze...
cur batch: 39600, start pre sample and analyze...
cur batch: 39900, start pre sample and analyze...
平均每个batch用时0.02543s, 预计epoch时间: 1634.669s
run batch40000total time: 980.85s,presample: 25.55s, sample: 22.74s, gen block: 91.12s, feat input: 55.92s, model run: 163.28s, loss and opt: 441.89s, update mem: 153.92s
feat_buffer time: IO load: 8.147s presample and analyze: 17.220s 预采样: 0.000s, 预采样负采样:15.279s              记忆刷入和更新:0.012s 纯刷入时间:0.000s 负采样分析: 1.873s
cur batch: 40200, start pre sample and analyze...
cur batch: 40500, start pre sample and analyze...
cur batch: 40800, start pre sample and analyze...
平均每个batch用时0.02527s, 预计epoch时间: 1624.338s
run batch41000total time: 1006.12s,presample: 26.13s, sample: 23.32s, gen block: 93.47s, feat input: 57.35s, model run: 167.37s, loss and opt: 453.35s, update mem: 158.02s
feat_buffer time: IO load: 8.338s presample and analyze: 17.605s 预采样: 0.000s, 预采样负采样:15.662s              记忆刷入和更新:0.012s 纯刷入时间:0.000s 负采样分析: 1.873s
cur batch: 41100, start pre sample and analyze...
cur batch: 41400, start pre sample and analyze...
cur batch: 41700, start pre sample and analyze...
cur batch: 42000, start pre sample and analyze...
平均每个batch用时0.02507s, 预计epoch时间: 1611.244s
run batch42000total time: 1031.18s,presample: 26.72s, sample: 23.89s, gen block: 95.78s, feat input: 58.77s, model run: 171.49s, loss and opt: 464.64s, update mem: 162.12s
feat_buffer time: IO load: 8.587s presample and analyze: 18.122s 预采样: 0.000s, 预采样负采样:16.177s              记忆刷入和更新:0.012s 纯刷入时间:0.000s 负采样分析: 1.873s
cur batch: 42300, start pre sample and analyze...
cur batch: 42600, start pre sample and analyze...
cur batch: 42900, start pre sample and analyze...
平均每个batch用时0.02545s, 预计epoch时间: 1636.156s
run batch43000total time: 1056.64s,presample: 27.49s, sample: 24.48s, gen block: 98.13s, feat input: 60.20s, model run: 175.57s, loss and opt: 476.14s, update mem: 166.19s
feat_buffer time: IO load: 8.780s presample and analyze: 18.512s 预采样: 0.000s, 预采样负采样:16.566s              记忆刷入和更新:0.012s 纯刷入时间:0.000s 负采样分析: 1.873s
cur batch: 43200, start pre sample and analyze...
cur batch: 43500, start pre sample and analyze...
cur batch: 43800, start pre sample and analyze...
平均每个batch用时0.02533s, 预计epoch时间: 1628.288s
run batch44000total time: 1081.97s,presample: 28.08s, sample: 25.07s, gen block: 100.48s, feat input: 61.65s, model run: 179.73s, loss and opt: 487.60s, update mem: 170.23s
feat_buffer time: IO load: 8.969s presample and analyze: 18.903s 预采样: 0.000s, 预采样负采样:16.956s              记忆刷入和更新:0.012s 纯刷入时间:0.000s 负采样分析: 1.873s
cur batch: 44100, start pre sample and analyze...
cur batch: 44400, start pre sample and analyze...
cur batch: 44700, start pre sample and analyze...
cur batch: 45000, start pre sample and analyze...
平均每个batch用时0.02518s, 预计epoch时间: 1618.494s
run batch45000total time: 1107.14s,presample: 28.67s, sample: 25.64s, gen block: 102.81s, feat input: 63.07s, model run: 183.82s, loss and opt: 498.97s, update mem: 174.36s
feat_buffer time: IO load: 9.227s presample and analyze: 19.425s 预采样: 0.000s, 预采样负采样:17.476s              记忆刷入和更新:0.012s 纯刷入时间:0.000s 负采样分析: 1.873s
cur batch: 45300, start pre sample and analyze...
cur batch: 45600, start pre sample and analyze...
cur batch: 45900, start pre sample and analyze...
平均每个batch用时0.02531s, 预计epoch时间: 1626.821s
run batch46000total time: 1132.45s,presample: 29.44s, sample: 26.21s, gen block: 105.13s, feat input: 64.49s, model run: 187.89s, loss and opt: 510.34s, update mem: 178.50s
feat_buffer time: IO load: 9.407s presample and analyze: 19.813s 预采样: 0.000s, 预采样负采样:17.863s              记忆刷入和更新:0.012s 纯刷入时间:0.000s 负采样分析: 1.873s
cur batch: 46200, start pre sample and analyze...
cur batch: 46500, start pre sample and analyze...
cur batch: 46800, start pre sample and analyze...
平均每个batch用时0.02531s, 预计epoch时间: 1627.226s
run batch47000total time: 1157.77s,presample: 30.02s, sample: 26.79s, gen block: 107.48s, feat input: 65.93s, model run: 192.05s, loss and opt: 521.79s, update mem: 182.56s
feat_buffer time: IO load: 9.599s presample and analyze: 20.204s 预采样: 0.000s, 预采样负采样:18.253s              记忆刷入和更新:0.012s 纯刷入时间:0.000s 负采样分析: 1.873s
cur batch: 47100, start pre sample and analyze...
cur batch: 47400, start pre sample and analyze...
cur batch: 47700, start pre sample and analyze...
cur batch: 48000, start pre sample and analyze...
平均每个batch用时0.02512s, 预计epoch时间: 1614.992s
run batch48000total time: 1182.89s,presample: 30.60s, sample: 27.37s, gen block: 109.78s, feat input: 67.33s, model run: 196.06s, loss and opt: 533.21s, update mem: 186.74s
feat_buffer time: IO load: 9.843s presample and analyze: 20.722s 预采样: 0.000s, 预采样负采样:18.769s              记忆刷入和更新:0.012s 纯刷入时间:0.000s 负采样分析: 1.873s
cur batch: 48300, start pre sample and analyze...
cur batch: 48600, start pre sample and analyze...
cur batch: 48900, start pre sample and analyze...
平均每个batch用时0.02528s, 预计epoch时间: 1625.244s
run batch49000total time: 1208.17s,presample: 31.38s, sample: 27.94s, gen block: 112.09s, feat input: 68.74s, model run: 200.12s, loss and opt: 544.48s, update mem: 190.96s
feat_buffer time: IO load: 10.030s presample and analyze: 21.115s 预采样: 0.000s, 预采样负采样:19.161s              记忆刷入和更新:0.012s 纯刷入时间:0.000s 负采样分析: 1.873s
cur batch: 49200, start pre sample and analyze...
cur batch: 49500, start pre sample and analyze...
cur batch: 49800, start pre sample and analyze...
平均每个batch用时0.02544s, 预计epoch时间: 1635.026s
run batch50000total time: 1233.61s,presample: 31.98s, sample: 28.52s, gen block: 114.47s, feat input: 70.19s, model run: 204.28s, loss and opt: 555.97s, update mem: 195.04s
feat_buffer time: IO load: 10.230s presample and analyze: 21.513s 预采样: 0.000s, 预采样负采样:19.557s              记忆刷入和更新:0.012s 纯刷入时间:0.000s 负采样分析: 1.873s
cur batch: 50100, start pre sample and analyze...
cur batch: 50400, start pre sample and analyze...
cur batch: 50700, start pre sample and analyze...
cur batch: 51000, start pre sample and analyze...
平均每个batch用时0.02519s, 预计epoch时间: 1619.131s
run batch51000total time: 1258.79s,presample: 32.56s, sample: 29.09s, gen block: 116.76s, feat input: 71.60s, model run: 208.34s, loss and opt: 567.37s, update mem: 199.24s
feat_buffer time: IO load: 10.474s presample and analyze: 22.044s 预采样: 0.000s, 预采样负采样:20.087s              记忆刷入和更新:0.012s 纯刷入时间:0.000s 负采样分析: 1.873s
cur batch: 51300, start pre sample and analyze...
cur batch: 51600, start pre sample and analyze...
cur batch: 51900, start pre sample and analyze...
平均每个batch用时0.02552s, 预计epoch时间: 1640.309s
run batch52000total time: 1284.31s,presample: 33.34s, sample: 29.67s, gen block: 119.09s, feat input: 73.02s, model run: 212.46s, loss and opt: 578.83s, update mem: 203.39s
feat_buffer time: IO load: 10.657s presample and analyze: 22.441s 预采样: 0.000s, 预采样负采样:20.482s              记忆刷入和更新:0.012s 纯刷入时间:0.000s 负采样分析: 1.873s
cur batch: 52200, start pre sample and analyze...
cur batch: 52500, start pre sample and analyze...
cur batch: 52800, start pre sample and analyze...
平均每个batch用时0.02507s, 预计epoch时间: 1611.449s
run batch53000total time: 1309.38s,presample: 33.93s, sample: 30.24s, gen block: 121.39s, feat input: 74.43s, model run: 216.52s, loss and opt: 590.07s, update mem: 207.63s
feat_buffer time: IO load: 10.842s presample and analyze: 22.838s 预采样: 0.000s, 预采样负采样:20.878s              记忆刷入和更新:0.012s 纯刷入时间:0.000s 负采样分析: 1.873s
cur batch: 53100, start pre sample and analyze...
cur batch: 53400, start pre sample and analyze...
cur batch: 53700, start pre sample and analyze...
cur batch: 54000, start pre sample and analyze...
平均每个batch用时0.02515s, 预计epoch时间: 1616.593s
run batch54000total time: 1334.53s,presample: 34.52s, sample: 30.82s, gen block: 123.70s, feat input: 75.84s, model run: 220.58s, loss and opt: 601.43s, update mem: 211.83s
feat_buffer time: IO load: 11.098s presample and analyze: 23.370s 预采样: 0.000s, 预采样负采样:21.408s              记忆刷入和更新:0.012s 纯刷入时间:0.000s 负采样分析: 1.873s
cur batch: 54300, start pre sample and analyze...
cur batch: 54600, start pre sample and analyze...
cur batch: 54900, start pre sample and analyze...
平均每个batch用时0.02562s, 预计epoch时间: 1646.645s
run batch55000total time: 1360.14s,presample: 35.32s, sample: 31.40s, gen block: 126.05s, feat input: 77.27s, model run: 224.72s, loss and opt: 612.93s, update mem: 215.97s
feat_buffer time: IO load: 11.289s presample and analyze: 23.769s 预采样: 0.000s, 预采样负采样:21.807s              记忆刷入和更新:0.012s 纯刷入时间:0.000s 负采样分析: 1.873s
cur batch: 55200, start pre sample and analyze...
cur batch: 55500, start pre sample and analyze...
cur batch: 55800, start pre sample and analyze...
平均每个batch用时0.02542s, 预计epoch时间: 1633.727s
run batch56000total time: 1385.56s,presample: 35.90s, sample: 31.98s, gen block: 128.40s, feat input: 78.71s, model run: 228.83s, loss and opt: 624.47s, update mem: 220.09s
feat_buffer time: IO load: 11.469s presample and analyze: 24.166s 预采样: 0.000s, 预采样负采样:22.203s              记忆刷入和更新:0.012s 纯刷入时间:0.000s 负采样分析: 1.873s
cur batch: 56100, start pre sample and analyze...
cur batch: 56400, start pre sample and analyze...
cur batch: 56700, start pre sample and analyze...
cur batch: 57000, start pre sample and analyze...
平均每个batch用时0.02546s, 预计epoch时间: 1636.405s
run batch57000total time: 1411.01s,presample: 36.49s, sample: 32.57s, gen block: 130.75s, feat input: 80.15s, model run: 232.98s, loss and opt: 635.97s, update mem: 224.25s
feat_buffer time: IO load: 11.723s presample and analyze: 24.703s 预采样: 0.000s, 预采样负采样:22.738s              记忆刷入和更新:0.012s 纯刷入时间:0.000s 负采样分析: 1.873s
cur batch: 57300, start pre sample and analyze...
cur batch: 57600, start pre sample and analyze...
cur batch: 57900, start pre sample and analyze...
平均每个batch用时0.02553s, 预计epoch时间: 1640.975s
run batch58000total time: 1436.54s,presample: 37.29s, sample: 33.14s, gen block: 133.08s, feat input: 81.58s, model run: 237.07s, loss and opt: 647.38s, update mem: 228.48s
feat_buffer time: IO load: 11.912s presample and analyze: 25.106s 预采样: 0.000s, 预采样负采样:23.140s              记忆刷入和更新:0.012s 纯刷入时间:0.000s 负采样分析: 1.873s
cur batch: 58200, start pre sample and analyze...
cur batch: 58500, start pre sample and analyze...
cur batch: 58800, start pre sample and analyze...
平均每个batch用时0.02534s, 预计epoch时间: 1628.825s
run batch59000total time: 1461.88s,presample: 37.89s, sample: 33.72s, gen block: 135.41s, feat input: 83.00s, model run: 241.18s, loss and opt: 658.80s, update mem: 232.68s
feat_buffer time: IO load: 12.104s presample and analyze: 25.514s 预采样: 0.000s, 预采样负采样:23.546s              记忆刷入和更新:0.012s 纯刷入时间:0.000s 负采样分析: 1.873s
cur batch: 59100, start pre sample and analyze...
cur batch: 59400, start pre sample and analyze...
cur batch: 59700, start pre sample and analyze...
cur batch: 60000, start pre sample and analyze...
平均每个batch用时0.02504s, 预计epoch时间: 1609.771s
run batch60000total time: 1486.92s,presample: 38.49s, sample: 34.28s, gen block: 137.68s, feat input: 84.38s, model run: 245.12s, loss and opt: 670.09s, update mem: 237.05s
feat_buffer time: IO load: 12.351s presample and analyze: 26.051s 预采样: 0.000s, 预采样负采样:24.082s              记忆刷入和更新:0.012s 纯刷入时间:0.000s 负采样分析: 1.873s
cur batch: 60300, start pre sample and analyze...
cur batch: 60600, start pre sample and analyze...
cur batch: 60900, start pre sample and analyze...
平均每个batch用时0.02568s, 预计epoch时间: 1650.916s
run batch61000total time: 1512.60s,presample: 39.29s, sample: 34.86s, gen block: 140.02s, feat input: 85.81s, model run: 249.22s, loss and opt: 681.64s, update mem: 241.24s
feat_buffer time: IO load: 12.542s presample and analyze: 26.459s 预采样: 0.000s, 预采样负采样:24.487s              记忆刷入和更新:0.012s 纯刷入时间:0.000s 负采样分析: 1.873s
cur batch: 61200, start pre sample and analyze...
cur batch: 61500, start pre sample and analyze...
cur batch: 61800, start pre sample and analyze...
平均每个batch用时0.02547s, 预计epoch时间: 1637.003s
run batch62000total time: 1538.07s,presample: 39.89s, sample: 35.44s, gen block: 142.38s, feat input: 87.26s, model run: 253.38s, loss and opt: 693.12s, update mem: 245.41s
feat_buffer time: IO load: 12.731s presample and analyze: 26.866s 预采样: 0.000s, 预采样负采样:24.893s              记忆刷入和更新:0.012s 纯刷入时间:0.000s 负采样分析: 1.873s
cur batch: 62100, start pre sample and analyze...
cur batch: 62400, start pre sample and analyze...
cur batch: 62700, start pre sample and analyze...
cur batch: 63000, start pre sample and analyze...
平均每个batch用时0.02533s, 预计epoch时间: 1628.230s
run batch63000total time: 1563.40s,presample: 40.49s, sample: 36.02s, gen block: 144.70s, feat input: 88.68s, model run: 257.46s, loss and opt: 704.53s, update mem: 249.65s
feat_buffer time: IO load: 12.981s presample and analyze: 27.405s 预采样: 0.000s, 预采样负采样:25.431s              记忆刷入和更新:0.012s 纯刷入时间:0.000s 负采样分析: 1.873s
cur batch: 63300, start pre sample and analyze...
cur batch: 63600, start pre sample and analyze...
cur batch: 63900, start pre sample and analyze...
平均每个batch用时0.02561s, 预计epoch时间: 1646.168s
run batch64000total time: 1589.01s,presample: 41.18s, sample: 36.61s, gen block: 147.07s, feat input: 90.13s, model run: 261.62s, loss and opt: 716.00s, update mem: 253.85s
feat_buffer time: IO load: 13.170s presample and analyze: 27.708s 预采样: 0.000s, 预采样负采样:25.733s              记忆刷入和更新:0.012s 纯刷入时间:0.000s 负采样分析: 1.873s
cur batch: 64200, start pre sample and analyze...
total loop use time: 1608.1689
run batch64281total time: 1595.97s,presample: 41.21s, sample: 36.77s, gen block: 147.72s, feat input: 90.53s, model run: 262.75s, loss and opt: 719.22s, update mem: 255.04s
Epoch 1:
IO load: 13.204s presample and analyze: 27.708s 预采样: 0.000s, 预采样负采样:25.733s
cur batch: 0, start pre sample and analyze...
第一个块的加载时间: 0.319s
平均每个batch用时0.00000s, 预计epoch时间: 0.000s
run batch0total time: 0.00s,presample: 0.00s, sample: 0.00s, gen block: 0.00s, feat input: 0.00s, model run: 0.00s, loss and opt: 0.00s, update mem: 0.00s
feat_buffer time: IO load: 0.142s presample and analyze: 0.255s 预采样: 0.000s, 预采样负采样:0.147s              记忆刷入和更新:0.012s 纯刷入时间:0.000s 负采样分析: 0.095s
cur batch: 300, start pre sample and analyze...
cur batch: 600, start pre sample and analyze...
cur batch: 900, start pre sample and analyze...
平均每个batch用时0.02326s, 预计epoch时间: 1495.450s
run batch1000total time: 23.26s,presample: 0.82s, sample: 0.59s, gen block: 2.30s, feat input: 1.44s, model run: 4.17s, loss and opt: 10.32s, update mem: 2.95s
feat_buffer time: IO load: 0.312s presample and analyze: 0.507s 预采样: 0.000s, 预采样负采样:0.398s              记忆刷入和更新:0.012s 纯刷入时间:0.000s 负采样分析: 0.095s
cur batch: 1200, start pre sample and analyze...
cur batch: 1500, start pre sample and analyze...
cur batch: 1800, start pre sample and analyze...
平均每个batch用时0.02348s, 预计epoch时间: 1509.101s
run batch2000total time: 46.74s,presample: 1.27s, sample: 1.17s, gen block: 4.62s, feat input: 2.89s, model run: 8.42s, loss and opt: 20.94s, update mem: 6.06s
feat_buffer time: IO load: 0.486s presample and analyze: 0.779s 预采样: 0.000s, 预采样负采样:0.669s              记忆刷入和更新:0.012s 纯刷入时间:0.000s 负采样分析: 0.095s
cur batch: 2100, start pre sample and analyze...
cur batch: 2400, start pre sample and analyze...
cur batch: 2700, start pre sample and analyze...
load feats. node_feat: torch.Size([16682, 413]),edge_feat: torch.Size([191290882, 182])
feat memory: 129.721GB
use valid ef...
子线程prefetch
pre fetch over...
子线程prefetch
pre fetch over...
子线程prefetch
pre fetch over...
子线程prefetch
pre fetch over...
子线程prefetch
pre fetch over...
子线程prefetch
pre fetch over...
子线程prefetch
pre fetch over...
子线程prefetch
pre fetch over...
子线程prefetch
pre fetch over...
子线程prefetch
pre fetch over...
子线程prefetch
pre fetch over...
子线程prefetch
pre fetch over...
子线程prefetch
pre fetch over...
子线程prefetch
pre fetch over...
子线程prefetch
pre fetch over...
子线程prefetch
pre fetch over...
子线程prefetch
pre fetch over...
子线程prefetch
pre fetch over...
子线程prefetch
pre fetch over...
子线程prefetch
pre fetch over...
子线程prefetch
pre fetch over...
子线程prefetch
pre fetch over...
子线程prefetch
pre fetch over...
子线程prefetch
pre fetch over...
子线程prefetch
pre fetch over...
子线程prefetch
pre fetch over...
子线程prefetch
pre fetch over...
子线程prefetch
pre fetch over...
子线程prefetch
pre fetch over...
子线程prefetch
pre fetch over...
子线程prefetch
pre fetch over...
子线程prefetch
pre fetch over...
子线程prefetch
pre fetch over...
子线程prefetch
pre fetch over...
子线程prefetch
pre fetch over...
子线程prefetch
pre fetch over...
子线程prefetch
pre fetch over...
子线程prefetch
pre fetch over...
子线程prefetch
pre fetch over...
子线程prefetch
pre fetch over...
子线程prefetch
pre fetch over...
子线程prefetch
pre fetch over...
子线程prefetch
pre fetch over...
子线程prefetch
pre fetch over...
子线程prefetch
pre fetch over...
子线程prefetch
pre fetch over...
子线程prefetch
pre fetch over...
子线程prefetch
pre fetch over...
子线程prefetch
pre fetch over...
子线程prefetch
pre fetch over...
子线程prefetch
pre fetch over...
子线程prefetch
pre fetch over...
子线程prefetch
pre fetch over...
子线程prefetch
pre fetch over...
子线程prefetch
pre fetch over...
子线程prefetch
pre fetch over...
子线程prefetch
pre fetch over...
子线程prefetch
pre fetch over...
子线程prefetch
pre fetch over...
子线程prefetch
pre fetch over...
子线程prefetch
pre fetch over...
子线程prefetch
pre fetch over...
子线程prefetch
pre fetch over...
子线程prefetch
pre fetch over...
子线程prefetch
pre fetch over...
子线程prefetch
pre fetch over...
子线程prefetch
pre fetch over...
子线程prefetch
pre fetch over...
子线程prefetch
pre fetch over...
子线程prefetch
pre fetch over...
子线程prefetch
pre fetch over...
子线程prefetch
pre fetch over...
子线程prefetch
pre fetch over...
子线程prefetch
pre fetch over...
子线程prefetch
pre fetch over...
子线程prefetch
pre fetch over...
子线程prefetch
pre fetch over...
子线程prefetch
pre fetch over...
子线程prefetch
pre fetch over...
子线程prefetch
pre fetch over...
子线程prefetch
pre fetch over...
子线程prefetch
pre fetch over...
子线程prefetch
pre fetch over...
子线程prefetch
pre fetch over...
子线程prefetch
pre fetch over...
子线程prefetch
pre fetch over...
子线程prefetch
pre fetch over...
子线程prefetch
pre fetch over...
子线程prefetch
pre fetch over...
子线程prefetch
pre fetch over...
子线程prefetch
pre fetch over...
子线程prefetch
pre fetch over...
子线程prefetch
pre fetch over...
子线程prefetch
pre fetch over...
子线程prefetch
pre fetch over...
子线程prefetch
pre fetch over...
子线程prefetch
pre fetch over...
子线程prefetch
pre fetch over...
子线程prefetch
pre fetch over...
子线程prefetch
pre fetch over...
子线程prefetch
pre fetch over...
子线程prefetch
pre fetch over...
子线程prefetch
pre fetch over...
子线程prefetch
pre fetch over...
子线程prefetch
pre fetch over...
子线程prefetch
pre fetch over...
子线程prefetch
pre fetch over...
子线程prefetch
pre fetch over...
子线程prefetch
pre fetch over...
子线程prefetch
pre fetch over...
子线程prefetch
pre fetch over...
子线程prefetch
pre fetch over...
子线程prefetch
pre fetch over...
子线程prefetch
pre fetch over...
子线程prefetch
pre fetch over...
子线程prefetch
pre fetch over...
子线程prefetch
pre fetch over...
子线程prefetch
pre fetch over...
子线程prefetch
pre fetch over...
子线程prefetch
pre fetch over...
子线程prefetch
pre fetch over...
子线程prefetch
pre fetch over...
子线程prefetch
pre fetch over...
子线程prefetch
pre fetch over...
子线程prefetch
pre fetch over...
子线程prefetch
pre fetch over...
子线程prefetch
pre fetch over...
子线程prefetch
pre fetch over...
子线程prefetch
pre fetch over...
子线程prefetch
pre fetch over...
子线程prefetch
pre fetch over...
子线程prefetch
pre fetch over...
子线程prefetch
pre fetch over...
子线程prefetch
pre fetch over...
子线程prefetch
pre fetch over...
子线程prefetch
pre fetch over...
子线程prefetch
pre fetch over...
子线程prefetch
pre fetch over...
子线程prefetch
pre fetch over...
子线程prefetch
pre fetch over...
子线程prefetch
pre fetch over...
子线程prefetch
pre fetch over...
子线程prefetch
pre fetch over...
子线程prefetch
pre fetch over...
子线程prefetch
pre fetch over...
子线程prefetch
pre fetch over...
子线程prefetch
pre fetch over...
子线程prefetch
pre fetch over...
子线程prefetch
pre fetch over...
子线程prefetch
pre fetch over...
子线程prefetch
pre fetch over...
子线程prefetch
pre fetch over...
子线程prefetch
pre fetch over...
子线程prefetch
pre fetch over...
子线程prefetch
pre fetch over...
子线程prefetch
pre fetch over...
子线程prefetch
pre fetch over...
子线程prefetch
pre fetch over...
子线程prefetch
pre fetch over...
子线程prefetch
pre fetch over...
子线程prefetch
pre fetch over...
子线程prefetch
pre fetch over...
子线程prefetch
pre fetch over...
子线程prefetch
pre fetch over...
子线程prefetch
pre fetch over...
子线程prefetch
pre fetch over...
子线程prefetch
pre fetch over...
子线程prefetch
pre fetch over...
子线程prefetch
pre fetch over...
子线程prefetch
pre fetch over...
子线程prefetch
pre fetch over...
子线程prefetch
pre fetch over...
子线程prefetch
pre fetch over...
子线程prefetch
pre fetch over...
子线程prefetch
pre fetch over...
子线程prefetch
pre fetch over...
子线程prefetch
pre fetch over...
子线程prefetch
pre fetch over...
子线程prefetch
pre fetch over...
子线程prefetch
pre fetch over...
子线程prefetch
pre fetch over...
子线程prefetch
pre fetch over...
子线程prefetch
pre fetch over...
子线程prefetch
pre fetch over...
子线程prefetch
pre fetch over...
子线程prefetch
pre fetch over...
子线程prefetch
pre fetch over...
子线程prefetch
pre fetch over...
子线程prefetch
pre fetch over...
子线程prefetch
pre fetch over...
子线程prefetch
pre fetch over...
子线程prefetch
pre fetch over...
子线程prefetch
pre fetch over...
子线程prefetch
pre fetch over...
子线程prefetch
pre fetch over...
子线程prefetch
pre fetch over...
子线程prefetch
pre fetch over...
子线程prefetch
pre fetch over...
子线程prefetch
pre fetch over...
子线程prefetch
pre fetch over...
子线程prefetch
pre fetch over...
子线程prefetch
pre fetch over...
子线程prefetch
pre fetch over...
子线程prefetch
pre fetch over...
子线程prefetch
pre fetch over...
子线程prefetch
pre fetch over...
子线程prefetch
pre fetch over...
子线程prefetch
pre fetch over...
子线程prefetch
pre fetch over...
子线程prefetch
pre fetch over...
子线程prefetch
pre fetch over...
子线程prefetch
pre fetch over...
子线程prefetch
pre fetch over...
子线程prefetch
pre fetch over...
use valid ef...
子线程prefetch
pre fetch over...
子线程prefetch
pre fetch over...
子线程prefetch
pre fetch over...
子线程prefetch
pre fetch over...
子线程prefetch
pre fetch over...
子线程prefetch
pre fetch over...
子线程prefetch
pre fetch over...
子线程prefetch
pre fetch over...
子线程prefetch
pre fetch over...
子线程prefetch
cur batch: 3000, start pre sample and analyze...
平均每个batch用时0.02353s, 预计epoch时间: 1512.857s
run batch3000total time: 70.27s,presample: 1.73s, sample: 1.74s, gen block: 6.90s, feat input: 4.32s, model run: 12.57s, loss and opt: 31.59s, update mem: 9.40s
feat_buffer time: IO load: 0.714s presample and analyze: 1.151s 预采样: 0.000s, 预采样负采样:1.039s              记忆刷入和更新:0.012s 纯刷入时间:0.000s 负采样分析: 0.095s
cur batch: 3300, start pre sample and analyze...
cur batch: 3600, start pre sample and analyze...
cur batch: 3900, start pre sample and analyze...
平均每个batch用时0.02412s, 预计epoch时间: 1550.197s
run batch4000total time: 94.39s,presample: 2.34s, sample: 2.33s, gen block: 9.24s, feat input: 5.76s, model run: 16.79s, loss and opt: 42.43s, update mem: 12.77s
feat_buffer time: IO load: 0.889s presample and analyze: 1.436s 预采样: 0.000s, 预采样负采样:1.323s              记忆刷入和更新:0.012s 纯刷入时间:0.000s 负采样分析: 0.095s
cur batch: 4200, start pre sample and analyze...
cur batch: 4500, start pre sample and analyze...
cur batch: 4800, start pre sample and analyze...
平均每个batch用时0.02445s, 预计epoch时间: 1571.499s
run batch5000total time: 118.84s,presample: 2.82s, sample: 2.93s, gen block: 11.64s, feat input: 7.22s, model run: 21.04s, loss and opt: 53.66s, update mem: 16.12s
feat_buffer time: IO load: 1.067s presample and analyze: 1.725s 预采样: 0.000s, 预采样负采样:1.611s              记忆刷入和更新:0.012s 纯刷入时间:0.000s 负采样分析: 0.095s
cur batch: 5100, start pre sample and analyze...
cur batch: 5400, start pre sample and analyze...
cur batch: 5700, start pre sample and analyze...
cur batch: 6000, start pre sample and analyze...
平均每个batch用时0.02383s, 预计epoch时间: 1532.059s
run batch6000total time: 142.67s,presample: 3.29s, sample: 3.50s, gen block: 13.91s, feat input: 8.62s, model run: 25.06s, loss and opt: 64.51s, update mem: 19.71s
feat_buffer time: IO load: 1.300s presample and analyze: 2.114s 预采样: 0.000s, 预采样负采样:1.999s              记忆刷入和更新:0.012s 纯刷入时间:0.000s 负采样分析: 0.095s
cur batch: 6300, start pre sample and analyze...
cur batch: 6600, start pre sample and analyze...
cur batch: 6900, start pre sample and analyze...
平均每个batch用时0.02428s, 预计epoch时间: 1560.597s
run batch7000total time: 166.95s,presample: 3.92s, sample: 4.08s, gen block: 16.24s, feat input: 10.06s, model run: 29.18s, loss and opt: 75.50s, update mem: 23.24s
feat_buffer time: IO load: 1.476s presample and analyze: 2.408s 预采样: 0.000s, 预采样负采样:2.291s              记忆刷入和更新:0.012s 纯刷入时间:0.000s 负采样分析: 0.095s
cur batch: 7200, start pre sample and analyze...
cur batch: 7500, start pre sample and analyze...
cur batch: 7800, start pre sample and analyze...
平均每个batch用时0.02429s, 预计epoch时间: 1561.356s
run batch8000total time: 191.23s,presample: 4.41s, sample: 4.66s, gen block: 18.58s, feat input: 11.49s, model run: 33.33s, loss and opt: 86.58s, update mem: 26.75s
feat_buffer time: IO load: 1.658s presample and analyze: 2.712s 预采样: 0.000s, 预采样负采样:2.593s              记忆刷入和更新:0.012s 纯刷入时间:0.000s 负采样分析: 0.095s
cur batch: 8100, start pre sample and analyze...
pre fetch over...
子线程prefetch
pre fetch over...
子线程prefetch
pre fetch over...
子线程prefetch
pre fetch over...
子线程prefetch
pre fetch over...
子线程prefetch
pre fetch over...
子线程prefetch
pre fetch over...
子线程prefetch
pre fetch over...
子线程prefetch
pre fetch over...
子线程prefetch
pre fetch over...
子线程prefetch
pre fetch over...
子线程prefetch
pre fetch over...
子线程prefetch
pre fetch over...
子线程prefetch
pre fetch over...
子线程prefetch
pre fetch over...
子线程prefetch
pre fetch over...
子线程prefetch
pre fetch over...
子线程prefetch
pre fetch over...
子线程prefetch
pre fetch over...
Process Process-1:
Traceback (most recent call last):
  File "/raid/guorui/anaconda3/envs/sgnn/lib/python3.8/multiprocessing/process.py", line 315, in _bootstrap
    self.run()
  File "/raid/guorui/anaconda3/envs/sgnn/lib/python3.8/multiprocessing/process.py", line 108, in run
    self._target(*self._args, **self._kwargs)
  File "/raid/guorui/workspace/dgnn/tgl/pre_fetch.py", line 252, in prefetch_worker
    prefetch.run()
  File "/raid/guorui/workspace/dgnn/tgl/pre_fetch.py", line 233, in run
    message = self.conn.recv()
  File "/raid/guorui/anaconda3/envs/sgnn/lib/python3.8/multiprocessing/connection.py", line 250, in recv
    buf = self._recv_bytes()
  File "/raid/guorui/anaconda3/envs/sgnn/lib/python3.8/multiprocessing/connection.py", line 414, in _recv_bytes
    buf = self._recv(4)
  File "/raid/guorui/anaconda3/envs/sgnn/lib/python3.8/multiprocessing/connection.py", line 383, in _recv
    raise EOFError
EOFError
