start
=============================================
=============================================
=============================================

2024-07-21 15:50:43, PID 3914498 , 内存占用: 22 MB 显存占用: 9 MB
2024-07-21 15:50:44, PID 3914498 , 内存占用: 258 MB 显存占用: 9 MB
2024-07-21 15:50:45, PID 3914498 , 内存占用: 487 MB 显存占用: 377 MB
2024-07-21 15:50:46, PID 3914498 , 内存占用: 1233 MB 显存占用: 631 MB
2024-07-21 15:50:47, PID 3914498 , 内存占用: 1830 MB 显存占用: 735 MB
2024-07-21 15:50:49, PID 3914498 , 内存占用: 2400 MB 显存占用: 735 MB
2024-07-21 15:50:50, PID 3914498 , 内存占用: 6470 MB 显存占用: 735 MB
2024-07-21 15:50:51, PID 3914498 , 内存占用: 6752 MB 显存占用: 985 MB
2024-07-21 15:50:52, PID 3914498 , 内存占用: 6928 MB 显存占用: 1713 MB
2024-07-21 15:50:54, PID 3914498 , 内存占用: 7818 MB 显存占用: 2267 MB
2024-07-21 15:50:55, PID 3914498 , 内存占用: 10875 MB 显存占用: 3151 MB
2024-07-21 15:50:56, PID 3914498 , 内存占用: 8693 MB 显存占用: 3563 MB
2024-07-21 15:50:57, PID 3914498 , 内存占用: 8693 MB 显存占用: 3699 MB
2024-07-21 15:50:59, PID 3914498 , 内存占用: 8693 MB 显存占用: 3841 MB
2024-07-21 15:51:00, PID 3914498 , 内存占用: 8693 MB 显存占用: 3985 MB
2024-07-21 15:51:01, PID 3914498 , 内存占用: 8693 MB 显存占用: 3985 MB
2024-07-21 15:51:02, PID 3914498 , 内存占用: 8693 MB 显存占用: 3985 MB
2024-07-21 15:51:03, PID 3914498 , 内存占用: 8693 MB 显存占用: 4059 MB
2024-07-21 15:51:05, PID 3914498 , 内存占用: 8694 MB 显存占用: 4059 MB
2024-07-21 15:51:06, PID 3914498 , 内存占用: 9676 MB 显存占用: 4059 MB
2024-07-21 15:51:07, PID 3914498 , 内存占用: 10296 MB 显存占用: 4059 MB
2024-07-21 15:51:08, PID 3914498 , 内存占用: 8751 MB 显存占用: 4059 MB
2024-07-21 15:51:09, PID 3914498 , 内存占用: 8751 MB 显存占用: 4059 MB
2024-07-21 15:51:11, PID 3914498 , 内存占用: 8751 MB 显存占用: 4059 MB
2024-07-21 15:51:12, PID 3914498 , 内存占用: 8751 MB 显存占用: 4059 MB
2024-07-21 15:51:13, PID 3914498 , 内存占用: 8751 MB 显存占用: 4059 MB
2024-07-21 15:51:14, PID 3914498 , 内存占用: 8751 MB 显存占用: 4059 MB
2024-07-21 15:51:16, PID 3914498 , 内存占用: 8751 MB 显存占用: 4059 MB
2024-07-21 15:51:17, PID 3914498 , 内存占用: 9387 MB 显存占用: 4059 MB
2024-07-21 15:51:18, PID 3914498 , 内存占用: 9011 MB 显存占用: 4059 MB
2024-07-21 15:51:19, PID 3914498 , 内存占用: 11138 MB 显存占用: 4059 MB
2024-07-21 15:51:21, PID 3914498 , 内存占用: 8766 MB 显存占用: 4059 MB
2024-07-21 15:51:22, PID 3914498 , 内存占用: 8766 MB 显存占用: 4059 MB
2024-07-21 15:51:23, PID 3914498 , 内存占用: 8766 MB 显存占用: 4059 MB
2024-07-21 15:51:24, PID 3914498 , 内存占用: 8766 MB 显存占用: 4059 MB
2024-07-21 15:51:26, PID 3914498 , 内存占用: 8766 MB 显存占用: 4059 MB
2024-07-21 15:51:27, PID 3914498 , 内存占用: 8766 MB 显存占用: 4059 MB
2024-07-21 15:51:28, PID 3914498 , 内存占用: 8766 MB 显存占用: 4059 MB
2024-07-21 15:51:29, PID 3914498 , 内存占用: 9132 MB 显存占用: 4059 MB
2024-07-21 15:51:30, PID 3914498 , 内存占用: 9746 MB 显存占用: 4059 MB
2024-07-21 15:51:32, PID 3914498 , 内存占用: 8765 MB 显存占用: 4059 MB
2024-07-21 15:51:33, PID 3914498 , 内存占用: 8765 MB 显存占用: 4059 MB
2024-07-21 15:51:34, PID 3914498 , 内存占用: 8765 MB 显存占用: 4059 MB
2024-07-21 15:51:35, PID 3914498 , 内存占用: 8765 MB 显存占用: 4059 MB
2024-07-21 15:51:37, PID 3914498 , 内存占用: 8765 MB 显存占用: 4059 MB
2024-07-21 15:51:38, PID 3914498 , 内存占用: 8765 MB 显存占用: 4059 MB
2024-07-21 15:51:39, PID 3914498 , 内存占用: 8765 MB 显存占用: 4059 MB
2024-07-21 15:51:40, PID 3914498 , 内存占用: 9224 MB 显存占用: 4059 MB
2024-07-21 15:51:42, PID 3914498 , 内存占用: 8765 MB 显存占用: 4059 MB
2024-07-21 15:51:43, PID 3914498 , 内存占用: 10795 MB 显存占用: 4059 MB
2024-07-21 15:51:44, PID 3914498 , 内存占用: 8766 MB 显存占用: 4059 MB
2024-07-21 15:51:45, PID 3914498 , 内存占用: 8766 MB 显存占用: 4059 MB
2024-07-21 15:51:46, PID 3914498 , 内存占用: 8766 MB 显存占用: 4059 MB
2024-07-21 15:51:48, PID 3914498 , 内存占用: 8766 MB 显存占用: 4059 MB
2024-07-21 15:51:49, PID 3914498 , 内存占用: 8766 MB 显存占用: 4059 MB
2024-07-21 15:51:50, PID 3914498 , 内存占用: 8766 MB 显存占用: 4059 MB
2024-07-21 15:51:51, PID 3914498 , 内存占用: 8766 MB 显存占用: 4059 MB
2024-07-21 15:51:53, PID 3914498 , 内存占用: 3830 MB 显存占用: 3313 MB
3914498
平均内存占用: 7947.91 MB
峰值内存占用: 11138 MB, 10 GB
峰值显存占用 4059 MB
