Sent: init_feats
Received: None
already part feat
Epoch 0:
IO load: 0.000s presample and analyze: 0.000s 预采样: 0.000s, 预采样负采样:0.000s
cur batch: 0, start pre sample and analyze...
第一个块的加载时间: 3.032s
平均每个batch用时0.00000s, 预计epoch时间: 0.000s
run batch0total time: 0.00s,presample: 0.00s, sample: 0.00s, gen block: 0.00s, feat input: 0.00s, model run: 0.00s, loss and opt: 0.00s, update mem: 0.00s
feat_buffer time: IO load: 0.363s presample and analyze: 2.702s 预采样: 0.000s, 预采样负采样:0.195s              记忆刷入和更新:0.469s 纯刷入时间:0.000s 负采样分析: 2.037s
cur batch: 300, start pre sample and analyze...
cur batch: 600, start pre sample and analyze...
cur batch: 900, start pre sample and analyze...
平均每个batch用时0.02551s, 预计epoch时间: 566.969s
run batch1000total time: 25.51s,presample: 3.94s, sample: 0.58s, gen block: 2.30s, feat input: 1.43s, model run: 5.07s, loss and opt: 9.11s, update mem: 2.42s
feat_buffer time: IO load: 1.141s presample and analyze: 2.793s 预采样: 0.000s, 预采样负采样:0.285s              记忆刷入和更新:0.469s 纯刷入时间:0.000s 负采样分析: 2.037s
cur batch: 1200, start pre sample and analyze...
cur batch: 1500, start pre sample and analyze...
cur batch: 1800, start pre sample and analyze...
平均每个batch用时0.02206s, 预计epoch时间: 490.243s
run batch2000total time: 47.57s,presample: 4.81s, sample: 1.18s, gen block: 4.65s, feat input: 2.92s, model run: 9.35s, loss and opt: 18.51s, update mem: 4.82s
feat_buffer time: IO load: 1.925s presample and analyze: 2.880s 预采样: 0.000s, 预采样负采样:0.370s              记忆刷入和更新:0.469s 纯刷入时间:0.000s 负采样分析: 2.037s
cur batch: 2100, start pre sample and analyze...
cur batch: 2400, start pre sample and analyze...
cur batch: 2700, start pre sample and analyze...
cur batch: 3000, start pre sample and analyze...
平均每个batch用时0.02192s, 预计epoch时间: 487.135s
run batch3000total time: 69.49s,presample: 5.80s, sample: 1.77s, gen block: 6.97s, feat input: 4.38s, model run: 13.56s, loss and opt: 27.78s, update mem: 7.23s
feat_buffer time: IO load: 3.078s presample and analyze: 3.050s 预采样: 0.000s, 预采样负采样:0.497s              记忆刷入和更新:0.469s 纯刷入时间:0.000s 负采样分析: 2.037s
cur batch: 3300, start pre sample and analyze...
cur batch: 3600, start pre sample and analyze...
cur batch: 3900, start pre sample and analyze...
平均每个batch用时0.02283s, 预计epoch时间: 507.425s
run batch4000total time: 92.32s,presample: 7.42s, sample: 2.36s, gen block: 9.32s, feat input: 5.87s, model run: 17.87s, loss and opt: 37.19s, update mem: 9.62s
feat_buffer time: IO load: 4.243s presample and analyze: 3.153s 预采样: 0.000s, 预采样负采样:0.598s              记忆刷入和更新:0.469s 纯刷入时间:0.000s 负采样分析: 2.037s
cur batch: 4200, start pre sample and analyze...
cur batch: 4500, start pre sample and analyze...
cur batch: 4800, start pre sample and analyze...
平均每个batch用时0.02266s, 预计epoch时间: 503.496s
run batch5000total time: 114.97s,presample: 8.53s, sample: 2.96s, gen block: 11.69s, feat input: 7.38s, model run: 22.24s, loss and opt: 46.76s, update mem: 12.06s
feat_buffer time: IO load: 5.194s presample and analyze: 3.315s 预采样: 0.000s, 预采样负采样:0.708s              记忆刷入和更新:0.469s 纯刷入时间:0.000s 负采样分析: 2.037s
cur batch: 5100, start pre sample and analyze...
cur batch: 5400, start pre sample and analyze...
cur batch: 5700, start pre sample and analyze...
cur batch: 6000, start pre sample and analyze...
平均每个batch用时0.02243s, 预计epoch时间: 498.434s
run batch6000total time: 137.40s,presample: 9.64s, sample: 3.55s, gen block: 14.05s, feat input: 8.87s, model run: 26.51s, loss and opt: 56.24s, update mem: 14.52s
feat_buffer time: IO load: 6.510s presample and analyze: 3.473s 预采样: 0.000s, 预采样负采样:0.864s              记忆刷入和更新:0.469s 纯刷入时间:0.000s 负采样分析: 2.037s
cur batch: 6300, start pre sample and analyze...
cur batch: 6600, start pre sample and analyze...
cur batch: 6900, start pre sample and analyze...
平均每个batch用时0.02329s, 预计epoch时间: 517.584s
run batch7000total time: 160.69s,presample: 11.39s, sample: 4.15s, gen block: 16.43s, feat input: 10.36s, model run: 30.81s, loss and opt: 65.80s, update mem: 17.05s
feat_buffer time: IO load: 7.754s presample and analyze: 3.601s 预采样: 0.000s, 预采样负采样:0.991s              记忆刷入和更新:0.469s 纯刷入时间:0.000s 负采样分析: 2.037s
cur batch: 7200, start pre sample and analyze...
cur batch: 7500, start pre sample and analyze...
cur batch: 7800, start pre sample and analyze...
平均每个batch用时0.02262s, 预计epoch时间: 502.797s
run batch8000total time: 183.31s,presample: 12.64s, sample: 4.75s, gen block: 18.81s, feat input: 11.85s, model run: 35.05s, loss and opt: 75.12s, update mem: 19.71s
feat_buffer time: IO load: 8.861s presample and analyze: 3.741s 预采样: 0.000s, 预采样负采样:1.129s              记忆刷入和更新:0.469s 纯刷入时间:0.000s 负采样分析: 2.037s
cur batch: 8100, start pre sample and analyze...
cur batch: 8400, start pre sample and analyze...
cur batch: 8700, start pre sample and analyze...
cur batch: 9000, start pre sample and analyze...
平均每个batch用时0.02274s, 预计epoch时间: 505.370s
run batch9000total time: 206.05s,presample: 14.14s, sample: 5.33s, gen block: 21.15s, feat input: 13.33s, model run: 39.19s, loss and opt: 84.49s, update mem: 22.38s
feat_buffer time: IO load: 10.533s presample and analyze: 3.972s 预采样: 0.000s, 预采样负采样:1.328s              记忆刷入和更新:0.469s 纯刷入时间:0.000s 负采样分析: 2.037s
cur batch: 9300, start pre sample and analyze...
cur batch: 9600, start pre sample and analyze...
cur batch: 9900, start pre sample and analyze...
平均每个batch用时0.02321s, 预计epoch时间: 515.800s
run batch10000total time: 229.26s,presample: 15.90s, sample: 5.93s, gen block: 23.53s, feat input: 14.82s, model run: 43.45s, loss and opt: 93.89s, update mem: 25.03s
feat_buffer time: IO load: 11.712s presample and analyze: 4.135s 预采样: 0.000s, 预采样负采样:1.489s              记忆刷入和更新:0.469s 纯刷入时间:0.000s 负采样分析: 2.037s
cur batch: 10200, start pre sample and analyze...
cur batch: 10500, start pre sample and analyze...
cur batch: 10800, start pre sample and analyze...
平均每个batch用时0.02315s, 预计epoch时间: 514.479s
run batch11000total time: 252.41s,presample: 17.28s, sample: 6.54s, gen block: 25.97s, feat input: 16.34s, model run: 47.74s, loss and opt: 103.48s, update mem: 27.66s
feat_buffer time: IO load: 12.908s presample and analyze: 4.315s 预采样: 0.000s, 预采样负采样:1.669s              记忆刷入和更新:0.469s 纯刷入时间:0.000s 负采样分析: 2.037s
cur batch: 11100, start pre sample and analyze...
cur batch: 11400, start pre sample and analyze...
cur batch: 11700, start pre sample and analyze...
cur batch: 12000, start pre sample and analyze...
平均每个batch用时0.02328s, 预计epoch时间: 517.338s
run batch12000total time: 275.69s,presample: 18.88s, sample: 7.14s, gen block: 28.38s, feat input: 17.86s, model run: 52.12s, loss and opt: 112.86s, update mem: 30.37s
feat_buffer time: IO load: 14.733s presample and analyze: 4.571s 预采样: 0.000s, 预采样负采样:1.921s              记忆刷入和更新:0.469s 纯刷入时间:0.000s 负采样分析: 2.037s
cur batch: 12300, start pre sample and analyze...
cur batch: 12600, start pre sample and analyze...
cur batch: 12900, start pre sample and analyze...
平均每个batch用时0.02414s, 预计epoch时间: 536.563s
run batch13000total time: 299.83s,presample: 21.04s, sample: 7.75s, gen block: 30.82s, feat input: 19.41s, model run: 56.55s, loss and opt: 122.46s, update mem: 33.03s
feat_buffer time: IO load: 16.202s presample and analyze: 4.771s 预采样: 0.000s, 预采样负采样:2.120s              记忆刷入和更新:0.469s 纯刷入时间:0.000s 负采样分析: 2.037s
cur batch: 13200, start pre sample and analyze...
cur batch: 13500, start pre sample and analyze...
cur batch: 13800, start pre sample and analyze...
平均每个batch用时0.02331s, 预计epoch时间: 518.058s
run batch14000total time: 323.14s,presample: 22.52s, sample: 8.35s, gen block: 33.24s, feat input: 20.92s, model run: 60.89s, loss and opt: 131.98s, update mem: 35.78s
feat_buffer time: IO load: 17.464s presample and analyze: 4.982s 预采样: 0.000s, 预采样负采样:2.330s              记忆刷入和更新:0.469s 纯刷入时间:0.000s 负采样分析: 2.037s
cur batch: 14100, start pre sample and analyze...
cur batch: 14400, start pre sample and analyze...
cur batch: 14700, start pre sample and analyze...
cur batch: 15000, start pre sample and analyze...
平均每个batch用时0.02343s, 预计epoch时间: 520.775s
run batch15000total time: 346.57s,presample: 24.26s, sample: 8.95s, gen block: 35.66s, feat input: 22.44s, model run: 65.12s, loss and opt: 141.44s, update mem: 38.57s
feat_buffer time: IO load: 19.404s presample and analyze: 5.283s 预采样: 0.000s, 预采样负采样:2.630s              记忆刷入和更新:0.469s 纯刷入时间:0.000s 负采样分析: 2.037s
cur batch: 15300, start pre sample and analyze...
cur batch: 15600, start pre sample and analyze...
cur batch: 15900, start pre sample and analyze...
平均每个batch用时0.02429s, 预计epoch时间: 539.780s
run batch16000total time: 370.86s,presample: 26.36s, sample: 9.57s, gen block: 38.13s, feat input: 23.98s, model run: 69.49s, loss and opt: 151.15s, update mem: 41.35s
feat_buffer time: IO load: 20.749s presample and analyze: 5.525s 预采样: 0.000s, 预采样负采样:2.870s              记忆刷入和更新:0.469s 纯刷入时间:0.000s 负采样分析: 2.037s
cur batch: 16200, start pre sample and analyze...
cur batch: 16500, start pre sample and analyze...
cur batch: 16800, start pre sample and analyze...
平均每个batch用时0.02362s, 预计epoch时间: 524.846s
run batch17000total time: 394.48s,presample: 28.22s, sample: 10.16s, gen block: 40.51s, feat input: 25.47s, model run: 73.72s, loss and opt: 160.72s, update mem: 44.16s
feat_buffer time: IO load: 22.349s presample and analyze: 5.782s 预采样: 0.000s, 预采样负采样:3.125s              记忆刷入和更新:0.469s 纯刷入时间:0.000s 负采样分析: 2.037s
cur batch: 17100, start pre sample and analyze...
cur batch: 17400, start pre sample and analyze...
cur batch: 17700, start pre sample and analyze...
cur batch: 18000, start pre sample and analyze...
平均每个batch用时0.02378s, 预计epoch时间: 528.479s
run batch18000total time: 418.26s,presample: 30.12s, sample: 10.76s, gen block: 42.92s, feat input: 26.99s, model run: 78.00s, loss and opt: 170.16s, update mem: 47.10s
feat_buffer time: IO load: 24.436s presample and analyze: 6.137s 预采样: 0.000s, 预采样负采样:3.479s              记忆刷入和更新:0.469s 纯刷入时间:0.000s 负采样分析: 2.037s
cur batch: 18300, start pre sample and analyze...
cur batch: 18600, start pre sample and analyze...
cur batch: 18900, start pre sample and analyze...
平均每个batch用时0.02419s, 预计epoch时间: 537.707s
run batch19000total time: 442.45s,presample: 32.42s, sample: 11.36s, gen block: 45.32s, feat input: 28.49s, model run: 82.29s, loss and opt: 179.66s, update mem: 50.03s
feat_buffer time: IO load: 25.905s presample and analyze: 6.414s 预采样: 0.000s, 预采样负采样:3.754s              记忆刷入和更新:0.469s 纯刷入时间:0.000s 负采样分析: 2.037s
cur batch: 19200, start pre sample and analyze...
cur batch: 19500, start pre sample and analyze...
cur batch: 19800, start pre sample and analyze...
平均每个batch用时0.02398s, 预计epoch时间: 532.953s
run batch20000total time: 466.43s,presample: 34.40s, sample: 11.95s, gen block: 47.72s, feat input: 30.00s, model run: 86.54s, loss and opt: 189.39s, update mem: 52.87s
feat_buffer time: IO load: 27.601s presample and analyze: 6.700s 预采样: 0.000s, 预采样负采样:4.039s              记忆刷入和更新:0.469s 纯刷入时间:0.000s 负采样分析: 2.037s
cur batch: 20100, start pre sample and analyze...
cur batch: 20400, start pre sample and analyze...
cur batch: 20700, start pre sample and analyze...
cur batch: 21000, start pre sample and analyze...
平均每个batch用时0.02410s, 预计epoch时间: 535.515s
run batch21000total time: 490.53s,presample: 36.34s, sample: 12.56s, gen block: 50.12s, feat input: 31.51s, model run: 90.80s, loss and opt: 199.10s, update mem: 55.86s
feat_buffer time: IO load: 29.756s presample and analyze: 7.097s 预采样: 0.000s, 预采样负采样:4.434s              记忆刷入和更新:0.469s 纯刷入时间:0.000s 负采样分析: 2.037s
cur batch: 21300, start pre sample and analyze...
cur batch: 21600, start pre sample and analyze...
cur batch: 21900, start pre sample and analyze...
平均每个batch用时0.02458s, 预计epoch时间: 546.155s
run batch22000total time: 515.10s,presample: 38.92s, sample: 13.15s, gen block: 52.52s, feat input: 33.02s, model run: 95.07s, loss and opt: 208.69s, update mem: 58.82s
feat_buffer time: IO load: 31.503s presample and analyze: 7.307s 预采样: 0.000s, 预采样负采样:4.643s              记忆刷入和更新:0.469s 纯刷入时间:0.000s 负采样分析: 2.037s
cur batch: 22200, start pre sample and analyze...
total loop use time: 523.5313
run batch22223total time: 519.98s,presample: 39.01s, sample: 13.28s, gen block: 53.04s, feat input: 33.36s, model run: 96.00s, loss and opt: 210.77s, update mem: 59.46s
Epoch 1:
IO load: 31.593s presample and analyze: 7.307s 预采样: 0.000s, 预采样负采样:4.643s
cur batch: 0, start pre sample and analyze...
第一个块的加载时间: 1.880s
平均每个batch用时0.00000s, 预计epoch时间: 0.000s
run batch0total time: 0.00s,presample: 0.00s, sample: 0.00s, gen block: 0.00s, feat input: 0.00s, model run: 0.00s, loss and opt: 0.00s, update mem: 0.00s
feat_buffer time: IO load: 0.379s presample and analyze: 1.532s 预采样: 0.000s, 预采样负采样:0.058s              记忆刷入和更新:0.330s 纯刷入时间:0.000s 负采样分析: 1.143s
cur batch: 300, start pre sample and analyze...
cur batch: 600, start pre sample and analyze...
cur batch: 900, start pre sample and analyze...
平均每个batch用时0.02377s, 预计epoch时间: 528.356s
run batch1000total time: 23.77s,presample: 2.74s, sample: 0.59s, gen block: 2.33s, feat input: 1.45s, model run: 4.25s, loss and opt: 9.39s, update mem: 2.35s
feat_buffer time: IO load: 1.124s presample and analyze: 1.613s 预采样: 0.000s, 预采样负采样:0.138s              记忆刷入和更新:0.330s 纯刷入时间:0.000s 负采样分析: 1.143s
cur batch: 1200, start pre sample and analyze...
cur batch: 1500, start pre sample and analyze...
cur batch: 1800, start pre sample and analyze...
平均每个batch用时0.02214s, 预计epoch时间: 491.950s
run batch2000total time: 45.91s,presample: 3.67s, sample: 1.19s, gen block: 4.68s, feat input: 2.94s, model run: 8.56s, loss and opt: 18.79s, update mem: 4.73s
feat_buffer time: IO load: 1.955s presample and analyze: 1.704s 预采样: 0.000s, 预采样负采样:0.228s              记忆刷入和更新:0.330s 纯刷入时间:0.000s 负采样分析: 1.143s
cur batch: 2100, start pre sample and analyze...
cur batch: 2400, start pre sample and analyze...
cur batch: 2700, start pre sample and analyze...
cur batch: 3000, start pre sample and analyze...
平均每个batch用时0.02191s, 预计epoch时间: 486.843s
run batch3000total time: 67.81s,presample: 4.62s, sample: 1.77s, gen block: 6.99s, feat input: 4.40s, model run: 12.78s, loss and opt: 28.10s, update mem: 7.14s
feat_buffer time: IO load: 3.101s presample and analyze: 1.833s 预采样: 0.000s, 预采样负采样:0.355s              记忆刷入和更新:0.330s 纯刷入时间:0.000s 负采样分析: 1.143s
cur batch: 3300, start pre sample and analyze...
cur batch: 3600, start pre sample and analyze...
cur batch: 3900, start pre sample and analyze...
平均每个batch用时0.02236s, 预计epoch时间: 496.958s
run batch4000total time: 90.18s,presample: 5.98s, sample: 2.36s, gen block: 9.31s, feat input: 5.88s, model run: 17.02s, loss and opt: 37.37s, update mem: 9.58s
feat_buffer time: IO load: 4.028s presample and analyze: 1.933s 预采样: 0.000s, 预采样负采样:0.454s              记忆刷入和更新:0.330s 纯刷入时间:0.000s 负采样分析: 1.143s
cur batch: 4200, start pre sample and analyze...
cur batch: 4500, start pre sample and analyze...
cur batch: 4800, start pre sample and analyze...
平均每个batch用时0.02221s, 预计epoch时间: 493.550s
run batch5000total time: 112.38s,presample: 7.05s, sample: 2.95s, gen block: 11.65s, feat input: 7.36s, model run: 21.30s, loss and opt: 46.65s, update mem: 12.09s
feat_buffer time: IO load: 4.983s presample and analyze: 2.045s 预采样: 0.000s, 预采样负采样:0.565s              记忆刷入和更新:0.330s 纯刷入时间:0.000s 负采样分析: 1.143s
cur batch: 5100, start pre sample and analyze...
cur batch: 5400, start pre sample and analyze...
cur batch: 5700, start pre sample and analyze...
cur batch: 6000, start pre sample and analyze...
平均每个batch用时0.02230s, 预计epoch时间: 495.492s
run batch6000total time: 134.68s,presample: 8.17s, sample: 3.54s, gen block: 13.99s, feat input: 8.85s, model run: 25.53s, loss and opt: 56.01s, update mem: 14.58s
feat_buffer time: IO load: 6.319s presample and analyze: 2.203s 预采样: 0.000s, 预采样负采样:0.721s              记忆刷入和更新:0.330s 纯刷入时间:0.000s 负采样分析: 1.143s
cur batch: 6300, start pre sample and analyze...
cur batch: 6600, start pre sample and analyze...
cur batch: 6900, start pre sample and analyze...
平均每个batch用时0.02306s, 预计epoch时间: 512.578s
run batch7000total time: 157.74s,presample: 9.71s, sample: 4.15s, gen block: 16.38s, feat input: 10.36s, model run: 29.80s, loss and opt: 65.53s, update mem: 17.13s
feat_buffer time: IO load: 7.339s presample and analyze: 2.334s 预采样: 0.000s, 预采样负采样:0.850s              记忆刷入和更新:0.330s 纯刷入时间:0.000s 负采样分析: 1.143s
cur batch: 7200, start pre sample and analyze...
cur batch: 7500, start pre sample and analyze...
cur batch: 7800, start pre sample and analyze...
平均每个batch用时0.02269s, 预计epoch时间: 504.223s
run batch8000total time: 180.43s,presample: 10.92s, sample: 4.75s, gen block: 18.79s, feat input: 11.87s, model run: 34.08s, loss and opt: 74.91s, update mem: 19.75s
feat_buffer time: IO load: 8.407s presample and analyze: 2.473s 预采样: 0.000s, 预采样负采样:0.988s              记忆刷入和更新:0.330s 纯刷入时间:0.000s 负采样分析: 1.143s
cur batch: 8100, start pre sample and analyze...
cur batch: 8400, start pre sample and analyze...
cur batch: 8700, start pre sample and analyze...
cur batch: 9000, start pre sample and analyze...
平均每个batch用时0.02294s, 预计epoch时间: 509.713s
run batch9000total time: 203.36s,presample: 12.20s, sample: 5.35s, gen block: 21.17s, feat input: 13.37s, model run: 38.36s, loss and opt: 84.49s, update mem: 22.37s
feat_buffer time: IO load: 9.894s presample and analyze: 2.675s 预采样: 0.000s, 预采样负采样:1.189s              记忆刷入和更新:0.330s 纯刷入时间:0.000s 负采样分析: 1.143s
cur batch: 9300, start pre sample and analyze...
cur batch: 9600, start pre sample and analyze...
cur batch: 9900, start pre sample and analyze...
平均每个batch用时0.02300s, 预计epoch时间: 511.180s
run batch10000total time: 226.36s,presample: 13.89s, sample: 5.93s, gen block: 23.51s, feat input: 14.85s, model run: 42.60s, loss and opt: 93.82s, update mem: 25.06s
feat_buffer time: IO load: 11.002s presample and analyze: 2.837s 预采样: 0.000s, 预采样负采样:1.350s              记忆刷入和更新:0.330s 纯刷入时间:0.000s 负采样分析: 1.143s
cur batch: 10200, start pre sample and analyze...
cur batch: 10500, start pre sample and analyze...
cur batch: 10800, start pre sample and analyze...
平均每个batch用时0.02291s, 预计epoch时间: 509.059s
run batch11000total time: 249.27s,presample: 15.26s, sample: 6.53s, gen block: 25.88s, feat input: 16.34s, model run: 46.83s, loss and opt: 103.32s, update mem: 27.75s
feat_buffer time: IO load: 12.198s presample and analyze: 3.012s 预采样: 0.000s, 预采样负采样:1.524s              记忆刷入和更新:0.330s 纯刷入时间:0.000s 负采样分析: 1.143s
cur batch: 11100, start pre sample and analyze...
cur batch: 11400, start pre sample and analyze...
cur batch: 11700, start pre sample and analyze...
cur batch: 12000, start pre sample and analyze...
平均每个batch用时0.02281s, 预计epoch时间: 506.959s
run batch12000total time: 272.08s,presample: 16.65s, sample: 7.12s, gen block: 28.24s, feat input: 17.82s, model run: 50.99s, loss and opt: 112.76s, update mem: 30.48s
feat_buffer time: IO load: 13.813s presample and analyze: 3.263s 预采样: 0.000s, 预采样负采样:1.773s              记忆刷入和更新:0.330s 纯刷入时间:0.000s 负采样分析: 1.143s
cur batch: 12300, start pre sample and analyze...
cur batch: 12600, start pre sample and analyze...
cur batch: 12900, start pre sample and analyze...
平均每个batch用时0.02366s, 预计epoch时间: 525.746s
run batch13000total time: 295.74s,presample: 18.58s, sample: 7.72s, gen block: 30.65s, feat input: 19.34s, model run: 55.27s, loss and opt: 122.30s, update mem: 33.18s
feat_buffer time: IO load: 15.048s presample and analyze: 3.466s 预采样: 0.000s, 预采样负采样:1.975s              记忆刷入和更新:0.330s 纯刷入时间:0.000s 负采样分析: 1.143s
cur batch: 13200, start pre sample and analyze...
cur batch: 13500, start pre sample and analyze...
cur batch: 13800, start pre sample and analyze...
平均每个batch用时0.02348s, 预计epoch时间: 521.896s
run batch14000total time: 319.22s,presample: 20.08s, sample: 8.32s, gen block: 33.05s, feat input: 20.86s, model run: 59.57s, loss and opt: 132.09s, update mem: 35.86s
feat_buffer time: IO load: 16.331s presample and analyze: 3.677s 预采样: 0.000s, 预采样负采样:2.184s              记忆刷入和更新:0.330s 纯刷入时间:0.000s 负采样分析: 1.143s
cur batch: 14100, start pre sample and analyze...
cur batch: 14400, start pre sample and analyze...
cur batch: 14700, start pre sample and analyze...
cur batch: 15000, start pre sample and analyze...
平均每个batch用时0.02351s, 预计epoch时间: 522.379s
run batch15000total time: 342.72s,presample: 21.61s, sample: 8.92s, gen block: 35.48s, feat input: 22.40s, model run: 63.90s, loss and opt: 141.73s, update mem: 38.62s
feat_buffer time: IO load: 18.071s presample and analyze: 3.979s 预采样: 0.000s, 预采样负采样:2.484s              记忆刷入和更新:0.330s 纯刷入时间:0.000s 负采样分析: 1.143s
cur batch: 15300, start pre sample and analyze...
cur batch: 15600, start pre sample and analyze...
cur batch: 15900, start pre sample and analyze...
平均每个batch用时0.02388s, 预计epoch时间: 530.655s
run batch16000total time: 366.60s,presample: 23.68s, sample: 9.52s, gen block: 37.88s, feat input: 23.89s, model run: 68.17s, loss and opt: 151.15s, update mem: 41.56s
feat_buffer time: IO load: 19.384s presample and analyze: 4.220s 预采样: 0.000s, 预采样负采样:2.725s              记忆刷入和更新:0.330s 纯刷入时间:0.000s 负采样分析: 1.143s
cur batch: 16200, start pre sample and analyze...
cur batch: 16500, start pre sample and analyze...
cur batch: 16800, start pre sample and analyze...
平均每个batch用时0.02389s, 预计epoch时间: 530.964s
run batch17000total time: 390.49s,presample: 25.30s, sample: 10.14s, gen block: 40.34s, feat input: 25.45s, model run: 72.58s, loss and opt: 160.88s, update mem: 44.34s
feat_buffer time: IO load: 20.747s presample and analyze: 4.474s 预采样: 0.000s, 预采样负采样:2.977s              记忆刷入和更新:0.330s 纯刷入时间:0.000s 负采样分析: 1.143s
cur batch: 17100, start pre sample and analyze...
cur batch: 17400, start pre sample and analyze...
cur batch: 17700, start pre sample and analyze...
cur batch: 18000, start pre sample and analyze...
平均每个batch用时0.02349s, 预计epoch时间: 522.014s
run batch18000total time: 413.98s,presample: 26.92s, sample: 10.74s, gen block: 42.75s, feat input: 26.97s, model run: 76.86s, loss and opt: 170.40s, update mem: 47.20s
feat_buffer time: IO load: 22.556s presample and analyze: 4.828s 预采样: 0.000s, 预采样负采样:3.329s              记忆刷入和更新:0.330s 纯刷入时间:0.000s 负采样分析: 1.143s
cur batch: 18300, start pre sample and analyze...
cur batch: 18600, start pre sample and analyze...
cur batch: 18900, start pre sample and analyze...
平均每个batch用时0.02453s, 预计epoch时间: 545.104s
run batch19000total time: 438.51s,presample: 29.21s, sample: 11.37s, gen block: 45.21s, feat input: 28.55s, model run: 81.24s, loss and opt: 180.03s, update mem: 50.07s
feat_buffer time: IO load: 24.015s presample and analyze: 5.106s 预采样: 0.000s, 预采样负采样:3.606s              记忆刷入和更新:0.330s 纯刷入时间:0.000s 负采样分析: 1.143s
cur batch: 19200, start pre sample and analyze...
cur batch: 19500, start pre sample and analyze...
cur batch: 19800, start pre sample and analyze...
平均每个batch用时0.02414s, 预计epoch时间: 536.459s
run batch20000total time: 462.64s,presample: 30.99s, sample: 12.00s, gen block: 47.71s, feat input: 30.11s, model run: 85.64s, loss and opt: 189.63s, update mem: 53.04s
feat_buffer time: IO load: 25.501s presample and analyze: 5.393s 预采样: 0.000s, 预采样负采样:3.892s              记忆刷入和更新:0.330s 纯刷入时间:0.000s 负采样分析: 1.143s
cur batch: 20100, start pre sample and analyze...
cur batch: 20400, start pre sample and analyze...
cur batch: 20700, start pre sample and analyze...
cur batch: 21000, start pre sample and analyze...
平均每个batch用时0.02387s, 预计epoch时间: 530.389s
run batch21000total time: 486.51s,presample: 32.96s, sample: 12.59s, gen block: 50.09s, feat input: 31.62s, model run: 89.86s, loss and opt: 199.15s, update mem: 56.04s
feat_buffer time: IO load: 27.678s presample and analyze: 5.791s 预采样: 0.000s, 预采样负采样:4.288s              记忆刷入和更新:0.330s 纯刷入时间:0.000s 负采样分析: 1.143s
cur batch: 21300, start pre sample and analyze...
cur batch: 21600, start pre sample and analyze...
cur batch: 21900, start pre sample and analyze...
平均每个batch用时0.02459s, 预计epoch时间: 546.536s
run batch22000total time: 511.10s,presample: 35.49s, sample: 13.19s, gen block: 52.50s, feat input: 33.13s, model run: 94.12s, loss and opt: 208.82s, update mem: 58.98s
feat_buffer time: IO load: 29.383s presample and analyze: 6.001s 预采样: 0.000s, 预采样负采样:4.497s              记忆刷入和更新:0.330s 纯刷入时间:0.000s 负采样分析: 1.143s
cur batch: 22200, start pre sample and analyze...
total loop use time: 519.5819
run batch22223total time: 516.05s,presample: 35.58s, sample: 13.33s, gen block: 53.04s, feat input: 33.47s, model run: 95.06s, loss and opt: 210.93s, update mem: 59.62s
Epoch 2:
IO load: 29.474s presample and analyze: 6.001s 预采样: 0.000s, 预采样负采样:4.497s
cur batch: 0, start pre sample and analyze...
第一个块的加载时间: 1.797s
平均每个batch用时0.00000s, 预计epoch时间: 0.000s
run batch0total time: 0.00s,presample: 0.00s, sample: 0.00s, gen block: 0.00s, feat input: 0.00s, model run: 0.00s, loss and opt: 0.00s, update mem: 0.00s
feat_buffer time: IO load: 0.296s presample and analyze: 1.534s 预采样: 0.000s, 预采样负采样:0.060s              记忆刷入和更新:0.329s 纯刷入时间:0.000s 负采样分析: 1.145s
cur batch: 300, start pre sample and analyze...
cur batch: 600, start pre sample and analyze...
cur batch: 900, start pre sample and analyze...
平均每个batch用时0.02340s, 预计epoch时间: 520.089s
run batch1000total time: 23.40s,presample: 2.68s, sample: 0.59s, gen block: 2.31s, feat input: 1.45s, model run: 4.23s, loss and opt: 9.08s, update mem: 2.41s
feat_buffer time: IO load: 1.052s presample and analyze: 1.620s 预采样: 0.000s, 预采样负采样:0.145s              记忆刷入和更新:0.329s 纯刷入时间:0.000s 负采样分析: 1.145s
cur batch: 1200, start pre sample and analyze...
cur batch: 1500, start pre sample and analyze...
cur batch: 1800, start pre sample and analyze...
平均每个batch用时0.02206s, 预计epoch时间: 490.199s
run batch2000total time: 45.46s,presample: 3.58s, sample: 1.19s, gen block: 4.67s, feat input: 2.93s, model run: 8.50s, loss and opt: 18.47s, update mem: 4.79s
feat_buffer time: IO load: 1.863s presample and analyze: 1.711s 预采样: 0.000s, 预采样负采样:0.235s              记忆刷入和更新:0.329s 纯刷入时间:0.000s 负采样分析: 1.145s
cur batch: 2100, start pre sample and analyze...
cur batch: 2400, start pre sample and analyze...
cur batch: 2700, start pre sample and analyze...
cur batch: 3000, start pre sample and analyze...
平均每个batch用时0.02191s, 预计epoch时间: 486.908s
run batch3000total time: 67.37s,presample: 4.52s, sample: 1.78s, gen block: 6.99s, feat input: 4.39s, model run: 12.72s, loss and opt: 27.73s, update mem: 7.22s
feat_buffer time: IO load: 2.977s presample and analyze: 1.837s 预采样: 0.000s, 预采样负采样:0.359s              记忆刷入和更新:0.329s 纯刷入时间:0.000s 负采样分析: 1.145s
cur batch: 3300, start pre sample and analyze...
cur batch: 3600, start pre sample and analyze...
cur batch: 3900, start pre sample and analyze...
平均每个batch用时0.02252s, 预计epoch时间: 500.544s
run batch4000total time: 89.89s,presample: 5.85s, sample: 2.38s, gen block: 9.35s, feat input: 5.88s, model run: 16.99s, loss and opt: 37.06s, update mem: 9.68s
feat_buffer time: IO load: 3.893s presample and analyze: 1.943s 预采样: 0.000s, 预采样负采样:0.463s              记忆刷入和更新:0.329s 纯刷入时间:0.000s 负采样分析: 1.145s
cur batch: 4200, start pre sample and analyze...
cur batch: 4500, start pre sample and analyze...
cur batch: 4800, start pre sample and analyze...
平均每个batch用时0.02216s, 预计epoch时间: 492.479s
run batch5000total time: 112.05s,presample: 6.91s, sample: 2.98s, gen block: 11.70s, feat input: 7.35s, model run: 21.18s, loss and opt: 46.38s, update mem: 12.21s
feat_buffer time: IO load: 4.836s presample and analyze: 2.053s 预采样: 0.000s, 预采样负采样:0.572s              记忆刷入和更新:0.329s 纯刷入时间:0.000s 负采样分析: 1.145s
cur batch: 5100, start pre sample and analyze...
cur batch: 5400, start pre sample and analyze...
cur batch: 5700, start pre sample and analyze...
cur batch: 6000, start pre sample and analyze...
平均每个batch用时0.02209s, 预计epoch时间: 490.899s
run batch6000total time: 134.14s,presample: 8.00s, sample: 3.56s, gen block: 14.02s, feat input: 8.82s, model run: 25.34s, loss and opt: 55.66s, update mem: 14.72s
feat_buffer time: IO load: 6.140s presample and analyze: 2.211s 预采样: 0.000s, 预采样负采样:0.728s              记忆刷入和更新:0.329s 纯刷入时间:0.000s 负采样分析: 1.145s
cur batch: 6300, start pre sample and analyze...
cur batch: 6600, start pre sample and analyze...
cur batch: 6900, start pre sample and analyze...
平均每个batch用时0.02282s, 预计epoch时间: 507.185s
run batch7000total time: 156.96s,presample: 9.52s, sample: 4.16s, gen block: 16.38s, feat input: 10.31s, model run: 29.56s, loss and opt: 65.05s, update mem: 17.29s
feat_buffer time: IO load: 7.151s presample and analyze: 2.339s 预采样: 0.000s, 预采样负采样:0.856s              记忆刷入和更新:0.329s 纯刷入时间:0.000s 负采样分析: 1.145s
cur batch: 7200, start pre sample and analyze...
cur batch: 7500, start pre sample and analyze...
cur batch: 7800, start pre sample and analyze...
平均每个batch用时0.02277s, 预计epoch时间: 506.073s
run batch8000total time: 179.73s,presample: 10.75s, sample: 4.76s, gen block: 18.76s, feat input: 11.81s, model run: 33.83s, loss and opt: 74.62s, update mem: 19.85s
feat_buffer time: IO load: 8.230s presample and analyze: 2.478s 预采样: 0.000s, 预采样负采样:0.994s              记忆刷入和更新:0.329s 纯刷入时间:0.000s 负采样分析: 1.145s
cur batch: 8100, start pre sample and analyze...
cur batch: 8400, start pre sample and analyze...
cur batch: 8700, start pre sample and analyze...
cur batch: 9000, start pre sample and analyze...
平均每个batch用时0.02269s, 预计epoch时间: 504.164s
run batch9000total time: 202.41s,presample: 11.99s, sample: 5.35s, gen block: 21.12s, feat input: 13.31s, model run: 38.11s, loss and opt: 83.91s, update mem: 22.60s
feat_buffer time: IO load: 9.696s presample and analyze: 2.678s 预采样: 0.000s, 预采样负采样:1.192s              记忆刷入和更新:0.329s 纯刷入时间:0.000s 负采样分析: 1.145s
cur batch: 9300, start pre sample and analyze...
cur batch: 9600, start pre sample and analyze...
cur batch: 9900, start pre sample and analyze...
平均每个batch用时0.02373s, 预计epoch时间: 527.349s
run batch10000total time: 226.14s,presample: 13.77s, sample: 5.95s, gen block: 23.53s, feat input: 14.83s, model run: 42.40s, loss and opt: 93.71s, update mem: 25.26s
feat_buffer time: IO load: 10.879s presample and analyze: 2.843s 预采样: 0.000s, 预采样负采样:1.355s              记忆刷入和更新:0.329s 纯刷入时间:0.000s 负采样分析: 1.145s
cur batch: 10200, start pre sample and analyze...
cur batch: 10500, start pre sample and analyze...
cur batch: 10800, start pre sample and analyze...
平均每个batch用时0.02322s, 预计epoch时间: 516.081s
run batch11000total time: 249.36s,presample: 15.16s, sample: 6.56s, gen block: 25.95s, feat input: 16.36s, model run: 46.76s, loss and opt: 103.30s, update mem: 27.88s
feat_buffer time: IO load: 12.086s presample and analyze: 3.022s 预采样: 0.000s, 预采样负采样:1.533s              记忆刷入和更新:0.329s 纯刷入时间:0.000s 负采样分析: 1.145s
cur batch: 11100, start pre sample and analyze...
cur batch: 11400, start pre sample and analyze...
cur batch: 11700, start pre sample and analyze...
cur batch: 12000, start pre sample and analyze...
平均每个batch用时0.02301s, 预计epoch时间: 511.337s
run batch12000total time: 272.37s,presample: 16.56s, sample: 7.17s, gen block: 28.34s, feat input: 17.88s, model run: 51.08s, loss and opt: 112.70s, update mem: 30.57s
feat_buffer time: IO load: 13.690s presample and analyze: 3.276s 预采样: 0.000s, 预采样负采样:1.786s              记忆刷入和更新:0.329s 纯刷入时间:0.000s 负采样分析: 1.145s
cur batch: 12300, start pre sample and analyze...
cur batch: 12600, start pre sample and analyze...
cur batch: 12900, start pre sample and analyze...
平均每个batch用时0.02382s, 预计epoch时间: 529.299s
run batch13000total time: 296.19s,presample: 18.48s, sample: 7.78s, gen block: 30.76s, feat input: 19.41s, model run: 55.39s, loss and opt: 122.29s, update mem: 33.33s
feat_buffer time: IO load: 14.937s presample and analyze: 3.477s 预采样: 0.000s, 预采样负采样:1.985s              记忆刷入和更新:0.329s 纯刷入时间:0.000s 负采样分析: 1.145s
cur batch: 13200, start pre sample and analyze...
cur batch: 13500, start pre sample and analyze...
cur batch: 13800, start pre sample and analyze...
平均每个batch用时0.02331s, 预计epoch时间: 518.021s
run batch14000total time: 319.49s,presample: 19.94s, sample: 8.38s, gen block: 33.17s, feat input: 20.92s, model run: 59.68s, loss and opt: 131.92s, update mem: 36.05s
feat_buffer time: IO load: 16.187s presample and analyze: 3.687s 预采样: 0.000s, 预采样负采样:2.194s              记忆刷入和更新:0.329s 纯刷入时间:0.000s 负采样分析: 1.145s
cur batch: 14100, start pre sample and analyze...
cur batch: 14400, start pre sample and analyze...
cur batch: 14700, start pre sample and analyze...
cur batch: 15000, start pre sample and analyze...
平均每个batch用时0.02307s, 预计epoch时间: 512.689s
run batch15000total time: 342.56s,presample: 21.42s, sample: 8.97s, gen block: 35.55s, feat input: 22.42s, model run: 63.85s, loss and opt: 141.40s, update mem: 38.86s
feat_buffer time: IO load: 17.870s presample and analyze: 3.988s 预采样: 0.000s, 预采样负采样:2.493s              记忆刷入和更新:0.329s 纯刷入时间:0.000s 负采样分析: 1.145s
cur batch: 15300, start pre sample and analyze...
cur batch: 15600, start pre sample and analyze...
cur batch: 15900, start pre sample and analyze...
平均每个batch用时0.02396s, 预计epoch时间: 532.379s
run batch16000total time: 366.52s,presample: 23.54s, sample: 9.57s, gen block: 37.97s, feat input: 23.95s, model run: 68.17s, loss and opt: 150.94s, update mem: 41.60s
feat_buffer time: IO load: 19.231s presample and analyze: 4.229s 预采样: 0.000s, 预采样负采样:2.733s              记忆刷入和更新:0.329s 纯刷入时间:0.000s 负采样分析: 1.145s
cur batch: 16200, start pre sample and analyze...
cur batch: 16500, start pre sample and analyze...
cur batch: 16800, start pre sample and analyze...
平均每个batch用时0.02373s, 预计epoch时间: 527.269s
run batch17000total time: 390.24s,presample: 25.17s, sample: 10.19s, gen block: 40.44s, feat input: 25.49s, model run: 72.52s, loss and opt: 160.44s, update mem: 44.50s
feat_buffer time: IO load: 20.609s presample and analyze: 4.483s 预采样: 0.000s, 预采样负采样:2.986s              记忆刷入和更新:0.329s 纯刷入时间:0.000s 负采样分析: 1.145s
cur batch: 17100, start pre sample and analyze...
cur batch: 17400, start pre sample and analyze...
cur batch: 17700, start pre sample and analyze...
cur batch: 18000, start pre sample and analyze...
平均每个batch用时0.02337s, 预计epoch时间: 519.339s
run batch18000total time: 413.61s,presample: 26.87s, sample: 10.78s, gen block: 42.82s, feat input: 26.98s, model run: 76.69s, loss and opt: 169.96s, update mem: 47.38s
feat_buffer time: IO load: 22.509s presample and analyze: 4.837s 预采样: 0.000s, 预采样负采样:3.339s              记忆刷入和更新:0.329s 纯刷入时间:0.000s 负采样分析: 1.145s
cur batch: 18300, start pre sample and analyze...
cur batch: 18600, start pre sample and analyze...
cur batch: 18900, start pre sample and analyze...
平均每个batch用时0.02418s, 预计epoch时间: 537.321s
run batch19000total time: 437.79s,presample: 29.12s, sample: 11.38s, gen block: 45.24s, feat input: 28.50s, model run: 80.95s, loss and opt: 179.52s, update mem: 50.27s
feat_buffer time: IO load: 23.909s presample and analyze: 5.115s 预采样: 0.000s, 预采样负采样:3.616s              记忆刷入和更新:0.329s 纯刷入时间:0.000s 负采样分析: 1.145s
cur batch: 19200, start pre sample and analyze...
cur batch: 19500, start pre sample and analyze...
cur batch: 19800, start pre sample and analyze...
平均每个batch用时0.02377s, 预计epoch时间: 528.323s
run batch20000total time: 461.56s,presample: 30.89s, sample: 11.98s, gen block: 47.65s, feat input: 30.02s, model run: 85.24s, loss and opt: 189.10s, update mem: 53.20s
feat_buffer time: IO load: 25.389s presample and analyze: 5.404s 预采样: 0.000s, 预采样负采样:3.904s              记忆刷入和更新:0.329s 纯刷入时间:0.000s 负采样分析: 1.145s
cur batch: 20100, start pre sample and analyze...
cur batch: 20400, start pre sample and analyze...
cur batch: 20700, start pre sample and analyze...
cur batch: 21000, start pre sample and analyze...
平均每个batch用时0.02433s, 预计epoch时间: 540.681s
run batch21000total time: 485.89s,presample: 32.73s, sample: 12.59s, gen block: 50.13s, feat input: 31.54s, model run: 89.54s, loss and opt: 199.03s, update mem: 56.14s
feat_buffer time: IO load: 27.433s presample and analyze: 5.801s 预采样: 0.000s, 预采样负采样:4.299s              记忆刷入和更新:0.329s 纯刷入时间:0.000s 负采样分析: 1.145s
cur batch: 21300, start pre sample and analyze...
cur batch: 21600, start pre sample and analyze...
cur batch: 21900, start pre sample and analyze...
平均每个batch用时0.02436s, 预计epoch时间: 541.323s
run batch22000total time: 510.24s,presample: 35.04s, sample: 13.20s, gen block: 52.56s, feat input: 33.06s, model run: 93.76s, loss and opt: 208.72s, update mem: 59.04s
feat_buffer time: IO load: 28.922s presample and analyze: 6.010s 预采样: 0.000s, 预采样负采样:4.507s              记忆刷入和更新:0.329s 纯刷入时间:0.000s 负采样分析: 1.145s
cur batch: 22200, start pre sample and analyze...
total loop use time: 518.6317
run batch22223total time: 515.03s,presample: 35.13s, sample: 13.32s, gen block: 53.06s, feat input: 33.38s, model run: 94.64s, loss and opt: 210.80s, update mem: 59.70s
Epoch 3:
IO load: 29.011s presample and analyze: 6.010s 预采样: 0.000s, 预采样负采样:4.507s
cur batch: 0, start pre sample and analyze...
第一个块的加载时间: 1.757s
平均每个batch用时0.00000s, 预计epoch时间: 0.000s
run batch0total time: 0.00s,presample: 0.00s, sample: 0.00s, gen block: 0.00s, feat input: 0.00s, model run: 0.00s, loss and opt: 0.00s, update mem: 0.00s
feat_buffer time: IO load: 0.282s presample and analyze: 1.503s 预采样: 0.000s, 预采样负采样:0.055s              记忆刷入和更新:0.319s 纯刷入时间:0.000s 负采样分析: 1.128s
load feats. node_feat: torch.Size([2601977, 172]),edge_feat: torch.Size([63497049, 172])
feat memory: 42.353GB
use valid ef...
子线程prefetch
pre fetch over...
子线程prefetch
pre fetch over...
子线程prefetch
pre fetch over...
子线程prefetch
pre fetch over...
子线程prefetch
pre fetch over...
子线程prefetch
pre fetch over...
子线程prefetch
pre fetch over...
子线程prefetch
pre fetch over...
子线程prefetch
pre fetch over...
子线程prefetch
pre fetch over...
子线程prefetch
pre fetch over...
子线程prefetch
pre fetch over...
子线程prefetch
pre fetch over...
子线程prefetch
pre fetch over...
子线程prefetch
pre fetch over...
子线程prefetch
pre fetch over...
子线程prefetch
pre fetch over...
子线程prefetch
pre fetch over...
子线程prefetch
pre fetch over...
子线程prefetch
pre fetch over...
子线程prefetch
pre fetch over...
子线程prefetch
pre fetch over...
子线程prefetch
pre fetch over...
子线程prefetch
pre fetch over...
子线程prefetch
pre fetch over...
子线程prefetch
pre fetch over...
子线程prefetch
pre fetch over...
子线程prefetch
pre fetch over...
子线程prefetch
pre fetch over...
子线程prefetch
pre fetch over...
子线程prefetch
pre fetch over...
子线程prefetch
pre fetch over...
子线程prefetch
pre fetch over...
子线程prefetch
pre fetch over...
子线程prefetch
pre fetch over...
子线程prefetch
pre fetch over...
子线程prefetch
pre fetch over...
子线程prefetch
pre fetch over...
子线程prefetch
pre fetch over...
子线程prefetch
pre fetch over...
子线程prefetch
pre fetch over...
子线程prefetch
pre fetch over...
子线程prefetch
pre fetch over...
子线程prefetch
pre fetch over...
子线程prefetch
pre fetch over...
子线程prefetch
pre fetch over...
子线程prefetch
pre fetch over...
子线程prefetch
pre fetch over...
子线程prefetch
pre fetch over...
子线程prefetch
pre fetch over...
子线程prefetch
pre fetch over...
子线程prefetch
pre fetch over...
子线程prefetch
pre fetch over...
子线程prefetch
pre fetch over...
子线程prefetch
pre fetch over...
子线程prefetch
pre fetch over...
子线程prefetch
pre fetch over...
子线程prefetch
pre fetch over...
子线程prefetch
pre fetch over...
子线程prefetch
pre fetch over...
子线程prefetch
pre fetch over...
子线程prefetch
pre fetch over...
子线程prefetch
pre fetch over...
子线程prefetch
pre fetch over...
子线程prefetch
pre fetch over...
子线程prefetch
pre fetch over...
子线程prefetch
pre fetch over...
子线程prefetch
pre fetch over...
子线程prefetch
pre fetch over...
子线程prefetch
pre fetch over...
子线程prefetch
pre fetch over...
子线程prefetch
pre fetch over...
子线程prefetch
pre fetch over...
子线程prefetch
pre fetch over...
use valid ef...
子线程prefetch
pre fetch over...
子线程prefetch
pre fetch over...
子线程prefetch
pre fetch over...
子线程prefetch
pre fetch over...
子线程prefetch
pre fetch over...
子线程prefetch
pre fetch over...
子线程prefetch
pre fetch over...
子线程prefetch
pre fetch over...
子线程prefetch
pre fetch over...
子线程prefetch
pre fetch over...
子线程prefetch
pre fetch over...
子线程prefetch
pre fetch over...
子线程prefetch
pre fetch over...
子线程prefetch
pre fetch over...
子线程prefetch
pre fetch over...
子线程prefetch
pre fetch over...
子线程prefetch
pre fetch over...
子线程prefetch
pre fetch over...
子线程prefetch
pre fetch over...
子线程prefetch
pre fetch over...
子线程prefetch
pre fetch over...
子线程prefetch
pre fetch over...
子线程prefetch
pre fetch over...
子线程prefetch
pre fetch over...
子线程prefetch
pre fetch over...
子线程prefetch
pre fetch over...
子线程prefetch
pre fetch over...
子线程prefetch
pre fetch over...
子线程prefetch
pre fetch over...
子线程prefetch
pre fetch over...
子线程prefetch
pre fetch over...
子线程prefetch
pre fetch over...
子线程prefetch
pre fetch over...
子线程prefetch
pre fetch over...
子线程prefetch
pre fetch over...
子线程prefetch
pre fetch over...
子线程prefetch
pre fetch over...
子线程prefetch
pre fetch over...
子线程prefetch
pre fetch over...
子线程prefetch
pre fetch over...
子线程prefetch
pre fetch over...
子线程prefetch
pre fetch over...
子线程prefetch
pre fetch over...
子线程prefetch
pre fetch over...
子线程prefetch
pre fetch over...
子线程prefetch
pre fetch over...
子线程prefetch
pre fetch over...
子线程prefetch
pre fetch over...
子线程prefetch
pre fetch over...
子线程prefetch
pre fetch over...
子线程prefetch
pre fetch over...
子线程prefetch
pre fetch over...
子线程prefetch
pre fetch over...
子线程prefetch
pre fetch over...
子线程prefetch
pre fetch over...
子线程prefetch
pre fetch over...
子线程prefetch
pre fetch over...
子线程prefetch
pre fetch over...
子线程prefetch
pre fetch over...
子线程prefetch
pre fetch over...
子线程prefetch
pre fetch over...
子线程prefetch
pre fetch over...
子线程prefetch
pre fetch over...
子线程prefetch
pre fetch over...
子线程prefetch
pre fetch over...
子线程prefetch
pre fetch over...
子线程prefetch
pre fetch over...
子线程prefetch
pre fetch over...
子线程prefetch
pre fetch over...
子线程prefetch
pre fetch over...
子线程prefetch
pre fetch over...
子线程prefetch
pre fetch over...
子线程prefetch
pre fetch over...
子线程prefetch
pre fetch over...
use valid ef...
子线程prefetch
pre fetch over...
子线程prefetch
pre fetch over...
子线程prefetch
pre fetch over...
子线程prefetch
pre fetch over...
子线程prefetch
pre fetch over...
子线程prefetch
pre fetch over...
子线程prefetch
pre fetch over...
子线程prefetch
pre fetch over...
子线程prefetch
pre fetch over...
子线程prefetch
pre fetch over...
子线程prefetch
pre fetch over...
子线程prefetch
pre fetch over...
子线程prefetch
pre fetch over...
子线程prefetch
pre fetch over...
子线程prefetch
pre fetch over...
子线程prefetch
pre fetch over...
子线程prefetch
pre fetch over...
子线程prefetch
pre fetch over...
子线程prefetch
pre fetch over...
子线程prefetch
pre fetch over...
子线程prefetch
pre fetch over...
子线程prefetch
pre fetch over...
子线程prefetch
pre fetch over...
子线程prefetch
pre fetch over...
子线程prefetch
pre fetch over...
子线程prefetch
pre fetch over...
子线程prefetch
pre fetch over...
子线程prefetch
pre fetch over...
子线程prefetch
pre fetch over...
子线程prefetch
pre fetch over...
子线程prefetch
pre fetch over...
子线程prefetch
pre fetch over...
子线程prefetch
pre fetch over...
子线程prefetch
pre fetch over...
子线程prefetch
pre fetch over...
子线程prefetch
pre fetch over...
子线程prefetch
pre fetch over...
子线程prefetch
pre fetch over...
子线程prefetch
pre fetch over...
子线程prefetch
pre fetch over...
子线程prefetch
pre fetch over...
子线程prefetch
pre fetch over...
子线程prefetch
pre fetch over...
子线程prefetch
pre fetch over...
子线程prefetch
pre fetch over...
子线程prefetch
pre fetch over...
子线程prefetch
pre fetch over...
子线程prefetch
pre fetch over...
子线程prefetch
pre fetch over...
子线程prefetch
pre fetch over...
子线程prefetch
pre fetch over...
子线程prefetch
pre fetch over...
子线程prefetch
pre fetch over...
子线程prefetch
pre fetch over...
子线程prefetch
pre fetch over...
子线程prefetch
pre fetch over...
子线程prefetch
pre fetch over...
子线程prefetch
pre fetch over...
子线程prefetch
pre fetch over...
子线程prefetch
pre fetch over...
子线程prefetch
pre fetch over...
子线程prefetch
pre fetch over...
子线程prefetch
pre fetch over...
子线程prefetch
pre fetch over...
子线程prefetch
pre fetch over...
子线程prefetch
pre fetch over...
子线程prefetch
pre fetch over...
子线程prefetch
pre fetch over...
子线程prefetch
pre fetch over...
子线程prefetch
pre fetch over...
子线程prefetch
pre fetch over...
子线程prefetch
pre fetch over...
子线程prefetch
pre fetch over...
子线程prefetch
pre fetch over...
use valid ef...
子线程prefetch
cur batch: 300, start pre sample and analyze...
cur batch: 600, start pre sample and analyze...
cur batch: 900, start pre sample and analyze...
平均每个batch用时0.02305s, 预计epoch时间: 512.242s
run batch1000total time: 23.05s,presample: 2.63s, sample: 0.58s, gen block: 2.26s, feat input: 1.42s, model run: 4.19s, loss and opt: 8.85s, update mem: 2.47s
feat_buffer time: IO load: 1.040s presample and analyze: 1.589s 预采样: 0.000s, 预采样负采样:0.140s              记忆刷入和更新:0.319s 纯刷入时间:0.000s 负采样分析: 1.128s
cur batch: 1200, start pre sample and analyze...
cur batch: 1500, start pre sample and analyze...
cur batch: 1800, start pre sample and analyze...
平均每个batch用时0.02204s, 预计epoch时间: 489.809s
run batch2000total time: 45.09s,presample: 3.55s, sample: 1.17s, gen block: 4.59s, feat input: 2.89s, model run: 8.46s, loss and opt: 18.27s, update mem: 4.84s
feat_buffer time: IO load: 1.860s presample and analyze: 1.678s 预采样: 0.000s, 预采样负采样:0.228s              记忆刷入和更新:0.319s 纯刷入时间:0.000s 负采样分析: 1.128s
cur batch: 2100, start pre sample and analyze...
cur batch: 2400, start pre sample and analyze...
cur batch: 2700, start pre sample and analyze...
cur batch: 3000, start pre sample and analyze...
平均每个batch用时0.02228s, 预计epoch时间: 495.193s
run batch3000total time: 67.37s,presample: 4.49s, sample: 1.77s, gen block: 6.96s, feat input: 4.39s, model run: 12.73s, loss and opt: 27.77s, update mem: 7.25s
feat_buffer time: IO load: 3.001s presample and analyze: 1.806s 预采样: 0.000s, 预采样负采样:0.354s              记忆刷入和更新:0.319s 纯刷入时间:0.000s 负采样分析: 1.128s
cur batch: 3300, start pre sample and analyze...
cur batch: 3600, start pre sample and analyze...
cur batch: 3900, start pre sample and analyze...
平均每个batch用时0.02252s, 预计epoch时间: 500.477s
run batch4000total time: 89.89s,presample: 5.79s, sample: 2.37s, gen block: 9.31s, feat input: 5.87s, model run: 16.94s, loss and opt: 37.26s, update mem: 9.67s
feat_buffer time: IO load: 3.870s presample and analyze: 1.906s 预采样: 0.000s, 预采样负采样:0.453s              记忆刷入和更新:0.319s 纯刷入时间:0.000s 负采样分析: 1.128s
cur batch: 4200, start pre sample and analyze...
cur batch: 4500, start pre sample and analyze...
cur batch: 4800, start pre sample and analyze...
平均每个batch用时0.02255s, 预计epoch时间: 501.138s
run batch5000total time: 112.44s,presample: 6.81s, sample: 2.97s, gen block: 11.72s, feat input: 7.41s, model run: 21.28s, loss and opt: 46.74s, update mem: 12.15s
feat_buffer time: IO load: 4.772s presample and analyze: 2.014s 预采样: 0.000s, 预采样负采样:0.560s              记忆刷入和更新:0.319s 纯刷入时间:0.000s 负采样分析: 1.128s
cur batch: 5100, start pre sample and analyze...
cur batch: 5400, start pre sample and analyze...
cur batch: 5700, start pre sample and analyze...
cur batch: 6000, start pre sample and analyze...
平均每个batch用时0.02230s, 预计epoch时间: 495.679s
run batch6000total time: 134.74s,presample: 7.89s, sample: 3.56s, gen block: 14.06s, feat input: 8.89s, model run: 25.53s, loss and opt: 56.10s, update mem: 14.67s
feat_buffer time: IO load: 6.082s presample and analyze: 2.171s 预采样: 0.000s, 预采样负采样:0.716s              记忆刷入和更新:0.319s 纯刷入时间:0.000s 负采样分析: 1.128s
cur batch: 6300, start pre sample and analyze...
cur batch: 6600, start pre sample and analyze...
cur batch: 6900, start pre sample and analyze...
平均每个batch用时0.02331s, 预计epoch时间: 518.056s
run batch7000total time: 158.05s,presample: 9.47s, sample: 4.17s, gen block: 16.48s, feat input: 10.41s, model run: 29.84s, loss and opt: 65.79s, update mem: 17.18s
feat_buffer time: IO load: 7.133s presample and analyze: 2.299s 预采样: 0.000s, 预采样负采样:0.843s              记忆刷入和更新:0.319s 纯刷入时间:0.000s 负采样分析: 1.128s
cur batch: 7200, start pre sample and analyze...
cur batch: 7500, start pre sample and analyze...
cur batch: 7800, start pre sample and analyze...
平均每个batch用时0.02301s, 预计epoch时间: 511.373s
run batch8000total time: 181.06s,presample: 10.66s, sample: 4.79s, gen block: 18.90s, feat input: 11.93s, model run: 34.15s, loss and opt: 75.49s, update mem: 19.75s
feat_buffer time: IO load: 8.178s presample and analyze: 2.439s 预采样: 0.000s, 预采样负采样:0.981s              记忆刷入和更新:0.319s 纯刷入时间:0.000s 负采样分析: 1.128s
cur batch: 8100, start pre sample and analyze...
cur batch: 8400, start pre sample and analyze...
cur batch: 8700, start pre sample and analyze...
cur batch: 9000, start pre sample and analyze...
平均每个batch用时0.02260s, 预计epoch时间: 502.302s
run batch9000total time: 203.66s,presample: 11.94s, sample: 5.38s, gen block: 21.25s, feat input: 13.41s, model run: 38.33s, loss and opt: 84.90s, update mem: 22.38s
feat_buffer time: IO load: 9.680s presample and analyze: 2.639s 预采样: 0.000s, 预采样负采样:1.180s              记忆刷入和更新:0.319s 纯刷入时间:0.000s 负采样分析: 1.128s
cur batch: 9300, start pre sample and analyze...
cur batch: 9600, start pre sample and analyze...
cur batch: 9900, start pre sample and analyze...
平均每个batch用时0.02338s, 预计epoch时间: 519.536s
run batch10000total time: 227.04s,presample: 13.65s, sample: 5.97s, gen block: 23.65s, feat input: 14.93s, model run: 42.66s, loss and opt: 94.39s, update mem: 25.04s
feat_buffer time: IO load: 10.805s presample and analyze: 2.801s 预采样: 0.000s, 预采样负采样:1.341s              记忆刷入和更新:0.319s 纯刷入时间:0.000s 负采样分析: 1.128s
cur batch: 10200, start pre sample and analyze...
cur batch: 10500, start pre sample and analyze...
cur batch: 10800, start pre sample and analyze...
平均每个batch用时0.02284s, 预计epoch时间: 507.561s
run batch11000total time: 249.87s,presample: 15.00s, sample: 6.58s, gen block: 26.04s, feat input: 16.42s, model run: 46.79s, loss and opt: 103.85s, update mem: 27.78s
feat_buffer time: IO load: 11.967s presample and analyze: 2.978s 预采样: 0.000s, 预采样负采样:1.516s              记忆刷入和更新:0.319s 纯刷入时间:0.000s 负采样分析: 1.128s
cur batch: 11100, start pre sample and analyze...
cur batch: 11400, start pre sample and analyze...
cur batch: 11700, start pre sample and analyze...
cur batch: 12000, start pre sample and analyze...
平均每个batch用时0.02304s, 预计epoch时间: 512.089s
run batch12000total time: 272.92s,presample: 16.41s, sample: 7.17s, gen block: 28.41s, feat input: 17.91s, model run: 50.97s, loss and opt: 113.52s, update mem: 30.46s
feat_buffer time: IO load: 13.575s presample and analyze: 3.229s 预采样: 0.000s, 预采样负采样:1.765s              记忆刷入和更新:0.319s 纯刷入时间:0.000s 负采样分析: 1.128s
cur batch: 12300, start pre sample and analyze...
cur batch: 12600, start pre sample and analyze...
cur batch: 12900, start pre sample and analyze...
平均每个batch用时0.02373s, 预计epoch时间: 527.341s
run batch13000total time: 296.64s,presample: 18.28s, sample: 7.78s, gen block: 30.85s, feat input: 19.43s, model run: 55.23s, loss and opt: 123.14s, update mem: 33.17s
feat_buffer time: IO load: 14.789s presample and analyze: 3.430s 预采样: 0.000s, 预采样负采样:1.965s              记忆刷入和更新:0.319s 纯刷入时间:0.000s 负采样分析: 1.128s
cur batch: 13200, start pre sample and analyze...
cur batch: 13500, start pre sample and analyze...
cur batch: 13800, start pre sample and analyze...
平均每个batch用时0.02332s, 预计epoch时间: 518.163s
run batch14000total time: 319.96s,presample: 19.77s, sample: 8.39s, gen block: 33.28s, feat input: 20.95s, model run: 59.50s, loss and opt: 132.71s, update mem: 35.92s
feat_buffer time: IO load: 16.064s presample and analyze: 3.640s 预采样: 0.000s, 预采样负采样:2.175s              记忆刷入和更新:0.319s 纯刷入时间:0.000s 负采样分析: 1.128s
cur batch: 14100, start pre sample and analyze...
cur batch: 14400, start pre sample and analyze...
cur batch: 14700, start pre sample and analyze...
cur batch: 15000, start pre sample and analyze...
平均每个batch用时0.02368s, 预计epoch时间: 526.175s
run batch15000total time: 343.63s,presample: 21.34s, sample: 9.00s, gen block: 35.72s, feat input: 22.49s, model run: 63.87s, loss and opt: 142.43s, update mem: 38.66s
feat_buffer time: IO load: 17.853s presample and analyze: 3.941s 预采样: 0.000s, 预采样负采样:2.474s              记忆刷入和更新:0.319s 纯刷入时间:0.000s 负采样分析: 1.128s
cur batch: 15300, start pre sample and analyze...
cur batch: 15600, start pre sample and analyze...
cur batch: 15900, start pre sample and analyze...
平均每个batch用时0.02399s, 预计epoch时间: 533.152s
run batch16000total time: 367.62s,presample: 23.49s, sample: 9.60s, gen block: 38.12s, feat input: 24.01s, model run: 68.13s, loss and opt: 152.05s, update mem: 41.42s
feat_buffer time: IO load: 19.234s presample and analyze: 4.183s 预采样: 0.000s, 预采样负采样:2.714s              记忆刷入和更新:0.319s 纯刷入时间:0.000s 负采样分析: 1.128s
cur batch: 16200, start pre sample and analyze...
cur batch: 16500, start pre sample and analyze...
cur batch: 16800, start pre sample and analyze...
平均每个batch用时0.02356s, 预计epoch时间: 523.692s
run batch17000total time: 391.19s,presample: 25.12s, sample: 10.20s, gen block: 40.55s, feat input: 25.54s, model run: 72.41s, loss and opt: 161.64s, update mem: 44.23s
feat_buffer time: IO load: 20.598s presample and analyze: 4.436s 预采样: 0.000s, 预采样负采样:2.966s              记忆刷入和更新:0.319s 纯刷入时间:0.000s 负采样分析: 1.128s
cur batch: 17100, start pre sample and analyze...
cur batch: 17400, start pre sample and analyze...
cur batch: 17700, start pre sample and analyze...
cur batch: 18000, start pre sample and analyze...
平均每个batch用时0.02355s, 预计epoch时间: 523.285s
run batch18000total time: 414.73s,presample: 26.79s, sample: 10.80s, gen block: 42.94s, feat input: 27.04s, model run: 76.62s, loss and opt: 171.28s, update mem: 47.12s
feat_buffer time: IO load: 22.491s presample and analyze: 4.790s 预采样: 0.000s, 预采样负采样:3.319s              记忆刷入和更新:0.319s 纯刷入时间:0.000s 负采样分析: 1.128s
cur batch: 18300, start pre sample and analyze...
cur batch: 18600, start pre sample and analyze...
cur batch: 18900, start pre sample and analyze...
平均每个batch用时0.02418s, 预计epoch时间: 537.396s
run batch19000total time: 438.91s,presample: 29.07s, sample: 11.39s, gen block: 45.34s, feat input: 28.54s, model run: 80.83s, loss and opt: 180.92s, update mem: 49.99s
feat_buffer time: IO load: 23.913s presample and analyze: 5.068s 预采样: 0.000s, 预采样负采样:3.595s              记忆刷入和更新:0.319s 纯刷入时间:0.000s 负采样分析: 1.128s
cur batch: 19200, start pre sample and analyze...
cur batch: 19500, start pre sample and analyze...
cur batch: 19800, start pre sample and analyze...
平均每个batch用时0.02369s, 预计epoch时间: 526.438s
run batch20000total time: 462.60s,presample: 30.80s, sample: 12.00s, gen block: 47.75s, feat input: 30.06s, model run: 85.10s, loss and opt: 190.48s, update mem: 52.92s
feat_buffer time: IO load: 25.346s presample and analyze: 5.353s 预采样: 0.000s, 预采样负采样:3.880s              记忆刷入和更新:0.319s 纯刷入时间:0.000s 负采样分析: 1.128s
cur batch: 20100, start pre sample and analyze...
cur batch: 20400, start pre sample and analyze...
cur batch: 20700, start pre sample and analyze...
cur batch: 21000, start pre sample and analyze...
平均每个batch用时0.02393s, 预计epoch时间: 531.918s
run batch21000total time: 486.53s,presample: 32.56s, sample: 12.61s, gen block: 50.20s, feat input: 31.60s, model run: 89.42s, loss and opt: 200.11s, update mem: 55.84s
feat_buffer time: IO load: 27.300s presample and analyze: 5.749s 预采样: 0.000s, 预采样负采样:4.274s              记忆刷入和更新:0.319s 纯刷入时间:0.000s 负采样分析: 1.128s
cur batch: 21300, start pre sample and analyze...
cur batch: 21600, start pre sample and analyze...
cur batch: 21900, start pre sample and analyze...
平均每个batch用时0.02414s, 预计epoch时间: 536.579s
run batch22000total time: 510.68s,presample: 34.90s, sample: 13.20s, gen block: 52.59s, feat input: 33.11s, model run: 93.65s, loss and opt: 209.55s, update mem: 58.83s
feat_buffer time: IO load: 28.830s presample and analyze: 5.959s 预采样: 0.000s, 预采样负采样:4.482s              记忆刷入和更新:0.319s 纯刷入时间:0.000s 负采样分析: 1.128s
cur batch: 22200, start pre sample and analyze...
total loop use time: 520.6567
run batch22223total time: 515.56s,presample: 34.98s, sample: 13.32s, gen block: 53.10s, feat input: 33.44s, model run: 94.55s, loss and opt: 211.71s, update mem: 59.46s
Epoch 4:
IO load: 28.913s presample and analyze: 5.959s 预采样: 0.000s, 预采样负采样:4.482s
cur batch: 0, start pre sample and analyze...
第一个块的加载时间: 1.795s
平均每个batch用时0.00000s, 预计epoch时间: 0.000s
run batch0total time: 0.00s,presample: 0.00s, sample: 0.00s, gen block: 0.00s, feat input: 0.00s, model run: 0.00s, loss and opt: 0.00s, update mem: 0.00s
feat_buffer time: IO load: 0.297s presample and analyze: 1.525s 预采样: 0.000s, 预采样负采样:0.054s              记忆刷入和更新:0.330s 纯刷入时间:0.000s 负采样分析: 1.141s
cur batch: 300, start pre sample and analyze...
cur batch: 600, start pre sample and analyze...
cur batch: 900, start pre sample and analyze...
平均每个batch用时0.02352s, 预计epoch时间: 522.797s
run batch1000total time: 23.52s,presample: 2.66s, sample: 0.58s, gen block: 2.31s, feat input: 1.45s, model run: 4.20s, loss and opt: 9.29s, update mem: 2.37s
feat_buffer time: IO load: 1.051s presample and analyze: 1.609s 预采样: 0.000s, 预采样负采样:0.137s              记忆刷入和更新:0.330s 纯刷入时间:0.000s 负采样分析: 1.141s
cur batch: 1200, start pre sample and analyze...
cur batch: 1500, start pre sample and analyze...
cur batch: 1800, start pre sample and analyze...
平均每个batch用时0.02196s, 预计epoch时间: 488.105s
run batch2000total time: 45.49s,presample: 3.58s, sample: 1.17s, gen block: 4.64s, feat input: 2.92s, model run: 8.46s, loss and opt: 18.63s, update mem: 4.75s
feat_buffer time: IO load: 1.866s presample and analyze: 1.700s 预采样: 0.000s, 预采样负采样:0.227s              记忆刷入和更新:0.330s 纯刷入时间:0.000s 负采样分析: 1.141s
cur batch: 2100, start pre sample and analyze...
cur batch: 2400, start pre sample and analyze...
cur batch: 2700, start pre sample and analyze...
cur batch: 3000, start pre sample and analyze...
平均每个batch用时0.02188s, 预计epoch时间: 486.189s
run batch3000total time: 67.36s,presample: 4.55s, sample: 1.76s, gen block: 6.96s, feat input: 4.38s, model run: 12.64s, loss and opt: 27.91s, update mem: 7.16s
feat_buffer time: IO load: 3.021s presample and analyze: 1.825s 预采样: 0.000s, 预采样负采样:0.349s              记忆刷入和更新:0.330s 纯刷入时间:0.000s 负采样分析: 1.141s
cur batch: 3300, start pre sample and analyze...
cur batch: 3600, start pre sample and analyze...
cur batch: 3900, start pre sample and analyze...
平均每个batch用时0.02249s, 预计epoch时间: 499.718s
run batch4000total time: 89.85s,presample: 5.89s, sample: 2.35s, gen block: 9.31s, feat input: 5.86s, model run: 16.91s, loss and opt: 37.29s, update mem: 9.58s
feat_buffer time: IO load: 3.939s presample and analyze: 1.927s 预采样: 0.000s, 预采样负采样:0.451s              记忆刷入和更新:0.330s 纯刷入时间:0.000s 负采样分析: 1.141s
cur batch: 4200, start pre sample and analyze...
cur batch: 4500, start pre sample and analyze...
cur batch: 4800, start pre sample and analyze...
平均每个batch用时0.02230s, 预计epoch时间: 495.642s
run batch5000total time: 112.15s,presample: 6.93s, sample: 2.94s, gen block: 11.65s, feat input: 7.35s, model run: 21.14s, loss and opt: 46.74s, update mem: 12.05s
feat_buffer time: IO load: 4.874s presample and analyze: 2.035s 预采样: 0.000s, 预采样负采样:0.557s              记忆刷入和更新:0.330s 纯刷入时间:0.000s 负采样分析: 1.141s
cur batch: 5100, start pre sample and analyze...
cur batch: 5400, start pre sample and analyze...
cur batch: 5700, start pre sample and analyze...
cur batch: 6000, start pre sample and analyze...
平均每个batch用时0.02235s, 预计epoch时间: 496.753s
run batch6000total time: 134.50s,presample: 8.03s, sample: 3.53s, gen block: 13.99s, feat input: 8.82s, model run: 25.33s, loss and opt: 56.22s, update mem: 14.58s
feat_buffer time: IO load: 6.179s presample and analyze: 2.190s 预采样: 0.000s, 预采样负采样:0.711s              记忆刷入和更新:0.330s 纯刷入时间:0.000s 负采样分析: 1.141s
cur batch: 6300, start pre sample and analyze...
cur batch: 6600, start pre sample and analyze...
cur batch: 6900, start pre sample and analyze...
平均每个batch用时0.02289s, 预计epoch时间: 508.752s
run batch7000total time: 157.39s,presample: 9.55s, sample: 4.12s, gen block: 16.33s, feat input: 10.30s, model run: 29.54s, loss and opt: 65.76s, update mem: 17.13s
feat_buffer time: IO load: 7.194s presample and analyze: 2.319s 预采样: 0.000s, 预采样负采样:0.838s              记忆刷入和更新:0.330s 纯刷入时间:0.000s 负采样分析: 1.141s
cur batch: 7200, start pre sample and analyze...
cur batch: 7500, start pre sample and analyze...
cur batch: 7800, start pre sample and analyze...
平均每个batch用时0.02278s, 预计epoch时间: 506.254s
run batch8000total time: 180.17s,presample: 10.74s, sample: 4.72s, gen block: 18.72s, feat input: 11.80s, model run: 33.79s, loss and opt: 75.37s, update mem: 19.68s
feat_buffer time: IO load: 8.248s presample and analyze: 2.458s 预采样: 0.000s, 预采样负采样:0.976s              记忆刷入和更新:0.330s 纯刷入时间:0.000s 负采样分析: 1.141s
cur batch: 8100, start pre sample and analyze...
cur batch: 8400, start pre sample and analyze...
cur batch: 8700, start pre sample and analyze...
cur batch: 9000, start pre sample and analyze...
平均每个batch用时0.02280s, 预计epoch时间: 506.617s
run batch9000total time: 202.97s,presample: 12.03s, sample: 5.31s, gen block: 21.08s, feat input: 13.31s, model run: 38.06s, loss and opt: 84.90s, update mem: 22.25s
feat_buffer time: IO load: 9.738s presample and analyze: 2.660s 预采样: 0.000s, 预采样负采样:1.177s              记忆刷入和更新:0.330s 纯刷入时间:0.000s 负采样分析: 1.141s
cur batch: 9300, start pre sample and analyze...
cur batch: 9600, start pre sample and analyze...
cur batch: 9900, start pre sample and analyze...
平均每个batch用时0.02295s, 预计epoch时间: 510.081s
run batch10000total time: 225.92s,presample: 13.75s, sample: 5.89s, gen block: 23.42s, feat input: 14.78s, model run: 42.22s, loss and opt: 94.29s, update mem: 24.88s
feat_buffer time: IO load: 10.875s presample and analyze: 2.825s 预采样: 0.000s, 预采样负采样:1.341s              记忆刷入和更新:0.330s 纯刷入时间:0.000s 负采样分析: 1.141s
cur batch: 10200, start pre sample and analyze...
cur batch: 10500, start pre sample and analyze...
cur batch: 10800, start pre sample and analyze...
平均每个batch用时0.02302s, 预计epoch时间: 511.642s
run batch11000total time: 248.94s,presample: 15.12s, sample: 6.49s, gen block: 25.82s, feat input: 16.30s, model run: 46.50s, loss and opt: 103.85s, update mem: 27.49s
feat_buffer time: IO load: 12.063s presample and analyze: 3.001s 预采样: 0.000s, 预采样负采样:1.515s              记忆刷入和更新:0.330s 纯刷入时间:0.000s 负采样分析: 1.141s
cur batch: 11100, start pre sample and analyze...
cur batch: 11400, start pre sample and analyze...
cur batch: 11700, start pre sample and analyze...
cur batch: 12000, start pre sample and analyze...
平均每个batch用时0.02291s, 预计epoch时间: 509.208s
run batch12000total time: 271.85s,presample: 16.49s, sample: 7.09s, gen block: 28.20s, feat input: 17.81s, model run: 50.73s, loss and opt: 113.36s, update mem: 30.14s
feat_buffer time: IO load: 13.648s presample and analyze: 3.252s 预采样: 0.000s, 预采样负采样:1.765s              记忆刷入和更新:0.330s 纯刷入时间:0.000s 负采样分析: 1.141s
cur batch: 12300, start pre sample and analyze...
cur batch: 12600, start pre sample and analyze...
cur batch: 12900, start pre sample and analyze...
平均每个batch用时0.02351s, 预计epoch时间: 522.532s
run batch13000total time: 295.36s,presample: 18.40s, sample: 7.68s, gen block: 30.58s, feat input: 19.31s, model run: 54.95s, loss and opt: 122.94s, update mem: 32.80s
feat_buffer time: IO load: 14.882s presample and analyze: 3.453s 预采样: 0.000s, 预采样负采样:1.965s              记忆刷入和更新:0.330s 纯刷入时间:0.000s 负采样分析: 1.141s
cur batch: 13200, start pre sample and analyze...
cur batch: 13500, start pre sample and analyze...
cur batch: 13800, start pre sample and analyze...
平均每个batch用时0.02309s, 预计epoch时间: 513.161s
run batch14000total time: 318.45s,presample: 19.89s, sample: 8.27s, gen block: 32.97s, feat input: 20.82s, model run: 59.21s, loss and opt: 132.36s, update mem: 35.56s
feat_buffer time: IO load: 16.155s presample and analyze: 3.663s 预采样: 0.000s, 预采样负采样:2.174s              记忆刷入和更新:0.330s 纯刷入时间:0.000s 负采样分析: 1.141s
cur batch: 14100, start pre sample and analyze...
cur batch: 14400, start pre sample and analyze...
cur batch: 14700, start pre sample and analyze...
cur batch: 15000, start pre sample and analyze...
平均每个batch用时0.02307s, 预计epoch时间: 512.801s
run batch15000total time: 341.53s,presample: 21.37s, sample: 8.86s, gen block: 35.33s, feat input: 22.32s, model run: 63.42s, loss and opt: 141.85s, update mem: 38.33s
feat_buffer time: IO load: 17.878s presample and analyze: 3.964s 预采样: 0.000s, 预采样负采样:2.473s              记忆刷入和更新:0.330s 纯刷入时间:0.000s 负采样分析: 1.141s
cur batch: 15300, start pre sample and analyze...
cur batch: 15600, start pre sample and analyze...
cur batch: 15900, start pre sample and analyze...
平均每个batch用时0.02408s, 预计epoch时间: 535.176s
run batch16000total time: 365.61s,presample: 23.52s, sample: 9.45s, gen block: 37.73s, feat input: 23.83s, model run: 67.69s, loss and opt: 151.60s, update mem: 41.07s
feat_buffer time: IO load: 19.235s presample and analyze: 4.205s 预采样: 0.000s, 预采样负采样:2.713s              记忆刷入和更新:0.330s 纯刷入时间:0.000s 负采样分析: 1.141s
cur batch: 16200, start pre sample and analyze...
cur batch: 16500, start pre sample and analyze...
cur batch: 16800, start pre sample and analyze...
平均每个batch用时0.02370s, 预计epoch时间: 526.728s
run batch17000total time: 389.31s,presample: 25.16s, sample: 10.06s, gen block: 40.17s, feat input: 25.37s, model run: 72.00s, loss and opt: 161.34s, update mem: 43.82s
feat_buffer time: IO load: 20.616s presample and analyze: 4.458s 预采样: 0.000s, 预采样负采样:2.965s              记忆刷入和更新:0.330s 纯刷入时间:0.000s 负采样分析: 1.141s
cur batch: 17100, start pre sample and analyze...
cur batch: 17400, start pre sample and analyze...
cur batch: 17700, start pre sample and analyze...
cur batch: 18000, start pre sample and analyze...
平均每个batch用时0.02357s, 预计epoch时间: 523.759s
run batch18000total time: 412.87s,presample: 26.82s, sample: 10.65s, gen block: 42.56s, feat input: 26.89s, model run: 76.27s, loss and opt: 170.97s, update mem: 46.63s
feat_buffer time: IO load: 22.486s presample and analyze: 4.816s 预采样: 0.000s, 预采样负采样:3.321s              记忆刷入和更新:0.330s 纯刷入时间:0.000s 负采样分析: 1.141s
cur batch: 18300, start pre sample and analyze...
cur batch: 18600, start pre sample and analyze...
cur batch: 18900, start pre sample and analyze...
平均每个batch用时0.02433s, 预计epoch时间: 540.686s
run batch19000total time: 437.20s,presample: 29.11s, sample: 11.26s, gen block: 44.98s, feat input: 28.42s, model run: 80.56s, loss and opt: 180.59s, update mem: 49.52s
feat_buffer time: IO load: 23.927s presample and analyze: 5.093s 预采样: 0.000s, 预采样负采样:3.597s              记忆刷入和更新:0.330s 纯刷入时间:0.000s 负采样分析: 1.141s
cur batch: 19200, start pre sample and analyze...
cur batch: 19500, start pre sample and analyze...
cur batch: 19800, start pre sample and analyze...
平均每个batch用时0.02385s, 预计epoch时间: 530.126s
run batch20000total time: 461.05s,presample: 30.89s, sample: 11.86s, gen block: 47.40s, feat input: 29.95s, model run: 84.81s, loss and opt: 190.29s, update mem: 52.41s
feat_buffer time: IO load: 25.413s presample and analyze: 5.379s 预采样: 0.000s, 预采样负采样:3.882s              记忆刷入和更新:0.330s 纯刷入时间:0.000s 负采样分析: 1.141s
cur batch: 20100, start pre sample and analyze...
cur batch: 20400, start pre sample and analyze...
cur batch: 20700, start pre sample and analyze...
cur batch: 21000, start pre sample and analyze...
平均每个batch用时0.02405s, 预计epoch时间: 534.577s
run batch21000total time: 485.11s,presample: 32.70s, sample: 12.46s, gen block: 49.83s, feat input: 31.49s, model run: 89.13s, loss and opt: 200.09s, update mem: 55.28s
feat_buffer time: IO load: 27.460s presample and analyze: 5.775s 预采样: 0.000s, 预采样负采样:4.276s              记忆刷入和更新:0.330s 纯刷入时间:0.000s 负采样分析: 1.141s
cur batch: 21300, start pre sample and analyze...
cur batch: 21600, start pre sample and analyze...
cur batch: 21900, start pre sample and analyze...
平均每个batch用时0.02453s, 预计epoch时间: 545.132s
run batch22000total time: 509.64s,presample: 35.10s, sample: 13.07s, gen block: 52.26s, feat input: 33.03s, model run: 93.46s, loss and opt: 209.68s, update mem: 58.23s
feat_buffer time: IO load: 29.009s presample and analyze: 5.984s 预采样: 0.000s, 预采样负采样:4.484s              记忆刷入和更新:0.330s 纯刷入时间:0.000s 负采样分析: 1.141s
cur batch: 22200, start pre sample and analyze...
total loop use time: 518.2069
run batch22223total time: 514.48s,presample: 35.19s, sample: 13.20s, gen block: 52.77s, feat input: 33.36s, model run: 94.38s, loss and opt: 211.76s, update mem: 58.87s
Loading model at epoch 0...
训练完成，退出子进程
[W CudaIPCTypes.cpp:15] Producer process has been terminated before all shared CUDA tensors released. See Note [Sharing CUDA tensors]
