start
=============================================
=============================================
=============================================

2024-07-21 15:51:54, PID 3916728 , 内存占用: 24 MB 显存占用: 9 MB
2024-07-21 15:51:55, PID 3916728 , 内存占用: 262 MB 显存占用: 9 MB
2024-07-21 15:51:56, PID 3916728 , 内存占用: 424 MB 显存占用: 9 MB
2024-07-21 15:51:57, PID 3916728 , 内存占用: 579 MB 显存占用: 9 MB
2024-07-21 15:51:58, PID 3916728 , 内存占用: 1043 MB 显存占用: 467 MB
2024-07-21 15:52:00, PID 3916728 , 内存占用: 1749 MB 显存占用: 729 MB
2024-07-21 15:52:01, PID 3916728 , 内存占用: 2186 MB 显存占用: 753 MB
2024-07-21 15:52:02, PID 3916728 , 内存占用: 2961 MB 显存占用: 753 MB
2024-07-21 15:52:03, PID 3916728 , 内存占用: 5310 MB 显存占用: 753 MB
2024-07-21 15:52:04, PID 3916728 , 内存占用: 7639 MB 显存占用: 753 MB
2024-07-21 15:52:06, PID 3916728 , 内存占用: 9299 MB 显存占用: 755 MB
2024-07-21 15:52:07, PID 3916728 , 内存占用: 11804 MB 显存占用: 755 MB
2024-07-21 15:52:08, PID 3916728 , 内存占用: 12414 MB 显存占用: 1769 MB
2024-07-21 15:52:09, PID 3916728 , 内存占用: 13552 MB 显存占用: 3005 MB
2024-07-21 15:52:11, PID 3916728 , 内存占用: 15854 MB 显存占用: 4761 MB
2024-07-21 15:52:12, PID 3916728 , 内存占用: 17337 MB 显存占用: 4785 MB
2024-07-21 15:52:13, PID 3916728 , 内存占用: 16576 MB 显存占用: 4787 MB
2024-07-21 15:52:14, PID 3916728 , 内存占用: 16576 MB 显存占用: 4787 MB
2024-07-21 15:52:16, PID 3916728 , 内存占用: 16576 MB 显存占用: 4787 MB
2024-07-21 15:52:17, PID 3916728 , 内存占用: 16577 MB 显存占用: 4787 MB
2024-07-21 15:52:18, PID 3916728 , 内存占用: 17860 MB 显存占用: 5977 MB
2024-07-21 15:52:19, PID 3916728 , 内存占用: 19274 MB 显存占用: 5977 MB
2024-07-21 15:52:20, PID 3916728 , 内存占用: 16715 MB 显存占用: 5977 MB
2024-07-21 15:52:22, PID 3916728 , 内存占用: 16715 MB 显存占用: 5977 MB
2024-07-21 15:52:23, PID 3916728 , 内存占用: 16715 MB 显存占用: 5977 MB
2024-07-21 15:52:24, PID 3916728 , 内存占用: 17576 MB 显存占用: 6769 MB
2024-07-21 15:52:25, PID 3916728 , 内存占用: 19210 MB 显存占用: 6769 MB
2024-07-21 15:52:27, PID 3916728 , 内存占用: 16742 MB 显存占用: 6769 MB
2024-07-21 15:52:28, PID 3916728 , 内存占用: 16742 MB 显存占用: 6769 MB
2024-07-21 15:52:29, PID 3916728 , 内存占用: 16742 MB 显存占用: 6769 MB
2024-07-21 15:52:30, PID 3916728 , 内存占用: 16896 MB 显存占用: 7541 MB
2024-07-21 15:52:32, PID 3916728 , 内存占用: 18783 MB 显存占用: 7541 MB
2024-07-21 15:52:33, PID 3916728 , 内存占用: 17727 MB 显存占用: 7541 MB
2024-07-21 15:52:34, PID 3916728 , 内存占用: 16771 MB 显存占用: 7541 MB
2024-07-21 15:52:35, PID 3916728 , 内存占用: 16771 MB 显存占用: 7541 MB
2024-07-21 15:52:36, PID 3916728 , 内存占用: 16771 MB 显存占用: 7541 MB
2024-07-21 15:52:38, PID 3916728 , 内存占用: 17991 MB 显存占用: 7541 MB
2024-07-21 15:52:39, PID 3916728 , 内存占用: 19626 MB 显存占用: 7541 MB
2024-07-21 15:52:40, PID 3916728 , 内存占用: 16807 MB 显存占用: 7541 MB
2024-07-21 15:52:41, PID 3916728 , 内存占用: 16807 MB 显存占用: 7541 MB
2024-07-21 15:52:43, PID 3916728 , 内存占用: 16807 MB 显存占用: 7541 MB
2024-07-21 15:52:44, PID 3916728 , 内存占用: 17638 MB 显存占用: 8337 MB
2024-07-21 15:52:45, PID 3916728 , 内存占用: 19377 MB 显存占用: 8337 MB
2024-07-21 15:52:46, PID 3916728 , 内存占用: 16855 MB 显存占用: 8337 MB
2024-07-21 15:52:47, PID 3916728 , 内存占用: 16855 MB 显存占用: 8337 MB
2024-07-21 15:52:49, PID 3916728 , 内存占用: 16855 MB 显存占用: 8337 MB
2024-07-21 15:52:50, PID 3916728 , 内存占用: 16855 MB 显存占用: 9143 MB
2024-07-21 15:52:51, PID 3916728 , 内存占用: 18837 MB 显存占用: 9143 MB
2024-07-21 15:52:52, PID 3916728 , 内存占用: 19840 MB 显存占用: 9143 MB
2024-07-21 15:52:54, PID 3916728 , 内存占用: 16882 MB 显存占用: 9143 MB
2024-07-21 15:52:55, PID 3916728 , 内存占用: 16882 MB 显存占用: 9143 MB
2024-07-21 15:52:56, PID 3916728 , 内存占用: 16882 MB 显存占用: 9143 MB
2024-07-21 15:52:57, PID 3916728 , 内存占用: 17933 MB 显存占用: 9953 MB
2024-07-21 15:52:58, PID 3916728 , 内存占用: 19711 MB 显存占用: 9953 MB
2024-07-21 15:53:00, PID 3916728 , 内存占用: 16968 MB 显存占用: 9953 MB
2024-07-21 15:53:01, PID 3916728 , 内存占用: 16968 MB 显存占用: 9953 MB
2024-07-21 15:53:02, PID 3916728 , 内存占用: 16968 MB 显存占用: 9953 MB
2024-07-21 15:53:03, PID 3916728 , 内存占用: 17253 MB 显存占用: 10791 MB
2024-07-21 15:53:05, PID 3916728 , 内存占用: 17630 MB 显存占用: 10791 MB
2024-07-21 15:53:06, PID 3916728 , 内存占用: 16971 MB 显存占用: 10791 MB
2024-07-21 15:53:07, PID 3916728 , 内存占用: 16971 MB 显存占用: 10791 MB
2024-07-21 15:53:08, PID 3916728 , 内存占用: 16971 MB 显存占用: 10791 MB
2024-07-21 15:53:09, PID 3916728 , 内存占用: 16971 MB 显存占用: 10793 MB
2024-07-21 15:53:11, PID 3916728 , 内存占用: 17099 MB 显存占用: 10793 MB
2024-07-21 15:53:12, PID 3916728 , 内存占用: 17491 MB 显存占用: 10793 MB
2024-07-21 15:53:13, PID 3916728 , 内存占用: 19768 MB 显存占用: 10793 MB
2024-07-21 15:53:14, PID 3916728 , 内存占用: 16981 MB 显存占用: 10793 MB
2024-07-21 15:53:16, PID 3916728 , 内存占用: 16981 MB 显存占用: 10793 MB
2024-07-21 15:53:17, PID 3916728 , 内存占用: 16981 MB 显存占用: 10793 MB
2024-07-21 15:53:18, PID 3916728 , 内存占用: 16981 MB 显存占用: 10793 MB
2024-07-21 15:53:19, PID 3916728 , 内存占用: 18811 MB 显存占用: 10793 MB
2024-07-21 15:53:21, PID 3916728 , 内存占用: 19645 MB 显存占用: 10793 MB
2024-07-21 15:53:22, PID 3916728 , 内存占用: 16982 MB 显存占用: 10793 MB
2024-07-21 15:53:23, PID 3916728 , 内存占用: 16982 MB 显存占用: 10793 MB
2024-07-21 15:53:24, PID 3916728 , 内存占用: 16982 MB 显存占用: 10793 MB
2024-07-21 15:53:25, PID 3916728 , 内存占用: 18158 MB 显存占用: 10793 MB
2024-07-21 15:53:27, PID 3916728 , 内存占用: 19675 MB 显存占用: 10793 MB
2024-07-21 15:53:28, PID 3916728 , 内存占用: 16982 MB 显存占用: 10793 MB
2024-07-21 15:53:29, PID 3916728 , 内存占用: 16982 MB 显存占用: 10793 MB
2024-07-21 15:53:30, PID 3916728 , 内存占用: 16982 MB 显存占用: 10793 MB
2024-07-21 15:53:32, PID 3916728 , 内存占用: 17668 MB 显存占用: 10793 MB
2024-07-21 15:53:33, PID 3916728 , 内存占用: 19353 MB 显存占用: 10793 MB
2024-07-21 15:53:34, PID 3916728 , 内存占用: 16982 MB 显存占用: 10793 MB
2024-07-21 15:53:35, PID 3916728 , 内存占用: 16982 MB 显存占用: 10793 MB
2024-07-21 15:53:37, PID 3916728 , 内存占用: 16982 MB 显存占用: 10793 MB
2024-07-21 15:53:38, PID 3916728 , 内存占用: 16982 MB 显存占用: 10793 MB
2024-07-21 15:53:39, PID 3916728 , 内存占用: 19140 MB 显存占用: 10793 MB
2024-07-21 15:53:40, PID 3916728 , 内存占用: 19838 MB 显存占用: 10793 MB
2024-07-21 15:53:42, PID 3916728 , 内存占用: 16981 MB 显存占用: 10793 MB
2024-07-21 15:53:43, PID 3916728 , 内存占用: 16981 MB 显存占用: 10793 MB
2024-07-21 15:53:44, PID 3916728 , 内存占用: 16981 MB 显存占用: 10793 MB
2024-07-21 15:53:45, PID 3916728 , 内存占用: 18567 MB 显存占用: 10793 MB
2024-07-21 15:53:46, PID 3916728 , 内存占用: 19904 MB 显存占用: 10793 MB
2024-07-21 15:53:48, PID 3916728 , 内存占用: 16982 MB 显存占用: 10793 MB
2024-07-21 15:53:49, PID 3916728 , 内存占用: 16982 MB 显存占用: 10793 MB
2024-07-21 15:53:50, PID 3916728 , 内存占用: 16982 MB 显存占用: 10793 MB
2024-07-21 15:53:51, PID 3916728 , 内存占用: 17937 MB 显存占用: 10793 MB
2024-07-21 15:53:53, PID 3916728 , 内存占用: 19875 MB 显存占用: 10793 MB
2024-07-21 15:53:54, PID 3916728 , 内存占用: 16982 MB 显存占用: 10793 MB
2024-07-21 15:53:55, PID 3916728 , 内存占用: 16982 MB 显存占用: 10793 MB
2024-07-21 15:53:56, PID 3916728 , 内存占用: 16982 MB 显存占用: 10793 MB
2024-07-21 15:53:58, PID 3916728 , 内存占用: 17084 MB 显存占用: 10793 MB
2024-07-21 15:53:59, PID 3916728 , 内存占用: 19070 MB 显存占用: 10793 MB
2024-07-21 15:54:00, PID 3916728 , 内存占用: 20102 MB 显存占用: 10793 MB
2024-07-21 15:54:01, PID 3916728 , 内存占用: 16981 MB 显存占用: 10793 MB
2024-07-21 15:54:03, PID 3916728 , 内存占用: 16981 MB 显存占用: 10793 MB
2024-07-21 15:54:04, PID 3916728 , 内存占用: 16981 MB 显存占用: 10793 MB
2024-07-21 15:54:05, PID 3916728 , 内存占用: 18039 MB 显存占用: 11631 MB
2024-07-21 15:54:06, PID 3916728 , 内存占用: 17014 MB 显存占用: 11631 MB
2024-07-21 15:54:07, PID 3916728 , 内存占用: 17014 MB 显存占用: 11631 MB
2024-07-21 15:54:09, PID 3916728 , 内存占用: 17014 MB 显存占用: 11631 MB
2024-07-21 15:54:10, PID 3916728 , 内存占用: 17014 MB 显存占用: 11631 MB
2024-07-21 15:54:11, PID 3916728 , 内存占用: 16934 MB 显存占用: 11631 MB
2024-07-21 15:54:12, PID 3916728 , 内存占用: 17013 MB 显存占用: 11631 MB
2024-07-21 15:54:14, PID 3916728 , 内存占用: 18644 MB 显存占用: 11631 MB
2024-07-21 15:54:15, PID 3916728 , 内存占用: 17893 MB 显存占用: 11631 MB
2024-07-21 15:54:16, PID 3916728 , 内存占用: 17014 MB 显存占用: 11631 MB
2024-07-21 15:54:17, PID 3916728 , 内存占用: 17014 MB 显存占用: 11631 MB
2024-07-21 15:54:19, PID 3916728 , 内存占用: 17014 MB 显存占用: 11631 MB
2024-07-21 15:54:20, PID 3916728 , 内存占用: 18199 MB 显存占用: 11631 MB
2024-07-21 15:54:21, PID 3916728 , 内存占用: 19675 MB 显存占用: 11631 MB
2024-07-21 15:54:22, PID 3916728 , 内存占用: 17013 MB 显存占用: 11631 MB
2024-07-21 15:54:23, PID 3916728 , 内存占用: 17013 MB 显存占用: 11631 MB
2024-07-21 15:54:25, PID 3916728 , 内存占用: 17013 MB 显存占用: 11631 MB
2024-07-21 15:54:26, PID 3916728 , 内存占用: 17679 MB 显存占用: 11631 MB
2024-07-21 15:54:27, PID 3916728 , 内存占用: 19387 MB 显存占用: 11631 MB
2024-07-21 15:54:28, PID 3916728 , 内存占用: 17014 MB 显存占用: 11631 MB
2024-07-21 15:54:30, PID 3916728 , 内存占用: 17014 MB 显存占用: 11631 MB
2024-07-21 15:54:31, PID 3916728 , 内存占用: 17014 MB 显存占用: 11631 MB
2024-07-21 15:54:32, PID 3916728 , 内存占用: 17014 MB 显存占用: 11631 MB
2024-07-21 15:54:33, PID 3916728 , 内存占用: 18817 MB 显存占用: 11631 MB
2024-07-21 15:54:34, PID 3916728 , 内存占用: 19792 MB 显存占用: 11631 MB
2024-07-21 15:54:36, PID 3916728 , 内存占用: 17014 MB 显存占用: 11631 MB
2024-07-21 15:54:37, PID 3916728 , 内存占用: 17014 MB 显存占用: 11631 MB
2024-07-21 15:54:38, PID 3916728 , 内存占用: 17014 MB 显存占用: 11631 MB
2024-07-21 15:54:39, PID 3916728 , 内存占用: 18234 MB 显存占用: 11631 MB
2024-07-21 15:54:41, PID 3916728 , 内存占用: 19872 MB 显存占用: 11631 MB
2024-07-21 15:54:42, PID 3916728 , 内存占用: 17013 MB 显存占用: 11631 MB
2024-07-21 15:54:43, PID 3916728 , 内存占用: 17013 MB 显存占用: 11631 MB
2024-07-21 15:54:44, PID 3916728 , 内存占用: 17013 MB 显存占用: 11631 MB
2024-07-21 15:54:45, PID 3916728 , 内存占用: 17939 MB 显存占用: 11631 MB
2024-07-21 15:54:47, PID 3916728 , 内存占用: 19711 MB 显存占用: 11631 MB
2024-07-21 15:54:48, PID 3916728 , 内存占用: 17014 MB 显存占用: 11631 MB
2024-07-21 15:54:49, PID 3916728 , 内存占用: 17014 MB 显存占用: 11631 MB
2024-07-21 15:54:50, PID 3916728 , 内存占用: 17014 MB 显存占用: 11631 MB
2024-07-21 15:54:52, PID 3916728 , 内存占用: 17095 MB 显存占用: 11631 MB
2024-07-21 15:54:53, PID 3916728 , 内存占用: 19181 MB 显存占用: 11631 MB
2024-07-21 15:54:54, PID 3916728 , 内存占用: 19997 MB 显存占用: 11631 MB
2024-07-21 15:54:55, PID 3916728 , 内存占用: 17013 MB 显存占用: 11631 MB
2024-07-21 15:54:56, PID 3916728 , 内存占用: 17013 MB 显存占用: 11631 MB
2024-07-21 15:54:58, PID 3916728 , 内存占用: 17013 MB 显存占用: 11631 MB
2024-07-21 15:54:59, PID 3916728 , 内存占用: 18324 MB 显存占用: 11631 MB
2024-07-21 15:55:00, PID 3916728 , 内存占用: 20135 MB 显存占用: 11631 MB
2024-07-21 15:55:01, PID 3916728 , 内存占用: 17012 MB 显存占用: 11631 MB
2024-07-21 15:55:03, PID 3916728 , 内存占用: 17012 MB 显存占用: 11631 MB
2024-07-21 15:55:04, PID 3916728 , 内存占用: 17012 MB 显存占用: 11631 MB
2024-07-21 15:55:05, PID 3916728 , 内存占用: 17614 MB 显存占用: 11631 MB
2024-07-21 15:55:06, PID 3916728 , 内存占用: 17014 MB 显存占用: 11631 MB
2024-07-21 15:55:08, PID 3916728 , 内存占用: 17014 MB 显存占用: 11631 MB
2024-07-21 15:55:09, PID 3916728 , 内存占用: 17014 MB 显存占用: 11631 MB
2024-07-21 15:55:10, PID 3916728 , 内存占用: 17014 MB 显存占用: 11631 MB
2024-07-21 15:55:11, PID 3916728 , 内存占用: 17014 MB 显存占用: 11631 MB
2024-07-21 15:55:13, PID 3916728 , 内存占用: 17398 MB 显存占用: 11631 MB
2024-07-21 15:55:14, PID 3916728 , 内存占用: 17661 MB 显存占用: 11631 MB
2024-07-21 15:55:15, PID 3916728 , 内存占用: 19525 MB 显存占用: 11631 MB
2024-07-21 15:55:16, PID 3916728 , 内存占用: 17013 MB 显存占用: 11631 MB
2024-07-21 15:55:17, PID 3916728 , 内存占用: 17013 MB 显存占用: 11631 MB
2024-07-21 15:55:19, PID 3916728 , 内存占用: 17013 MB 显存占用: 11631 MB
2024-07-21 15:55:20, PID 3916728 , 内存占用: 17182 MB 显存占用: 11631 MB
2024-07-21 15:55:21, PID 3916728 , 内存占用: 18991 MB 显存占用: 11631 MB
2024-07-21 15:55:22, PID 3916728 , 内存占用: 17169 MB 显存占用: 11631 MB
2024-07-21 15:55:24, PID 3916728 , 内存占用: 17014 MB 显存占用: 11631 MB
2024-07-21 15:55:25, PID 3916728 , 内存占用: 17014 MB 显存占用: 11631 MB
2024-07-21 15:55:26, PID 3916728 , 内存占用: 17014 MB 显存占用: 11631 MB
2024-07-21 15:55:27, PID 3916728 , 内存占用: 18191 MB 显存占用: 11631 MB
2024-07-21 15:55:29, PID 3916728 , 内存占用: 19669 MB 显存占用: 11631 MB
2024-07-21 15:55:30, PID 3916728 , 内存占用: 17013 MB 显存占用: 11631 MB
2024-07-21 15:55:31, PID 3916728 , 内存占用: 17013 MB 显存占用: 11631 MB
2024-07-21 15:55:32, PID 3916728 , 内存占用: 17013 MB 显存占用: 11631 MB
2024-07-21 15:55:34, PID 3916728 , 内存占用: 17582 MB 显存占用: 11631 MB
2024-07-21 15:55:35, PID 3916728 , 内存占用: 18838 MB 显存占用: 11631 MB
2024-07-21 15:55:36, PID 3916728 , 内存占用: 16955 MB 显存占用: 11631 MB
2024-07-21 15:55:37, PID 3916728 , 内存占用: 16955 MB 显存占用: 11631 MB
2024-07-21 15:55:39, PID 3916728 , 内存占用: 16955 MB 显存占用: 11631 MB
2024-07-21 15:55:40, PID 3916728 , 内存占用: 17463 MB 显存占用: 11631 MB
2024-07-21 15:55:41, PID 3916728 , 内存占用: 19271 MB 显存占用: 11631 MB
2024-07-21 15:55:42, PID 3916728 , 内存占用: 16972 MB 显存占用: 11631 MB
2024-07-21 15:55:43, PID 3916728 , 内存占用: 16972 MB 显存占用: 11631 MB
2024-07-21 15:55:45, PID 3916728 , 内存占用: 16972 MB 显存占用: 11631 MB
2024-07-21 15:55:46, PID 3916728 , 内存占用: 16972 MB 显存占用: 11631 MB
2024-07-21 15:55:47, PID 3916728 , 内存占用: 18924 MB 显存占用: 11631 MB
2024-07-21 15:55:48, PID 3916728 , 内存占用: 19911 MB 显存占用: 11631 MB
2024-07-21 15:55:50, PID 3916728 , 内存占用: 16973 MB 显存占用: 11631 MB
2024-07-21 15:55:51, PID 3916728 , 内存占用: 16973 MB 显存占用: 11631 MB
2024-07-21 15:55:52, PID 3916728 , 内存占用: 16973 MB 显存占用: 11631 MB
2024-07-21 15:55:53, PID 3916728 , 内存占用: 17847 MB 显存占用: 11631 MB
2024-07-21 15:55:54, PID 3916728 , 内存占用: 19732 MB 显存占用: 11631 MB
2024-07-21 15:55:56, PID 3916728 , 内存占用: 16972 MB 显存占用: 11631 MB
2024-07-21 15:55:57, PID 3916728 , 内存占用: 16972 MB 显存占用: 11631 MB
2024-07-21 15:55:58, PID 3916728 , 内存占用: 16972 MB 显存占用: 11631 MB
2024-07-21 15:55:59, PID 3916728 , 内存占用: 17388 MB 显存占用: 11631 MB
2024-07-21 15:56:01, PID 3916728 , 内存占用: 19242 MB 显存占用: 11631 MB
2024-07-21 15:56:02, PID 3916728 , 内存占用: 19493 MB 显存占用: 11631 MB
2024-07-21 15:56:03, PID 3916728 , 内存占用: 16981 MB 显存占用: 11631 MB
2024-07-21 15:56:04, PID 3916728 , 内存占用: 16981 MB 显存占用: 11631 MB
2024-07-21 15:56:06, PID 3916728 , 内存占用: 16981 MB 显存占用: 11631 MB
2024-07-21 15:56:07, PID 3916728 , 内存占用: 18019 MB 显存占用: 11631 MB
2024-07-21 15:56:08, PID 3916728 , 内存占用: 17014 MB 显存占用: 11631 MB
2024-07-21 15:56:09, PID 3916728 , 内存占用: 17014 MB 显存占用: 11631 MB
2024-07-21 15:56:11, PID 3916728 , 内存占用: 17014 MB 显存占用: 11631 MB
2024-07-21 15:56:12, PID 3916728 , 内存占用: 17014 MB 显存占用: 11631 MB
2024-07-21 15:56:13, PID 3916728 , 内存占用: 16860 MB 显存占用: 11631 MB
2024-07-21 15:56:14, PID 3916728 , 内存占用: 17086 MB 显存占用: 11631 MB
2024-07-21 15:56:15, PID 3916728 , 内存占用: 18928 MB 显存占用: 11631 MB
2024-07-21 15:56:17, PID 3916728 , 内存占用: 17013 MB 显存占用: 11631 MB
2024-07-21 15:56:18, PID 3916728 , 内存占用: 17013 MB 显存占用: 11631 MB
2024-07-21 15:56:19, PID 3916728 , 内存占用: 17013 MB 显存占用: 11631 MB
2024-07-21 15:56:20, PID 3916728 , 内存占用: 17013 MB 显存占用: 11631 MB
2024-07-21 15:56:21, PID 3916728 , 内存占用: 18197 MB 显存占用: 11631 MB
2024-07-21 15:56:23, PID 3916728 , 内存占用: 19675 MB 显存占用: 11631 MB
2024-07-21 15:56:24, PID 3916728 , 内存占用: 17014 MB 显存占用: 11631 MB
2024-07-21 15:56:25, PID 3916728 , 内存占用: 17014 MB 显存占用: 11631 MB
2024-07-21 15:56:26, PID 3916728 , 内存占用: 17014 MB 显存占用: 11631 MB
2024-07-21 15:56:28, PID 3916728 , 内存占用: 17825 MB 显存占用: 11631 MB
2024-07-21 15:56:29, PID 3916728 , 内存占用: 19451 MB 显存占用: 11631 MB
2024-07-21 15:56:30, PID 3916728 , 内存占用: 17013 MB 显存占用: 11631 MB
2024-07-21 15:56:31, PID 3916728 , 内存占用: 17013 MB 显存占用: 11631 MB
2024-07-21 15:56:32, PID 3916728 , 内存占用: 17013 MB 显存占用: 11631 MB
2024-07-21 15:56:34, PID 3916728 , 内存占用: 17023 MB 显存占用: 11631 MB
2024-07-21 15:56:35, PID 3916728 , 内存占用: 18794 MB 显存占用: 11631 MB
2024-07-21 15:56:36, PID 3916728 , 内存占用: 19445 MB 显存占用: 11631 MB
2024-07-21 15:56:37, PID 3916728 , 内存占用: 16955 MB 显存占用: 11631 MB
2024-07-21 15:56:39, PID 3916728 , 内存占用: 16955 MB 显存占用: 11631 MB
2024-07-21 15:56:40, PID 3916728 , 内存占用: 16955 MB 显存占用: 11631 MB
2024-07-21 15:56:41, PID 3916728 , 内存占用: 18728 MB 显存占用: 11631 MB
2024-07-21 15:56:42, PID 3916728 , 内存占用: 19829 MB 显存占用: 11631 MB
2024-07-21 15:56:43, PID 3916728 , 内存占用: 16972 MB 显存占用: 11631 MB
2024-07-21 15:56:45, PID 3916728 , 内存占用: 16972 MB 显存占用: 11631 MB
2024-07-21 15:56:46, PID 3916728 , 内存占用: 16972 MB 显存占用: 11631 MB
2024-07-21 15:56:47, PID 3916728 , 内存占用: 17608 MB 显存占用: 11631 MB
2024-07-21 15:56:48, PID 3916728 , 内存占用: 19589 MB 显存占用: 11631 MB
2024-07-21 15:56:50, PID 3916728 , 内存占用: 16981 MB 显存占用: 11631 MB
2024-07-21 15:56:51, PID 3916728 , 内存占用: 16981 MB 显存占用: 11631 MB
2024-07-21 15:56:52, PID 3916728 , 内存占用: 16981 MB 显存占用: 11631 MB
2024-07-21 15:56:53, PID 3916728 , 内存占用: 17697 MB 显存占用: 11631 MB
2024-07-21 15:56:55, PID 3916728 , 内存占用: 19452 MB 显存占用: 11631 MB
2024-07-21 15:56:56, PID 3916728 , 内存占用: 16980 MB 显存占用: 11631 MB
2024-07-21 15:56:57, PID 3916728 , 内存占用: 16980 MB 显存占用: 11631 MB
2024-07-21 15:56:58, PID 3916728 , 内存占用: 16980 MB 显存占用: 11631 MB
2024-07-21 15:56:59, PID 3916728 , 内存占用: 16980 MB 显存占用: 11631 MB
2024-07-21 15:57:01, PID 3916728 , 内存占用: 19197 MB 显存占用: 11631 MB
2024-07-21 15:57:02, PID 3916728 , 内存占用: 20110 MB 显存占用: 11631 MB
2024-07-21 15:57:03, PID 3916728 , 内存占用: 16988 MB 显存占用: 11631 MB
2024-07-21 15:57:04, PID 3916728 , 内存占用: 16988 MB 显存占用: 11631 MB
2024-07-21 15:57:06, PID 3916728 , 内存占用: 16988 MB 显存占用: 11631 MB
2024-07-21 15:57:07, PID 3916728 , 内存占用: 17462 MB 显存占用: 12471 MB
2024-07-21 15:57:08, PID 3916728 , 内存占用: 17015 MB 显存占用: 12471 MB
2024-07-21 15:57:09, PID 3916728 , 内存占用: 17015 MB 显存占用: 12471 MB
2024-07-21 15:57:10, PID 3916728 , 内存占用: 17015 MB 显存占用: 12471 MB
2024-07-21 15:57:12, PID 3916728 , 内存占用: 17015 MB 显存占用: 12471 MB
2024-07-21 15:57:13, PID 3916728 , 内存占用: 17015 MB 显存占用: 12471 MB
2024-07-21 15:57:14, PID 3916728 , 内存占用: 8075 MB 显存占用: 11723 MB
2024-07-21 15:57:15, PID 3916728 , 内存占用: 10 MB 显存占用: 11703 MB
3916728
平均内存占用: 16803.81 MB
峰值内存占用: 20135 MB, 19 GB
峰值显存占用 12471 MB
