Sent: init_feats
Received: None
already part feat
Epoch 0:
IO load: 0.000s presample and analyze: 0.000s 预采样: 0.000s, 预采样负采样:0.000s
cur batch: 0, start pre sample and analyze...
第一个块的加载时间: 3.458s
cur batch: 300, start pre sample and analyze...
total loop use time: 14.7615
run batch452total time: 14.69s,presample: 3.55s, sample: 0.25s, gen block: 1.03s, feat input: 0.61s, model run: 2.80s, loss and opt: 4.30s, update mem: 1.87s
Epoch 1:
IO load: 1.561s presample and analyze: 1.992s 预采样: 0.000s, 预采样负采样:0.346s
cur batch: 0, start pre sample and analyze...
第一个块的加载时间: 1.556s
cur batch: 300, start pre sample and analyze...
total loop use time: 11.9559
run batch452total time: 11.88s,presample: 1.65s, sample: 0.26s, gen block: 1.06s, feat input: 0.62s, model run: 1.81s, loss and opt: 4.33s, update mem: 1.85s
Epoch 2:
IO load: 1.440s presample and analyze: 0.208s 预采样: 0.000s, 预采样负采样:0.200s
cur batch: 0, start pre sample and analyze...
第一个块的加载时间: 1.564s
cur batch: 300, start pre sample and analyze...
total loop use time: 11.7963
run batch452total time: 11.73s,presample: 1.66s, sample: 0.26s, gen block: 1.04s, feat input: 0.62s, model run: 1.77s, loss and opt: 4.22s, update mem: 1.88s
Loading model at epoch 0...
训练完成，退出子进程
[W CudaIPCTypes.cpp:15] Producer process has been terminated before all shared CUDA tensors released. See Note [Sharing CUDA tensors]
