start
=============================================
=============================================
=============================================

2024-07-21 17:17:18, PID 4090410 , 内存占用: 49 MB 显存占用: 9 MB
2024-07-21 17:17:19, PID 4090410 , 内存占用: 267 MB 显存占用: 9 MB
2024-07-21 17:17:20, PID 4090410 , 内存占用: 550 MB 显存占用: 391 MB
2024-07-21 17:17:21, PID 4090410 , 内存占用: 1452 MB 显存占用: 719 MB
2024-07-21 17:17:22, PID 4090410 , 内存占用: 1845 MB 显存占用: 735 MB
2024-07-21 17:17:24, PID 4090410 , 内存占用: 3167 MB 显存占用: 735 MB
2024-07-21 17:17:25, PID 4090410 , 内存占用: 6966 MB 显存占用: 735 MB
2024-07-21 17:17:26, PID 4090410 , 内存占用: 7753 MB 显存占用: 985 MB
2024-07-21 17:17:27, PID 4090410 , 内存占用: 7395 MB 显存占用: 1791 MB
2024-07-21 17:17:29, PID 4090410 , 内存占用: 8775 MB 显存占用: 2333 MB
2024-07-21 17:17:30, PID 4090410 , 内存占用: 9054 MB 显存占用: 3217 MB
2024-07-21 17:17:31, PID 4090410 , 内存占用: 8925 MB 显存占用: 3563 MB
2024-07-21 17:17:32, PID 4090410 , 内存占用: 8925 MB 显存占用: 3699 MB
2024-07-21 17:17:33, PID 4090410 , 内存占用: 8925 MB 显存占用: 3839 MB
2024-07-21 17:17:35, PID 4090410 , 内存占用: 8925 MB 显存占用: 3983 MB
2024-07-21 17:17:36, PID 4090410 , 内存占用: 8925 MB 显存占用: 3983 MB
2024-07-21 17:17:37, PID 4090410 , 内存占用: 8925 MB 显存占用: 4059 MB
2024-07-21 17:17:38, PID 4090410 , 内存占用: 8925 MB 显存占用: 4059 MB
2024-07-21 17:17:40, PID 4090410 , 内存占用: 9163 MB 显存占用: 4059 MB
2024-07-21 17:17:41, PID 4090410 , 内存占用: 9291 MB 显存占用: 4059 MB
2024-07-21 17:17:42, PID 4090410 , 内存占用: 10806 MB 显存占用: 4059 MB
2024-07-21 17:17:43, PID 4090410 , 内存占用: 8982 MB 显存占用: 4059 MB
2024-07-21 17:17:45, PID 4090410 , 内存占用: 8982 MB 显存占用: 4059 MB
2024-07-21 17:17:46, PID 4090410 , 内存占用: 8982 MB 显存占用: 4059 MB
2024-07-21 17:17:47, PID 4090410 , 内存占用: 8982 MB 显存占用: 4059 MB
2024-07-21 17:17:48, PID 4090410 , 内存占用: 8982 MB 显存占用: 4059 MB
2024-07-21 17:17:50, PID 4090410 , 内存占用: 8982 MB 显存占用: 4059 MB
2024-07-21 17:17:51, PID 4090410 , 内存占用: 8982 MB 显存占用: 4059 MB
2024-07-21 17:17:52, PID 4090410 , 内存占用: 9893 MB 显存占用: 4059 MB
2024-07-21 17:17:53, PID 4090410 , 内存占用: 9152 MB 显存占用: 4059 MB
2024-07-21 17:17:54, PID 4090410 , 内存占用: 10561 MB 显存占用: 4059 MB
2024-07-21 17:17:56, PID 4090410 , 内存占用: 8984 MB 显存占用: 4059 MB
2024-07-21 17:17:57, PID 4090410 , 内存占用: 8984 MB 显存占用: 4059 MB
2024-07-21 17:17:58, PID 4090410 , 内存占用: 8984 MB 显存占用: 4059 MB
2024-07-21 17:17:59, PID 4090410 , 内存占用: 8984 MB 显存占用: 4059 MB
2024-07-21 17:18:01, PID 4090410 , 内存占用: 8984 MB 显存占用: 4059 MB
2024-07-21 17:18:02, PID 4090410 , 内存占用: 8984 MB 显存占用: 4059 MB
2024-07-21 17:18:03, PID 4090410 , 内存占用: 8984 MB 显存占用: 4059 MB
2024-07-21 17:18:04, PID 4090410 , 内存占用: 2613 MB 显存占用: 3309 MB
4090410
平均内存占用: 7615.58 MB
峰值内存占用: 10806 MB, 10 GB
峰值显存占用 4059 MB
