start
=============================================
=============================================
=============================================

2024-07-21 17:18:06, PID 4092455 , 内存占用: 49 MB 显存占用: 9 MB
2024-07-21 17:18:07, PID 4092455 , 内存占用: 270 MB 显存占用: 9 MB
2024-07-21 17:18:08, PID 4092455 , 内存占用: 426 MB 显存占用: 9 MB
2024-07-21 17:18:09, PID 4092455 , 内存占用: 574 MB 显存占用: 9 MB
2024-07-21 17:18:10, PID 4092455 , 内存占用: 946 MB 显存占用: 437 MB
2024-07-21 17:18:11, PID 4092455 , 内存占用: 1725 MB 显存占用: 715 MB
2024-07-21 17:18:13, PID 4092455 , 内存占用: 2165 MB 显存占用: 753 MB
2024-07-21 17:18:14, PID 4092455 , 内存占用: 2411 MB 显存占用: 753 MB
2024-07-21 17:18:15, PID 4092455 , 内存占用: 4039 MB 显存占用: 753 MB
2024-07-21 17:18:16, PID 4092455 , 内存占用: 5755 MB 显存占用: 753 MB
2024-07-21 17:18:18, PID 4092455 , 内存占用: 7514 MB 显存占用: 753 MB
2024-07-21 17:18:19, PID 4092455 , 内存占用: 12940 MB 显存占用: 755 MB
2024-07-21 17:18:20, PID 4092455 , 内存占用: 16564 MB 显存占用: 755 MB
2024-07-21 17:18:21, PID 4092455 , 内存占用: 17103 MB 显存占用: 1907 MB
2024-07-21 17:18:23, PID 4092455 , 内存占用: 18711 MB 显存占用: 4577 MB
2024-07-21 17:18:24, PID 4092455 , 内存占用: 21077 MB 显存占用: 4781 MB
2024-07-21 17:18:25, PID 4092455 , 内存占用: 20898 MB 显存占用: 4781 MB
2024-07-21 17:18:26, PID 4092455 , 内存占用: 20898 MB 显存占用: 4781 MB
2024-07-21 17:18:28, PID 4092455 , 内存占用: 20898 MB 显存占用: 4781 MB
2024-07-21 17:18:29, PID 4092455 , 内存占用: 20898 MB 显存占用: 4781 MB
2024-07-21 17:18:30, PID 4092455 , 内存占用: 21144 MB 显存占用: 5971 MB
2024-07-21 17:18:31, PID 4092455 , 内存占用: 24002 MB 显存占用: 5971 MB
2024-07-21 17:18:33, PID 4092455 , 内存占用: 21022 MB 显存占用: 5971 MB
2024-07-21 17:18:34, PID 4092455 , 内存占用: 21022 MB 显存占用: 5971 MB
2024-07-21 17:18:35, PID 4092455 , 内存占用: 21022 MB 显存占用: 5971 MB
2024-07-21 17:18:36, PID 4092455 , 内存占用: 21022 MB 显存占用: 6761 MB
2024-07-21 17:18:38, PID 4092455 , 内存占用: 22923 MB 显存占用: 6763 MB
2024-07-21 17:18:39, PID 4092455 , 内存占用: 21673 MB 显存占用: 6763 MB
2024-07-21 17:18:40, PID 4092455 , 内存占用: 21050 MB 显存占用: 6763 MB
2024-07-21 17:18:41, PID 4092455 , 内存占用: 21050 MB 显存占用: 6763 MB
2024-07-21 17:18:43, PID 4092455 , 内存占用: 21050 MB 显存占用: 6763 MB
2024-07-21 17:18:44, PID 4092455 , 内存占用: 21887 MB 显存占用: 7535 MB
2024-07-21 17:18:45, PID 4092455 , 内存占用: 23827 MB 显存占用: 7535 MB
2024-07-21 17:18:46, PID 4092455 , 内存占用: 21077 MB 显存占用: 7535 MB
2024-07-21 17:18:48, PID 4092455 , 内存占用: 21077 MB 显存占用: 7535 MB
2024-07-21 17:18:49, PID 4092455 , 内存占用: 21077 MB 显存占用: 7535 MB
2024-07-21 17:18:50, PID 4092455 , 内存占用: 21348 MB 显存占用: 7535 MB
2024-07-21 17:18:51, PID 4092455 , 内存占用: 23686 MB 显存占用: 7535 MB
2024-07-21 17:18:53, PID 4092455 , 内存占用: 21114 MB 显存占用: 7535 MB
2024-07-21 17:18:54, PID 4092455 , 内存占用: 21114 MB 显存占用: 7535 MB
2024-07-21 17:18:55, PID 4092455 , 内存占用: 21114 MB 显存占用: 7535 MB
2024-07-21 17:18:56, PID 4092455 , 内存占用: 21114 MB 显存占用: 7535 MB
2024-07-21 17:18:57, PID 4092455 , 内存占用: 23198 MB 显存占用: 8331 MB
2024-07-21 17:18:59, PID 4092455 , 内存占用: 24052 MB 显存占用: 8331 MB
2024-07-21 17:19:00, PID 4092455 , 内存占用: 21163 MB 显存占用: 8331 MB
2024-07-21 17:19:01, PID 4092455 , 内存占用: 21163 MB 显存占用: 8331 MB
2024-07-21 17:19:02, PID 4092455 , 内存占用: 21163 MB 显存占用: 8331 MB
2024-07-21 17:19:04, PID 4092455 , 内存占用: 21505 MB 显存占用: 9137 MB
2024-07-21 17:19:05, PID 4092455 , 内存占用: 24031 MB 显存占用: 9137 MB
2024-07-21 17:19:06, PID 4092455 , 内存占用: 21191 MB 显存占用: 9137 MB
2024-07-21 17:19:07, PID 4092455 , 内存占用: 21191 MB 显存占用: 9137 MB
2024-07-21 17:19:09, PID 4092455 , 内存占用: 21191 MB 显存占用: 9137 MB
2024-07-21 17:19:10, PID 4092455 , 内存占用: 21191 MB 显存占用: 9947 MB
2024-07-21 17:19:11, PID 4092455 , 内存占用: 23375 MB 显存占用: 9947 MB
2024-07-21 17:19:12, PID 4092455 , 内存占用: 24348 MB 显存占用: 9947 MB
2024-07-21 17:19:14, PID 4092455 , 内存占用: 21279 MB 显存占用: 9947 MB
2024-07-21 17:19:15, PID 4092455 , 内存占用: 21279 MB 显存占用: 9947 MB
2024-07-21 17:19:16, PID 4092455 , 内存占用: 21279 MB 显存占用: 9947 MB
2024-07-21 17:19:17, PID 4092455 , 内存占用: 22092 MB 显存占用: 10785 MB
2024-07-21 17:19:19, PID 4092455 , 内存占用: 21302 MB 显存占用: 10785 MB
2024-07-21 17:19:20, PID 4092455 , 内存占用: 21302 MB 显存占用: 10785 MB
2024-07-21 17:19:21, PID 4092455 , 内存占用: 21302 MB 显存占用: 10785 MB
2024-07-21 17:19:22, PID 4092455 , 内存占用: 21302 MB 显存占用: 10785 MB
2024-07-21 17:19:23, PID 4092455 , 内存占用: 21302 MB 显存占用: 10787 MB
2024-07-21 17:19:25, PID 4092455 , 内存占用: 21630 MB 显存占用: 10787 MB
2024-07-21 17:19:26, PID 4092455 , 内存占用: 22995 MB 显存占用: 10787 MB
2024-07-21 17:19:27, PID 4092455 , 内存占用: 23710 MB 显存占用: 10787 MB
2024-07-21 17:19:28, PID 4092455 , 内存占用: 21313 MB 显存占用: 10787 MB
2024-07-21 17:19:30, PID 4092455 , 内存占用: 21313 MB 显存占用: 10787 MB
2024-07-21 17:19:31, PID 4092455 , 内存占用: 21313 MB 显存占用: 10787 MB
2024-07-21 17:19:32, PID 4092455 , 内存占用: 21691 MB 显存占用: 10787 MB
2024-07-21 17:19:33, PID 4092455 , 内存占用: 23178 MB 显存占用: 10787 MB
2024-07-21 17:19:35, PID 4092455 , 内存占用: 21313 MB 显存占用: 10787 MB
2024-07-21 17:19:36, PID 4092455 , 内存占用: 21313 MB 显存占用: 10787 MB
2024-07-21 17:19:37, PID 4092455 , 内存占用: 21313 MB 显存占用: 10787 MB
2024-07-21 17:19:38, PID 4092455 , 内存占用: 21313 MB 显存占用: 10787 MB
2024-07-21 17:19:40, PID 4092455 , 内存占用: 23295 MB 显存占用: 10787 MB
2024-07-21 17:19:41, PID 4092455 , 内存占用: 21312 MB 显存占用: 10787 MB
2024-07-21 17:19:42, PID 4092455 , 内存占用: 21312 MB 显存占用: 10787 MB
2024-07-21 17:19:43, PID 4092455 , 内存占用: 21312 MB 显存占用: 10787 MB
2024-07-21 17:19:45, PID 4092455 , 内存占用: 21312 MB 显存占用: 10787 MB
2024-07-21 17:19:46, PID 4092455 , 内存占用: 22513 MB 显存占用: 10787 MB
2024-07-21 17:19:47, PID 4092455 , 内存占用: 24039 MB 显存占用: 10787 MB
2024-07-21 17:19:48, PID 4092455 , 内存占用: 21254 MB 显存占用: 10787 MB
2024-07-21 17:19:50, PID 4092455 , 内存占用: 21254 MB 显存占用: 10787 MB
2024-07-21 17:19:51, PID 4092455 , 内存占用: 21254 MB 显存占用: 10787 MB
2024-07-21 17:19:52, PID 4092455 , 内存占用: 21272 MB 显存占用: 10787 MB
2024-07-21 17:19:53, PID 4092455 , 内存占用: 23718 MB 显存占用: 10787 MB
2024-07-21 17:19:54, PID 4092455 , 内存占用: 21279 MB 显存占用: 10787 MB
2024-07-21 17:19:56, PID 4092455 , 内存占用: 21279 MB 显存占用: 10787 MB
2024-07-21 17:19:57, PID 4092455 , 内存占用: 21279 MB 显存占用: 10787 MB
2024-07-21 17:19:58, PID 4092455 , 内存占用: 21279 MB 显存占用: 10787 MB
2024-07-21 17:19:59, PID 4092455 , 内存占用: 22609 MB 显存占用: 10787 MB
2024-07-21 17:20:01, PID 4092455 , 内存占用: 24221 MB 显存占用: 10787 MB
2024-07-21 17:20:02, PID 4092455 , 内存占用: 21288 MB 显存占用: 10787 MB
2024-07-21 17:20:03, PID 4092455 , 内存占用: 21288 MB 显存占用: 10787 MB
2024-07-21 17:20:04, PID 4092455 , 内存占用: 21288 MB 显存占用: 10787 MB
2024-07-21 17:20:06, PID 4092455 , 内存占用: 21318 MB 显存占用: 10787 MB
2024-07-21 17:20:07, PID 4092455 , 内存占用: 23820 MB 显存占用: 10787 MB
2024-07-21 17:20:08, PID 4092455 , 内存占用: 21288 MB 显存占用: 10787 MB
2024-07-21 17:20:09, PID 4092455 , 内存占用: 21288 MB 显存占用: 10787 MB
2024-07-21 17:20:11, PID 4092455 , 内存占用: 21288 MB 显存占用: 10787 MB
2024-07-21 17:20:12, PID 4092455 , 内存占用: 21288 MB 显存占用: 10787 MB
2024-07-21 17:20:13, PID 4092455 , 内存占用: 23440 MB 显存占用: 10787 MB
2024-07-21 17:20:14, PID 4092455 , 内存占用: 24412 MB 显存占用: 10787 MB
2024-07-21 17:20:15, PID 4092455 , 内存占用: 21289 MB 显存占用: 10787 MB
2024-07-21 17:20:17, PID 4092455 , 内存占用: 21289 MB 显存占用: 10787 MB
2024-07-21 17:20:18, PID 4092455 , 内存占用: 21289 MB 显存占用: 10787 MB
2024-07-21 17:20:19, PID 4092455 , 内存占用: 21877 MB 显存占用: 11625 MB
2024-07-21 17:20:20, PID 4092455 , 内存占用: 21314 MB 显存占用: 11625 MB
2024-07-21 17:20:22, PID 4092455 , 内存占用: 21314 MB 显存占用: 11625 MB
2024-07-21 17:20:23, PID 4092455 , 内存占用: 21314 MB 显存占用: 11625 MB
2024-07-21 17:20:24, PID 4092455 , 内存占用: 21314 MB 显存占用: 11625 MB
2024-07-21 17:20:25, PID 4092455 , 内存占用: 21314 MB 显存占用: 11625 MB
2024-07-21 17:20:27, PID 4092455 , 内存占用: 21538 MB 显存占用: 11625 MB
2024-07-21 17:20:28, PID 4092455 , 内存占用: 22933 MB 显存占用: 11625 MB
2024-07-21 17:20:29, PID 4092455 , 内存占用: 23825 MB 显存占用: 11625 MB
2024-07-21 17:20:30, PID 4092455 , 内存占用: 21313 MB 显存占用: 11625 MB
2024-07-21 17:20:32, PID 4092455 , 内存占用: 21313 MB 显存占用: 11625 MB
2024-07-21 17:20:33, PID 4092455 , 内存占用: 21313 MB 显存占用: 11625 MB
2024-07-21 17:20:34, PID 4092455 , 内存占用: 21594 MB 显存占用: 11625 MB
2024-07-21 17:20:35, PID 4092455 , 内存占用: 23350 MB 显存占用: 11625 MB
2024-07-21 17:20:36, PID 4092455 , 内存占用: 21314 MB 显存占用: 11625 MB
2024-07-21 17:20:38, PID 4092455 , 内存占用: 21314 MB 显存占用: 11625 MB
2024-07-21 17:20:39, PID 4092455 , 内存占用: 21314 MB 显存占用: 11625 MB
2024-07-21 17:20:40, PID 4092455 , 内存占用: 21314 MB 显存占用: 11625 MB
2024-07-21 17:20:41, PID 4092455 , 内存占用: 23179 MB 显存占用: 11625 MB
2024-07-21 17:20:43, PID 4092455 , 内存占用: 24005 MB 显存占用: 11625 MB
2024-07-21 17:20:44, PID 4092455 , 内存占用: 21313 MB 显存占用: 11625 MB
2024-07-21 17:20:45, PID 4092455 , 内存占用: 21313 MB 显存占用: 11625 MB
2024-07-21 17:20:46, PID 4092455 , 内存占用: 21313 MB 显存占用: 11625 MB
2024-07-21 17:20:48, PID 4092455 , 内存占用: 21649 MB 显存占用: 11625 MB
2024-07-21 17:20:49, PID 4092455 , 内存占用: 24091 MB 显存占用: 11625 MB
2024-07-21 17:20:50, PID 4092455 , 内存占用: 21314 MB 显存占用: 11625 MB
2024-07-21 17:20:51, PID 4092455 , 内存占用: 21314 MB 显存占用: 11625 MB
2024-07-21 17:20:53, PID 4092455 , 内存占用: 21314 MB 显存占用: 11625 MB
2024-07-21 17:20:54, PID 4092455 , 内存占用: 21314 MB 显存占用: 11625 MB
2024-07-21 17:20:55, PID 4092455 , 内存占用: 23300 MB 显存占用: 11625 MB
2024-07-21 17:20:56, PID 4092455 , 内存占用: 22949 MB 显存占用: 11625 MB
2024-07-21 17:20:58, PID 4092455 , 内存占用: 21314 MB 显存占用: 11625 MB
2024-07-21 17:20:59, PID 4092455 , 内存占用: 21314 MB 显存占用: 11625 MB
2024-07-21 17:21:00, PID 4092455 , 内存占用: 21314 MB 显存占用: 11625 MB
2024-07-21 17:21:01, PID 4092455 , 内存占用: 22186 MB 显存占用: 11625 MB
2024-07-21 17:21:03, PID 4092455 , 内存占用: 24251 MB 显存占用: 11625 MB
2024-07-21 17:21:04, PID 4092455 , 内存占用: 21314 MB 显存占用: 11625 MB
2024-07-21 17:21:05, PID 4092455 , 内存占用: 21314 MB 显存占用: 11625 MB
2024-07-21 17:21:06, PID 4092455 , 内存占用: 21314 MB 显存占用: 11625 MB
2024-07-21 17:21:08, PID 4092455 , 内存占用: 21314 MB 显存占用: 11625 MB
2024-07-21 17:21:09, PID 4092455 , 内存占用: 23416 MB 显存占用: 11625 MB
2024-07-21 17:21:10, PID 4092455 , 内存占用: 24298 MB 显存占用: 11625 MB
2024-07-21 17:21:11, PID 4092455 , 内存占用: 21313 MB 显存占用: 11625 MB
2024-07-21 17:21:12, PID 4092455 , 内存占用: 21313 MB 显存占用: 11625 MB
2024-07-21 17:21:14, PID 4092455 , 内存占用: 21313 MB 显存占用: 11625 MB
2024-07-21 17:21:15, PID 4092455 , 内存占用: 21863 MB 显存占用: 11625 MB
2024-07-21 17:21:16, PID 4092455 , 内存占用: 23803 MB 显存占用: 11625 MB
2024-07-21 17:21:18, PID 4092455 , 内存占用: 21314 MB 显存占用: 11625 MB
2024-07-21 17:21:19, PID 4092455 , 内存占用: 21314 MB 显存占用: 11625 MB
2024-07-21 17:21:20, PID 4092455 , 内存占用: 21314 MB 显存占用: 11625 MB
2024-07-21 17:21:21, PID 4092455 , 内存占用: 21314 MB 显存占用: 11625 MB
2024-07-21 17:21:22, PID 4092455 , 内存占用: 21941 MB 显存占用: 11625 MB
2024-07-21 17:21:24, PID 4092455 , 内存占用: 21313 MB 显存占用: 11625 MB
2024-07-21 17:21:25, PID 4092455 , 内存占用: 21313 MB 显存占用: 11625 MB
2024-07-21 17:21:26, PID 4092455 , 内存占用: 21313 MB 显存占用: 11625 MB
2024-07-21 17:21:27, PID 4092455 , 内存占用: 21313 MB 显存占用: 11625 MB
2024-07-21 17:21:29, PID 4092455 , 内存占用: 21313 MB 显存占用: 11625 MB
2024-07-21 17:21:30, PID 4092455 , 内存占用: 7946 MB 显存占用: 10877 MB
2024-07-21 17:21:31, PID 4092455 , 内存占用: 10 MB 显存占用: 10857 MB
4092455
平均内存占用: 20182.85 MB
峰值内存占用: 24412 MB, 23 GB
峰值显存占用 11625 MB
