start
=============================================
=============================================
=============================================

2024-07-25 22:21:42, PID 478611 , 内存占用: 51 MB 显存占用: 9 MB
2024-07-25 22:21:43, PID 478611 , 内存占用: 256 MB 显存占用: 9 MB
2024-07-25 22:21:44, PID 478611 , 内存占用: 549 MB 显存占用: 399 MB
2024-07-25 22:21:45, PID 478611 , 内存占用: 1420 MB 显存占用: 717 MB
2024-07-25 22:21:47, PID 478611 , 内存占用: 1833 MB 显存占用: 735 MB
2024-07-25 22:21:48, PID 478611 , 内存占用: 4043 MB 显存占用: 735 MB
2024-07-25 22:21:49, PID 478611 , 内存占用: 6663 MB 显存占用: 1403 MB
2024-07-25 22:21:50, PID 478611 , 内存占用: 7577 MB 显存占用: 2285 MB
2024-07-25 22:21:52, PID 478611 , 内存占用: 8431 MB 显存占用: 8905 MB
2024-07-25 22:21:53, PID 478611 , 内存占用: 8431 MB 显存占用: 12489 MB
2024-07-25 22:21:54, PID 478611 , 内存占用: 8432 MB 显存占用: 15551 MB
2024-07-25 22:21:56, PID 478611 , 内存占用: 8432 MB 显存占用: 12765 MB
2024-07-25 22:21:57, PID 478611 , 内存占用: 8372 MB 显存占用: 12729 MB
2024-07-25 22:21:58, PID 478611 , 内存占用: 8372 MB 显存占用: 12477 MB
2024-07-25 22:22:00, PID 478611 , 内存占用: 8372 MB 显存占用: 15941 MB
2024-07-25 22:22:01, PID 478611 , 内存占用: 8373 MB 显存占用: 14055 MB
2024-07-25 22:22:02, PID 478611 , 内存占用: 8373 MB 显存占用: 12799 MB
2024-07-25 22:22:04, PID 478611 , 内存占用: 8374 MB 显存占用: 14343 MB
2024-07-25 22:22:05, PID 478611 , 内存占用: 8374 MB 显存占用: 15531 MB
2024-07-25 22:22:06, PID 478611 , 内存占用: 8399 MB 显存占用: 13687 MB
2024-07-25 22:22:07, PID 478611 , 内存占用: 8399 MB 显存占用: 14891 MB
2024-07-25 22:22:09, PID 478611 , 内存占用: 8399 MB 显存占用: 11887 MB
2024-07-25 22:22:10, PID 478611 , 内存占用: 8399 MB 显存占用: 15777 MB
2024-07-25 22:22:11, PID 478611 , 内存占用: 8398 MB 显存占用: 13825 MB
2024-07-25 22:22:13, PID 478611 , 内存占用: 8398 MB 显存占用: 14559 MB
2024-07-25 22:22:14, PID 478611 , 内存占用: 8398 MB 显存占用: 10699 MB
2024-07-25 22:22:15, PID 478611 , 内存占用: 8398 MB 显存占用: 15549 MB
2024-07-25 22:22:17, PID 478611 , 内存占用: 8422 MB 显存占用: 15549 MB
2024-07-25 22:22:18, PID 478611 , 内存占用: 8422 MB 显存占用: 11067 MB
2024-07-25 22:22:19, PID 478611 , 内存占用: 8422 MB 显存占用: 14223 MB
2024-07-25 22:22:21, PID 478611 , 内存占用: 8422 MB 显存占用: 15473 MB
2024-07-25 22:22:22, PID 478611 , 内存占用: 8446 MB 显存占用: 13535 MB
2024-07-25 22:22:23, PID 478611 , 内存占用: 8446 MB 显存占用: 13933 MB
2024-07-25 22:22:24, PID 478611 , 内存占用: 8446 MB 显存占用: 13169 MB
2024-07-25 22:22:26, PID 478611 , 内存占用: 8446 MB 显存占用: 13925 MB
2024-07-25 22:22:27, PID 478611 , 内存占用: 8460 MB 显存占用: 13509 MB
2024-07-25 22:22:28, PID 478611 , 内存占用: 8460 MB 显存占用: 11311 MB
2024-07-25 22:22:30, PID 478611 , 内存占用: 8460 MB 显存占用: 14475 MB
2024-07-25 22:22:31, PID 478611 , 内存占用: 8460 MB 显存占用: 14475 MB
2024-07-25 22:22:32, PID 478611 , 内存占用: 8386 MB 显存占用: 15753 MB
2024-07-25 22:22:34, PID 478611 , 内存占用: 8386 MB 显存占用: 15687 MB
2024-07-25 22:22:35, PID 478611 , 内存占用: 8386 MB 显存占用: 13271 MB
2024-07-25 22:22:36, PID 478611 , 内存占用: 8386 MB 显存占用: 15841 MB
2024-07-25 22:22:37, PID 478611 , 内存占用: 8387 MB 显存占用: 13735 MB
2024-07-25 22:22:39, PID 478611 , 内存占用: 8387 MB 显存占用: 15279 MB
2024-07-25 22:22:40, PID 478611 , 内存占用: 8387 MB 显存占用: 15281 MB
2024-07-25 22:22:41, PID 478611 , 内存占用: 8387 MB 显存占用: 13769 MB
2024-07-25 22:22:43, PID 478611 , 内存占用: 8388 MB 显存占用: 14487 MB
2024-07-25 22:22:44, PID 478611 , 内存占用: 8388 MB 显存占用: 13631 MB
2024-07-25 22:22:45, PID 478611 , 内存占用: 8388 MB 显存占用: 15715 MB
2024-07-25 22:22:47, PID 478611 , 内存占用: 8388 MB 显存占用: 14119 MB
2024-07-25 22:22:48, PID 478611 , 内存占用: 8390 MB 显存占用: 14127 MB
2024-07-25 22:22:49, PID 478611 , 内存占用: 8390 MB 显存占用: 15435 MB
2024-07-25 22:22:51, PID 478611 , 内存占用: 8390 MB 显存占用: 11539 MB
2024-07-25 22:22:52, PID 478611 , 内存占用: 8390 MB 显存占用: 14607 MB
2024-07-25 22:22:53, PID 478611 , 内存占用: 8390 MB 显存占用: 15925 MB
2024-07-25 22:22:54, PID 478611 , 内存占用: 8390 MB 显存占用: 13945 MB
2024-07-25 22:22:56, PID 478611 , 内存占用: 8390 MB 显存占用: 14737 MB
2024-07-25 22:22:57, PID 478611 , 内存占用: 8390 MB 显存占用: 16057 MB
2024-07-25 22:22:58, PID 478611 , 内存占用: 8392 MB 显存占用: 16059 MB
2024-07-25 22:23:00, PID 478611 , 内存占用: 8392 MB 显存占用: 15087 MB
2024-07-25 22:23:01, PID 478611 , 内存占用: 8392 MB 显存占用: 14677 MB
2024-07-25 22:23:02, PID 478611 , 内存占用: 8392 MB 显存占用: 14677 MB
2024-07-25 22:23:04, PID 478611 , 内存占用: 8355 MB 显存占用: 14677 MB
2024-07-25 22:23:05, PID 478611 , 内存占用: 8355 MB 显存占用: 14677 MB
2024-07-25 22:23:06, PID 478611 , 内存占用: 8355 MB 显存占用: 11575 MB
2024-07-25 22:23:08, PID 478611 , 内存占用: 8355 MB 显存占用: 11431 MB
2024-07-25 22:23:09, PID 478611 , 内存占用: 8410 MB 显存占用: 13665 MB
2024-07-25 22:23:10, PID 478611 , 内存占用: 8464 MB 显存占用: 13665 MB
2024-07-25 22:23:11, PID 478611 , 内存占用: 8464 MB 显存占用: 13665 MB
2024-07-25 22:23:13, PID 478611 , 内存占用: 8464 MB 显存占用: 13665 MB
2024-07-25 22:23:14, PID 478611 , 内存占用: 8486 MB 显存占用: 13665 MB
2024-07-25 22:23:15, PID 478611 , 内存占用: 8486 MB 显存占用: 13665 MB
2024-07-25 22:23:17, PID 478611 , 内存占用: 8486 MB 显存占用: 13665 MB
2024-07-25 22:23:18, PID 478611 , 内存占用: 8510 MB 显存占用: 13665 MB
2024-07-25 22:23:19, PID 478611 , 内存占用: 8510 MB 显存占用: 13665 MB
2024-07-25 22:23:21, PID 478611 , 内存占用: 8510 MB 显存占用: 13665 MB
2024-07-25 22:23:22, PID 478611 , 内存占用: 8508 MB 显存占用: 13665 MB
2024-07-25 22:23:23, PID 478611 , 内存占用: 8508 MB 显存占用: 13665 MB
2024-07-25 22:23:24, PID 478611 , 内存占用: 8508 MB 显存占用: 13665 MB
2024-07-25 22:23:26, PID 478611 , 内存占用: 8508 MB 显存占用: 13665 MB
2024-07-25 22:23:27, PID 478611 , 内存占用: 8509 MB 显存占用: 13665 MB
2024-07-25 22:23:28, PID 478611 , 内存占用: 8509 MB 显存占用: 13665 MB
2024-07-25 22:23:30, PID 478611 , 内存占用: 8509 MB 显存占用: 13665 MB
2024-07-25 22:23:31, PID 478611 , 内存占用: 8509 MB 显存占用: 13665 MB
2024-07-25 22:23:32, PID 478611 , 内存占用: 8433 MB 显存占用: 13665 MB
2024-07-25 22:23:33, PID 478611 , 内存占用: 8433 MB 显存占用: 13665 MB
2024-07-25 22:23:35, PID 478611 , 内存占用: 8433 MB 显存占用: 13665 MB
2024-07-25 22:23:36, PID 478611 , 内存占用: 8433 MB 显存占用: 13665 MB
2024-07-25 22:23:37, PID 478611 , 内存占用: 8433 MB 显存占用: 13665 MB
2024-07-25 22:23:39, PID 478611 , 内存占用: 8433 MB 显存占用: 13665 MB
2024-07-25 22:23:40, PID 478611 , 内存占用: 8433 MB 显存占用: 13665 MB
2024-07-25 22:23:41, PID 478611 , 内存占用: 8432 MB 显存占用: 13665 MB
2024-07-25 22:23:43, PID 478611 , 内存占用: 8432 MB 显存占用: 13665 MB
2024-07-25 22:23:44, PID 478611 , 内存占用: 8432 MB 显存占用: 13665 MB
2024-07-25 22:23:45, PID 478611 , 内存占用: 8432 MB 显存占用: 13665 MB
2024-07-25 22:23:46, PID 478611 , 内存占用: 8432 MB 显存占用: 13665 MB
2024-07-25 22:23:48, PID 478611 , 内存占用: 8432 MB 显存占用: 13665 MB
2024-07-25 22:23:49, PID 478611 , 内存占用: 8432 MB 显存占用: 13665 MB
2024-07-25 22:23:50, PID 478611 , 内存占用: 8434 MB 显存占用: 13665 MB
2024-07-25 22:23:52, PID 478611 , 内存占用: 8434 MB 显存占用: 14437 MB
2024-07-25 22:23:53, PID 478611 , 内存占用: 8434 MB 显存占用: 14437 MB
2024-07-25 22:23:54, PID 478611 , 内存占用: 8434 MB 显存占用: 14437 MB
2024-07-25 22:23:56, PID 478611 , 内存占用: 8432 MB 显存占用: 14437 MB
2024-07-25 22:23:57, PID 478611 , 内存占用: 8432 MB 显存占用: 14437 MB
2024-07-25 22:23:58, PID 478611 , 内存占用: 8432 MB 显存占用: 14437 MB
2024-07-25 22:24:00, PID 478611 , 内存占用: 8432 MB 显存占用: 14437 MB
2024-07-25 22:24:01, PID 478611 , 内存占用: 8432 MB 显存占用: 14437 MB
2024-07-25 22:24:02, PID 478611 , 内存占用: 8432 MB 显存占用: 14437 MB
2024-07-25 22:24:04, PID 478611 , 内存占用: 8432 MB 显存占用: 14437 MB
2024-07-25 22:24:05, PID 478611 , 内存占用: 8432 MB 显存占用: 14437 MB
2024-07-25 22:24:06, PID 478611 , 内存占用: 8432 MB 显存占用: 14437 MB
2024-07-25 22:24:07, PID 478611 , 内存占用: 8432 MB 显存占用: 14437 MB
2024-07-25 22:24:09, PID 478611 , 内存占用: 8432 MB 显存占用: 14437 MB
2024-07-25 22:24:10, PID 478611 , 内存占用: 8432 MB 显存占用: 14437 MB
2024-07-25 22:24:11, PID 478611 , 内存占用: 8432 MB 显存占用: 14437 MB
2024-07-25 22:24:13, PID 478611 , 内存占用: 8432 MB 显存占用: 14437 MB
2024-07-25 22:24:14, PID 478611 , 内存占用: 8432 MB 显存占用: 14437 MB
2024-07-25 22:24:15, PID 478611 , 内存占用: 8432 MB 显存占用: 14437 MB
2024-07-25 22:24:17, PID 478611 , 内存占用: 8487 MB 显存占用: 14437 MB
2024-07-25 22:24:18, PID 478611 , 内存占用: 8487 MB 显存占用: 14437 MB
2024-07-25 22:24:19, PID 478611 , 内存占用: 8487 MB 显存占用: 15765 MB
2024-07-25 22:24:21, PID 478611 , 内存占用: 8487 MB 显存占用: 15765 MB
2024-07-25 22:24:22, PID 478611 , 内存占用: 2667 MB 显存占用: 15017 MB
478611
平均内存占用: 8017.79 MB
峰值内存占用: 8510 MB, 8 GB
峰值显存占用 16059 MB
