start
=============================================
=============================================
=============================================

2024-07-25 22:19:56, PID 474359 , 内存占用: 21 MB 显存占用: 9 MB
2024-07-25 22:19:57, PID 474359 , 内存占用: 248 MB 显存占用: 9 MB
2024-07-25 22:19:58, PID 474359 , 内存占用: 481 MB 显存占用: 387 MB
2024-07-25 22:19:59, PID 474359 , 内存占用: 1348 MB 显存占用: 687 MB
2024-07-25 22:20:00, PID 474359 , 内存占用: 1812 MB 显存占用: 735 MB
2024-07-25 22:20:02, PID 474359 , 内存占用: 4305 MB 显存占用: 735 MB
2024-07-25 22:20:03, PID 474359 , 内存占用: 6545 MB 显存占用: 1191 MB
2024-07-25 22:20:04, PID 474359 , 内存占用: 7487 MB 显存占用: 1609 MB
2024-07-25 22:20:06, PID 474359 , 内存占用: 8271 MB 显存占用: 2121 MB
2024-07-25 22:20:07, PID 474359 , 内存占用: 8333 MB 显存占用: 3757 MB
2024-07-25 22:20:08, PID 474359 , 内存占用: 8417 MB 显存占用: 4093 MB
2024-07-25 22:20:09, PID 474359 , 内存占用: 8418 MB 显存占用: 4209 MB
2024-07-25 22:20:11, PID 474359 , 内存占用: 8343 MB 显存占用: 4327 MB
2024-07-25 22:20:12, PID 474359 , 内存占用: 8442 MB 显存占用: 4329 MB
2024-07-25 22:20:13, PID 474359 , 内存占用: 8442 MB 显存占用: 4449 MB
2024-07-25 22:20:14, PID 474359 , 内存占用: 8424 MB 显存占用: 4571 MB
2024-07-25 22:20:16, PID 474359 , 内存占用: 8363 MB 显存占用: 4571 MB
2024-07-25 22:20:17, PID 474359 , 内存占用: 8486 MB 显存占用: 4571 MB
2024-07-25 22:20:18, PID 474359 , 内存占用: 8515 MB 显存占用: 4571 MB
2024-07-25 22:20:20, PID 474359 , 内存占用: 8516 MB 显存占用: 4571 MB
2024-07-25 22:20:21, PID 474359 , 内存占用: 8517 MB 显存占用: 4571 MB
2024-07-25 22:20:22, PID 474359 , 内存占用: 8494 MB 显存占用: 4571 MB
2024-07-25 22:20:23, PID 474359 , 内存占用: 8494 MB 显存占用: 4571 MB
2024-07-25 22:20:25, PID 474359 , 内存占用: 8523 MB 显存占用: 4571 MB
2024-07-25 22:20:26, PID 474359 , 内存占用: 8473 MB 显存占用: 4573 MB
2024-07-25 22:20:27, PID 474359 , 内存占用: 3516 MB 显存占用: 3969 MB
474359
平均内存占用: 6509.59 MB
峰值内存占用: 8523 MB, 8 GB
峰值显存占用 4573 MB
