Sent: init_feats
Received: None
already  partfeat
Epoch 0:
IO load: 0.000s presample and analyze: 0.000s 预采样: 0.000s, 预采样负采样:0.000s
cur batch: 0, start pre sample and analyze...
第一个块的加载时间: 1.763s
cur batch: 30, start pre sample and analyze...
cur batch: 60, start pre sample and analyze...
cur batch: 90, start pre sample and analyze...
cur batch: 120, start pre sample and analyze...
cur batch: 150, start pre sample and analyze...
cur batch: 180, start pre sample and analyze...
cur batch: 210, start pre sample and analyze...
cur batch: 240, start pre sample and analyze...
cur batch: 270, start pre sample and analyze...
cur batch: 300, start pre sample and analyze...
cur batch: 330, start pre sample and analyze...
cur batch: 360, start pre sample and analyze...
cur batch: 390, start pre sample and analyze...
cur batch: 420, start pre sample and analyze...
cur batch: 450, start pre sample and analyze...
total loop use time: 80.2977
run batch452total time: 80.22s,presample: 3.53s, sample: 0.70s, prep time: 34.50s, gen block: 3.55s, feat input: 1.09s, model run: 9.87s,               loss and opt: 31.25s, update mem: 0.30s update mailbox: 0.40s
Epoch 1:
IO load: 0.123s presample and analyze: 3.405s 预采样: 0.000s, 预采样负采样:1.869s
cur batch: 0, start pre sample and analyze...
第一个块的加载时间: 0.074s
cur batch: 30, start pre sample and analyze...
cur batch: 60, start pre sample and analyze...
cur batch: 90, start pre sample and analyze...
cur batch: 120, start pre sample and analyze...
cur batch: 150, start pre sample and analyze...
cur batch: 180, start pre sample and analyze...
cur batch: 210, start pre sample and analyze...
cur batch: 240, start pre sample and analyze...
cur batch: 270, start pre sample and analyze...
cur batch: 300, start pre sample and analyze...
cur batch: 330, start pre sample and analyze...
cur batch: 360, start pre sample and analyze...
cur batch: 390, start pre sample and analyze...
cur batch: 420, start pre sample and analyze...
cur batch: 450, start pre sample and analyze...
total loop use time: 72.0744
run batch452total time: 72.00s,presample: 1.84s, sample: 0.69s, prep time: 35.74s, gen block: 3.47s, feat input: 1.07s, model run: 2.97s,               loss and opt: 30.41s, update mem: 0.28s update mailbox: 0.39s
Loading model at epoch 0...
训练完成，退出子进程
[W CudaIPCTypes.cpp:15] Producer process has been terminated before all shared CUDA tensors released. See Note [Sharing CUDA tensors]
