start
=============================================
=============================================
=============================================

2024-07-25 22:45:32, PID 517738 , 内存占用: 51 MB 显存占用: 9 MB
2024-07-25 22:45:33, PID 517738 , 内存占用: 266 MB 显存占用: 9 MB
2024-07-25 22:45:34, PID 517738 , 内存占用: 449 MB 显存占用: 9 MB
2024-07-25 22:45:36, PID 517738 , 内存占用: 603 MB 显存占用: 9 MB
2024-07-25 22:45:37, PID 517738 , 内存占用: 1237 MB 显存占用: 549 MB
2024-07-25 22:45:38, PID 517738 , 内存占用: 2029 MB 显存占用: 753 MB
2024-07-25 22:45:39, PID 517738 , 内存占用: 2245 MB 显存占用: 753 MB
2024-07-25 22:45:41, PID 517738 , 内存占用: 8661 MB 显存占用: 755 MB
2024-07-25 22:45:42, PID 517738 , 内存占用: 11686 MB 显存占用: 819 MB
2024-07-25 22:45:43, PID 517738 , 内存占用: 12637 MB 显存占用: 1517 MB
2024-07-25 22:45:45, PID 517738 , 内存占用: 13889 MB 显存占用: 4727 MB
2024-07-25 22:45:46, PID 517738 , 内存占用: 14036 MB 显存占用: 11291 MB
2024-07-25 22:45:47, PID 517738 , 内存占用: 14037 MB 显存占用: 11291 MB
2024-07-25 22:45:48, PID 517738 , 内存占用: 14003 MB 显存占用: 11291 MB
2024-07-25 22:45:50, PID 517738 , 内存占用: 14003 MB 显存占用: 11291 MB
2024-07-25 22:45:51, PID 517738 , 内存占用: 14081 MB 显存占用: 11291 MB
2024-07-25 22:45:52, PID 517738 , 内存占用: 14081 MB 显存占用: 11911 MB
2024-07-25 22:45:54, PID 517738 , 内存占用: 14122 MB 显存占用: 11911 MB
2024-07-25 22:45:55, PID 517738 , 内存占用: 14043 MB 显存占用: 11911 MB
2024-07-25 22:45:56, PID 517738 , 内存占用: 14408 MB 显存占用: 11911 MB
2024-07-25 22:45:58, PID 517738 , 内存占用: 14114 MB 显存占用: 11911 MB
2024-07-25 22:45:59, PID 517738 , 内存占用: 14114 MB 显存占用: 11911 MB
2024-07-25 22:46:00, PID 517738 , 内存占用: 14065 MB 显存占用: 11911 MB
2024-07-25 22:46:01, PID 517738 , 内存占用: 14065 MB 显存占用: 11911 MB
2024-07-25 22:46:03, PID 517738 , 内存占用: 14077 MB 显存占用: 11911 MB
2024-07-25 22:46:04, PID 517738 , 内存占用: 14077 MB 显存占用: 11911 MB
2024-07-25 22:46:05, PID 517738 , 内存占用: 14084 MB 显存占用: 11911 MB
2024-07-25 22:46:07, PID 517738 , 内存占用: 14084 MB 显存占用: 11911 MB
2024-07-25 22:46:08, PID 517738 , 内存占用: 14596 MB 显存占用: 11911 MB
2024-07-25 22:46:09, PID 517738 , 内存占用: 14094 MB 显存占用: 11911 MB
2024-07-25 22:46:11, PID 517738 , 内存占用: 14329 MB 显存占用: 11911 MB
2024-07-25 22:46:12, PID 517738 , 内存占用: 14115 MB 显存占用: 11911 MB
2024-07-25 22:46:13, PID 517738 , 内存占用: 14115 MB 显存占用: 11911 MB
2024-07-25 22:46:14, PID 517738 , 内存占用: 14145 MB 显存占用: 11911 MB
2024-07-25 22:46:16, PID 517738 , 内存占用: 14145 MB 显存占用: 11911 MB
2024-07-25 22:46:17, PID 517738 , 内存占用: 14155 MB 显存占用: 11913 MB
2024-07-25 22:46:18, PID 517738 , 内存占用: 14155 MB 显存占用: 11913 MB
2024-07-25 22:46:20, PID 517738 , 内存占用: 14161 MB 显存占用: 11917 MB
2024-07-25 22:46:21, PID 517738 , 内存占用: 14161 MB 显存占用: 11917 MB
2024-07-25 22:46:22, PID 517738 , 内存占用: 14167 MB 显存占用: 11917 MB
2024-07-25 22:46:24, PID 517738 , 内存占用: 14167 MB 显存占用: 11917 MB
2024-07-25 22:46:25, PID 517738 , 内存占用: 14561 MB 显存占用: 11919 MB
2024-07-25 22:46:26, PID 517738 , 内存占用: 14184 MB 显存占用: 11919 MB
2024-07-25 22:46:27, PID 517738 , 内存占用: 14468 MB 显存占用: 11919 MB
2024-07-25 22:46:29, PID 517738 , 内存占用: 14192 MB 显存占用: 11919 MB
2024-07-25 22:46:30, PID 517738 , 内存占用: 14216 MB 显存占用: 11919 MB
2024-07-25 22:46:31, PID 517738 , 内存占用: 14212 MB 显存占用: 11919 MB
2024-07-25 22:46:33, PID 517738 , 内存占用: 14212 MB 显存占用: 11919 MB
2024-07-25 22:46:34, PID 517738 , 内存占用: 14224 MB 显存占用: 11919 MB
2024-07-25 22:46:35, PID 517738 , 内存占用: 14224 MB 显存占用: 11919 MB
2024-07-25 22:46:37, PID 517738 , 内存占用: 14238 MB 显存占用: 11919 MB
2024-07-25 22:46:38, PID 517738 , 内存占用: 14238 MB 显存占用: 11919 MB
2024-07-25 22:46:39, PID 517738 , 内存占用: 14262 MB 显存占用: 11919 MB
2024-07-25 22:46:40, PID 517738 , 内存占用: 14262 MB 显存占用: 11919 MB
2024-07-25 22:46:42, PID 517738 , 内存占用: 14311 MB 显存占用: 11919 MB
2024-07-25 22:46:43, PID 517738 , 内存占用: 14311 MB 显存占用: 11919 MB
2024-07-25 22:46:44, PID 517738 , 内存占用: 14311 MB 显存占用: 11925 MB
2024-07-25 22:46:46, PID 517738 , 内存占用: 14783 MB 显存占用: 11925 MB
2024-07-25 22:46:47, PID 517738 , 内存占用: 14311 MB 显存占用: 11925 MB
2024-07-25 22:46:48, PID 517738 , 内存占用: 14781 MB 显存占用: 11925 MB
2024-07-25 22:46:49, PID 517738 , 内存占用: 14311 MB 显存占用: 11925 MB
2024-07-25 22:46:51, PID 517738 , 内存占用: 14890 MB 显存占用: 11925 MB
2024-07-25 22:46:52, PID 517738 , 内存占用: 14311 MB 显存占用: 11925 MB
2024-07-25 22:46:53, PID 517738 , 内存占用: 14827 MB 显存占用: 11925 MB
2024-07-25 22:46:55, PID 517738 , 内存占用: 14311 MB 显存占用: 11925 MB
2024-07-25 22:46:56, PID 517738 , 内存占用: 14578 MB 显存占用: 11925 MB
2024-07-25 22:46:57, PID 517738 , 内存占用: 14312 MB 显存占用: 11925 MB
2024-07-25 22:46:59, PID 517738 , 内存占用: 14563 MB 显存占用: 11925 MB
2024-07-25 22:47:00, PID 517738 , 内存占用: 14299 MB 显存占用: 11925 MB
2024-07-25 22:47:01, PID 517738 , 内存占用: 14943 MB 显存占用: 11925 MB
2024-07-25 22:47:02, PID 517738 , 内存占用: 14311 MB 显存占用: 11925 MB
2024-07-25 22:47:04, PID 517738 , 内存占用: 14580 MB 显存占用: 11925 MB
2024-07-25 22:47:05, PID 517738 , 内存占用: 14312 MB 显存占用: 11925 MB
2024-07-25 22:47:06, PID 517738 , 内存占用: 14632 MB 显存占用: 11925 MB
2024-07-25 22:47:08, PID 517738 , 内存占用: 14321 MB 显存占用: 11925 MB
2024-07-25 22:47:09, PID 517738 , 内存占用: 14486 MB 显存占用: 11925 MB
2024-07-25 22:47:10, PID 517738 , 内存占用: 14320 MB 显存占用: 11925 MB
2024-07-25 22:47:12, PID 517738 , 内存占用: 14320 MB 显存占用: 11925 MB
2024-07-25 22:47:13, PID 517738 , 内存占用: 14269 MB 显存占用: 11925 MB
2024-07-25 22:47:14, PID 517738 , 内存占用: 14269 MB 显存占用: 11925 MB
2024-07-25 22:47:16, PID 517738 , 内存占用: 14269 MB 显存占用: 11925 MB
2024-07-25 22:47:17, PID 517738 , 内存占用: 14269 MB 显存占用: 11925 MB
2024-07-25 22:47:18, PID 517738 , 内存占用: 14305 MB 显存占用: 11925 MB
2024-07-25 22:47:19, PID 517738 , 内存占用: 14305 MB 显存占用: 11925 MB
2024-07-25 22:47:21, PID 517738 , 内存占用: 14269 MB 显存占用: 11925 MB
2024-07-25 22:47:22, PID 517738 , 内存占用: 14269 MB 显存占用: 11925 MB
2024-07-25 22:47:23, PID 517738 , 内存占用: 14272 MB 显存占用: 12635 MB
2024-07-25 22:47:25, PID 517738 , 内存占用: 14272 MB 显存占用: 12635 MB
2024-07-25 22:47:26, PID 517738 , 内存占用: 15035 MB 显存占用: 12635 MB
2024-07-25 22:47:27, PID 517738 , 内存占用: 14311 MB 显存占用: 12635 MB
2024-07-25 22:47:29, PID 517738 , 内存占用: 15005 MB 显存占用: 12635 MB
2024-07-25 22:47:30, PID 517738 , 内存占用: 14349 MB 显存占用: 12635 MB
2024-07-25 22:47:31, PID 517738 , 内存占用: 15048 MB 显存占用: 12635 MB
2024-07-25 22:47:33, PID 517738 , 内存占用: 14350 MB 显存占用: 12635 MB
2024-07-25 22:47:34, PID 517738 , 内存占用: 14878 MB 显存占用: 12635 MB
2024-07-25 22:47:35, PID 517738 , 内存占用: 14285 MB 显存占用: 12635 MB
2024-07-25 22:47:37, PID 517738 , 内存占用: 14758 MB 显存占用: 12635 MB
2024-07-25 22:47:38, PID 517738 , 内存占用: 14301 MB 显存占用: 12635 MB
2024-07-25 22:47:39, PID 517738 , 内存占用: 14637 MB 显存占用: 12635 MB
2024-07-25 22:47:41, PID 517738 , 内存占用: 14305 MB 显存占用: 12635 MB
2024-07-25 22:47:42, PID 517738 , 内存占用: 14639 MB 显存占用: 12635 MB
2024-07-25 22:47:43, PID 517738 , 内存占用: 14305 MB 显存占用: 12635 MB
2024-07-25 22:47:44, PID 517738 , 内存占用: 14533 MB 显存占用: 12635 MB
2024-07-25 22:47:46, PID 517738 , 内存占用: 14310 MB 显存占用: 12635 MB
2024-07-25 22:47:47, PID 517738 , 内存占用: 14404 MB 显存占用: 12635 MB
2024-07-25 22:47:48, PID 517738 , 内存占用: 14319 MB 显存占用: 12635 MB
2024-07-25 22:47:50, PID 517738 , 内存占用: 14424 MB 显存占用: 12655 MB
2024-07-25 22:47:51, PID 517738 , 内存占用: 14321 MB 显存占用: 12655 MB
2024-07-25 22:47:52, PID 517738 , 内存占用: 14375 MB 显存占用: 12655 MB
2024-07-25 22:47:54, PID 517738 , 内存占用: 14320 MB 显存占用: 12655 MB
2024-07-25 22:47:55, PID 517738 , 内存占用: 14320 MB 显存占用: 12655 MB
2024-07-25 22:47:56, PID 517738 , 内存占用: 14322 MB 显存占用: 12655 MB
2024-07-25 22:47:58, PID 517738 , 内存占用: 14322 MB 显存占用: 12655 MB
2024-07-25 22:47:59, PID 517738 , 内存占用: 14324 MB 显存占用: 12655 MB
2024-07-25 22:48:00, PID 517738 , 内存占用: 14324 MB 显存占用: 12655 MB
2024-07-25 22:48:02, PID 517738 , 内存占用: 14332 MB 显存占用: 12655 MB
2024-07-25 22:48:03, PID 517738 , 内存占用: 14332 MB 显存占用: 12655 MB
2024-07-25 22:48:04, PID 517738 , 内存占用: 14344 MB 显存占用: 12655 MB
2024-07-25 22:48:05, PID 517738 , 内存占用: 14344 MB 显存占用: 12655 MB
2024-07-25 22:48:07, PID 517738 , 内存占用: 14348 MB 显存占用: 12655 MB
2024-07-25 22:48:08, PID 517738 , 内存占用: 14348 MB 显存占用: 12655 MB
2024-07-25 22:48:09, PID 517738 , 内存占用: 14349 MB 显存占用: 12655 MB
2024-07-25 22:48:11, PID 517738 , 内存占用: 14349 MB 显存占用: 12655 MB
2024-07-25 22:48:12, PID 517738 , 内存占用: 14357 MB 显存占用: 12655 MB
2024-07-25 22:48:13, PID 517738 , 内存占用: 14357 MB 显存占用: 12655 MB
2024-07-25 22:48:15, PID 517738 , 内存占用: 14357 MB 显存占用: 12655 MB
2024-07-25 22:48:16, PID 517738 , 内存占用: 14357 MB 显存占用: 12655 MB
2024-07-25 22:48:17, PID 517738 , 内存占用: 14361 MB 显存占用: 12655 MB
2024-07-25 22:48:19, PID 517738 , 内存占用: 14361 MB 显存占用: 12655 MB
2024-07-25 22:48:20, PID 517738 , 内存占用: 14364 MB 显存占用: 12655 MB
2024-07-25 22:48:21, PID 517738 , 内存占用: 14364 MB 显存占用: 12655 MB
2024-07-25 22:48:22, PID 517738 , 内存占用: 14364 MB 显存占用: 12655 MB
2024-07-25 22:48:24, PID 517738 , 内存占用: 14364 MB 显存占用: 12655 MB
2024-07-25 22:48:25, PID 517738 , 内存占用: 14371 MB 显存占用: 12655 MB
2024-07-25 22:48:26, PID 517738 , 内存占用: 14371 MB 显存占用: 12655 MB
2024-07-25 22:48:28, PID 517738 , 内存占用: 14386 MB 显存占用: 12655 MB
2024-07-25 22:48:29, PID 517738 , 内存占用: 14386 MB 显存占用: 12655 MB
2024-07-25 22:48:30, PID 517738 , 内存占用: 14947 MB 显存占用: 12655 MB
2024-07-25 22:48:32, PID 517738 , 内存占用: 14389 MB 显存占用: 12655 MB
2024-07-25 22:48:33, PID 517738 , 内存占用: 14458 MB 显存占用: 12655 MB
2024-07-25 22:48:34, PID 517738 , 内存占用: 14389 MB 显存占用: 12655 MB
2024-07-25 22:48:36, PID 517738 , 内存占用: 15301 MB 显存占用: 12655 MB
2024-07-25 22:48:37, PID 517738 , 内存占用: 14389 MB 显存占用: 12655 MB
2024-07-25 22:48:38, PID 517738 , 内存占用: 15328 MB 显存占用: 12655 MB
2024-07-25 22:48:39, PID 517738 , 内存占用: 14396 MB 显存占用: 12655 MB
2024-07-25 22:48:41, PID 517738 , 内存占用: 15152 MB 显存占用: 12655 MB
2024-07-25 22:48:42, PID 517738 , 内存占用: 14412 MB 显存占用: 12655 MB
2024-07-25 22:48:43, PID 517738 , 内存占用: 15299 MB 显存占用: 12655 MB
2024-07-25 22:48:45, PID 517738 , 内存占用: 14420 MB 显存占用: 12655 MB
2024-07-25 22:48:46, PID 517738 , 内存占用: 15271 MB 显存占用: 12655 MB
2024-07-25 22:48:47, PID 517738 , 内存占用: 14419 MB 显存占用: 12655 MB
2024-07-25 22:48:49, PID 517738 , 内存占用: 15395 MB 显存占用: 12655 MB
2024-07-25 22:48:50, PID 517738 , 内存占用: 14419 MB 显存占用: 12655 MB
2024-07-25 22:48:51, PID 517738 , 内存占用: 15316 MB 显存占用: 12655 MB
2024-07-25 22:48:53, PID 517738 , 内存占用: 14420 MB 显存占用: 12655 MB
2024-07-25 22:48:54, PID 517738 , 内存占用: 15330 MB 显存占用: 12655 MB
2024-07-25 22:48:55, PID 517738 , 内存占用: 14424 MB 显存占用: 12655 MB
2024-07-25 22:48:56, PID 517738 , 内存占用: 15223 MB 显存占用: 12655 MB
2024-07-25 22:48:58, PID 517738 , 内存占用: 14424 MB 显存占用: 12655 MB
2024-07-25 22:48:59, PID 517738 , 内存占用: 15279 MB 显存占用: 12655 MB
2024-07-25 22:49:00, PID 517738 , 内存占用: 14424 MB 显存占用: 12655 MB
2024-07-25 22:49:02, PID 517738 , 内存占用: 15154 MB 显存占用: 12655 MB
2024-07-25 22:49:03, PID 517738 , 内存占用: 14424 MB 显存占用: 12655 MB
2024-07-25 22:49:04, PID 517738 , 内存占用: 15209 MB 显存占用: 12655 MB
2024-07-25 22:49:06, PID 517738 , 内存占用: 14425 MB 显存占用: 12655 MB
2024-07-25 22:49:07, PID 517738 , 内存占用: 15194 MB 显存占用: 12655 MB
2024-07-25 22:49:08, PID 517738 , 内存占用: 14426 MB 显存占用: 12655 MB
2024-07-25 22:49:10, PID 517738 , 内存占用: 15279 MB 显存占用: 12655 MB
2024-07-25 22:49:11, PID 517738 , 内存占用: 14429 MB 显存占用: 12655 MB
2024-07-25 22:49:12, PID 517738 , 内存占用: 15160 MB 显存占用: 12655 MB
2024-07-25 22:49:14, PID 517738 , 内存占用: 14429 MB 显存占用: 12655 MB
2024-07-25 22:49:15, PID 517738 , 内存占用: 15011 MB 显存占用: 12655 MB
2024-07-25 22:49:16, PID 517738 , 内存占用: 14430 MB 显存占用: 12655 MB
2024-07-25 22:49:18, PID 517738 , 内存占用: 14887 MB 显存占用: 12655 MB
2024-07-25 22:49:19, PID 517738 , 内存占用: 14432 MB 显存占用: 12655 MB
2024-07-25 22:49:20, PID 517738 , 内存占用: 14868 MB 显存占用: 12655 MB
2024-07-25 22:49:22, PID 517738 , 内存占用: 14434 MB 显存占用: 12655 MB
2024-07-25 22:49:23, PID 517738 , 内存占用: 14893 MB 显存占用: 12655 MB
2024-07-25 22:49:24, PID 517738 , 内存占用: 14435 MB 显存占用: 12655 MB
2024-07-25 22:49:25, PID 517738 , 内存占用: 14893 MB 显存占用: 12655 MB
2024-07-25 22:49:27, PID 517738 , 内存占用: 14515 MB 显存占用: 12655 MB
2024-07-25 22:49:28, PID 517738 , 内存占用: 14996 MB 显存占用: 12655 MB
2024-07-25 22:49:29, PID 517738 , 内存占用: 14543 MB 显存占用: 12655 MB
2024-07-25 22:49:31, PID 517738 , 内存占用: 15379 MB 显存占用: 12655 MB
2024-07-25 22:49:32, PID 517738 , 内存占用: 14544 MB 显存占用: 12657 MB
2024-07-25 22:49:33, PID 517738 , 内存占用: 15630 MB 显存占用: 12657 MB
2024-07-25 22:49:35, PID 517738 , 内存占用: 14544 MB 显存占用: 12657 MB
2024-07-25 22:49:36, PID 517738 , 内存占用: 15496 MB 显存占用: 12657 MB
2024-07-25 22:49:37, PID 517738 , 内存占用: 14544 MB 显存占用: 12657 MB
2024-07-25 22:49:39, PID 517738 , 内存占用: 15588 MB 显存占用: 12657 MB
2024-07-25 22:49:40, PID 517738 , 内存占用: 14543 MB 显存占用: 12657 MB
2024-07-25 22:49:41, PID 517738 , 内存占用: 15609 MB 显存占用: 12657 MB
2024-07-25 22:49:43, PID 517738 , 内存占用: 14543 MB 显存占用: 12657 MB
2024-07-25 22:49:44, PID 517738 , 内存占用: 15705 MB 显存占用: 12657 MB
2024-07-25 22:49:45, PID 517738 , 内存占用: 14543 MB 显存占用: 12657 MB
2024-07-25 22:49:47, PID 517738 , 内存占用: 15097 MB 显存占用: 12657 MB
2024-07-25 22:49:48, PID 517738 , 内存占用: 14618 MB 显存占用: 12657 MB
2024-07-25 22:49:49, PID 517738 , 内存占用: 14618 MB 显存占用: 12657 MB
2024-07-25 22:49:50, PID 517738 , 内存占用: 14664 MB 显存占用: 12657 MB
2024-07-25 22:49:52, PID 517738 , 内存占用: 14664 MB 显存占用: 12657 MB
2024-07-25 22:49:53, PID 517738 , 内存占用: 14770 MB 显存占用: 12657 MB
2024-07-25 22:49:54, PID 517738 , 内存占用: 14667 MB 显存占用: 12657 MB
2024-07-25 22:49:56, PID 517738 , 内存占用: 14667 MB 显存占用: 12657 MB
2024-07-25 22:49:57, PID 517738 , 内存占用: 14615 MB 显存占用: 12657 MB
2024-07-25 22:49:58, PID 517738 , 内存占用: 14615 MB 显存占用: 12657 MB
2024-07-25 22:50:00, PID 517738 , 内存占用: 14669 MB 显存占用: 12657 MB
2024-07-25 22:50:01, PID 517738 , 内存占用: 14669 MB 显存占用: 12657 MB
2024-07-25 22:50:02, PID 517738 , 内存占用: 14616 MB 显存占用: 12657 MB
2024-07-25 22:50:04, PID 517738 , 内存占用: 14616 MB 显存占用: 12657 MB
2024-07-25 22:50:05, PID 517738 , 内存占用: 14672 MB 显存占用: 12657 MB
2024-07-25 22:50:06, PID 517738 , 内存占用: 14672 MB 显存占用: 12657 MB
2024-07-25 22:50:08, PID 517738 , 内存占用: 15070 MB 显存占用: 12657 MB
2024-07-25 22:50:09, PID 517738 , 内存占用: 14616 MB 显存占用: 12657 MB
2024-07-25 22:50:10, PID 517738 , 内存占用: 14677 MB 显存占用: 12657 MB
2024-07-25 22:50:11, PID 517738 , 内存占用: 14674 MB 显存占用: 12657 MB
2024-07-25 22:50:13, PID 517738 , 内存占用: 14674 MB 显存占用: 12657 MB
2024-07-25 22:50:14, PID 517738 , 内存占用: 14665 MB 显存占用: 12657 MB
2024-07-25 22:50:15, PID 517738 , 内存占用: 14665 MB 显存占用: 12657 MB
2024-07-25 22:50:17, PID 517738 , 内存占用: 14606 MB 显存占用: 12657 MB
2024-07-25 22:50:18, PID 517738 , 内存占用: 14606 MB 显存占用: 12657 MB
2024-07-25 22:50:19, PID 517738 , 内存占用: 14606 MB 显存占用: 12657 MB
2024-07-25 22:50:21, PID 517738 , 内存占用: 14606 MB 显存占用: 12657 MB
2024-07-25 22:50:22, PID 517738 , 内存占用: 14615 MB 显存占用: 12657 MB
2024-07-25 22:50:23, PID 517738 , 内存占用: 14615 MB 显存占用: 12657 MB
2024-07-25 22:50:25, PID 517738 , 内存占用: 15044 MB 显存占用: 12657 MB
2024-07-25 22:50:26, PID 517738 , 内存占用: 14615 MB 显存占用: 12657 MB
2024-07-25 22:50:27, PID 517738 , 内存占用: 14834 MB 显存占用: 12657 MB
2024-07-25 22:50:29, PID 517738 , 内存占用: 14616 MB 显存占用: 12657 MB
2024-07-25 22:50:30, PID 517738 , 内存占用: 14616 MB 显存占用: 12657 MB
2024-07-25 22:50:31, PID 517738 , 内存占用: 14617 MB 显存占用: 12657 MB
2024-07-25 22:50:32, PID 517738 , 内存占用: 14617 MB 显存占用: 12657 MB
2024-07-25 22:50:34, PID 517738 , 内存占用: 14629 MB 显存占用: 12657 MB
2024-07-25 22:50:35, PID 517738 , 内存占用: 14629 MB 显存占用: 12657 MB
2024-07-25 22:50:36, PID 517738 , 内存占用: 14629 MB 显存占用: 12657 MB
2024-07-25 22:50:38, PID 517738 , 内存占用: 14629 MB 显存占用: 12657 MB
2024-07-25 22:50:39, PID 517738 , 内存占用: 14630 MB 显存占用: 12657 MB
2024-07-25 22:50:40, PID 517738 , 内存占用: 14630 MB 显存占用: 12657 MB
2024-07-25 22:50:42, PID 517738 , 内存占用: 14629 MB 显存占用: 12657 MB
2024-07-25 22:50:43, PID 517738 , 内存占用: 14629 MB 显存占用: 12657 MB
2024-07-25 22:50:44, PID 517738 , 内存占用: 14646 MB 显存占用: 12657 MB
2024-07-25 22:50:46, PID 517738 , 内存占用: 14646 MB 显存占用: 12657 MB
2024-07-25 22:50:47, PID 517738 , 内存占用: 14646 MB 显存占用: 12657 MB
2024-07-25 22:50:48, PID 517738 , 内存占用: 14646 MB 显存占用: 12657 MB
2024-07-25 22:50:50, PID 517738 , 内存占用: 14660 MB 显存占用: 12657 MB
2024-07-25 22:50:51, PID 517738 , 内存占用: 14927 MB 显存占用: 12657 MB
2024-07-25 22:50:52, PID 517738 , 内存占用: 14660 MB 显存占用: 12657 MB
2024-07-25 22:50:54, PID 517738 , 内存占用: 15033 MB 显存占用: 12657 MB
2024-07-25 22:50:55, PID 517738 , 内存占用: 14662 MB 显存占用: 12657 MB
2024-07-25 22:50:56, PID 517738 , 内存占用: 15232 MB 显存占用: 12657 MB
2024-07-25 22:50:57, PID 517738 , 内存占用: 14664 MB 显存占用: 12657 MB
2024-07-25 22:50:59, PID 517738 , 内存占用: 14887 MB 显存占用: 12657 MB
2024-07-25 22:51:00, PID 517738 , 内存占用: 14665 MB 显存占用: 12657 MB
2024-07-25 22:51:01, PID 517738 , 内存占用: 14931 MB 显存占用: 12657 MB
2024-07-25 22:51:03, PID 517738 , 内存占用: 14666 MB 显存占用: 12657 MB
2024-07-25 22:51:04, PID 517738 , 内存占用: 15253 MB 显存占用: 12657 MB
2024-07-25 22:51:05, PID 517738 , 内存占用: 14667 MB 显存占用: 12657 MB
2024-07-25 22:51:07, PID 517738 , 内存占用: 15145 MB 显存占用: 12657 MB
2024-07-25 22:51:08, PID 517738 , 内存占用: 14666 MB 显存占用: 12657 MB
2024-07-25 22:51:09, PID 517738 , 内存占用: 15049 MB 显存占用: 12657 MB
2024-07-25 22:51:11, PID 517738 , 内存占用: 14667 MB 显存占用: 12657 MB
2024-07-25 22:51:12, PID 517738 , 内存占用: 14949 MB 显存占用: 12657 MB
2024-07-25 22:51:13, PID 517738 , 内存占用: 14675 MB 显存占用: 12657 MB
2024-07-25 22:51:15, PID 517738 , 内存占用: 14840 MB 显存占用: 12657 MB
2024-07-25 22:51:16, PID 517738 , 内存占用: 14675 MB 显存占用: 12657 MB
2024-07-25 22:51:17, PID 517738 , 内存占用: 14828 MB 显存占用: 12657 MB
2024-07-25 22:51:18, PID 517738 , 内存占用: 14676 MB 显存占用: 12657 MB
2024-07-25 22:51:20, PID 517738 , 内存占用: 14676 MB 显存占用: 12657 MB
2024-07-25 22:51:21, PID 517738 , 内存占用: 14703 MB 显存占用: 12657 MB
2024-07-25 22:51:22, PID 517738 , 内存占用: 14703 MB 显存占用: 12657 MB
2024-07-25 22:51:24, PID 517738 , 内存占用: 14703 MB 显存占用: 12657 MB
2024-07-25 22:51:25, PID 517738 , 内存占用: 14703 MB 显存占用: 12657 MB
2024-07-25 22:51:26, PID 517738 , 内存占用: 14715 MB 显存占用: 12657 MB
2024-07-25 22:51:28, PID 517738 , 内存占用: 14715 MB 显存占用: 12657 MB
2024-07-25 22:51:29, PID 517738 , 内存占用: 14715 MB 显存占用: 12657 MB
2024-07-25 22:51:30, PID 517738 , 内存占用: 14715 MB 显存占用: 12657 MB
2024-07-25 22:51:32, PID 517738 , 内存占用: 14715 MB 显存占用: 12657 MB
2024-07-25 22:51:33, PID 517738 , 内存占用: 14715 MB 显存占用: 12657 MB
2024-07-25 22:51:34, PID 517738 , 内存占用: 14746 MB 显存占用: 12657 MB
2024-07-25 22:51:36, PID 517738 , 内存占用: 14746 MB 显存占用: 12657 MB
2024-07-25 22:51:37, PID 517738 , 内存占用: 14746 MB 显存占用: 12657 MB
2024-07-25 22:51:38, PID 517738 , 内存占用: 14746 MB 显存占用: 12657 MB
2024-07-25 22:51:39, PID 517738 , 内存占用: 15382 MB 显存占用: 12657 MB
2024-07-25 22:51:41, PID 517738 , 内存占用: 14747 MB 显存占用: 12657 MB
2024-07-25 22:51:42, PID 517738 , 内存占用: 15329 MB 显存占用: 12657 MB
2024-07-25 22:51:43, PID 517738 , 内存占用: 14747 MB 显存占用: 12657 MB
2024-07-25 22:51:45, PID 517738 , 内存占用: 15349 MB 显存占用: 12657 MB
2024-07-25 22:51:46, PID 517738 , 内存占用: 14747 MB 显存占用: 12657 MB
2024-07-25 22:51:47, PID 517738 , 内存占用: 15286 MB 显存占用: 12657 MB
2024-07-25 22:51:49, PID 517738 , 内存占用: 14747 MB 显存占用: 12657 MB
2024-07-25 22:51:50, PID 517738 , 内存占用: 15338 MB 显存占用: 12657 MB
2024-07-25 22:51:51, PID 517738 , 内存占用: 14746 MB 显存占用: 12657 MB
2024-07-25 22:51:53, PID 517738 , 内存占用: 15015 MB 显存占用: 12657 MB
2024-07-25 22:51:54, PID 517738 , 内存占用: 14747 MB 显存占用: 12657 MB
2024-07-25 22:51:55, PID 517738 , 内存占用: 15012 MB 显存占用: 12657 MB
2024-07-25 22:51:57, PID 517738 , 内存占用: 14747 MB 显存占用: 12657 MB
2024-07-25 22:51:58, PID 517738 , 内存占用: 14931 MB 显存占用: 12657 MB
2024-07-25 22:51:59, PID 517738 , 内存占用: 14747 MB 显存占用: 12657 MB
2024-07-25 22:52:01, PID 517738 , 内存占用: 14930 MB 显存占用: 12657 MB
2024-07-25 22:52:02, PID 517738 , 内存占用: 14747 MB 显存占用: 12657 MB
2024-07-25 22:52:03, PID 517738 , 内存占用: 14892 MB 显存占用: 12657 MB
2024-07-25 22:52:04, PID 517738 , 内存占用: 14746 MB 显存占用: 12657 MB
2024-07-25 22:52:06, PID 517738 , 内存占用: 14808 MB 显存占用: 12657 MB
2024-07-25 22:52:07, PID 517738 , 内存占用: 14746 MB 显存占用: 12657 MB
2024-07-25 22:52:08, PID 517738 , 内存占用: 14835 MB 显存占用: 12657 MB
2024-07-25 22:52:10, PID 517738 , 内存占用: 14747 MB 显存占用: 12657 MB
2024-07-25 22:52:11, PID 517738 , 内存占用: 14824 MB 显存占用: 12657 MB
2024-07-25 22:52:12, PID 517738 , 内存占用: 14747 MB 显存占用: 12657 MB
2024-07-25 22:52:14, PID 517738 , 内存占用: 14759 MB 显存占用: 12657 MB
2024-07-25 22:52:15, PID 517738 , 内存占用: 14747 MB 显存占用: 12657 MB
2024-07-25 22:52:16, PID 517738 , 内存占用: 14747 MB 显存占用: 12657 MB
2024-07-25 22:52:18, PID 517738 , 内存占用: 14747 MB 显存占用: 12657 MB
2024-07-25 22:52:19, PID 517738 , 内存占用: 14887 MB 显存占用: 12657 MB
2024-07-25 22:52:20, PID 517738 , 内存占用: 14747 MB 显存占用: 12657 MB
2024-07-25 22:52:22, PID 517738 , 内存占用: 14850 MB 显存占用: 12657 MB
2024-07-25 22:52:23, PID 517738 , 内存占用: 14746 MB 显存占用: 12657 MB
2024-07-25 22:52:24, PID 517738 , 内存占用: 14931 MB 显存占用: 12657 MB
2024-07-25 22:52:25, PID 517738 , 内存占用: 14747 MB 显存占用: 12657 MB
2024-07-25 22:52:27, PID 517738 , 内存占用: 14860 MB 显存占用: 12657 MB
2024-07-25 22:52:28, PID 517738 , 内存占用: 14747 MB 显存占用: 12657 MB
2024-07-25 22:52:29, PID 517738 , 内存占用: 14781 MB 显存占用: 12657 MB
2024-07-25 22:52:31, PID 517738 , 内存占用: 14747 MB 显存占用: 12657 MB
2024-07-25 22:52:32, PID 517738 , 内存占用: 14747 MB 显存占用: 12657 MB
2024-07-25 22:52:33, PID 517738 , 内存占用: 14747 MB 显存占用: 12657 MB
2024-07-25 22:52:35, PID 517738 , 内存占用: 14747 MB 显存占用: 12657 MB
2024-07-25 22:52:36, PID 517738 , 内存占用: 14747 MB 显存占用: 12657 MB
2024-07-25 22:52:37, PID 517738 , 内存占用: 14747 MB 显存占用: 12657 MB
2024-07-25 22:52:39, PID 517738 , 内存占用: 14747 MB 显存占用: 12657 MB
2024-07-25 22:52:40, PID 517738 , 内存占用: 14747 MB 显存占用: 12657 MB
2024-07-25 22:52:41, PID 517738 , 内存占用: 14747 MB 显存占用: 12657 MB
2024-07-25 22:52:43, PID 517738 , 内存占用: 14747 MB 显存占用: 12657 MB
2024-07-25 22:52:44, PID 517738 , 内存占用: 14746 MB 显存占用: 12657 MB
2024-07-25 22:52:45, PID 517738 , 内存占用: 14746 MB 显存占用: 12657 MB
2024-07-25 22:52:46, PID 517738 , 内存占用: 14746 MB 显存占用: 12657 MB
2024-07-25 22:52:48, PID 517738 , 内存占用: 14746 MB 显存占用: 12657 MB
2024-07-25 22:52:49, PID 517738 , 内存占用: 14747 MB 显存占用: 12657 MB
2024-07-25 22:52:50, PID 517738 , 内存占用: 14747 MB 显存占用: 12657 MB
2024-07-25 22:52:52, PID 517738 , 内存占用: 14747 MB 显存占用: 12657 MB
2024-07-25 22:52:53, PID 517738 , 内存占用: 14747 MB 显存占用: 12657 MB
2024-07-25 22:52:54, PID 517738 , 内存占用: 14747 MB 显存占用: 12657 MB
2024-07-25 22:52:56, PID 517738 , 内存占用: 14747 MB 显存占用: 12657 MB
2024-07-25 22:52:57, PID 517738 , 内存占用: 14747 MB 显存占用: 12657 MB
2024-07-25 22:52:58, PID 517738 , 内存占用: 14747 MB 显存占用: 12657 MB
2024-07-25 22:53:00, PID 517738 , 内存占用: 14747 MB 显存占用: 12657 MB
2024-07-25 22:53:01, PID 517738 , 内存占用: 14747 MB 显存占用: 12657 MB
2024-07-25 22:53:02, PID 517738 , 内存占用: 14747 MB 显存占用: 12657 MB
2024-07-25 22:53:04, PID 517738 , 内存占用: 14747 MB 显存占用: 12657 MB
2024-07-25 22:53:05, PID 517738 , 内存占用: 14746 MB 显存占用: 12657 MB
2024-07-25 22:53:06, PID 517738 , 内存占用: 14746 MB 显存占用: 12657 MB
2024-07-25 22:53:07, PID 517738 , 内存占用: 14747 MB 显存占用: 12657 MB
2024-07-25 22:53:09, PID 517738 , 内存占用: 14747 MB 显存占用: 12657 MB
2024-07-25 22:53:10, PID 517738 , 内存占用: 14747 MB 显存占用: 12657 MB
2024-07-25 22:53:11, PID 517738 , 内存占用: 14747 MB 显存占用: 12657 MB
2024-07-25 22:53:13, PID 517738 , 内存占用: 14747 MB 显存占用: 12657 MB
2024-07-25 22:53:14, PID 517738 , 内存占用: 14747 MB 显存占用: 12657 MB
2024-07-25 22:53:15, PID 517738 , 内存占用: 14747 MB 显存占用: 12657 MB
2024-07-25 22:53:17, PID 517738 , 内存占用: 14747 MB 显存占用: 12657 MB
2024-07-25 22:53:18, PID 517738 , 内存占用: 14747 MB 显存占用: 12657 MB
2024-07-25 22:53:19, PID 517738 , 内存占用: 14747 MB 显存占用: 12657 MB
2024-07-25 22:53:21, PID 517738 , 内存占用: 14754 MB 显存占用: 12657 MB
2024-07-25 22:53:22, PID 517738 , 内存占用: 14747 MB 显存占用: 12657 MB
2024-07-25 22:53:23, PID 517738 , 内存占用: 14747 MB 显存占用: 12657 MB
2024-07-25 22:53:25, PID 517738 , 内存占用: 14747 MB 显存占用: 12657 MB
2024-07-25 22:53:26, PID 517738 , 内存占用: 15044 MB 显存占用: 12657 MB
2024-07-25 22:53:27, PID 517738 , 内存占用: 14746 MB 显存占用: 12657 MB
2024-07-25 22:53:29, PID 517738 , 内存占用: 14758 MB 显存占用: 12657 MB
2024-07-25 22:53:30, PID 517738 , 内存占用: 14747 MB 显存占用: 12657 MB
2024-07-25 22:53:31, PID 517738 , 内存占用: 14746 MB 显存占用: 12657 MB
2024-07-25 22:53:32, PID 517738 , 内存占用: 14746 MB 显存占用: 12657 MB
2024-07-25 22:53:34, PID 517738 , 内存占用: 14747 MB 显存占用: 12657 MB
2024-07-25 22:53:35, PID 517738 , 内存占用: 14747 MB 显存占用: 12657 MB
2024-07-25 22:53:36, PID 517738 , 内存占用: 14747 MB 显存占用: 12657 MB
2024-07-25 22:53:38, PID 517738 , 内存占用: 15085 MB 显存占用: 12657 MB
2024-07-25 22:53:39, PID 517738 , 内存占用: 14747 MB 显存占用: 12657 MB
2024-07-25 22:53:40, PID 517738 , 内存占用: 15058 MB 显存占用: 12657 MB
2024-07-25 22:53:42, PID 517738 , 内存占用: 14746 MB 显存占用: 12657 MB
2024-07-25 22:53:43, PID 517738 , 内存占用: 14958 MB 显存占用: 12657 MB
2024-07-25 22:53:44, PID 517738 , 内存占用: 14747 MB 显存占用: 12657 MB
2024-07-25 22:53:46, PID 517738 , 内存占用: 14856 MB 显存占用: 12657 MB
2024-07-25 22:53:47, PID 517738 , 内存占用: 14655 MB 显存占用: 12657 MB
2024-07-25 22:53:48, PID 517738 , 内存占用: 14655 MB 显存占用: 12657 MB
2024-07-25 22:53:50, PID 517738 , 内存占用: 14655 MB 显存占用: 12657 MB
2024-07-25 22:53:51, PID 517738 , 内存占用: 14655 MB 显存占用: 12657 MB
2024-07-25 22:53:52, PID 517738 , 内存占用: 14655 MB 显存占用: 12657 MB
2024-07-25 22:53:53, PID 517738 , 内存占用: 14655 MB 显存占用: 12657 MB
2024-07-25 22:53:55, PID 517738 , 内存占用: 8799 MB 显存占用: 12657 MB
2024-07-25 22:53:56, PID 517738 , 内存占用: 3145 MB 显存占用: 11909 MB
517738
平均内存占用: 14308.58 MB
峰值内存占用: 15705 MB, 15 GB
峰值显存占用 12657 MB
