Sent: init_feats
Received: None
already  partfeat
Epoch 0:
IO load: 0.000s presample and analyze: 0.000s 预采样: 0.000s, 预采样负采样:0.000s
cur batch: 0, start pre sample and analyze...
第一个块的加载时间: 1.914s
平均每个batch用时0.00000s, 预计epoch时间: 0.000s
run batch0total time: 0.00s,presample: 0.00s, sample: 0.00s, prep time: 0.00s, gen block: 0.00s, feat input: 0.00s, model run: 0.00s,                    loss and opt: 0.00s, update mem: 0.00s update mailbox: 0.00s
feat_buffer time: IO load: 0.045s presample and analyze: 1.877s 预采样: 0.000s, 预采样负采样:0.143s              记忆刷入和更新:0.044s 纯刷入时间:0.000s 负采样分析: 1.689s
cur batch: 30, start pre sample and analyze...
cur batch: 60, start pre sample and analyze...
cur batch: 90, start pre sample and analyze...
cur batch: 120, start pre sample and analyze...
cur batch: 150, start pre sample and analyze...
cur batch: 180, start pre sample and analyze...
cur batch: 210, start pre sample and analyze...
cur batch: 240, start pre sample and analyze...
cur batch: 270, start pre sample and analyze...
cur batch: 300, start pre sample and analyze...
cur batch: 330, start pre sample and analyze...
cur batch: 360, start pre sample and analyze...
cur batch: 390, start pre sample and analyze...
cur batch: 420, start pre sample and analyze...
cur batch: 450, start pre sample and analyze...
cur batch: 480, start pre sample and analyze...
cur batch: 510, start pre sample and analyze...
cur batch: 540, start pre sample and analyze...
cur batch: 570, start pre sample and analyze...
cur batch: 600, start pre sample and analyze...
cur batch: 630, start pre sample and analyze...
cur batch: 660, start pre sample and analyze...
cur batch: 690, start pre sample and analyze...
cur batch: 720, start pre sample and analyze...
cur batch: 750, start pre sample and analyze...
cur batch: 780, start pre sample and analyze...
cur batch: 810, start pre sample and analyze...
cur batch: 840, start pre sample and analyze...
cur batch: 870, start pre sample and analyze...
cur batch: 900, start pre sample and analyze...
cur batch: 930, start pre sample and analyze...
cur batch: 960, start pre sample and analyze...
cur batch: 990, start pre sample and analyze...
平均每个batch用时0.02498s, 预计epoch时间: 68.476s
run batch1000total time: 24.98s,presample: 3.29s, sample: 0.60s, prep time: 5.93s, gen block: 2.36s, feat input: 1.40s, model run: 5.12s,                    loss and opt: 9.27s, update mem: 0.71s update mailbox: 0.96s
feat_buffer time: IO load: 1.272s presample and analyze: 2.011s 预采样: 0.000s, 预采样负采样:0.262s              记忆刷入和更新:0.044s 纯刷入时间:0.000s 负采样分析: 1.689s
cur batch: 1020, start pre sample and analyze...
cur batch: 1050, start pre sample and analyze...
cur batch: 1080, start pre sample and analyze...
cur batch: 1110, start pre sample and analyze...
cur batch: 1140, start pre sample and analyze...
cur batch: 1170, start pre sample and analyze...
cur batch: 1200, start pre sample and analyze...
cur batch: 1230, start pre sample and analyze...
cur batch: 1260, start pre sample and analyze...
cur batch: 1290, start pre sample and analyze...
cur batch: 1320, start pre sample and analyze...
cur batch: 1350, start pre sample and analyze...
cur batch: 1380, start pre sample and analyze...
cur batch: 1410, start pre sample and analyze...
cur batch: 1440, start pre sample and analyze...
cur batch: 1470, start pre sample and analyze...
cur batch: 1500, start pre sample and analyze...
cur batch: 1530, start pre sample and analyze...
cur batch: 1560, start pre sample and analyze...
cur batch: 1590, start pre sample and analyze...
cur batch: 1620, start pre sample and analyze...
cur batch: 1650, start pre sample and analyze...
cur batch: 1680, start pre sample and analyze...
cur batch: 1710, start pre sample and analyze...
cur batch: 1740, start pre sample and analyze...
cur batch: 1770, start pre sample and analyze...
cur batch: 1800, start pre sample and analyze...
cur batch: 1830, start pre sample and analyze...
cur batch: 1860, start pre sample and analyze...
cur batch: 1890, start pre sample and analyze...
cur batch: 1920, start pre sample and analyze...
cur batch: 1950, start pre sample and analyze...
cur batch: 1980, start pre sample and analyze...
平均每个batch用时0.02275s, 预计epoch时间: 62.372s
run batch2000total time: 47.73s,presample: 4.95s, sample: 1.21s, prep time: 11.85s, gen block: 4.78s, feat input: 2.81s, model run: 9.38s,                    loss and opt: 18.80s, update mem: 1.43s update mailbox: 1.91s
feat_buffer time: IO load: 2.791s presample and analyze: 2.145s 预采样: 0.000s, 预采样负采样:0.382s              记忆刷入和更新:0.044s 纯刷入时间:0.000s 负采样分析: 1.689s
cur batch: 2010, start pre sample and analyze...
cur batch: 2040, start pre sample and analyze...
cur batch: 2070, start pre sample and analyze...
cur batch: 2100, start pre sample and analyze...
cur batch: 2130, start pre sample and analyze...
cur batch: 2160, start pre sample and analyze...
cur batch: 2190, start pre sample and analyze...
cur batch: 2220, start pre sample and analyze...
cur batch: 2250, start pre sample and analyze...
cur batch: 2280, start pre sample and analyze...
cur batch: 2310, start pre sample and analyze...
cur batch: 2340, start pre sample and analyze...
cur batch: 2370, start pre sample and analyze...
cur batch: 2400, start pre sample and analyze...
cur batch: 2430, start pre sample and analyze...
cur batch: 2460, start pre sample and analyze...
cur batch: 2490, start pre sample and analyze...
cur batch: 2520, start pre sample and analyze...
cur batch: 2550, start pre sample and analyze...
cur batch: 2580, start pre sample and analyze...
cur batch: 2610, start pre sample and analyze...
cur batch: 2640, start pre sample and analyze...
cur batch: 2670, start pre sample and analyze...
cur batch: 2700, start pre sample and analyze...
cur batch: 2730, start pre sample and analyze...
total loop use time: 64.9013
run batch2741total time: 64.44s,presample: 6.24s, sample: 1.66s, prep time: 16.20s, gen block: 6.53s, feat input: 3.83s, model run: 12.49s,               loss and opt: 25.75s, update mem: 1.95s update mailbox: 2.61s
Epoch 1:
IO load: 3.981s presample and analyze: 2.241s 预采样: 0.000s, 预采样负采样:0.468s
cur batch: 0, start pre sample and analyze...
第一个块的加载时间: 0.162s
平均每个batch用时0.00000s, 预计epoch时间: 0.000s
run batch0total time: 0.00s,presample: 0.00s, sample: 0.00s, prep time: 0.00s, gen block: 0.00s, feat input: 0.00s, model run: 0.00s,                    loss and opt: 0.00s, update mem: 0.00s update mailbox: 0.00s
feat_buffer time: IO load: 0.032s presample and analyze: 0.134s 预采样: 0.000s, 预采样负采样:0.007s              记忆刷入和更新:0.039s 纯刷入时间:0.000s 负采样分析: 0.088s
cur batch: 30, start pre sample and analyze...
cur batch: 60, start pre sample and analyze...
cur batch: 90, start pre sample and analyze...
cur batch: 120, start pre sample and analyze...
cur batch: 150, start pre sample and analyze...
cur batch: 180, start pre sample and analyze...
cur batch: 210, start pre sample and analyze...
cur batch: 240, start pre sample and analyze...
cur batch: 270, start pre sample and analyze...
cur batch: 300, start pre sample and analyze...
cur batch: 330, start pre sample and analyze...
cur batch: 360, start pre sample and analyze...
cur batch: 390, start pre sample and analyze...
cur batch: 420, start pre sample and analyze...
cur batch: 450, start pre sample and analyze...
cur batch: 480, start pre sample and analyze...
cur batch: 510, start pre sample and analyze...
cur batch: 540, start pre sample and analyze...
cur batch: 570, start pre sample and analyze...
cur batch: 600, start pre sample and analyze...
cur batch: 630, start pre sample and analyze...
cur batch: 660, start pre sample and analyze...
cur batch: 690, start pre sample and analyze...
cur batch: 720, start pre sample and analyze...
cur batch: 750, start pre sample and analyze...
cur batch: 780, start pre sample and analyze...
cur batch: 810, start pre sample and analyze...
cur batch: 840, start pre sample and analyze...
cur batch: 870, start pre sample and analyze...
cur batch: 900, start pre sample and analyze...
cur batch: 930, start pre sample and analyze...
cur batch: 960, start pre sample and analyze...
cur batch: 990, start pre sample and analyze...
平均每个batch用时0.02239s, 预计epoch时间: 61.383s
run batch1000total time: 22.39s,presample: 1.50s, sample: 0.60s, prep time: 5.89s, gen block: 2.37s, feat input: 1.41s, model run: 4.26s,                    loss and opt: 9.38s, update mem: 0.71s update mailbox: 0.95s
feat_buffer time: IO load: 1.230s presample and analyze: 0.267s 预采样: 0.000s, 预采样负采样:0.126s              记忆刷入和更新:0.039s 纯刷入时间:0.000s 负采样分析: 0.088s
cur batch: 1020, start pre sample and analyze...
cur batch: 1050, start pre sample and analyze...
cur batch: 1080, start pre sample and analyze...
cur batch: 1110, start pre sample and analyze...
cur batch: 1140, start pre sample and analyze...
cur batch: 1170, start pre sample and analyze...
cur batch: 1200, start pre sample and analyze...
cur batch: 1230, start pre sample and analyze...
cur batch: 1260, start pre sample and analyze...
cur batch: 1290, start pre sample and analyze...
cur batch: 1320, start pre sample and analyze...
cur batch: 1350, start pre sample and analyze...
cur batch: 1380, start pre sample and analyze...
cur batch: 1410, start pre sample and analyze...
cur batch: 1440, start pre sample and analyze...
cur batch: 1470, start pre sample and analyze...
cur batch: 1500, start pre sample and analyze...
cur batch: 1530, start pre sample and analyze...
cur batch: 1560, start pre sample and analyze...
cur batch: 1590, start pre sample and analyze...
cur batch: 1620, start pre sample and analyze...
cur batch: 1650, start pre sample and analyze...
cur batch: 1680, start pre sample and analyze...
cur batch: 1710, start pre sample and analyze...
cur batch: 1740, start pre sample and analyze...
cur batch: 1770, start pre sample and analyze...
cur batch: 1800, start pre sample and analyze...
cur batch: 1830, start pre sample and analyze...
cur batch: 1860, start pre sample and analyze...
cur batch: 1890, start pre sample and analyze...
cur batch: 1920, start pre sample and analyze...
cur batch: 1950, start pre sample and analyze...
cur batch: 1980, start pre sample and analyze...
平均每个batch用时0.02242s, 预计epoch时间: 61.469s
run batch2000total time: 44.81s,presample: 3.06s, sample: 1.21s, prep time: 11.77s, gen block: 4.75s, feat input: 2.81s, model run: 8.54s,                    loss and opt: 18.71s, update mem: 1.42s update mailbox: 1.89s
feat_buffer time: IO load: 2.646s presample and analyze: 0.402s 预采样: 0.000s, 预采样负采样:0.248s              记忆刷入和更新:0.039s 纯刷入时间:0.000s 负采样分析: 0.088s
cur batch: 2010, start pre sample and analyze...
cur batch: 2040, start pre sample and analyze...
cur batch: 2070, start pre sample and analyze...
cur batch: 2100, start pre sample and analyze...
cur batch: 2130, start pre sample and analyze...
cur batch: 2160, start pre sample and analyze...
cur batch: 2190, start pre sample and analyze...
cur batch: 2220, start pre sample and analyze...
cur batch: 2250, start pre sample and analyze...
cur batch: 2280, start pre sample and analyze...
cur batch: 2310, start pre sample and analyze...
cur batch: 2340, start pre sample and analyze...
cur batch: 2370, start pre sample and analyze...
cur batch: 2400, start pre sample and analyze...
cur batch: 2430, start pre sample and analyze...
cur batch: 2460, start pre sample and analyze...
cur batch: 2490, start pre sample and analyze...
cur batch: 2520, start pre sample and analyze...
cur batch: 2550, start pre sample and analyze...
cur batch: 2580, start pre sample and analyze...
cur batch: 2610, start pre sample and analyze...
cur batch: 2640, start pre sample and analyze...
cur batch: 2670, start pre sample and analyze...
cur batch: 2700, start pre sample and analyze...
cur batch: 2730, start pre sample and analyze...
total loop use time: 62.0145
run batch2741total time: 61.55s,presample: 4.36s, sample: 1.66s, prep time: 16.14s, gen block: 6.51s, feat input: 3.84s, model run: 11.67s,               loss and opt: 25.64s, update mem: 1.95s update mailbox: 2.59s
Loading model at epoch 0...
训练完成，退出子进程
[W CudaIPCTypes.cpp:15] Producer process has been terminated before all shared CUDA tensors released. See Note [Sharing CUDA tensors]
