start
=============================================
=============================================
=============================================

2024-07-25 22:37:46, PID 505726 , 内存占用: 51 MB 显存占用: 9 MB
2024-07-25 22:37:47, PID 505726 , 内存占用: 268 MB 显存占用: 9 MB
2024-07-25 22:37:48, PID 505726 , 内存占用: 436 MB 显存占用: 9 MB
2024-07-25 22:37:49, PID 505726 , 内存占用: 586 MB 显存占用: 9 MB
2024-07-25 22:37:51, PID 505726 , 内存占用: 1101 MB 显存占用: 505 MB
2024-07-25 22:37:52, PID 505726 , 内存占用: 1942 MB 显存占用: 753 MB
2024-07-25 22:37:53, PID 505726 , 内存占用: 2196 MB 显存占用: 753 MB
2024-07-25 22:37:54, PID 505726 , 内存占用: 5139 MB 显存占用: 755 MB
2024-07-25 22:37:56, PID 505726 , 内存占用: 11398 MB 显存占用: 755 MB
2024-07-25 22:37:57, PID 505726 , 内存占用: 12238 MB 显存占用: 1339 MB
2024-07-25 22:37:58, PID 505726 , 内存占用: 13366 MB 显存占用: 1873 MB
2024-07-25 22:38:00, PID 505726 , 内存占用: 14060 MB 显存占用: 3039 MB
2024-07-25 22:38:01, PID 505726 , 内存占用: 14076 MB 显存占用: 3235 MB
2024-07-25 22:38:02, PID 505726 , 内存占用: 14086 MB 显存占用: 3435 MB
2024-07-25 22:38:03, PID 505726 , 内存占用: 14069 MB 显存占用: 3537 MB
2024-07-25 22:38:05, PID 505726 , 内存占用: 14151 MB 显存占用: 3641 MB
2024-07-25 22:38:06, PID 505726 , 内存占用: 14443 MB 显存占用: 3855 MB
2024-07-25 22:38:07, PID 505726 , 内存占用: 14452 MB 显存占用: 4077 MB
2024-07-25 22:38:09, PID 505726 , 内存占用: 14462 MB 显存占用: 4077 MB
2024-07-25 22:38:10, PID 505726 , 内存占用: 14490 MB 显存占用: 4077 MB
2024-07-25 22:38:11, PID 505726 , 内存占用: 14485 MB 显存占用: 4311 MB
2024-07-25 22:38:13, PID 505726 , 内存占用: 14484 MB 显存占用: 4551 MB
2024-07-25 22:38:14, PID 505726 , 内存占用: 14555 MB 显存占用: 4815 MB
2024-07-25 22:38:15, PID 505726 , 内存占用: 14538 MB 显存占用: 4815 MB
2024-07-25 22:38:17, PID 505726 , 内存占用: 14439 MB 显存占用: 4817 MB
2024-07-25 22:38:18, PID 505726 , 内存占用: 14506 MB 显存占用: 4817 MB
2024-07-25 22:38:19, PID 505726 , 内存占用: 14471 MB 显存占用: 4817 MB
2024-07-25 22:38:20, PID 505726 , 内存占用: 14403 MB 显存占用: 4817 MB
2024-07-25 22:38:22, PID 505726 , 内存占用: 14268 MB 显存占用: 4817 MB
2024-07-25 22:38:23, PID 505726 , 内存占用: 14268 MB 显存占用: 4941 MB
2024-07-25 22:38:24, PID 505726 , 内存占用: 14268 MB 显存占用: 4941 MB
2024-07-25 22:38:26, PID 505726 , 内存占用: 14206 MB 显存占用: 4941 MB
2024-07-25 22:38:27, PID 505726 , 内存占用: 14197 MB 显存占用: 5069 MB
2024-07-25 22:38:28, PID 505726 , 内存占用: 14199 MB 显存占用: 5069 MB
2024-07-25 22:38:30, PID 505726 , 内存占用: 14625 MB 显存占用: 5069 MB
2024-07-25 22:38:31, PID 505726 , 内存占用: 14620 MB 显存占用: 5069 MB
2024-07-25 22:38:32, PID 505726 , 内存占用: 14582 MB 显存占用: 5069 MB
2024-07-25 22:38:34, PID 505726 , 内存占用: 14565 MB 显存占用: 5197 MB
2024-07-25 22:38:35, PID 505726 , 内存占用: 14521 MB 显存占用: 5197 MB
2024-07-25 22:38:36, PID 505726 , 内存占用: 14470 MB 显存占用: 5327 MB
2024-07-25 22:38:38, PID 505726 , 内存占用: 14381 MB 显存占用: 5459 MB
2024-07-25 22:38:39, PID 505726 , 内存占用: 14285 MB 显存占用: 5459 MB
2024-07-25 22:38:40, PID 505726 , 内存占用: 14254 MB 显存占用: 5459 MB
2024-07-25 22:38:41, PID 505726 , 内存占用: 14208 MB 显存占用: 5459 MB
2024-07-25 22:38:43, PID 505726 , 内存占用: 14209 MB 显存占用: 5459 MB
2024-07-25 22:38:44, PID 505726 , 内存占用: 14670 MB 显存占用: 5595 MB
2024-07-25 22:38:45, PID 505726 , 内存占用: 14666 MB 显存占用: 5595 MB
2024-07-25 22:38:47, PID 505726 , 内存占用: 14668 MB 显存占用: 5597 MB
2024-07-25 22:38:48, PID 505726 , 内存占用: 14666 MB 显存占用: 5597 MB
2024-07-25 22:38:49, PID 505726 , 内存占用: 14668 MB 显存占用: 5597 MB
2024-07-25 22:38:51, PID 505726 , 内存占用: 14584 MB 显存占用: 5597 MB
2024-07-25 22:38:52, PID 505726 , 内存占用: 14513 MB 显存占用: 5733 MB
2024-07-25 22:38:53, PID 505726 , 内存占用: 14498 MB 显存占用: 5733 MB
2024-07-25 22:38:55, PID 505726 , 内存占用: 14430 MB 显存占用: 5871 MB
2024-07-25 22:38:56, PID 505726 , 内存占用: 14372 MB 显存占用: 6175 MB
2024-07-25 22:38:57, PID 505726 , 内存占用: 14327 MB 显存占用: 6175 MB
2024-07-25 22:38:59, PID 505726 , 内存占用: 14262 MB 显存占用: 6175 MB
2024-07-25 22:39:00, PID 505726 , 内存占用: 14263 MB 显存占用: 6175 MB
2024-07-25 22:39:01, PID 505726 , 内存占用: 14531 MB 显存占用: 6175 MB
2024-07-25 22:39:02, PID 505726 , 内存占用: 14283 MB 显存占用: 6175 MB
2024-07-25 22:39:04, PID 505726 , 内存占用: 14287 MB 显存占用: 6175 MB
2024-07-25 22:39:05, PID 505726 , 内存占用: 14288 MB 显存占用: 6175 MB
2024-07-25 22:39:06, PID 505726 , 内存占用: 14289 MB 显存占用: 6175 MB
2024-07-25 22:39:08, PID 505726 , 内存占用: 14291 MB 显存占用: 6175 MB
2024-07-25 22:39:09, PID 505726 , 内存占用: 14613 MB 显存占用: 6175 MB
2024-07-25 22:39:10, PID 505726 , 内存占用: 14618 MB 显存占用: 6175 MB
2024-07-25 22:39:12, PID 505726 , 内存占用: 14629 MB 显存占用: 6175 MB
2024-07-25 22:39:13, PID 505726 , 内存占用: 14626 MB 显存占用: 6175 MB
2024-07-25 22:39:14, PID 505726 , 内存占用: 14644 MB 显存占用: 6175 MB
2024-07-25 22:39:16, PID 505726 , 内存占用: 14486 MB 显存占用: 6175 MB
2024-07-25 22:39:17, PID 505726 , 内存占用: 14407 MB 显存占用: 6175 MB
2024-07-25 22:39:18, PID 505726 , 内存占用: 14399 MB 显存占用: 6175 MB
2024-07-25 22:39:19, PID 505726 , 内存占用: 14369 MB 显存占用: 6175 MB
2024-07-25 22:39:21, PID 505726 , 内存占用: 14327 MB 显存占用: 6175 MB
2024-07-25 22:39:22, PID 505726 , 内存占用: 14313 MB 显存占用: 6175 MB
2024-07-25 22:39:23, PID 505726 , 内存占用: 14273 MB 显存占用: 6175 MB
2024-07-25 22:39:25, PID 505726 , 内存占用: 14272 MB 显存占用: 6175 MB
2024-07-25 22:39:26, PID 505726 , 内存占用: 14401 MB 显存占用: 6175 MB
2024-07-25 22:39:27, PID 505726 , 内存占用: 14337 MB 显存占用: 6175 MB
2024-07-25 22:39:29, PID 505726 , 内存占用: 14590 MB 显存占用: 6175 MB
2024-07-25 22:39:30, PID 505726 , 内存占用: 14692 MB 显存占用: 6175 MB
2024-07-25 22:39:31, PID 505726 , 内存占用: 14694 MB 显存占用: 6175 MB
2024-07-25 22:39:32, PID 505726 , 内存占用: 14662 MB 显存占用: 6175 MB
2024-07-25 22:39:34, PID 505726 , 内存占用: 14571 MB 显存占用: 6175 MB
2024-07-25 22:39:35, PID 505726 , 内存占用: 14552 MB 显存占用: 6175 MB
2024-07-25 22:39:36, PID 505726 , 内存占用: 14537 MB 显存占用: 6175 MB
2024-07-25 22:39:38, PID 505726 , 内存占用: 14450 MB 显存占用: 6175 MB
2024-07-25 22:39:39, PID 505726 , 内存占用: 14451 MB 显存占用: 6175 MB
2024-07-25 22:39:40, PID 505726 , 内存占用: 14358 MB 显存占用: 6175 MB
2024-07-25 22:39:42, PID 505726 , 内存占用: 14273 MB 显存占用: 6175 MB
2024-07-25 22:39:43, PID 505726 , 内存占用: 14272 MB 显存占用: 6175 MB
2024-07-25 22:39:44, PID 505726 , 内存占用: 14273 MB 显存占用: 6175 MB
2024-07-25 22:39:46, PID 505726 , 内存占用: 14731 MB 显存占用: 6175 MB
2024-07-25 22:39:47, PID 505726 , 内存占用: 14721 MB 显存占用: 6175 MB
2024-07-25 22:39:48, PID 505726 , 内存占用: 14677 MB 显存占用: 6175 MB
2024-07-25 22:39:49, PID 505726 , 内存占用: 14779 MB 显存占用: 6175 MB
2024-07-25 22:39:51, PID 505726 , 内存占用: 14656 MB 显存占用: 6175 MB
2024-07-25 22:39:52, PID 505726 , 内存占用: 14619 MB 显存占用: 6175 MB
2024-07-25 22:39:53, PID 505726 , 内存占用: 14586 MB 显存占用: 6175 MB
2024-07-25 22:39:55, PID 505726 , 内存占用: 14456 MB 显存占用: 6175 MB
2024-07-25 22:39:56, PID 505726 , 内存占用: 14457 MB 显存占用: 6175 MB
2024-07-25 22:39:57, PID 505726 , 内存占用: 14369 MB 显存占用: 6175 MB
2024-07-25 22:39:59, PID 505726 , 内存占用: 14289 MB 显存占用: 6175 MB
2024-07-25 22:40:00, PID 505726 , 内存占用: 14272 MB 显存占用: 6175 MB
2024-07-25 22:40:01, PID 505726 , 内存占用: 14273 MB 显存占用: 6175 MB
2024-07-25 22:40:03, PID 505726 , 内存占用: 14293 MB 显存占用: 6175 MB
2024-07-25 22:40:04, PID 505726 , 内存占用: 6091 MB 显存占用: 5447 MB
505726
平均内存占用: 13326.95 MB
峰值内存占用: 14779 MB, 14 GB
峰值显存占用 6175 MB
