Sent: init_feats
Received: None
already  partfeat
Epoch 0:
IO load: 0.000s presample and analyze: 0.000s 预采样: 0.000s, 预采样负采样:0.000s
cur batch: 0, start pre sample and analyze...
第一个块的加载时间: 1.964s
平均每个batch用时0.00000s, 预计epoch时间: 0.000s
run batch0total time: 0.00s,presample: 0.00s, sample: 0.00s, prep time: 0.00s, gen block: 0.00s, feat input: 0.00s, model run: 0.00s,                    loss and opt: 0.00s, update mem: 0.00s update mailbox: 0.00s
feat_buffer time: IO load: 0.046s presample and analyze: 1.924s 预采样: 0.000s, 预采样负采样:0.145s              记忆刷入和更新:0.044s 纯刷入时间:0.000s 负采样分析: 1.736s
cur batch: 30, start pre sample and analyze...
cur batch: 60, start pre sample and analyze...
cur batch: 90, start pre sample and analyze...
cur batch: 120, start pre sample and analyze...
cur batch: 150, start pre sample and analyze...
cur batch: 180, start pre sample and analyze...
cur batch: 210, start pre sample and analyze...
cur batch: 240, start pre sample and analyze...
cur batch: 270, start pre sample and analyze...
cur batch: 300, start pre sample and analyze...
cur batch: 330, start pre sample and analyze...
cur batch: 360, start pre sample and analyze...
cur batch: 390, start pre sample and analyze...
cur batch: 420, start pre sample and analyze...
cur batch: 450, start pre sample and analyze...
cur batch: 480, start pre sample and analyze...
cur batch: 510, start pre sample and analyze...
cur batch: 540, start pre sample and analyze...
cur batch: 570, start pre sample and analyze...
cur batch: 600, start pre sample and analyze...
cur batch: 630, start pre sample and analyze...
cur batch: 660, start pre sample and analyze...
cur batch: 690, start pre sample and analyze...
cur batch: 720, start pre sample and analyze...
cur batch: 750, start pre sample and analyze...
cur batch: 780, start pre sample and analyze...
cur batch: 810, start pre sample and analyze...
cur batch: 840, start pre sample and analyze...
cur batch: 870, start pre sample and analyze...
cur batch: 900, start pre sample and analyze...
cur batch: 930, start pre sample and analyze...
cur batch: 960, start pre sample and analyze...
cur batch: 990, start pre sample and analyze...
平均每个batch用时0.09343s, 预计epoch时间: 256.138s
run batch1000total time: 93.43s,presample: 3.73s, sample: 1.31s, prep time: 40.36s, gen block: 4.71s, feat input: 2.14s, model run: 7.65s,                    loss and opt: 39.60s, update mem: 0.65s update mailbox: 0.89s
feat_buffer time: IO load: 1.632s presample and analyze: 2.094s 预采样: 0.000s, 预采样负采样:0.301s              记忆刷入和更新:0.044s 纯刷入时间:0.000s 负采样分析: 1.736s
cur batch: 1020, start pre sample and analyze...
cur batch: 1050, start pre sample and analyze...
cur batch: 1080, start pre sample and analyze...
cur batch: 1110, start pre sample and analyze...
cur batch: 1140, start pre sample and analyze...
cur batch: 1170, start pre sample and analyze...
cur batch: 1200, start pre sample and analyze...
cur batch: 1230, start pre sample and analyze...
cur batch: 1260, start pre sample and analyze...
cur batch: 1290, start pre sample and analyze...
cur batch: 1320, start pre sample and analyze...
cur batch: 1350, start pre sample and analyze...
cur batch: 1380, start pre sample and analyze...
cur batch: 1410, start pre sample and analyze...
cur batch: 1440, start pre sample and analyze...
cur batch: 1470, start pre sample and analyze...
cur batch: 1500, start pre sample and analyze...
cur batch: 1530, start pre sample and analyze...
cur batch: 1560, start pre sample and analyze...
cur batch: 1590, start pre sample and analyze...
cur batch: 1620, start pre sample and analyze...
cur batch: 1650, start pre sample and analyze...
cur batch: 1680, start pre sample and analyze...
cur batch: 1710, start pre sample and analyze...
cur batch: 1740, start pre sample and analyze...
cur batch: 1770, start pre sample and analyze...
cur batch: 1800, start pre sample and analyze...
cur batch: 1830, start pre sample and analyze...
cur batch: 1860, start pre sample and analyze...
cur batch: 1890, start pre sample and analyze...
cur batch: 1920, start pre sample and analyze...
cur batch: 1950, start pre sample and analyze...
cur batch: 1980, start pre sample and analyze...
平均每个batch用时0.08902s, 预计epoch时间: 244.066s
run batch2000total time: 182.45s,presample: 6.24s, sample: 2.66s, prep time: 79.27s, gen block: 9.48s, feat input: 4.28s, model run: 14.39s,                    loss and opt: 78.34s, update mem: 1.31s update mailbox: 1.78s
feat_buffer time: IO load: 3.874s presample and analyze: 2.353s 预采样: 0.000s, 预采样负采样:0.475s              记忆刷入和更新:0.044s 纯刷入时间:0.000s 负采样分析: 1.736s
cur batch: 2010, start pre sample and analyze...
cur batch: 2040, start pre sample and analyze...
cur batch: 2070, start pre sample and analyze...
cur batch: 2100, start pre sample and analyze...
cur batch: 2130, start pre sample and analyze...
cur batch: 2160, start pre sample and analyze...
cur batch: 2190, start pre sample and analyze...
cur batch: 2220, start pre sample and analyze...
cur batch: 2250, start pre sample and analyze...
cur batch: 2280, start pre sample and analyze...
cur batch: 2310, start pre sample and analyze...
cur batch: 2340, start pre sample and analyze...
cur batch: 2370, start pre sample and analyze...
cur batch: 2400, start pre sample and analyze...
cur batch: 2430, start pre sample and analyze...
cur batch: 2460, start pre sample and analyze...
cur batch: 2490, start pre sample and analyze...
cur batch: 2520, start pre sample and analyze...
cur batch: 2550, start pre sample and analyze...
cur batch: 2580, start pre sample and analyze...
cur batch: 2610, start pre sample and analyze...
cur batch: 2640, start pre sample and analyze...
cur batch: 2670, start pre sample and analyze...
cur batch: 2700, start pre sample and analyze...
cur batch: 2730, start pre sample and analyze...
total loop use time: 247.8680
run batch2741total time: 247.43s,presample: 8.35s, sample: 3.64s, prep time: 107.36s, gen block: 12.96s, feat input: 5.85s, model run: 19.34s,               loss and opt: 106.61s, update mem: 1.79s update mailbox: 2.44s
Epoch 1:
IO load: 5.836s presample and analyze: 2.500s 预采样: 0.000s, 预采样负采样:0.612s
cur batch: 0, start pre sample and analyze...
第一个块的加载时间: 0.161s
平均每个batch用时0.00000s, 预计epoch时间: 0.000s
run batch0total time: 0.00s,presample: 0.00s, sample: 0.00s, prep time: 0.00s, gen block: 0.00s, feat input: 0.00s, model run: 0.00s,                    loss and opt: 0.00s, update mem: 0.00s update mailbox: 0.00s
feat_buffer time: IO load: 0.031s presample and analyze: 0.135s 预采样: 0.000s, 预采样负采样:0.008s              记忆刷入和更新:0.038s 纯刷入时间:0.000s 负采样分析: 0.088s
cur batch: 30, start pre sample and analyze...
cur batch: 60, start pre sample and analyze...
cur batch: 90, start pre sample and analyze...
cur batch: 120, start pre sample and analyze...
cur batch: 150, start pre sample and analyze...
cur batch: 180, start pre sample and analyze...
cur batch: 210, start pre sample and analyze...
cur batch: 240, start pre sample and analyze...
cur batch: 270, start pre sample and analyze...
cur batch: 300, start pre sample and analyze...
cur batch: 330, start pre sample and analyze...
cur batch: 360, start pre sample and analyze...
cur batch: 390, start pre sample and analyze...
cur batch: 420, start pre sample and analyze...
cur batch: 450, start pre sample and analyze...
cur batch: 480, start pre sample and analyze...
cur batch: 510, start pre sample and analyze...
cur batch: 540, start pre sample and analyze...
cur batch: 570, start pre sample and analyze...
cur batch: 600, start pre sample and analyze...
cur batch: 630, start pre sample and analyze...
cur batch: 660, start pre sample and analyze...
cur batch: 690, start pre sample and analyze...
cur batch: 720, start pre sample and analyze...
cur batch: 750, start pre sample and analyze...
cur batch: 780, start pre sample and analyze...
cur batch: 810, start pre sample and analyze...
cur batch: 840, start pre sample and analyze...
cur batch: 870, start pre sample and analyze...
cur batch: 900, start pre sample and analyze...
cur batch: 930, start pre sample and analyze...
cur batch: 960, start pre sample and analyze...
cur batch: 990, start pre sample and analyze...
平均每个batch用时0.09072s, 预计epoch时间: 248.717s
run batch1000total time: 90.72s,presample: 1.93s, sample: 1.31s, prep time: 40.53s, gen block: 4.69s, feat input: 2.13s, model run: 6.72s,                    loss and opt: 39.48s, update mem: 0.64s update mailbox: 0.87s
feat_buffer time: IO load: 1.619s presample and analyze: 0.305s 预采样: 0.000s, 预采样负采样:0.165s              记忆刷入和更新:0.038s 纯刷入时间:0.000s 负采样分析: 0.088s
cur batch: 1020, start pre sample and analyze...
cur batch: 1050, start pre sample and analyze...
cur batch: 1080, start pre sample and analyze...
cur batch: 1110, start pre sample and analyze...
cur batch: 1140, start pre sample and analyze...
cur batch: 1170, start pre sample and analyze...
cur batch: 1200, start pre sample and analyze...
cur batch: 1230, start pre sample and analyze...
cur batch: 1260, start pre sample and analyze...
cur batch: 1290, start pre sample and analyze...
cur batch: 1320, start pre sample and analyze...
cur batch: 1350, start pre sample and analyze...
cur batch: 1380, start pre sample and analyze...
cur batch: 1410, start pre sample and analyze...
cur batch: 1440, start pre sample and analyze...
cur batch: 1470, start pre sample and analyze...
cur batch: 1500, start pre sample and analyze...
cur batch: 1530, start pre sample and analyze...
cur batch: 1560, start pre sample and analyze...
cur batch: 1590, start pre sample and analyze...
cur batch: 1620, start pre sample and analyze...
cur batch: 1650, start pre sample and analyze...
cur batch: 1680, start pre sample and analyze...
cur batch: 1710, start pre sample and analyze...
cur batch: 1740, start pre sample and analyze...
cur batch: 1770, start pre sample and analyze...
cur batch: 1800, start pre sample and analyze...
cur batch: 1830, start pre sample and analyze...
cur batch: 1860, start pre sample and analyze...
cur batch: 1890, start pre sample and analyze...
cur batch: 1920, start pre sample and analyze...
cur batch: 1950, start pre sample and analyze...
cur batch: 1980, start pre sample and analyze...
平均每个batch用时0.08883s, 预计epoch时间: 243.542s
run batch2000total time: 179.55s,presample: 4.36s, sample: 2.63s, prep time: 79.56s, gen block: 9.42s, feat input: 4.27s, model run: 13.44s,                    loss and opt: 78.03s, update mem: 1.29s update mailbox: 1.75s
feat_buffer time: IO load: 3.853s presample and analyze: 0.494s 预采样: 0.000s, 预采样负采样:0.340s              记忆刷入和更新:0.038s 纯刷入时间:0.000s 负采样分析: 0.088s
cur batch: 2010, start pre sample and analyze...
cur batch: 2040, start pre sample and analyze...
cur batch: 2070, start pre sample and analyze...
cur batch: 2100, start pre sample and analyze...
cur batch: 2130, start pre sample and analyze...
cur batch: 2160, start pre sample and analyze...
cur batch: 2190, start pre sample and analyze...
cur batch: 2220, start pre sample and analyze...
cur batch: 2250, start pre sample and analyze...
cur batch: 2280, start pre sample and analyze...
cur batch: 2310, start pre sample and analyze...
cur batch: 2340, start pre sample and analyze...
cur batch: 2370, start pre sample and analyze...
cur batch: 2400, start pre sample and analyze...
cur batch: 2430, start pre sample and analyze...
cur batch: 2460, start pre sample and analyze...
cur batch: 2490, start pre sample and analyze...
cur batch: 2520, start pre sample and analyze...
cur batch: 2550, start pre sample and analyze...
cur batch: 2580, start pre sample and analyze...
cur batch: 2610, start pre sample and analyze...
cur batch: 2640, start pre sample and analyze...
cur batch: 2670, start pre sample and analyze...
cur batch: 2700, start pre sample and analyze...
cur batch: 2730, start pre sample and analyze...
total loop use time: 244.9516
run batch2741total time: 244.51s,presample: 6.47s, sample: 3.62s, prep time: 107.85s, gen block: 12.92s, feat input: 5.85s, model run: 18.45s,               loss and opt: 106.01s, update mem: 1.77s update mailbox: 2.42s
Loading model at epoch 0...
训练完成，退出子进程
[W CudaIPCTypes.cpp:15] Producer process has been terminated before all shared CUDA tensors released. See Note [Sharing CUDA tensors]
