start
=============================================
=============================================
=============================================

2024-07-25 22:20:29, PID 474983 , 内存占用: 51 MB 显存占用: 9 MB
2024-07-25 22:20:30, PID 474983 , 内存占用: 267 MB 显存占用: 9 MB
2024-07-25 22:20:31, PID 474983 , 内存占用: 935 MB 显存占用: 9 MB
2024-07-25 22:20:32, PID 474983 , 内存占用: 1672 MB 显存占用: 631 MB
2024-07-25 22:20:33, PID 474983 , 内存占用: 2107 MB 显存占用: 735 MB
2024-07-25 22:20:34, PID 474983 , 内存占用: 2956 MB 显存占用: 1377 MB
2024-07-25 22:20:36, PID 474983 , 内存占用: 3187 MB 显存占用: 2873 MB
2024-07-25 22:20:37, PID 474983 , 内存占用: 3189 MB 显存占用: 3087 MB
2024-07-25 22:20:38, PID 474983 , 内存占用: 3193 MB 显存占用: 3197 MB
2024-07-25 22:20:39, PID 474983 , 内存占用: 3156 MB 显存占用: 3197 MB
2024-07-25 22:20:40, PID 474983 , 内存占用: 3134 MB 显存占用: 3309 MB
2024-07-25 22:20:42, PID 474983 , 内存占用: 3157 MB 显存占用: 3423 MB
2024-07-25 22:20:43, PID 474983 , 内存占用: 3179 MB 显存占用: 3423 MB
2024-07-25 22:20:44, PID 474983 , 内存占用: 3224 MB 显存占用: 3423 MB
2024-07-25 22:20:45, PID 474983 , 内存占用: 3293 MB 显存占用: 3539 MB
2024-07-25 22:20:47, PID 474983 , 内存占用: 3179 MB 显存占用: 3539 MB
2024-07-25 22:20:48, PID 474983 , 内存占用: 3180 MB 显存占用: 3657 MB
2024-07-25 22:20:49, PID 474983 , 内存占用: 3273 MB 显存占用: 3657 MB
2024-07-25 22:20:50, PID 474983 , 内存占用: 3203 MB 显存占用: 3657 MB
2024-07-25 22:20:51, PID 474983 , 内存占用: 3204 MB 显存占用: 3657 MB
2024-07-25 22:20:52, PID 474983 , 内存占用: 3296 MB 显存占用: 3777 MB
2024-07-25 22:20:54, PID 474983 , 内存占用: 3204 MB 显存占用: 3777 MB
2024-07-25 22:20:55, PID 474983 , 内存占用: 3134 MB 显存占用: 3777 MB
2024-07-25 22:20:56, PID 474983 , 内存占用: 3206 MB 显存占用: 3899 MB
2024-07-25 22:20:57, PID 474983 , 内存占用: 3278 MB 显存占用: 3899 MB
2024-07-25 22:20:58, PID 474983 , 内存占用: 3181 MB 显存占用: 3901 MB
2024-07-25 22:21:00, PID 474983 , 内存占用: 3254 MB 显存占用: 3901 MB
2024-07-25 22:21:01, PID 474983 , 内存占用: 3207 MB 显存占用: 3901 MB
2024-07-25 22:21:02, PID 474983 , 内存占用: 3206 MB 显存占用: 3901 MB
2024-07-25 22:21:03, PID 474983 , 内存占用: 3256 MB 显存占用: 4025 MB
2024-07-25 22:21:04, PID 474983 , 内存占用: 3232 MB 显存占用: 4025 MB
2024-07-25 22:21:05, PID 474983 , 内存占用: 3232 MB 显存占用: 4025 MB
2024-07-25 22:21:07, PID 474983 , 内存占用: 3356 MB 显存占用: 4025 MB
2024-07-25 22:21:08, PID 474983 , 内存占用: 3205 MB 显存占用: 4025 MB
2024-07-25 22:21:09, PID 474983 , 内存占用: 3225 MB 显存占用: 4025 MB
2024-07-25 22:21:10, PID 474983 , 内存占用: 3226 MB 显存占用: 4025 MB
2024-07-25 22:21:12, PID 474983 , 内存占用: 3224 MB 显存占用: 4025 MB
2024-07-25 22:21:13, PID 474983 , 内存占用: 3227 MB 显存占用: 4025 MB
2024-07-25 22:21:14, PID 474983 , 内存占用: 3226 MB 显存占用: 4025 MB
2024-07-25 22:21:15, PID 474983 , 内存占用: 3226 MB 显存占用: 4025 MB
2024-07-25 22:21:16, PID 474983 , 内存占用: 3293 MB 显存占用: 4025 MB
2024-07-25 22:21:18, PID 474983 , 内存占用: 3226 MB 显存占用: 4025 MB
2024-07-25 22:21:19, PID 474983 , 内存占用: 3227 MB 显存占用: 4025 MB
2024-07-25 22:21:20, PID 474983 , 内存占用: 3228 MB 显存占用: 4025 MB
2024-07-25 22:21:21, PID 474983 , 内存占用: 3251 MB 显存占用: 4025 MB
2024-07-25 22:21:22, PID 474983 , 内存占用: 3283 MB 显存占用: 4025 MB
2024-07-25 22:21:23, PID 474983 , 内存占用: 3273 MB 显存占用: 4025 MB
2024-07-25 22:21:25, PID 474983 , 内存占用: 3276 MB 显存占用: 4025 MB
2024-07-25 22:21:26, PID 474983 , 内存占用: 3227 MB 显存占用: 4025 MB
2024-07-25 22:21:27, PID 474983 , 内存占用: 3278 MB 显存占用: 4025 MB
2024-07-25 22:21:28, PID 474983 , 内存占用: 3323 MB 显存占用: 4025 MB
2024-07-25 22:21:30, PID 474983 , 内存占用: 3251 MB 显存占用: 4025 MB
2024-07-25 22:21:31, PID 474983 , 内存占用: 3251 MB 显存占用: 4025 MB
2024-07-25 22:21:32, PID 474983 , 内存占用: 3300 MB 显存占用: 4025 MB
2024-07-25 22:21:33, PID 474983 , 内存占用: 3300 MB 显存占用: 4025 MB
2024-07-25 22:21:34, PID 474983 , 内存占用: 3277 MB 显存占用: 4025 MB
2024-07-25 22:21:36, PID 474983 , 内存占用: 3300 MB 显存占用: 4025 MB
2024-07-25 22:21:37, PID 474983 , 内存占用: 3301 MB 显存占用: 4025 MB
2024-07-25 22:21:38, PID 474983 , 内存占用: 3301 MB 显存占用: 4025 MB
2024-07-25 22:21:39, PID 474983 , 内存占用: 3300 MB 显存占用: 4025 MB
2024-07-25 22:21:40, PID 474983 , 内存占用: 3301 MB 显存占用: 4025 MB
474983
平均内存占用: 3051.44 MB
峰值内存占用: 3356 MB, 3 GB
峰值显存占用 4025 MB
