start
=============================================
=============================================
=============================================

2024-07-25 22:40:05, PID 509680 , 内存占用: 63 MB 显存占用: 9 MB
2024-07-25 22:40:06, PID 509680 , 内存占用: 274 MB 显存占用: 9 MB
2024-07-25 22:40:07, PID 509680 , 内存占用: 1666 MB 显存占用: 9 MB
2024-07-25 22:40:09, PID 509680 , 内存占用: 3150 MB 显存占用: 9 MB
2024-07-25 22:40:10, PID 509680 , 内存占用: 4655 MB 显存占用: 9 MB
2024-07-25 22:40:11, PID 509680 , 内存占用: 6135 MB 显存占用: 9 MB
2024-07-25 22:40:12, PID 509680 , 内存占用: 6357 MB 显存占用: 9 MB
2024-07-25 22:40:14, PID 509680 , 内存占用: 6575 MB 显存占用: 9 MB
2024-07-25 22:40:15, PID 509680 , 内存占用: 7367 MB 显存占用: 631 MB
2024-07-25 22:40:16, PID 509680 , 内存占用: 9922 MB 显存占用: 735 MB
2024-07-25 22:40:17, PID 509680 , 内存占用: 9981 MB 显存占用: 735 MB
2024-07-25 22:40:18, PID 509680 , 内存占用: 10841 MB 显存占用: 989 MB
2024-07-25 22:40:20, PID 509680 , 内存占用: 11420 MB 显存占用: 2079 MB
2024-07-25 22:40:21, PID 509680 , 内存占用: 11405 MB 显存占用: 2079 MB
2024-07-25 22:40:22, PID 509680 , 内存占用: 11380 MB 显存占用: 2079 MB
2024-07-25 22:40:23, PID 509680 , 内存占用: 11402 MB 显存占用: 2079 MB
2024-07-25 22:40:24, PID 509680 , 内存占用: 11466 MB 显存占用: 2079 MB
2024-07-25 22:40:26, PID 509680 , 内存占用: 11401 MB 显存占用: 2159 MB
2024-07-25 22:40:27, PID 509680 , 内存占用: 11404 MB 显存占用: 2159 MB
2024-07-25 22:40:28, PID 509680 , 内存占用: 11421 MB 显存占用: 2159 MB
2024-07-25 22:40:29, PID 509680 , 内存占用: 11402 MB 显存占用: 2159 MB
2024-07-25 22:40:30, PID 509680 , 内存占用: 11404 MB 显存占用: 2159 MB
2024-07-25 22:40:31, PID 509680 , 内存占用: 11415 MB 显存占用: 2159 MB
2024-07-25 22:40:33, PID 509680 , 内存占用: 11435 MB 显存占用: 2159 MB
2024-07-25 22:40:34, PID 509680 , 内存占用: 11411 MB 显存占用: 2159 MB
2024-07-25 22:40:35, PID 509680 , 内存占用: 11406 MB 显存占用: 2159 MB
2024-07-25 22:40:36, PID 509680 , 内存占用: 11386 MB 显存占用: 2159 MB
2024-07-25 22:40:37, PID 509680 , 内存占用: 11457 MB 显存占用: 2159 MB
2024-07-25 22:40:39, PID 509680 , 内存占用: 11464 MB 显存占用: 2159 MB
2024-07-25 22:40:40, PID 509680 , 内存占用: 11422 MB 显存占用: 2159 MB
2024-07-25 22:40:41, PID 509680 , 内存占用: 11425 MB 显存占用: 2159 MB
2024-07-25 22:40:42, PID 509680 , 内存占用: 11408 MB 显存占用: 2159 MB
2024-07-25 22:40:43, PID 509680 , 内存占用: 11382 MB 显存占用: 2159 MB
2024-07-25 22:40:45, PID 509680 , 内存占用: 11340 MB 显存占用: 2159 MB
2024-07-25 22:40:46, PID 509680 , 内存占用: 11377 MB 显存占用: 2159 MB
2024-07-25 22:40:47, PID 509680 , 内存占用: 11400 MB 显存占用: 2159 MB
2024-07-25 22:40:48, PID 509680 , 内存占用: 11388 MB 显存占用: 2159 MB
2024-07-25 22:40:49, PID 509680 , 内存占用: 11407 MB 显存占用: 2159 MB
2024-07-25 22:40:51, PID 509680 , 内存占用: 11419 MB 显存占用: 2159 MB
2024-07-25 22:40:52, PID 509680 , 内存占用: 11411 MB 显存占用: 2159 MB
2024-07-25 22:40:53, PID 509680 , 内存占用: 11464 MB 显存占用: 2159 MB
2024-07-25 22:40:54, PID 509680 , 内存占用: 11400 MB 显存占用: 2159 MB
2024-07-25 22:40:56, PID 509680 , 内存占用: 11465 MB 显存占用: 2159 MB
2024-07-25 22:40:57, PID 509680 , 内存占用: 11389 MB 显存占用: 2159 MB
2024-07-25 22:40:58, PID 509680 , 内存占用: 11395 MB 显存占用: 2159 MB
2024-07-25 22:40:59, PID 509680 , 内存占用: 11405 MB 显存占用: 2159 MB
2024-07-25 22:41:00, PID 509680 , 内存占用: 11425 MB 显存占用: 2159 MB
2024-07-25 22:41:02, PID 509680 , 内存占用: 11445 MB 显存占用: 2159 MB
2024-07-25 22:41:03, PID 509680 , 内存占用: 11469 MB 显存占用: 2159 MB
2024-07-25 22:41:04, PID 509680 , 内存占用: 11357 MB 显存占用: 2159 MB
2024-07-25 22:41:05, PID 509680 , 内存占用: 11404 MB 显存占用: 2159 MB
2024-07-25 22:41:06, PID 509680 , 内存占用: 11443 MB 显存占用: 2159 MB
2024-07-25 22:41:07, PID 509680 , 内存占用: 11404 MB 显存占用: 2159 MB
2024-07-25 22:41:09, PID 509680 , 内存占用: 11441 MB 显存占用: 2159 MB
2024-07-25 22:41:10, PID 509680 , 内存占用: 11425 MB 显存占用: 2159 MB
2024-07-25 22:41:11, PID 509680 , 内存占用: 11376 MB 显存占用: 2159 MB
2024-07-25 22:41:12, PID 509680 , 内存占用: 11389 MB 显存占用: 2159 MB
2024-07-25 22:41:14, PID 509680 , 内存占用: 11386 MB 显存占用: 2159 MB
2024-07-25 22:41:15, PID 509680 , 内存占用: 11409 MB 显存占用: 2159 MB
2024-07-25 22:41:16, PID 509680 , 内存占用: 11416 MB 显存占用: 2159 MB
2024-07-25 22:41:17, PID 509680 , 内存占用: 11427 MB 显存占用: 2159 MB
2024-07-25 22:41:18, PID 509680 , 内存占用: 11428 MB 显存占用: 2159 MB
2024-07-25 22:41:20, PID 509680 , 内存占用: 11428 MB 显存占用: 2159 MB
2024-07-25 22:41:21, PID 509680 , 内存占用: 11445 MB 显存占用: 2159 MB
2024-07-25 22:41:22, PID 509680 , 内存占用: 11440 MB 显存占用: 2159 MB
2024-07-25 22:41:23, PID 509680 , 内存占用: 11404 MB 显存占用: 2159 MB
2024-07-25 22:41:24, PID 509680 , 内存占用: 11438 MB 显存占用: 2159 MB
2024-07-25 22:41:26, PID 509680 , 内存占用: 11421 MB 显存占用: 2159 MB
2024-07-25 22:41:27, PID 509680 , 内存占用: 11425 MB 显存占用: 2159 MB
2024-07-25 22:41:28, PID 509680 , 内存占用: 11406 MB 显存占用: 2159 MB
2024-07-25 22:41:29, PID 509680 , 内存占用: 11408 MB 显存占用: 2159 MB
2024-07-25 22:41:31, PID 509680 , 内存占用: 11424 MB 显存占用: 2159 MB
2024-07-25 22:41:32, PID 509680 , 内存占用: 11407 MB 显存占用: 2159 MB
2024-07-25 22:41:33, PID 509680 , 内存占用: 11419 MB 显存占用: 2159 MB
2024-07-25 22:41:34, PID 509680 , 内存占用: 11400 MB 显存占用: 2159 MB
2024-07-25 22:41:35, PID 509680 , 内存占用: 11402 MB 显存占用: 2159 MB
2024-07-25 22:41:37, PID 509680 , 内存占用: 11397 MB 显存占用: 2159 MB
2024-07-25 22:41:38, PID 509680 , 内存占用: 11396 MB 显存占用: 2159 MB
2024-07-25 22:41:39, PID 509680 , 内存占用: 11418 MB 显存占用: 2159 MB
2024-07-25 22:41:40, PID 509680 , 内存占用: 11412 MB 显存占用: 2159 MB
2024-07-25 22:41:41, PID 509680 , 内存占用: 11403 MB 显存占用: 2159 MB
2024-07-25 22:41:43, PID 509680 , 内存占用: 11412 MB 显存占用: 2159 MB
2024-07-25 22:41:44, PID 509680 , 内存占用: 11401 MB 显存占用: 2159 MB
2024-07-25 22:41:45, PID 509680 , 内存占用: 11418 MB 显存占用: 2159 MB
2024-07-25 22:41:46, PID 509680 , 内存占用: 11419 MB 显存占用: 2159 MB
2024-07-25 22:41:47, PID 509680 , 内存占用: 11436 MB 显存占用: 2159 MB
2024-07-25 22:41:49, PID 509680 , 内存占用: 11416 MB 显存占用: 2159 MB
2024-07-25 22:41:50, PID 509680 , 内存占用: 11376 MB 显存占用: 2159 MB
2024-07-25 22:41:51, PID 509680 , 内存占用: 11446 MB 显存占用: 2159 MB
2024-07-25 22:41:52, PID 509680 , 内存占用: 11387 MB 显存占用: 2159 MB
2024-07-25 22:41:53, PID 509680 , 内存占用: 11406 MB 显存占用: 2159 MB
2024-07-25 22:41:55, PID 509680 , 内存占用: 11406 MB 显存占用: 2159 MB
2024-07-25 22:41:56, PID 509680 , 内存占用: 11429 MB 显存占用: 2159 MB
2024-07-25 22:41:57, PID 509680 , 内存占用: 11455 MB 显存占用: 2159 MB
2024-07-25 22:41:58, PID 509680 , 内存占用: 11402 MB 显存占用: 2159 MB
2024-07-25 22:41:59, PID 509680 , 内存占用: 11454 MB 显存占用: 2159 MB
2024-07-25 22:42:01, PID 509680 , 内存占用: 11406 MB 显存占用: 2159 MB
2024-07-25 22:42:02, PID 509680 , 内存占用: 11426 MB 显存占用: 2159 MB
2024-07-25 22:42:03, PID 509680 , 内存占用: 11406 MB 显存占用: 2159 MB
2024-07-25 22:42:04, PID 509680 , 内存占用: 11414 MB 显存占用: 2159 MB
2024-07-25 22:42:05, PID 509680 , 内存占用: 11412 MB 显存占用: 2159 MB
2024-07-25 22:42:06, PID 509680 , 内存占用: 11402 MB 显存占用: 2159 MB
2024-07-25 22:42:08, PID 509680 , 内存占用: 11382 MB 显存占用: 2159 MB
2024-07-25 22:42:09, PID 509680 , 内存占用: 11423 MB 显存占用: 2159 MB
2024-07-25 22:42:10, PID 509680 , 内存占用: 11393 MB 显存占用: 2159 MB
2024-07-25 22:42:11, PID 509680 , 内存占用: 11428 MB 显存占用: 2159 MB
2024-07-25 22:42:12, PID 509680 , 内存占用: 11468 MB 显存占用: 2159 MB
2024-07-25 22:42:14, PID 509680 , 内存占用: 11445 MB 显存占用: 2159 MB
2024-07-25 22:42:15, PID 509680 , 内存占用: 11466 MB 显存占用: 2159 MB
2024-07-25 22:42:16, PID 509680 , 内存占用: 11416 MB 显存占用: 2159 MB
2024-07-25 22:42:17, PID 509680 , 内存占用: 11408 MB 显存占用: 2159 MB
2024-07-25 22:42:18, PID 509680 , 内存占用: 11390 MB 显存占用: 2241 MB
2024-07-25 22:42:20, PID 509680 , 内存占用: 11452 MB 显存占用: 2241 MB
2024-07-25 22:42:21, PID 509680 , 内存占用: 11460 MB 显存占用: 2241 MB
2024-07-25 22:42:22, PID 509680 , 内存占用: 11385 MB 显存占用: 2241 MB
2024-07-25 22:42:23, PID 509680 , 内存占用: 11464 MB 显存占用: 2241 MB
2024-07-25 22:42:24, PID 509680 , 内存占用: 11465 MB 显存占用: 2241 MB
2024-07-25 22:42:26, PID 509680 , 内存占用: 11413 MB 显存占用: 2241 MB
2024-07-25 22:42:27, PID 509680 , 内存占用: 11405 MB 显存占用: 2241 MB
2024-07-25 22:42:28, PID 509680 , 内存占用: 11365 MB 显存占用: 2241 MB
2024-07-25 22:42:29, PID 509680 , 内存占用: 11416 MB 显存占用: 2241 MB
2024-07-25 22:42:30, PID 509680 , 内存占用: 11424 MB 显存占用: 2241 MB
2024-07-25 22:42:32, PID 509680 , 内存占用: 11421 MB 显存占用: 2241 MB
2024-07-25 22:42:33, PID 509680 , 内存占用: 11366 MB 显存占用: 2241 MB
2024-07-25 22:42:34, PID 509680 , 内存占用: 11395 MB 显存占用: 2241 MB
2024-07-25 22:42:35, PID 509680 , 内存占用: 11383 MB 显存占用: 2241 MB
2024-07-25 22:42:36, PID 509680 , 内存占用: 11358 MB 显存占用: 2241 MB
2024-07-25 22:42:37, PID 509680 , 内存占用: 11361 MB 显存占用: 2241 MB
2024-07-25 22:42:39, PID 509680 , 内存占用: 11334 MB 显存占用: 2241 MB
2024-07-25 22:42:40, PID 509680 , 内存占用: 11361 MB 显存占用: 2241 MB
2024-07-25 22:42:41, PID 509680 , 内存占用: 11420 MB 显存占用: 2241 MB
2024-07-25 22:42:42, PID 509680 , 内存占用: 11410 MB 显存占用: 2241 MB
2024-07-25 22:42:43, PID 509680 , 内存占用: 11358 MB 显存占用: 2241 MB
2024-07-25 22:42:45, PID 509680 , 内存占用: 11396 MB 显存占用: 2241 MB
2024-07-25 22:42:46, PID 509680 , 内存占用: 11384 MB 显存占用: 2241 MB
2024-07-25 22:42:47, PID 509680 , 内存占用: 11445 MB 显存占用: 2241 MB
2024-07-25 22:42:48, PID 509680 , 内存占用: 11406 MB 显存占用: 2325 MB
2024-07-25 22:42:49, PID 509680 , 内存占用: 11421 MB 显存占用: 2325 MB
2024-07-25 22:42:51, PID 509680 , 内存占用: 11462 MB 显存占用: 2325 MB
2024-07-25 22:42:52, PID 509680 , 内存占用: 11389 MB 显存占用: 2325 MB
2024-07-25 22:42:53, PID 509680 , 内存占用: 11409 MB 显存占用: 2325 MB
2024-07-25 22:42:54, PID 509680 , 内存占用: 11414 MB 显存占用: 2325 MB
2024-07-25 22:42:56, PID 509680 , 内存占用: 11416 MB 显存占用: 2325 MB
2024-07-25 22:42:57, PID 509680 , 内存占用: 11474 MB 显存占用: 2325 MB
2024-07-25 22:42:58, PID 509680 , 内存占用: 11415 MB 显存占用: 2325 MB
2024-07-25 22:42:59, PID 509680 , 内存占用: 11416 MB 显存占用: 2325 MB
2024-07-25 22:43:00, PID 509680 , 内存占用: 11443 MB 显存占用: 2325 MB
2024-07-25 22:43:02, PID 509680 , 内存占用: 11485 MB 显存占用: 2325 MB
2024-07-25 22:43:03, PID 509680 , 内存占用: 11485 MB 显存占用: 2325 MB
2024-07-25 22:43:04, PID 509680 , 内存占用: 11486 MB 显存占用: 2325 MB
2024-07-25 22:43:05, PID 509680 , 内存占用: 11486 MB 显存占用: 2325 MB
2024-07-25 22:43:06, PID 509680 , 内存占用: 11485 MB 显存占用: 2325 MB
2024-07-25 22:43:08, PID 509680 , 内存占用: 11539 MB 显存占用: 2325 MB
2024-07-25 22:43:09, PID 509680 , 内存占用: 11485 MB 显存占用: 2325 MB
2024-07-25 22:43:10, PID 509680 , 内存占用: 11485 MB 显存占用: 2325 MB
2024-07-25 22:43:11, PID 509680 , 内存占用: 11485 MB 显存占用: 2325 MB
2024-07-25 22:43:12, PID 509680 , 内存占用: 11513 MB 显存占用: 2325 MB
2024-07-25 22:43:14, PID 509680 , 内存占用: 11484 MB 显存占用: 2325 MB
2024-07-25 22:43:15, PID 509680 , 内存占用: 11485 MB 显存占用: 2325 MB
2024-07-25 22:43:16, PID 509680 , 内存占用: 11485 MB 显存占用: 2325 MB
2024-07-25 22:43:17, PID 509680 , 内存占用: 11486 MB 显存占用: 2325 MB
2024-07-25 22:43:18, PID 509680 , 内存占用: 11484 MB 显存占用: 2325 MB
2024-07-25 22:43:20, PID 509680 , 内存占用: 11484 MB 显存占用: 2325 MB
2024-07-25 22:43:21, PID 509680 , 内存占用: 11485 MB 显存占用: 2325 MB
2024-07-25 22:43:22, PID 509680 , 内存占用: 11484 MB 显存占用: 2325 MB
2024-07-25 22:43:23, PID 509680 , 内存占用: 11484 MB 显存占用: 2325 MB
2024-07-25 22:43:24, PID 509680 , 内存占用: 11486 MB 显存占用: 2325 MB
2024-07-25 22:43:26, PID 509680 , 内存占用: 11485 MB 显存占用: 2325 MB
2024-07-25 22:43:27, PID 509680 , 内存占用: 11485 MB 显存占用: 2325 MB
2024-07-25 22:43:28, PID 509680 , 内存占用: 11484 MB 显存占用: 2325 MB
2024-07-25 22:43:29, PID 509680 , 内存占用: 11485 MB 显存占用: 2325 MB
2024-07-25 22:43:30, PID 509680 , 内存占用: 11485 MB 显存占用: 2325 MB
2024-07-25 22:43:32, PID 509680 , 内存占用: 11485 MB 显存占用: 2325 MB
2024-07-25 22:43:33, PID 509680 , 内存占用: 11484 MB 显存占用: 2325 MB
2024-07-25 22:43:34, PID 509680 , 内存占用: 11486 MB 显存占用: 2325 MB
2024-07-25 22:43:35, PID 509680 , 内存占用: 11486 MB 显存占用: 2325 MB
2024-07-25 22:43:36, PID 509680 , 内存占用: 11485 MB 显存占用: 2325 MB
2024-07-25 22:43:38, PID 509680 , 内存占用: 11484 MB 显存占用: 2325 MB
2024-07-25 22:43:39, PID 509680 , 内存占用: 11538 MB 显存占用: 2325 MB
2024-07-25 22:43:40, PID 509680 , 内存占用: 11486 MB 显存占用: 2325 MB
2024-07-25 22:43:41, PID 509680 , 内存占用: 11485 MB 显存占用: 2325 MB
2024-07-25 22:43:42, PID 509680 , 内存占用: 11484 MB 显存占用: 2325 MB
2024-07-25 22:43:44, PID 509680 , 内存占用: 11485 MB 显存占用: 2325 MB
2024-07-25 22:43:45, PID 509680 , 内存占用: 11486 MB 显存占用: 2325 MB
2024-07-25 22:43:46, PID 509680 , 内存占用: 11486 MB 显存占用: 2325 MB
2024-07-25 22:43:47, PID 509680 , 内存占用: 11484 MB 显存占用: 2325 MB
2024-07-25 22:43:48, PID 509680 , 内存占用: 11485 MB 显存占用: 2325 MB
2024-07-25 22:43:50, PID 509680 , 内存占用: 11485 MB 显存占用: 2325 MB
2024-07-25 22:43:51, PID 509680 , 内存占用: 11486 MB 显存占用: 2325 MB
2024-07-25 22:43:52, PID 509680 , 内存占用: 11485 MB 显存占用: 2325 MB
2024-07-25 22:43:53, PID 509680 , 内存占用: 11485 MB 显存占用: 2325 MB
2024-07-25 22:43:54, PID 509680 , 内存占用: 11484 MB 显存占用: 2325 MB
2024-07-25 22:43:56, PID 509680 , 内存占用: 11486 MB 显存占用: 2325 MB
2024-07-25 22:43:57, PID 509680 , 内存占用: 11485 MB 显存占用: 2325 MB
2024-07-25 22:43:58, PID 509680 , 内存占用: 11485 MB 显存占用: 2325 MB
2024-07-25 22:43:59, PID 509680 , 内存占用: 11485 MB 显存占用: 2325 MB
2024-07-25 22:44:00, PID 509680 , 内存占用: 11485 MB 显存占用: 2325 MB
2024-07-25 22:44:02, PID 509680 , 内存占用: 11485 MB 显存占用: 2325 MB
2024-07-25 22:44:03, PID 509680 , 内存占用: 11485 MB 显存占用: 2325 MB
2024-07-25 22:44:04, PID 509680 , 内存占用: 11485 MB 显存占用: 2325 MB
2024-07-25 22:44:05, PID 509680 , 内存占用: 11485 MB 显存占用: 2325 MB
2024-07-25 22:44:06, PID 509680 , 内存占用: 11484 MB 显存占用: 2325 MB
2024-07-25 22:44:08, PID 509680 , 内存占用: 11485 MB 显存占用: 2325 MB
2024-07-25 22:44:09, PID 509680 , 内存占用: 11485 MB 显存占用: 2325 MB
2024-07-25 22:44:10, PID 509680 , 内存占用: 11485 MB 显存占用: 2325 MB
2024-07-25 22:44:11, PID 509680 , 内存占用: 11485 MB 显存占用: 2325 MB
2024-07-25 22:44:12, PID 509680 , 内存占用: 11484 MB 显存占用: 2325 MB
2024-07-25 22:44:14, PID 509680 , 内存占用: 11485 MB 显存占用: 2325 MB
2024-07-25 22:44:15, PID 509680 , 内存占用: 11485 MB 显存占用: 2325 MB
2024-07-25 22:44:16, PID 509680 , 内存占用: 11486 MB 显存占用: 2325 MB
2024-07-25 22:44:17, PID 509680 , 内存占用: 11484 MB 显存占用: 2325 MB
2024-07-25 22:44:18, PID 509680 , 内存占用: 11485 MB 显存占用: 2325 MB
2024-07-25 22:44:20, PID 509680 , 内存占用: 11485 MB 显存占用: 2325 MB
2024-07-25 22:44:21, PID 509680 , 内存占用: 11485 MB 显存占用: 2325 MB
2024-07-25 22:44:22, PID 509680 , 内存占用: 11485 MB 显存占用: 2325 MB
2024-07-25 22:44:23, PID 509680 , 内存占用: 11485 MB 显存占用: 2325 MB
2024-07-25 22:44:25, PID 509680 , 内存占用: 11485 MB 显存占用: 2325 MB
2024-07-25 22:44:26, PID 509680 , 内存占用: 11485 MB 显存占用: 2325 MB
2024-07-25 22:44:27, PID 509680 , 内存占用: 11484 MB 显存占用: 2325 MB
2024-07-25 22:44:28, PID 509680 , 内存占用: 11485 MB 显存占用: 2325 MB
2024-07-25 22:44:29, PID 509680 , 内存占用: 11490 MB 显存占用: 2325 MB
2024-07-25 22:44:31, PID 509680 , 内存占用: 11485 MB 显存占用: 2325 MB
2024-07-25 22:44:32, PID 509680 , 内存占用: 11485 MB 显存占用: 2325 MB
2024-07-25 22:44:33, PID 509680 , 内存占用: 11485 MB 显存占用: 2325 MB
2024-07-25 22:44:34, PID 509680 , 内存占用: 11485 MB 显存占用: 2325 MB
2024-07-25 22:44:35, PID 509680 , 内存占用: 11511 MB 显存占用: 2325 MB
2024-07-25 22:44:37, PID 509680 , 内存占用: 11540 MB 显存占用: 2325 MB
2024-07-25 22:44:38, PID 509680 , 内存占用: 11484 MB 显存占用: 2325 MB
2024-07-25 22:44:39, PID 509680 , 内存占用: 11485 MB 显存占用: 2325 MB
2024-07-25 22:44:40, PID 509680 , 内存占用: 11485 MB 显存占用: 2325 MB
2024-07-25 22:44:42, PID 509680 , 内存占用: 11485 MB 显存占用: 2325 MB
2024-07-25 22:44:43, PID 509680 , 内存占用: 11523 MB 显存占用: 2325 MB
2024-07-25 22:44:44, PID 509680 , 内存占用: 11485 MB 显存占用: 2325 MB
2024-07-25 22:44:45, PID 509680 , 内存占用: 11542 MB 显存占用: 2325 MB
2024-07-25 22:44:46, PID 509680 , 内存占用: 11485 MB 显存占用: 2325 MB
2024-07-25 22:44:48, PID 509680 , 内存占用: 11485 MB 显存占用: 2325 MB
2024-07-25 22:44:49, PID 509680 , 内存占用: 11485 MB 显存占用: 2325 MB
2024-07-25 22:44:50, PID 509680 , 内存占用: 11485 MB 显存占用: 2325 MB
2024-07-25 22:44:51, PID 509680 , 内存占用: 11484 MB 显存占用: 2325 MB
2024-07-25 22:44:52, PID 509680 , 内存占用: 11504 MB 显存占用: 2325 MB
2024-07-25 22:44:54, PID 509680 , 内存占用: 11485 MB 显存占用: 2325 MB
2024-07-25 22:44:55, PID 509680 , 内存占用: 11485 MB 显存占用: 2325 MB
2024-07-25 22:44:56, PID 509680 , 内存占用: 11538 MB 显存占用: 2325 MB
2024-07-25 22:44:57, PID 509680 , 内存占用: 11485 MB 显存占用: 2325 MB
2024-07-25 22:44:58, PID 509680 , 内存占用: 11486 MB 显存占用: 2325 MB
2024-07-25 22:45:00, PID 509680 , 内存占用: 11486 MB 显存占用: 2325 MB
2024-07-25 22:45:01, PID 509680 , 内存占用: 11485 MB 显存占用: 2325 MB
2024-07-25 22:45:02, PID 509680 , 内存占用: 11485 MB 显存占用: 2325 MB
2024-07-25 22:45:03, PID 509680 , 内存占用: 11485 MB 显存占用: 2325 MB
2024-07-25 22:45:04, PID 509680 , 内存占用: 11441 MB 显存占用: 2325 MB
2024-07-25 22:45:05, PID 509680 , 内存占用: 11388 MB 显存占用: 2325 MB
2024-07-25 22:45:07, PID 509680 , 内存占用: 11410 MB 显存占用: 2325 MB
2024-07-25 22:45:08, PID 509680 , 内存占用: 11458 MB 显存占用: 2325 MB
2024-07-25 22:45:09, PID 509680 , 内存占用: 11470 MB 显存占用: 2325 MB
2024-07-25 22:45:10, PID 509680 , 内存占用: 11415 MB 显存占用: 2325 MB
2024-07-25 22:45:11, PID 509680 , 内存占用: 11470 MB 显存占用: 2325 MB
2024-07-25 22:45:13, PID 509680 , 内存占用: 11440 MB 显存占用: 2325 MB
2024-07-25 22:45:14, PID 509680 , 内存占用: 11416 MB 显存占用: 2325 MB
2024-07-25 22:45:15, PID 509680 , 内存占用: 11388 MB 显存占用: 2325 MB
2024-07-25 22:45:16, PID 509680 , 内存占用: 11410 MB 显存占用: 2325 MB
2024-07-25 22:45:17, PID 509680 , 内存占用: 11427 MB 显存占用: 2325 MB
2024-07-25 22:45:19, PID 509680 , 内存占用: 11410 MB 显存占用: 2325 MB
2024-07-25 22:45:20, PID 509680 , 内存占用: 11462 MB 显存占用: 2325 MB
2024-07-25 22:45:21, PID 509680 , 内存占用: 11431 MB 显存占用: 2325 MB
2024-07-25 22:45:22, PID 509680 , 内存占用: 11410 MB 显存占用: 2325 MB
2024-07-25 22:45:23, PID 509680 , 内存占用: 11411 MB 显存占用: 2325 MB
2024-07-25 22:45:25, PID 509680 , 内存占用: 11411 MB 显存占用: 2325 MB
2024-07-25 22:45:26, PID 509680 , 内存占用: 11411 MB 显存占用: 2325 MB
2024-07-25 22:45:27, PID 509680 , 内存占用: 11411 MB 显存占用: 2325 MB
2024-07-25 22:45:28, PID 509680 , 内存占用: 11414 MB 显存占用: 2325 MB
2024-07-25 22:45:29, PID 509680 , 内存占用: 11415 MB 显存占用: 2325 MB
2024-07-25 22:45:31, PID 509680 , 内存占用: 0 MB 显存占用: 9 MB
509680
平均内存占用: 11143.60 MB
峰值内存占用: 11542 MB, 11 GB
峰值显存占用 2325 MB
